[0.033s] Invoking command in '/home/nexium/ros_ws/build/sensor_scan_generation': CMAKE_PREFIX_PATH=/opt/ros/humble /usr/bin/cmake /home/nexium/ros_ws/src/pb2025_sentry_nav/sensor_scan_generation -DCMAKE_BUILD_TYPE=release -DAMENT_CMAKE_SYMLINK_INSTALL=1 -DCMAKE_INSTALL_PREFIX=/home/nexium/ros_ws/install/sensor_scan_generation
[1.585s] -- The C compiler identification is GNU 11.4.0
[1.586s] -- The CXX compiler identification is GNU 11.4.0
[1.586s] -- Detecting C compiler ABI info
[1.586s] -- Detecting C compiler ABI info - done
[1.586s] -- Check for working C compiler: /usr/bin/cc - skipped
[1.586s] -- Detecting C compile features
[1.586s] -- Detecting C compile features - done
[1.586s] -- Detecting CXX compiler ABI info
[1.586s] -- Detecting CXX compiler ABI info - done
[1.586s] -- Check for working CXX compiler: /usr/bin/c++ - skipped
[1.586s] -- Detecting CXX compile features
[1.586s] -- Detecting CXX compile features - done
[1.586s] -- Found ament_cmake_auto: 1.3.12 (/opt/ros/humble/share/ament_cmake_auto/cmake)
[1.586s] -- Found Python3: /usr/bin/python3 (found version "3.10.12") found components: Interpreter 
[1.586s] -- Override CMake install command with custom implementation using symlinks instead of copying resources
[1.661s] -- Found rosidl_generator_c: 3.1.8 (/opt/ros/humble/share/rosidl_generator_c/cmake)
[1.672s] -- Found rosidl_adapter: 3.1.8 (/opt/ros/humble/share/rosidl_adapter/cmake)
[1.683s] -- Found rosidl_generator_cpp: 3.1.8 (/opt/ros/humble/share/rosidl_generator_cpp/cmake)
[1.706s] -- Using all available rosidl_typesupport_c: rosidl_typesupport_fastrtps_c;rosidl_typesupport_introspection_c
[1.740s] -- Using all available rosidl_typesupport_cpp: rosidl_typesupport_fastrtps_cpp;rosidl_typesupport_introspection_cpp
[1.842s] -- Found rmw_implementation_cmake: 6.1.2 (/opt/ros/humble/share/rmw_implementation_cmake/cmake)
[1.847s] -- Found rmw_fastrtps_cpp: 6.2.9 (/opt/ros/humble/share/rmw_fastrtps_cpp/cmake)
[2.042s] -- Found OpenSSL: /usr/lib/x86_64-linux-gnu/libcrypto.so (found version "3.0.2")  
[2.130s] -- Found FastRTPS: /opt/ros/humble/include  
[2.265s] -- Using RMW implementation 'rmw_fastrtps_cpp' as default
[2.287s] -- Looking for pthread.h
[2.526s] -- Looking for pthread.h - found
[2.526s] -- Performing Test CMAKE_HAVE_LIBC_PTHREAD
[2.752s] -- Performing Test CMAKE_HAVE_LIBC_PTHREAD - Success
[2.759s] -- Found Threads: TRUE  
[3.519s] -- Checking for module 'eigen3'
[3.577s] --   Found eigen3, version 3.4.0
[3.738s] -- Found Eigen: /usr/include/eigen3 (Required is at least version "3.1") 
[3.738s] -- Eigen found (include: /usr/include/eigen3, version: 3.4.0)
[3.906s] -- Checking for module 'flann'
[3.976s] --   Found flann, version 1.9.1
[4.169s] -- Found FLANN: /usr/lib/x86_64-linux-gnu/libflann_cpp.so  
[4.169s] -- FLANN found (include: /usr/include, lib: /usr/lib/x86_64-linux-gnu/libflann_cpp.so)
[8.084s] -- Checking for module 'libusb-1.0'
[8.158s] --   Found libusb-1.0, version 1.0.25
[8.356s] -- Found libusb: /usr/lib/x86_64-linux-gnu/libusb-1.0.so  
[8.358s] -- OpenNI found (version: 1.5.4.0, include: /usr/include/ni, lib: /usr/lib/libOpenNI.so;libusb::libusb)
[8.648s] -- OpenNI2 found (version: 2.2.0.33, include: /usr/include/openni2, lib: /usr/lib/x86_64-linux-gnu/libOpenNI2.so;libusb::libusb)
[9.461s] -- Eigen found (include: /usr/include/eigen3, version: 3.4.0)
[9.485s] -- OpenNI found (version: 1.5.4.0, include: /usr/include/ni, lib: /usr/lib/libOpenNI.so;libusb::libusb)
[9.516s] -- OpenNI2 found (version: 2.2.0.33, include: /usr/include/openni2, lib: /usr/lib/x86_64-linux-gnu/libOpenNI2.so;libusb::libusb)
[10.211s] -- Found Qhull version 8.0.2
[10.825s] -- OpenNI found (version: 1.5.4.0, include: /usr/include/ni, lib: /usr/lib/libOpenNI.so;libusb::libusb)
[11.390s] -- Found PCL_COMMON: /usr/lib/x86_64-linux-gnu/libpcl_common.so  
[11.395s] -- Found PCL_KDTREE: /usr/lib/x86_64-linux-gnu/libpcl_kdtree.so  
[11.400s] -- Found PCL_OCTREE: /usr/lib/x86_64-linux-gnu/libpcl_octree.so  
[11.402s] -- Found PCL_SEARCH: /usr/lib/x86_64-linux-gnu/libpcl_search.so  
[11.407s] -- Found PCL_SAMPLE_CONSENSUS: /usr/lib/x86_64-linux-gnu/libpcl_sample_consensus.so  
[11.412s] -- Found PCL_FILTERS: /usr/lib/x86_64-linux-gnu/libpcl_filters.so  
[11.413s] -- Found PCL_2D: /usr/include/pcl-1.12  
[11.413s] -- Found PCL_GEOMETRY: /usr/include/pcl-1.12  
[11.415s] -- Found PCL_IO: /usr/lib/x86_64-linux-gnu/libpcl_io.so  
[11.420s] -- Found PCL_FEATURES: /usr/lib/x86_64-linux-gnu/libpcl_features.so  
[11.430s] -- Found PCL_ML: /usr/lib/x86_64-linux-gnu/libpcl_ml.so  
[11.436s] -- Found PCL_SEGMENTATION: /usr/lib/x86_64-linux-gnu/libpcl_segmentation.so  
[11.438s] -- Found PCL_VISUALIZATION: /usr/lib/x86_64-linux-gnu/libpcl_visualization.so  
[11.447s] -- Found PCL_SURFACE: /usr/lib/x86_64-linux-gnu/libpcl_surface.so  
[11.456s] -- Found PCL_REGISTRATION: /usr/lib/x86_64-linux-gnu/libpcl_registration.so  
[11.457s] -- Found PCL_KEYPOINTS: /usr/lib/x86_64-linux-gnu/libpcl_keypoints.so  
[11.462s] -- Found PCL_TRACKING: /usr/lib/x86_64-linux-gnu/libpcl_tracking.so  
[11.472s] -- Found PCL_RECOGNITION: /usr/lib/x86_64-linux-gnu/libpcl_recognition.so  
[11.472s] -- Found PCL_STEREO: /usr/lib/x86_64-linux-gnu/libpcl_stereo.so  
[11.477s] -- Found PCL_APPS: /usr/lib/x86_64-linux-gnu/libpcl_apps.so  
[11.478s] -- Found PCL_IN_HAND_SCANNER: /usr/include/pcl-1.12  
[11.479s] -- Found PCL_MODELER: /usr/include/pcl-1.12  
[11.479s] -- Found PCL_POINT_CLOUD_EDITOR: /usr/include/pcl-1.12  
[11.485s] -- Found PCL_OUTOFCORE: /usr/lib/x86_64-linux-gnu/libpcl_outofcore.so  
[11.490s] -- Found PCL_PEOPLE: /usr/lib/x86_64-linux-gnu/libpcl_people.so  
[11.572s] -- Found eigen3_cmake_module: 0.1.1 (/opt/ros/humble/share/eigen3_cmake_module/cmake)
[11.578s] -- Found Eigen3: TRUE (found version "3.4.0") 
[11.578s] -- Ensuring Eigen3 include directory is part of orocos-kdl CMake target
[11.885s] -- Found ament_lint_auto: 0.12.14 (/opt/ros/humble/share/ament_lint_auto/cmake)
[11.922s] -- Added test 'clang_format' to check C / C++ code style
[11.924s] -- Added test 'clang_tidy' to check C / C++ code style
[11.925s] -- Added test 'black' to check Python code style
[11.935s] -- Configuring done
[12.068s] -- Generating done
[12.112s] -- Build files have been written to: /home/nexium/ros_ws/build/sensor_scan_generation
[12.182s] Invoked command in '/home/nexium/ros_ws/build/sensor_scan_generation' returned '0': CMAKE_PREFIX_PATH=/opt/ros/humble /usr/bin/cmake /home/nexium/ros_ws/src/pb2025_sentry_nav/sensor_scan_generation -DCMAKE_BUILD_TYPE=release -DAMENT_CMAKE_SYMLINK_INSTALL=1 -DCMAKE_INSTALL_PREFIX=/home/nexium/ros_ws/install/sensor_scan_generation
[12.183s] Invoking command in '/home/nexium/ros_ws/build/sensor_scan_generation': CMAKE_PREFIX_PATH=/opt/ros/humble /usr/bin/cmake --build /home/nexium/ros_ws/build/sensor_scan_generation -- -j12 -l12
[20.516s] [ 25%] [32mBuilding CXX object CMakeFiles/sensor_scan_generation_node.dir/rclcpp_components/node_main_sensor_scan_generation_node.cpp.o[0m
[20.516s] [ 50%] [32mBuilding CXX object CMakeFiles/sensor_scan_generation.dir/src/sensor_scan_generation.cpp.o[0m
[29.208s] [ 75%] [32m[1mLinking CXX executable sensor_scan_generation_node[0m
[29.559s] [ 75%] Built target sensor_scan_generation_node
[58.350s] [100%] [32m[1mLinking CXX shared library libsensor_scan_generation.so[0m
[59.349s] [100%] Built target sensor_scan_generation
[59.373s] Invoked command in '/home/nexium/ros_ws/build/sensor_scan_generation' returned '0': CMAKE_PREFIX_PATH=/opt/ros/humble /usr/bin/cmake --build /home/nexium/ros_ws/build/sensor_scan_generation -- -j12 -l12
[59.373s] Invoking command in '/home/nexium/ros_ws/build/sensor_scan_generation': CMAKE_PREFIX_PATH=/opt/ros/humble /usr/bin/cmake --install /home/nexium/ros_ws/build/sensor_scan_generation
[68.064s] -- Install configuration: "release"
[68.064s] -- Execute custom install script
[68.064s] -- Symlinking: /home/nexium/ros_ws/install/sensor_scan_generation/lib/sensor_scan_generation/sensor_scan_generation_node
[68.064s] -- Symlinking: /home/nexium/ros_ws/install/sensor_scan_generation/include/sensor_scan_generation/sensor_scan_generation/sensor_scan_generation.hpp
[68.064s] -- Symlinking: /home/nexium/ros_ws/install/sensor_scan_generation/share/sensor_scan_generation/environment/library_path.sh
[68.065s] -- Symlinking: /home/nexium/ros_ws/install/sensor_scan_generation/share/sensor_scan_generation/environment/library_path.dsv
[68.065s] -- Symlinking: /home/nexium/ros_ws/install/sensor_scan_generation/lib/libsensor_scan_generation.so
[68.065s] -- Symlinking: /home/nexium/ros_ws/install/sensor_scan_generation/share/sensor_scan_generation/launch/sensor_scan_generation.launch.py
[68.065s] -- Symlinking: /home/nexium/ros_ws/install/sensor_scan_generation/share/ament_index/resource_index/package_run_dependencies/sensor_scan_generation
[68.065s] -- Symlinking: /home/nexium/ros_ws/install/sensor_scan_generation/share/ament_index/resource_index/parent_prefix_path/sensor_scan_generation
[68.065s] -- Symlinking: /home/nexium/ros_ws/install/sensor_scan_generation/share/sensor_scan_generation/environment/ament_prefix_path.sh
[68.065s] -- Symlinking: /home/nexium/ros_ws/install/sensor_scan_generation/share/sensor_scan_generation/environment/ament_prefix_path.dsv
[68.065s] -- Symlinking: /home/nexium/ros_ws/install/sensor_scan_generation/share/sensor_scan_generation/environment/path.sh
[68.065s] -- Symlinking: /home/nexium/ros_ws/install/sensor_scan_generation/share/sensor_scan_generation/environment/path.dsv
[68.065s] -- Symlinking: /home/nexium/ros_ws/install/sensor_scan_generation/share/sensor_scan_generation/local_setup.bash
[68.065s] -- Symlinking: /home/nexium/ros_ws/install/sensor_scan_generation/share/sensor_scan_generation/local_setup.sh
[68.065s] -- Symlinking: /home/nexium/ros_ws/install/sensor_scan_generation/share/sensor_scan_generation/local_setup.zsh
[68.065s] -- Symlinking: /home/nexium/ros_ws/install/sensor_scan_generation/share/sensor_scan_generation/local_setup.dsv
[68.065s] -- Symlinking: /home/nexium/ros_ws/install/sensor_scan_generation/share/sensor_scan_generation/package.dsv
[68.065s] -- Symlinking: /home/nexium/ros_ws/install/sensor_scan_generation/share/ament_index/resource_index/packages/sensor_scan_generation
[68.065s] -- Symlinking: /home/nexium/ros_ws/install/sensor_scan_generation/share/ament_index/resource_index/rclcpp_components/sensor_scan_generation
[68.066s] -- Symlinking: /home/nexium/ros_ws/install/sensor_scan_generation/share/sensor_scan_generation/cmake/ament_cmake_export_dependencies-extras.cmake
[68.066s] -- Symlinking: /home/nexium/ros_ws/install/sensor_scan_generation/share/sensor_scan_generation/cmake/ament_cmake_export_include_directories-extras.cmake
[68.066s] -- Symlinking: /home/nexium/ros_ws/install/sensor_scan_generation/share/sensor_scan_generation/cmake/ament_cmake_export_libraries-extras.cmake
[68.066s] -- Symlinking: /home/nexium/ros_ws/install/sensor_scan_generation/share/sensor_scan_generation/cmake/sensor_scan_generationConfig.cmake
[68.066s] -- Symlinking: /home/nexium/ros_ws/install/sensor_scan_generation/share/sensor_scan_generation/cmake/sensor_scan_generationConfig-version.cmake
[68.066s] -- Symlinking: /home/nexium/ros_ws/install/sensor_scan_generation/share/sensor_scan_generation/package.xml
[68.079s] Invoked command in '/home/nexium/ros_ws/build/sensor_scan_generation' returned '0': CMAKE_PREFIX_PATH=/opt/ros/humble /usr/bin/cmake --install /home/nexium/ros_ws/build/sensor_scan_generation
