[0.104s] Invoking command in '/home/nexium/ros_ws/build/terrain_analysis': CMAKE_PREFIX_PATH=/opt/ros/humble /usr/bin/cmake --build /home/nexium/ros_ws/build/terrain_analysis -- -j12 -l12
[0.167s] [100%] Built target terrainAnalysis
[0.220s] Invoked command in '/home/nexium/ros_ws/build/terrain_analysis' returned '0': CMAKE_PREFIX_PATH=/opt/ros/humble /usr/bin/cmake --build /home/nexium/ros_ws/build/terrain_analysis -- -j12 -l12
[0.227s] Invoking command in '/home/nexium/ros_ws/build/terrain_analysis': CMAKE_PREFIX_PATH=/opt/ros/humble /usr/bin/cmake --install /home/nexium/ros_ws/build/terrain_analysis
[0.263s] -- Install configuration: "release"
[0.263s] -- Execute custom install script
[0.263s] -- Up-to-date symlink: /home/nexium/ros_ws/install/terrain_analysis/lib/terrain_analysis/terrainAnalysis
[0.263s] -- Up-to-date symlink: /home/nexium/ros_ws/install/terrain_analysis/share/terrain_analysis/launch/terrain_analysis.launch
[0.263s] -- Up-to-date symlink: /home/nexium/ros_ws/install/terrain_analysis/share/ament_index/resource_index/package_run_dependencies/terrain_analysis
[0.263s] -- Up-to-date symlink: /home/nexium/ros_ws/install/terrain_analysis/share/ament_index/resource_index/parent_prefix_path/terrain_analysis
[0.264s] -- Up-to-date symlink: /home/nexium/ros_ws/install/terrain_analysis/share/terrain_analysis/environment/ament_prefix_path.sh
[0.264s] -- Up-to-date symlink: /home/nexium/ros_ws/install/terrain_analysis/share/terrain_analysis/environment/ament_prefix_path.dsv
[0.264s] -- Up-to-date symlink: /home/nexium/ros_ws/install/terrain_analysis/share/terrain_analysis/environment/path.sh
[0.264s] -- Up-to-date symlink: /home/nexium/ros_ws/install/terrain_analysis/share/terrain_analysis/environment/path.dsv
[0.264s] -- Up-to-date symlink: /home/nexium/ros_ws/install/terrain_analysis/share/terrain_analysis/local_setup.bash
[0.264s] -- Up-to-date symlink: /home/nexium/ros_ws/install/terrain_analysis/share/terrain_analysis/local_setup.sh
[0.264s] -- Up-to-date symlink: /home/nexium/ros_ws/install/terrain_analysis/share/terrain_analysis/local_setup.zsh
[0.264s] -- Up-to-date symlink: /home/nexium/ros_ws/install/terrain_analysis/share/terrain_analysis/local_setup.dsv
[0.264s] -- Symlinking: /home/nexium/ros_ws/install/terrain_analysis/share/terrain_analysis/package.dsv
[0.264s] -- Up-to-date symlink: /home/nexium/ros_ws/install/terrain_analysis/share/ament_index/resource_index/packages/terrain_analysis
[0.264s] -- Up-to-date symlink: /home/nexium/ros_ws/install/terrain_analysis/share/terrain_analysis/cmake/terrain_analysisConfig.cmake
[0.265s] -- Up-to-date symlink: /home/nexium/ros_ws/install/terrain_analysis/share/terrain_analysis/cmake/terrain_analysisConfig-version.cmake
[0.265s] -- Up-to-date symlink: /home/nexium/ros_ws/install/terrain_analysis/share/terrain_analysis/package.xml
[0.427s] Invoked command in '/home/nexium/ros_ws/build/terrain_analysis' returned '0': CMAKE_PREFIX_PATH=/opt/ros/humble /usr/bin/cmake --install /home/nexium/ros_ws/build/terrain_analysis
