[0.245s] Invoking command in '/home/nexium/ros_ws/build/fake_vel_transform': CMAKE_PREFIX_PATH=/opt/ros/humble /usr/bin/cmake --build /home/nexium/ros_ws/build/fake_vel_transform -- -j12 -l12
[0.437s] [ 50%] Built target fake_vel_transform_node
[0.437s] [100%] Built target fake_vel_transform
[0.456s] Invoked command in '/home/nexium/ros_ws/build/fake_vel_transform' returned '0': CMAKE_PREFIX_PATH=/opt/ros/humble /usr/bin/cmake --build /home/nexium/ros_ws/build/fake_vel_transform -- -j12 -l12
[0.458s] Invoking command in '/home/nexium/ros_ws/build/fake_vel_transform': CMAKE_PREFIX_PATH=/opt/ros/humble /usr/bin/cmake --install /home/nexium/ros_ws/build/fake_vel_transform
[0.531s] -- Install configuration: "release"
[0.531s] -- Execute custom install script
[0.531s] -- Up-to-date symlink: /home/nexium/ros_ws/install/fake_vel_transform/lib/fake_vel_transform/fake_vel_transform_node
[0.531s] -- Up-to-date symlink: /home/nexium/ros_ws/install/fake_vel_transform/include/fake_vel_transform/fake_vel_transform/fake_vel_transform.hpp
[0.531s] -- Up-to-date symlink: /home/nexium/ros_ws/install/fake_vel_transform/share/fake_vel_transform/environment/library_path.sh
[0.531s] -- Up-to-date symlink: /home/nexium/ros_ws/install/fake_vel_transform/share/fake_vel_transform/environment/library_path.dsv
[0.531s] -- Up-to-date symlink: /home/nexium/ros_ws/install/fake_vel_transform/lib/libfake_vel_transform.so
[0.531s] -- Up-to-date symlink: /home/nexium/ros_ws/install/fake_vel_transform/share/fake_vel_transform/launch/fake_vel_transform_launch.py
[0.531s] -- Up-to-date symlink: /home/nexium/ros_ws/install/fake_vel_transform/share/ament_index/resource_index/package_run_dependencies/fake_vel_transform
[0.531s] -- Up-to-date symlink: /home/nexium/ros_ws/install/fake_vel_transform/share/ament_index/resource_index/parent_prefix_path/fake_vel_transform
[0.531s] -- Up-to-date symlink: /home/nexium/ros_ws/install/fake_vel_transform/share/fake_vel_transform/environment/ament_prefix_path.sh
[0.531s] -- Up-to-date symlink: /home/nexium/ros_ws/install/fake_vel_transform/share/fake_vel_transform/environment/ament_prefix_path.dsv
[0.531s] -- Up-to-date symlink: /home/nexium/ros_ws/install/fake_vel_transform/share/fake_vel_transform/environment/path.sh
[0.531s] -- Up-to-date symlink: /home/nexium/ros_ws/install/fake_vel_transform/share/fake_vel_transform/environment/path.dsv
[0.532s] -- Up-to-date symlink: /home/nexium/ros_ws/install/fake_vel_transform/share/fake_vel_transform/local_setup.bash
[0.532s] -- Up-to-date symlink: /home/nexium/ros_ws/install/fake_vel_transform/share/fake_vel_transform/local_setup.sh
[0.532s] -- Up-to-date symlink: /home/nexium/ros_ws/install/fake_vel_transform/share/fake_vel_transform/local_setup.zsh
[0.532s] -- Up-to-date symlink: /home/nexium/ros_ws/install/fake_vel_transform/share/fake_vel_transform/local_setup.dsv
[0.532s] -- Symlinking: /home/nexium/ros_ws/install/fake_vel_transform/share/fake_vel_transform/package.dsv
[0.534s] -- Up-to-date symlink: /home/nexium/ros_ws/install/fake_vel_transform/share/ament_index/resource_index/packages/fake_vel_transform
[0.534s] -- Up-to-date symlink: /home/nexium/ros_ws/install/fake_vel_transform/share/ament_index/resource_index/rclcpp_components/fake_vel_transform
[0.535s] -- Up-to-date symlink: /home/nexium/ros_ws/install/fake_vel_transform/share/fake_vel_transform/cmake/ament_cmake_export_dependencies-extras.cmake
[0.535s] -- Up-to-date symlink: /home/nexium/ros_ws/install/fake_vel_transform/share/fake_vel_transform/cmake/ament_cmake_export_include_directories-extras.cmake
[0.535s] -- Up-to-date symlink: /home/nexium/ros_ws/install/fake_vel_transform/share/fake_vel_transform/cmake/ament_cmake_export_libraries-extras.cmake
[0.536s] -- Up-to-date symlink: /home/nexium/ros_ws/install/fake_vel_transform/share/fake_vel_transform/cmake/fake_vel_transformConfig.cmake
[0.536s] -- Up-to-date symlink: /home/nexium/ros_ws/install/fake_vel_transform/share/fake_vel_transform/cmake/fake_vel_transformConfig-version.cmake
[0.536s] -- Up-to-date symlink: /home/nexium/ros_ws/install/fake_vel_transform/share/fake_vel_transform/package.xml
[0.610s] Invoked command in '/home/nexium/ros_ws/build/fake_vel_transform' returned '0': CMAKE_PREFIX_PATH=/opt/ros/humble /usr/bin/cmake --install /home/nexium/ros_ws/build/fake_vel_transform
