[0.027s] Invoking command in '/home/nexium/ros_ws/build/standard_robot_pp_ros2': AMENT_PREFIX_PATH=/home/nexium/ros_ws/install/pb2025_robot_description:/home/nexium/ros_ws/install/sdformat_tools:/home/nexium/ros_ws/install/rmoss_gz_resources:/home/nexium/ros_ws/install/pb_rm_interfaces:/home/nexium/ros_ws/install/joint_state_publisher:/home/nexium/ros_ws/install/auto_aim_interfaces:${AMENT_PREFIX_PATH} CMAKE_PREFIX_PATH=/home/nexium/ros_ws/install/pb2025_robot_description:/home/nexium/ros_ws/install/rmoss_gz_resources:/home/nexium/ros_ws/install/pb_rm_interfaces:/home/nexium/ros_ws/install/auto_aim_interfaces:/opt/ros/humble LD_LIBRARY_PATH=/home/nexium/ros_ws/install/pb_rm_interfaces/lib:/home/nexium/ros_ws/install/auto_aim_interfaces/lib:${LD_LIBRARY_PATH} PATH=/home/nexium/ros_ws/install/sdformat_tools/bin:${PATH} PYTHONPATH=/home/nexium/ros_ws/build/sdformat_tools:/home/nexium/ros_ws/install/sdformat_tools/lib/python3.10/site-packages:/home/nexium/ros_ws/install/pb_rm_interfaces/local/lib/python3.10/dist-packages:/home/nexium/ros_ws/build/joint_state_publisher:/home/nexium/ros_ws/install/joint_state_publisher/lib/python3.10/site-packages:/home/nexium/ros_ws/install/auto_aim_interfaces/local/lib/python3.10/dist-packages:${PYTHONPATH} /usr/bin/cmake --build /home/nexium/ros_ws/build/standard_robot_pp_ros2 -- -j12 -l12
[0.073s] [ 25%] Built target standard_robot_pp_ros2_node
[0.074s] [ 50%] Built target gimbal_manager_node
[0.081s] [100%] Built target standard_robot_pp_ros2
[0.098s] Invoked command in '/home/nexium/ros_ws/build/standard_robot_pp_ros2' returned '0': AMENT_PREFIX_PATH=/home/nexium/ros_ws/install/pb2025_robot_description:/home/nexium/ros_ws/install/sdformat_tools:/home/nexium/ros_ws/install/rmoss_gz_resources:/home/nexium/ros_ws/install/pb_rm_interfaces:/home/nexium/ros_ws/install/joint_state_publisher:/home/nexium/ros_ws/install/auto_aim_interfaces:${AMENT_PREFIX_PATH} CMAKE_PREFIX_PATH=/home/nexium/ros_ws/install/pb2025_robot_description:/home/nexium/ros_ws/install/rmoss_gz_resources:/home/nexium/ros_ws/install/pb_rm_interfaces:/home/nexium/ros_ws/install/auto_aim_interfaces:/opt/ros/humble LD_LIBRARY_PATH=/home/nexium/ros_ws/install/pb_rm_interfaces/lib:/home/nexium/ros_ws/install/auto_aim_interfaces/lib:${LD_LIBRARY_PATH} PATH=/home/nexium/ros_ws/install/sdformat_tools/bin:${PATH} PYTHONPATH=/home/nexium/ros_ws/build/sdformat_tools:/home/nexium/ros_ws/install/sdformat_tools/lib/python3.10/site-packages:/home/nexium/ros_ws/install/pb_rm_interfaces/local/lib/python3.10/dist-packages:/home/nexium/ros_ws/build/joint_state_publisher:/home/nexium/ros_ws/install/joint_state_publisher/lib/python3.10/site-packages:/home/nexium/ros_ws/install/auto_aim_interfaces/local/lib/python3.10/dist-packages:${PYTHONPATH} /usr/bin/cmake --build /home/nexium/ros_ws/build/standard_robot_pp_ros2 -- -j12 -l12
[0.099s] Invoking command in '/home/nexium/ros_ws/build/standard_robot_pp_ros2': AMENT_PREFIX_PATH=/home/nexium/ros_ws/install/pb2025_robot_description:/home/nexium/ros_ws/install/sdformat_tools:/home/nexium/ros_ws/install/rmoss_gz_resources:/home/nexium/ros_ws/install/pb_rm_interfaces:/home/nexium/ros_ws/install/joint_state_publisher:/home/nexium/ros_ws/install/auto_aim_interfaces:${AMENT_PREFIX_PATH} CMAKE_PREFIX_PATH=/home/nexium/ros_ws/install/pb2025_robot_description:/home/nexium/ros_ws/install/rmoss_gz_resources:/home/nexium/ros_ws/install/pb_rm_interfaces:/home/nexium/ros_ws/install/auto_aim_interfaces:/opt/ros/humble LD_LIBRARY_PATH=/home/nexium/ros_ws/install/pb_rm_interfaces/lib:/home/nexium/ros_ws/install/auto_aim_interfaces/lib:${LD_LIBRARY_PATH} PATH=/home/nexium/ros_ws/install/sdformat_tools/bin:${PATH} PYTHONPATH=/home/nexium/ros_ws/build/sdformat_tools:/home/nexium/ros_ws/install/sdformat_tools/lib/python3.10/site-packages:/home/nexium/ros_ws/install/pb_rm_interfaces/local/lib/python3.10/dist-packages:/home/nexium/ros_ws/build/joint_state_publisher:/home/nexium/ros_ws/install/joint_state_publisher/lib/python3.10/site-packages:/home/nexium/ros_ws/install/auto_aim_interfaces/local/lib/python3.10/dist-packages:${PYTHONPATH} /usr/bin/cmake --install /home/nexium/ros_ws/build/standard_robot_pp_ros2
[0.106s] -- Install configuration: "release"
[0.106s] -- Execute custom install script
[0.107s] -- Up-to-date symlink: /home/nexium/ros_ws/install/standard_robot_pp_ros2/lib/standard_robot_pp_ros2/standard_robot_pp_ros2_node
[0.107s] -- Up-to-date symlink: /home/nexium/ros_ws/install/standard_robot_pp_ros2/lib/standard_robot_pp_ros2/gimbal_manager_node
[0.107s] -- Up-to-date symlink: /home/nexium/ros_ws/install/standard_robot_pp_ros2/include/standard_robot_pp_ros2/crc8_crc16.hpp
[0.107s] -- Up-to-date symlink: /home/nexium/ros_ws/install/standard_robot_pp_ros2/include/standard_robot_pp_ros2/gimbal_manager.hpp
[0.107s] -- Up-to-date symlink: /home/nexium/ros_ws/install/standard_robot_pp_ros2/include/standard_robot_pp_ros2/packet_typedef.hpp
[0.108s] -- Up-to-date symlink: /home/nexium/ros_ws/install/standard_robot_pp_ros2/include/standard_robot_pp_ros2/robot_info.hpp
[0.108s] -- Up-to-date symlink: /home/nexium/ros_ws/install/standard_robot_pp_ros2/include/standard_robot_pp_ros2/standard_robot_pp_ros2.hpp
[0.108s] -- Up-to-date symlink: /home/nexium/ros_ws/install/standard_robot_pp_ros2/share/standard_robot_pp_ros2/environment/library_path.sh
[0.108s] -- Up-to-date symlink: /home/nexium/ros_ws/install/standard_robot_pp_ros2/share/standard_robot_pp_ros2/environment/library_path.dsv
[0.108s] -- Up-to-date symlink: /home/nexium/ros_ws/install/standard_robot_pp_ros2/lib/libstandard_robot_pp_ros2.so
[0.108s] -- Up-to-date symlink: /home/nexium/ros_ws/install/standard_robot_pp_ros2/share/standard_robot_pp_ros2/config/standard_robot_pp_ros2.yaml
[0.109s] -- Up-to-date symlink: /home/nexium/ros_ws/install/standard_robot_pp_ros2/share/standard_robot_pp_ros2/launch/standard_robot_pp_ros2.launch.py
[0.109s] -- Up-to-date symlink: /home/nexium/ros_ws/install/standard_robot_pp_ros2/share/ament_index/resource_index/package_run_dependencies/standard_robot_pp_ros2
[0.109s] -- Up-to-date symlink: /home/nexium/ros_ws/install/standard_robot_pp_ros2/share/ament_index/resource_index/parent_prefix_path/standard_robot_pp_ros2
[0.109s] -- Up-to-date symlink: /home/nexium/ros_ws/install/standard_robot_pp_ros2/share/standard_robot_pp_ros2/environment/ament_prefix_path.sh
[0.109s] -- Up-to-date symlink: /home/nexium/ros_ws/install/standard_robot_pp_ros2/share/standard_robot_pp_ros2/environment/ament_prefix_path.dsv
[0.110s] -- Up-to-date symlink: /home/nexium/ros_ws/install/standard_robot_pp_ros2/share/standard_robot_pp_ros2/environment/path.sh
[0.110s] -- Up-to-date symlink: /home/nexium/ros_ws/install/standard_robot_pp_ros2/share/standard_robot_pp_ros2/environment/path.dsv
[0.110s] -- Up-to-date symlink: /home/nexium/ros_ws/install/standard_robot_pp_ros2/share/standard_robot_pp_ros2/local_setup.bash
[0.110s] -- Up-to-date symlink: /home/nexium/ros_ws/install/standard_robot_pp_ros2/share/standard_robot_pp_ros2/local_setup.sh
[0.110s] -- Up-to-date symlink: /home/nexium/ros_ws/install/standard_robot_pp_ros2/share/standard_robot_pp_ros2/local_setup.zsh
[0.110s] -- Up-to-date symlink: /home/nexium/ros_ws/install/standard_robot_pp_ros2/share/standard_robot_pp_ros2/local_setup.dsv
[0.110s] -- Symlinking: /home/nexium/ros_ws/install/standard_robot_pp_ros2/share/standard_robot_pp_ros2/package.dsv
[0.117s] -- Up-to-date symlink: /home/nexium/ros_ws/install/standard_robot_pp_ros2/share/ament_index/resource_index/packages/standard_robot_pp_ros2
[0.117s] -- Up-to-date symlink: /home/nexium/ros_ws/install/standard_robot_pp_ros2/share/ament_index/resource_index/rclcpp_components/standard_robot_pp_ros2
[0.117s] -- Up-to-date symlink: /home/nexium/ros_ws/install/standard_robot_pp_ros2/share/standard_robot_pp_ros2/cmake/ament_cmake_export_dependencies-extras.cmake
[0.118s] -- Up-to-date symlink: /home/nexium/ros_ws/install/standard_robot_pp_ros2/share/standard_robot_pp_ros2/cmake/ament_cmake_export_include_directories-extras.cmake
[0.118s] -- Up-to-date symlink: /home/nexium/ros_ws/install/standard_robot_pp_ros2/share/standard_robot_pp_ros2/cmake/ament_cmake_export_libraries-extras.cmake
[0.118s] -- Up-to-date symlink: /home/nexium/ros_ws/install/standard_robot_pp_ros2/share/standard_robot_pp_ros2/cmake/standard_robot_pp_ros2Config.cmake
[0.118s] -- Up-to-date symlink: /home/nexium/ros_ws/install/standard_robot_pp_ros2/share/standard_robot_pp_ros2/cmake/standard_robot_pp_ros2Config-version.cmake
[0.118s] -- Up-to-date symlink: /home/nexium/ros_ws/install/standard_robot_pp_ros2/share/standard_robot_pp_ros2/package.xml
[0.120s] Invoked command in '/home/nexium/ros_ws/build/standard_robot_pp_ros2' returned '0': AMENT_PREFIX_PATH=/home/nexium/ros_ws/install/pb2025_robot_description:/home/nexium/ros_ws/install/sdformat_tools:/home/nexium/ros_ws/install/rmoss_gz_resources:/home/nexium/ros_ws/install/pb_rm_interfaces:/home/nexium/ros_ws/install/joint_state_publisher:/home/nexium/ros_ws/install/auto_aim_interfaces:${AMENT_PREFIX_PATH} CMAKE_PREFIX_PATH=/home/nexium/ros_ws/install/pb2025_robot_description:/home/nexium/ros_ws/install/rmoss_gz_resources:/home/nexium/ros_ws/install/pb_rm_interfaces:/home/nexium/ros_ws/install/auto_aim_interfaces:/opt/ros/humble LD_LIBRARY_PATH=/home/nexium/ros_ws/install/pb_rm_interfaces/lib:/home/nexium/ros_ws/install/auto_aim_interfaces/lib:${LD_LIBRARY_PATH} PATH=/home/nexium/ros_ws/install/sdformat_tools/bin:${PATH} PYTHONPATH=/home/nexium/ros_ws/build/sdformat_tools:/home/nexium/ros_ws/install/sdformat_tools/lib/python3.10/site-packages:/home/nexium/ros_ws/install/pb_rm_interfaces/local/lib/python3.10/dist-packages:/home/nexium/ros_ws/build/joint_state_publisher:/home/nexium/ros_ws/install/joint_state_publisher/lib/python3.10/site-packages:/home/nexium/ros_ws/install/auto_aim_interfaces/local/lib/python3.10/dist-packages:${PYTHONPATH} /usr/bin/cmake --install /home/nexium/ros_ws/build/standard_robot_pp_ros2
