-- The C compiler identification is GNU 11.4.0
-- The CXX compiler identification is GNU 11.4.0
-- Detecting C compiler ABI info
-- Detecting C compiler ABI info - done
-- Check for working C compiler: /usr/bin/cc - skipped
-- Detecting C compile features
-- Detecting C compile features - done
-- Detecting CXX compiler ABI info
-- Detecting CXX compiler ABI info - done
-- Check for working CXX compiler: /usr/bin/c++ - skipped
-- Detecting CXX compile features
-- Detecting CXX compile features - done
-- Found ament_cmake: 1.3.12 (/opt/ros/humble/share/ament_cmake/cmake)
-- Found Python3: /usr/bin/python3 (found version "3.10.12") found components: Interpreter 
-- Override CMake install command with custom implementation using symlinks instead of copying resources
-- Found ament_lint_auto: 0.12.14 (/opt/ros/humble/share/ament_lint_auto/cmake)
-- Configuring done
-- Generating done
-- Build files have been written to: /home/nexium/ros_ws/build/rmoss_core
-- Install configuration: "release"
-- Execute custom install script
-- Symlinking: /home/nexium/ros_ws/install/rmoss_core/share/ament_index/resource_index/package_run_dependencies/rmoss_core
-- Symlinking: /home/nexium/ros_ws/install/rmoss_core/share/ament_index/resource_index/parent_prefix_path/rmoss_core
-- Symlinking: /home/nexium/ros_ws/install/rmoss_core/share/rmoss_core/environment/ament_prefix_path.sh
-- Symlinking: /home/nexium/ros_ws/install/rmoss_core/share/rmoss_core/environment/ament_prefix_path.dsv
-- Symlinking: /home/nexium/ros_ws/install/rmoss_core/share/rmoss_core/environment/path.sh
-- Symlinking: /home/nexium/ros_ws/install/rmoss_core/share/rmoss_core/environment/path.dsv
-- Symlinking: /home/nexium/ros_ws/install/rmoss_core/share/rmoss_core/local_setup.bash
-- Symlinking: /home/nexium/ros_ws/install/rmoss_core/share/rmoss_core/local_setup.sh
-- Symlinking: /home/nexium/ros_ws/install/rmoss_core/share/rmoss_core/local_setup.zsh
-- Symlinking: /home/nexium/ros_ws/install/rmoss_core/share/rmoss_core/local_setup.dsv
-- Symlinking: /home/nexium/ros_ws/install/rmoss_core/share/rmoss_core/package.dsv
-- Symlinking: /home/nexium/ros_ws/install/rmoss_core/share/ament_index/resource_index/packages/rmoss_core
-- Symlinking: /home/nexium/ros_ws/install/rmoss_core/share/rmoss_core/cmake/rmoss_coreConfig.cmake
-- Symlinking: /home/nexium/ros_ws/install/rmoss_core/share/rmoss_core/cmake/rmoss_coreConfig-version.cmake
-- Symlinking: /home/nexium/ros_ws/install/rmoss_core/share/rmoss_core/package.xml
