[0.032s] Invoking command in '/home/nexium/ros_ws/build/rmoss_core': AMENT_PREFIX_PATH=/home/nexium/ros_ws/install/rmoss_cam:/home/nexium/ros_ws/install/rmoss_util:/home/nexium/ros_ws/install/rmoss_base:/home/nexium/ros_ws/install/rmoss_projectile_motion:/home/nexium/ros_ws/install/rmoss_interfaces:${AMENT_PREFIX_PATH} CMAKE_PREFIX_PATH=/home/nexium/ros_ws/install/rmoss_cam:/home/nexium/ros_ws/install/rmoss_util:/home/nexium/ros_ws/install/rmoss_base:/home/nexium/ros_ws/install/rmoss_projectile_motion:/home/nexium/ros_ws/install/rmoss_interfaces:/opt/ros/humble LD_LIBRARY_PATH=/home/nexium/ros_ws/install/rmoss_cam/lib:/home/nexium/ros_ws/install/rmoss_util/lib:/home/nexium/ros_ws/install/rmoss_base/lib:/home/nexium/ros_ws/install/rmoss_projectile_motion/lib:/home/nexium/ros_ws/install/rmoss_interfaces/lib:${LD_LIBRARY_PATH} PYTHONPATH=/home/nexium/ros_ws/install/rmoss_interfaces/local/lib/python3.10/dist-packages:${PYTHONPATH} /usr/bin/cmake /home/nexium/ros_ws/src/rmoss_core/rmoss_core -DCMAKE_BUILD_TYPE=release -DAMENT_CMAKE_SYMLINK_INSTALL=1 -DCMAKE_INSTALL_PREFIX=/home/nexium/ros_ws/install/rmoss_core
[0.117s] -- The C compiler identification is GNU 11.4.0
[0.200s] -- The CXX compiler identification is GNU 11.4.0
[0.211s] -- Detecting C compiler ABI info
[0.311s] -- Detecting C compiler ABI info - done
[0.325s] -- Check for working C compiler: /usr/bin/cc - skipped
[0.325s] -- Detecting C compile features
[0.326s] -- Detecting C compile features - done
[0.330s] -- Detecting CXX compiler ABI info
[0.448s] -- Detecting CXX compiler ABI info - done
[0.461s] -- Check for working CXX compiler: /usr/bin/c++ - skipped
[0.461s] -- Detecting CXX compile features
[0.461s] -- Detecting CXX compile features - done
[0.463s] -- Found ament_cmake: 1.3.12 (/opt/ros/humble/share/ament_cmake/cmake)
[0.677s] -- Found Python3: /usr/bin/python3 (found version "3.10.12") found components: Interpreter 
[0.789s] -- Override CMake install command with custom implementation using symlinks instead of copying resources
[0.832s] -- Found ament_lint_auto: 0.12.14 (/opt/ros/humble/share/ament_lint_auto/cmake)
[0.951s] -- Configuring done
[0.956s] -- Generating done
[0.959s] -- Build files have been written to: /home/nexium/ros_ws/build/rmoss_core
[0.968s] Invoked command in '/home/nexium/ros_ws/build/rmoss_core' returned '0': AMENT_PREFIX_PATH=/home/nexium/ros_ws/install/rmoss_cam:/home/nexium/ros_ws/install/rmoss_util:/home/nexium/ros_ws/install/rmoss_base:/home/nexium/ros_ws/install/rmoss_projectile_motion:/home/nexium/ros_ws/install/rmoss_interfaces:${AMENT_PREFIX_PATH} CMAKE_PREFIX_PATH=/home/nexium/ros_ws/install/rmoss_cam:/home/nexium/ros_ws/install/rmoss_util:/home/nexium/ros_ws/install/rmoss_base:/home/nexium/ros_ws/install/rmoss_projectile_motion:/home/nexium/ros_ws/install/rmoss_interfaces:/opt/ros/humble LD_LIBRARY_PATH=/home/nexium/ros_ws/install/rmoss_cam/lib:/home/nexium/ros_ws/install/rmoss_util/lib:/home/nexium/ros_ws/install/rmoss_base/lib:/home/nexium/ros_ws/install/rmoss_projectile_motion/lib:/home/nexium/ros_ws/install/rmoss_interfaces/lib:${LD_LIBRARY_PATH} PYTHONPATH=/home/nexium/ros_ws/install/rmoss_interfaces/local/lib/python3.10/dist-packages:${PYTHONPATH} /usr/bin/cmake /home/nexium/ros_ws/src/rmoss_core/rmoss_core -DCMAKE_BUILD_TYPE=release -DAMENT_CMAKE_SYMLINK_INSTALL=1 -DCMAKE_INSTALL_PREFIX=/home/nexium/ros_ws/install/rmoss_core
[0.976s] Invoking command in '/home/nexium/ros_ws/build/rmoss_core': AMENT_PREFIX_PATH=/home/nexium/ros_ws/install/rmoss_cam:/home/nexium/ros_ws/install/rmoss_util:/home/nexium/ros_ws/install/rmoss_base:/home/nexium/ros_ws/install/rmoss_projectile_motion:/home/nexium/ros_ws/install/rmoss_interfaces:${AMENT_PREFIX_PATH} CMAKE_PREFIX_PATH=/home/nexium/ros_ws/install/rmoss_cam:/home/nexium/ros_ws/install/rmoss_util:/home/nexium/ros_ws/install/rmoss_base:/home/nexium/ros_ws/install/rmoss_projectile_motion:/home/nexium/ros_ws/install/rmoss_interfaces:/opt/ros/humble LD_LIBRARY_PATH=/home/nexium/ros_ws/install/rmoss_cam/lib:/home/nexium/ros_ws/install/rmoss_util/lib:/home/nexium/ros_ws/install/rmoss_base/lib:/home/nexium/ros_ws/install/rmoss_projectile_motion/lib:/home/nexium/ros_ws/install/rmoss_interfaces/lib:${LD_LIBRARY_PATH} PYTHONPATH=/home/nexium/ros_ws/install/rmoss_interfaces/local/lib/python3.10/dist-packages:${PYTHONPATH} /usr/bin/cmake --build /home/nexium/ros_ws/build/rmoss_core -- -j12 -l12
[1.029s] Invoked command in '/home/nexium/ros_ws/build/rmoss_core' returned '0': AMENT_PREFIX_PATH=/home/nexium/ros_ws/install/rmoss_cam:/home/nexium/ros_ws/install/rmoss_util:/home/nexium/ros_ws/install/rmoss_base:/home/nexium/ros_ws/install/rmoss_projectile_motion:/home/nexium/ros_ws/install/rmoss_interfaces:${AMENT_PREFIX_PATH} CMAKE_PREFIX_PATH=/home/nexium/ros_ws/install/rmoss_cam:/home/nexium/ros_ws/install/rmoss_util:/home/nexium/ros_ws/install/rmoss_base:/home/nexium/ros_ws/install/rmoss_projectile_motion:/home/nexium/ros_ws/install/rmoss_interfaces:/opt/ros/humble LD_LIBRARY_PATH=/home/nexium/ros_ws/install/rmoss_cam/lib:/home/nexium/ros_ws/install/rmoss_util/lib:/home/nexium/ros_ws/install/rmoss_base/lib:/home/nexium/ros_ws/install/rmoss_projectile_motion/lib:/home/nexium/ros_ws/install/rmoss_interfaces/lib:${LD_LIBRARY_PATH} PYTHONPATH=/home/nexium/ros_ws/install/rmoss_interfaces/local/lib/python3.10/dist-packages:${PYTHONPATH} /usr/bin/cmake --build /home/nexium/ros_ws/build/rmoss_core -- -j12 -l12
[1.030s] Invoking command in '/home/nexium/ros_ws/build/rmoss_core': AMENT_PREFIX_PATH=/home/nexium/ros_ws/install/rmoss_cam:/home/nexium/ros_ws/install/rmoss_util:/home/nexium/ros_ws/install/rmoss_base:/home/nexium/ros_ws/install/rmoss_projectile_motion:/home/nexium/ros_ws/install/rmoss_interfaces:${AMENT_PREFIX_PATH} CMAKE_PREFIX_PATH=/home/nexium/ros_ws/install/rmoss_cam:/home/nexium/ros_ws/install/rmoss_util:/home/nexium/ros_ws/install/rmoss_base:/home/nexium/ros_ws/install/rmoss_projectile_motion:/home/nexium/ros_ws/install/rmoss_interfaces:/opt/ros/humble LD_LIBRARY_PATH=/home/nexium/ros_ws/install/rmoss_cam/lib:/home/nexium/ros_ws/install/rmoss_util/lib:/home/nexium/ros_ws/install/rmoss_base/lib:/home/nexium/ros_ws/install/rmoss_projectile_motion/lib:/home/nexium/ros_ws/install/rmoss_interfaces/lib:${LD_LIBRARY_PATH} PYTHONPATH=/home/nexium/ros_ws/install/rmoss_interfaces/local/lib/python3.10/dist-packages:${PYTHONPATH} /usr/bin/cmake --install /home/nexium/ros_ws/build/rmoss_core
[1.040s] -- Install configuration: "release"
[1.041s] -- Execute custom install script
[1.041s] -- Symlinking: /home/nexium/ros_ws/install/rmoss_core/share/ament_index/resource_index/package_run_dependencies/rmoss_core
[1.055s] -- Symlinking: /home/nexium/ros_ws/install/rmoss_core/share/ament_index/resource_index/parent_prefix_path/rmoss_core
[1.069s] -- Symlinking: /home/nexium/ros_ws/install/rmoss_core/share/rmoss_core/environment/ament_prefix_path.sh
[1.083s] -- Symlinking: /home/nexium/ros_ws/install/rmoss_core/share/rmoss_core/environment/ament_prefix_path.dsv
[1.098s] -- Symlinking: /home/nexium/ros_ws/install/rmoss_core/share/rmoss_core/environment/path.sh
[1.112s] -- Symlinking: /home/nexium/ros_ws/install/rmoss_core/share/rmoss_core/environment/path.dsv
[1.128s] -- Symlinking: /home/nexium/ros_ws/install/rmoss_core/share/rmoss_core/local_setup.bash
[1.141s] -- Symlinking: /home/nexium/ros_ws/install/rmoss_core/share/rmoss_core/local_setup.sh
[1.155s] -- Symlinking: /home/nexium/ros_ws/install/rmoss_core/share/rmoss_core/local_setup.zsh
[1.169s] -- Symlinking: /home/nexium/ros_ws/install/rmoss_core/share/rmoss_core/local_setup.dsv
[1.182s] -- Symlinking: /home/nexium/ros_ws/install/rmoss_core/share/rmoss_core/package.dsv
[1.196s] -- Symlinking: /home/nexium/ros_ws/install/rmoss_core/share/ament_index/resource_index/packages/rmoss_core
[1.209s] -- Symlinking: /home/nexium/ros_ws/install/rmoss_core/share/rmoss_core/cmake/rmoss_coreConfig.cmake
[1.224s] -- Symlinking: /home/nexium/ros_ws/install/rmoss_core/share/rmoss_core/cmake/rmoss_coreConfig-version.cmake
[1.239s] -- Symlinking: /home/nexium/ros_ws/install/rmoss_core/share/rmoss_core/package.xml
[1.255s] Invoked command in '/home/nexium/ros_ws/build/rmoss_core' returned '0': AMENT_PREFIX_PATH=/home/nexium/ros_ws/install/rmoss_cam:/home/nexium/ros_ws/install/rmoss_util:/home/nexium/ros_ws/install/rmoss_base:/home/nexium/ros_ws/install/rmoss_projectile_motion:/home/nexium/ros_ws/install/rmoss_interfaces:${AMENT_PREFIX_PATH} CMAKE_PREFIX_PATH=/home/nexium/ros_ws/install/rmoss_cam:/home/nexium/ros_ws/install/rmoss_util:/home/nexium/ros_ws/install/rmoss_base:/home/nexium/ros_ws/install/rmoss_projectile_motion:/home/nexium/ros_ws/install/rmoss_interfaces:/opt/ros/humble LD_LIBRARY_PATH=/home/nexium/ros_ws/install/rmoss_cam/lib:/home/nexium/ros_ws/install/rmoss_util/lib:/home/nexium/ros_ws/install/rmoss_base/lib:/home/nexium/ros_ws/install/rmoss_projectile_motion/lib:/home/nexium/ros_ws/install/rmoss_interfaces/lib:${LD_LIBRARY_PATH} PYTHONPATH=/home/nexium/ros_ws/install/rmoss_interfaces/local/lib/python3.10/dist-packages:${PYTHONPATH} /usr/bin/cmake --install /home/nexium/ros_ws/build/rmoss_core
