[0.092s] Invoking command in '/home/nexium/ros_ws/build/pb_nav2_plugins': CMAKE_PREFIX_PATH=/opt/ros/humble /usr/bin/cmake --build /home/nexium/ros_ws/build/pb_nav2_plugins -- -j12 -l12
[0.151s] [35m[1mConsolidate compiler generated dependencies of target pb_back_up_frees_space_behavior[0m
[0.183s] [ 50%] Built target pb_back_up_frees_space_behavior
[0.218s] [35m[1mConsolidate compiler generated dependencies of target layers[0m
[0.240s] [100%] Built target layers
[0.306s] Invoked command in '/home/nexium/ros_ws/build/pb_nav2_plugins' returned '0': CMAKE_PREFIX_PATH=/opt/ros/humble /usr/bin/cmake --build /home/nexium/ros_ws/build/pb_nav2_plugins -- -j12 -l12
[0.307s] Invoking command in '/home/nexium/ros_ws/build/pb_nav2_plugins': CMAKE_PREFIX_PATH=/opt/ros/humble /usr/bin/cmake --install /home/nexium/ros_ws/build/pb_nav2_plugins
[0.316s] -- Install configuration: "release"
[0.316s] -- Execute custom install script
[0.316s] -- Up-to-date symlink: /home/nexium/ros_ws/install/pb_nav2_plugins/share/pb_nav2_plugins//behavior_plugin.xml
[0.316s] -- Up-to-date symlink: /home/nexium/ros_ws/install/pb_nav2_plugins/share/pb_nav2_plugins//costmap_plugins.xml
[0.316s] -- Up-to-date symlink: /home/nexium/ros_ws/install/pb_nav2_plugins/include/pb_nav2_plugins/pb_nav2_plugins/behaviors/back_up_free_space.hpp
[0.316s] -- Up-to-date symlink: /home/nexium/ros_ws/install/pb_nav2_plugins/include/pb_nav2_plugins/pb_nav2_plugins/layers/intensity_voxel_layer.hpp
[0.316s] -- Up-to-date symlink: /home/nexium/ros_ws/install/pb_nav2_plugins/share/pb_nav2_plugins/environment/library_path.sh
[0.317s] -- Up-to-date symlink: /home/nexium/ros_ws/install/pb_nav2_plugins/share/pb_nav2_plugins/environment/library_path.dsv
[0.317s] -- Up-to-date symlink: /home/nexium/ros_ws/install/pb_nav2_plugins/lib/libpb_back_up_frees_space_behavior.so
[0.317s] -- Up-to-date symlink: /home/nexium/ros_ws/install/pb_nav2_plugins/lib/liblayers.so
[0.318s] -- Up-to-date symlink: /home/nexium/ros_ws/install/pb_nav2_plugins/share/ament_index/resource_index/package_run_dependencies/pb_nav2_plugins
[0.318s] -- Up-to-date symlink: /home/nexium/ros_ws/install/pb_nav2_plugins/share/ament_index/resource_index/parent_prefix_path/pb_nav2_plugins
[0.318s] -- Up-to-date symlink: /home/nexium/ros_ws/install/pb_nav2_plugins/share/pb_nav2_plugins/environment/ament_prefix_path.sh
[0.318s] -- Up-to-date symlink: /home/nexium/ros_ws/install/pb_nav2_plugins/share/pb_nav2_plugins/environment/ament_prefix_path.dsv
[0.318s] -- Up-to-date symlink: /home/nexium/ros_ws/install/pb_nav2_plugins/share/pb_nav2_plugins/environment/path.sh
[0.318s] -- Up-to-date symlink: /home/nexium/ros_ws/install/pb_nav2_plugins/share/pb_nav2_plugins/environment/path.dsv
[0.318s] -- Up-to-date symlink: /home/nexium/ros_ws/install/pb_nav2_plugins/share/pb_nav2_plugins/local_setup.bash
[0.318s] -- Up-to-date symlink: /home/nexium/ros_ws/install/pb_nav2_plugins/share/pb_nav2_plugins/local_setup.sh
[0.318s] -- Up-to-date symlink: /home/nexium/ros_ws/install/pb_nav2_plugins/share/pb_nav2_plugins/local_setup.zsh
[0.319s] -- Up-to-date symlink: /home/nexium/ros_ws/install/pb_nav2_plugins/share/pb_nav2_plugins/local_setup.dsv
[0.319s] -- Symlinking: /home/nexium/ros_ws/install/pb_nav2_plugins/share/pb_nav2_plugins/package.dsv
[0.334s] -- Up-to-date symlink: /home/nexium/ros_ws/install/pb_nav2_plugins/share/ament_index/resource_index/packages/pb_nav2_plugins
[0.334s] -- Up-to-date symlink: /home/nexium/ros_ws/install/pb_nav2_plugins/share/ament_index/resource_index/nav2_core__pluginlib__plugin/pb_nav2_plugins
[0.334s] -- Up-to-date symlink: /home/nexium/ros_ws/install/pb_nav2_plugins/share/ament_index/resource_index/nav2_costmap_2d__pluginlib__plugin/pb_nav2_plugins
[0.334s] -- Up-to-date symlink: /home/nexium/ros_ws/install/pb_nav2_plugins/share/pb_nav2_plugins/cmake/ament_cmake_export_dependencies-extras.cmake
[0.334s] -- Up-to-date symlink: /home/nexium/ros_ws/install/pb_nav2_plugins/share/pb_nav2_plugins/cmake/ament_cmake_export_include_directories-extras.cmake
[0.334s] -- Up-to-date symlink: /home/nexium/ros_ws/install/pb_nav2_plugins/share/pb_nav2_plugins/cmake/ament_cmake_export_libraries-extras.cmake
[0.337s] -- Up-to-date symlink: /home/nexium/ros_ws/install/pb_nav2_plugins/share/pb_nav2_plugins/cmake/pb_nav2_pluginsConfig.cmake
[0.337s] -- Up-to-date symlink: /home/nexium/ros_ws/install/pb_nav2_plugins/share/pb_nav2_plugins/cmake/pb_nav2_pluginsConfig-version.cmake
[0.337s] -- Up-to-date symlink: /home/nexium/ros_ws/install/pb_nav2_plugins/share/pb_nav2_plugins/package.xml
[0.392s] Invoked command in '/home/nexium/ros_ws/build/pb_nav2_plugins' returned '0': CMAKE_PREFIX_PATH=/opt/ros/humble /usr/bin/cmake --install /home/nexium/ros_ws/build/pb_nav2_plugins
