[0.063s] Invoking command in '/home/nexium/ros_ws/build/terrain_analysis_ext': CMAKE_PREFIX_PATH=/opt/ros/humble /usr/bin/cmake --build /home/nexium/ros_ws/build/terrain_analysis_ext -- -j12 -l12
[0.153s] [100%] Built target terrainAnalysisExt
[0.187s] Invoked command in '/home/nexium/ros_ws/build/terrain_analysis_ext' returned '0': CMAKE_PREFIX_PATH=/opt/ros/humble /usr/bin/cmake --build /home/nexium/ros_ws/build/terrain_analysis_ext -- -j12 -l12
[0.188s] Invoking command in '/home/nexium/ros_ws/build/terrain_analysis_ext': CMAKE_PREFIX_PATH=/opt/ros/humble /usr/bin/cmake --install /home/nexium/ros_ws/build/terrain_analysis_ext
[0.356s] -- Install configuration: "release"
[0.357s] -- Execute custom install script
[0.357s] -- Up-to-date symlink: /home/nexium/ros_ws/install/terrain_analysis_ext/lib/terrain_analysis_ext/terrainAnalysisExt
[0.357s] -- Up-to-date symlink: /home/nexium/ros_ws/install/terrain_analysis_ext/share/terrain_analysis_ext/launch/terrain_analysis_ext.launch
[0.357s] -- Up-to-date symlink: /home/nexium/ros_ws/install/terrain_analysis_ext/share/ament_index/resource_index/package_run_dependencies/terrain_analysis_ext
[0.357s] -- Up-to-date symlink: /home/nexium/ros_ws/install/terrain_analysis_ext/share/ament_index/resource_index/parent_prefix_path/terrain_analysis_ext
[0.357s] -- Up-to-date symlink: /home/nexium/ros_ws/install/terrain_analysis_ext/share/terrain_analysis_ext/environment/ament_prefix_path.sh
[0.357s] -- Up-to-date symlink: /home/nexium/ros_ws/install/terrain_analysis_ext/share/terrain_analysis_ext/environment/ament_prefix_path.dsv
[0.357s] -- Up-to-date symlink: /home/nexium/ros_ws/install/terrain_analysis_ext/share/terrain_analysis_ext/environment/path.sh
[0.357s] -- Up-to-date symlink: /home/nexium/ros_ws/install/terrain_analysis_ext/share/terrain_analysis_ext/environment/path.dsv
[0.357s] -- Up-to-date symlink: /home/nexium/ros_ws/install/terrain_analysis_ext/share/terrain_analysis_ext/local_setup.bash
[0.357s] -- Up-to-date symlink: /home/nexium/ros_ws/install/terrain_analysis_ext/share/terrain_analysis_ext/local_setup.sh
[0.357s] -- Up-to-date symlink: /home/nexium/ros_ws/install/terrain_analysis_ext/share/terrain_analysis_ext/local_setup.zsh
[0.357s] -- Up-to-date symlink: /home/nexium/ros_ws/install/terrain_analysis_ext/share/terrain_analysis_ext/local_setup.dsv
[0.357s] -- Symlinking: /home/nexium/ros_ws/install/terrain_analysis_ext/share/terrain_analysis_ext/package.dsv
[0.357s] -- Up-to-date symlink: /home/nexium/ros_ws/install/terrain_analysis_ext/share/ament_index/resource_index/packages/terrain_analysis_ext
[0.357s] -- Up-to-date symlink: /home/nexium/ros_ws/install/terrain_analysis_ext/share/terrain_analysis_ext/cmake/terrain_analysis_extConfig.cmake
[0.357s] -- Up-to-date symlink: /home/nexium/ros_ws/install/terrain_analysis_ext/share/terrain_analysis_ext/cmake/terrain_analysis_extConfig-version.cmake
[0.357s] -- Up-to-date symlink: /home/nexium/ros_ws/install/terrain_analysis_ext/share/terrain_analysis_ext/package.xml
[0.374s] Invoked command in '/home/nexium/ros_ws/build/terrain_analysis_ext' returned '0': CMAKE_PREFIX_PATH=/opt/ros/humble /usr/bin/cmake --install /home/nexium/ros_ws/build/terrain_analysis_ext
