[0.041s] Invoking command in '/home/nexium/ros_ws/build/pb2025_robot_description': AMENT_PREFIX_PATH=/home/nexium/ros_ws/install/sdformat_tools:/home/nexium/ros_ws/install/rmoss_gz_resources:${AMENT_PREFIX_PATH} CMAKE_PREFIX_PATH=/home/nexium/ros_ws/install/rmoss_gz_resources:/opt/ros/humble PATH=/home/nexium/ros_ws/install/sdformat_tools/bin:${PATH} PYTHONPATH=/home/nexium/ros_ws/build/sdformat_tools:/home/nexium/ros_ws/install/sdformat_tools/lib/python3.10/site-packages:${PYTHONPATH} /usr/bin/cmake /home/nexium/ros_ws/src/pb2025_robot_description -DCMAKE_BUILD_TYPE=release -DAMENT_CMAKE_SYMLINK_INSTALL=1 -DCMAKE_INSTALL_PREFIX=/home/nexium/ros_ws/install/pb2025_robot_description
[8.875s] -- The C compiler identification is GNU 11.4.0
[8.875s] -- The CXX compiler identification is GNU 11.4.0
[8.875s] -- Detecting C compiler ABI info
[8.875s] -- Detecting C compiler ABI info - done
[8.875s] -- Check for working C compiler: /usr/bin/cc - skipped
[8.875s] -- Detecting C compile features
[8.875s] -- Detecting C compile features - done
[8.875s] -- Detecting CXX compiler ABI info
[8.876s] -- Detecting CXX compiler ABI info - done
[8.876s] -- Check for working CXX compiler: /usr/bin/c++ - skipped
[8.876s] -- Detecting CXX compile features
[8.876s] -- Detecting CXX compile features - done
[8.876s] -- Found ament_cmake: 1.3.12 (/opt/ros/humble/share/ament_cmake/cmake)
[8.876s] -- Found Python3: /usr/bin/python3 (found version "3.10.12") found components: Interpreter 
[8.876s] -- Override CMake install command with custom implementation using symlinks instead of copying resources
[8.876s] -- Configuring done
[8.876s] -- Generating done
[8.876s] -- Build files have been written to: /home/nexium/ros_ws/build/pb2025_robot_description
[8.886s] Invoked command in '/home/nexium/ros_ws/build/pb2025_robot_description' returned '0': AMENT_PREFIX_PATH=/home/nexium/ros_ws/install/sdformat_tools:/home/nexium/ros_ws/install/rmoss_gz_resources:${AMENT_PREFIX_PATH} CMAKE_PREFIX_PATH=/home/nexium/ros_ws/install/rmoss_gz_resources:/opt/ros/humble PATH=/home/nexium/ros_ws/install/sdformat_tools/bin:${PATH} PYTHONPATH=/home/nexium/ros_ws/build/sdformat_tools:/home/nexium/ros_ws/install/sdformat_tools/lib/python3.10/site-packages:${PYTHONPATH} /usr/bin/cmake /home/nexium/ros_ws/src/pb2025_robot_description -DCMAKE_BUILD_TYPE=release -DAMENT_CMAKE_SYMLINK_INSTALL=1 -DCMAKE_INSTALL_PREFIX=/home/nexium/ros_ws/install/pb2025_robot_description
[8.887s] Invoking command in '/home/nexium/ros_ws/build/pb2025_robot_description': AMENT_PREFIX_PATH=/home/nexium/ros_ws/install/sdformat_tools:/home/nexium/ros_ws/install/rmoss_gz_resources:${AMENT_PREFIX_PATH} CMAKE_PREFIX_PATH=/home/nexium/ros_ws/install/rmoss_gz_resources:/opt/ros/humble PATH=/home/nexium/ros_ws/install/sdformat_tools/bin:${PATH} PYTHONPATH=/home/nexium/ros_ws/build/sdformat_tools:/home/nexium/ros_ws/install/sdformat_tools/lib/python3.10/site-packages:${PYTHONPATH} /usr/bin/cmake --build /home/nexium/ros_ws/build/pb2025_robot_description -- -j12 -l12
[15.566s] Invoked command in '/home/nexium/ros_ws/build/pb2025_robot_description' returned '0': AMENT_PREFIX_PATH=/home/nexium/ros_ws/install/sdformat_tools:/home/nexium/ros_ws/install/rmoss_gz_resources:${AMENT_PREFIX_PATH} CMAKE_PREFIX_PATH=/home/nexium/ros_ws/install/rmoss_gz_resources:/opt/ros/humble PATH=/home/nexium/ros_ws/install/sdformat_tools/bin:${PATH} PYTHONPATH=/home/nexium/ros_ws/build/sdformat_tools:/home/nexium/ros_ws/install/sdformat_tools/lib/python3.10/site-packages:${PYTHONPATH} /usr/bin/cmake --build /home/nexium/ros_ws/build/pb2025_robot_description -- -j12 -l12
[15.567s] Invoking command in '/home/nexium/ros_ws/build/pb2025_robot_description': AMENT_PREFIX_PATH=/home/nexium/ros_ws/install/sdformat_tools:/home/nexium/ros_ws/install/rmoss_gz_resources:${AMENT_PREFIX_PATH} CMAKE_PREFIX_PATH=/home/nexium/ros_ws/install/rmoss_gz_resources:/opt/ros/humble PATH=/home/nexium/ros_ws/install/sdformat_tools/bin:${PATH} PYTHONPATH=/home/nexium/ros_ws/build/sdformat_tools:/home/nexium/ros_ws/install/sdformat_tools/lib/python3.10/site-packages:${PYTHONPATH} /usr/bin/cmake --install /home/nexium/ros_ws/build/pb2025_robot_description
[34.179s] -- Install configuration: "release"
[34.181s] -- Execute custom install script
[34.181s] -- Symlinking: /home/nexium/ros_ws/install/pb2025_robot_description/share/pb2025_robot_description//launch/robot_description_launch.py
[34.181s] -- Symlinking: /home/nexium/ros_ws/install/pb2025_robot_description/share/pb2025_robot_description//params/robot_description.yaml
[34.181s] -- Symlinking: /home/nexium/ros_ws/install/pb2025_robot_description/share/pb2025_robot_description//resource/models/industrial_camera/meshes/industrial_camera.dae
[34.181s] -- Symlinking: /home/nexium/ros_ws/install/pb2025_robot_description/share/pb2025_robot_description//resource/models/industrial_camera/model.config
[34.181s] -- Symlinking: /home/nexium/ros_ws/install/pb2025_robot_description/share/pb2025_robot_description//resource/models/industrial_camera/model.sdf
[34.182s] -- Symlinking: /home/nexium/ros_ws/install/pb2025_robot_description/share/pb2025_robot_description//resource/models/industrial_camera/model.sdf.xmacro
[34.182s] -- Symlinking: /home/nexium/ros_ws/install/pb2025_robot_description/share/pb2025_robot_description//resource/models/mid360/meshes/mid360.dae
[34.182s] -- Symlinking: /home/nexium/ros_ws/install/pb2025_robot_description/share/pb2025_robot_description//resource/models/mid360/model.config
[34.182s] -- Symlinking: /home/nexium/ros_ws/install/pb2025_robot_description/share/pb2025_robot_description//resource/models/mid360/model.sdf
[34.182s] -- Symlinking: /home/nexium/ros_ws/install/pb2025_robot_description/share/pb2025_robot_description//resource/models/mid360/model.sdf.xmacro
[34.182s] -- Symlinking: /home/nexium/ros_ws/install/pb2025_robot_description/share/pb2025_robot_description//resource/models/rplidar_a2/meshes/rplidar_a2.dae
[34.182s] -- Symlinking: /home/nexium/ros_ws/install/pb2025_robot_description/share/pb2025_robot_description//resource/models/rplidar_a2/model.config
[34.182s] -- Symlinking: /home/nexium/ros_ws/install/pb2025_robot_description/share/pb2025_robot_description//resource/models/rplidar_a2/model.sdf
[34.182s] -- Symlinking: /home/nexium/ros_ws/install/pb2025_robot_description/share/pb2025_robot_description//resource/models/rplidar_a2/model.sdf.xmacro
[34.183s] -- Symlinking: /home/nexium/ros_ws/install/pb2025_robot_description/share/pb2025_robot_description//resource/xmacro/pb2025_infantry_robot.sdf.xmacro
[34.183s] -- Symlinking: /home/nexium/ros_ws/install/pb2025_robot_description/share/pb2025_robot_description//resource/xmacro/pb2025_sentry_robot.sdf.xmacro
[34.183s] -- Symlinking: /home/nexium/ros_ws/install/pb2025_robot_description/share/pb2025_robot_description//resource/xmacro/simulation_robot.sdf.xmacro
[34.183s] -- Symlinking: /home/nexium/ros_ws/install/pb2025_robot_description/share/pb2025_robot_description//rviz/visualize_robot.rviz
[34.183s] -- Symlinking: /home/nexium/ros_ws/install/pb2025_robot_description/share/pb2025_robot_description/environment/gazebo.dsv
[34.183s] -- Symlinking: /home/nexium/ros_ws/install/pb2025_robot_description/share/ament_index/resource_index/package_run_dependencies/pb2025_robot_description
[34.183s] -- Symlinking: /home/nexium/ros_ws/install/pb2025_robot_description/share/ament_index/resource_index/parent_prefix_path/pb2025_robot_description
[34.183s] -- Symlinking: /home/nexium/ros_ws/install/pb2025_robot_description/share/pb2025_robot_description/environment/ament_prefix_path.sh
[34.183s] -- Symlinking: /home/nexium/ros_ws/install/pb2025_robot_description/share/pb2025_robot_description/environment/ament_prefix_path.dsv
[34.184s] -- Symlinking: /home/nexium/ros_ws/install/pb2025_robot_description/share/pb2025_robot_description/environment/path.sh
[34.184s] -- Symlinking: /home/nexium/ros_ws/install/pb2025_robot_description/share/pb2025_robot_description/environment/path.dsv
[34.184s] -- Symlinking: /home/nexium/ros_ws/install/pb2025_robot_description/share/pb2025_robot_description/local_setup.bash
[34.184s] -- Symlinking: /home/nexium/ros_ws/install/pb2025_robot_description/share/pb2025_robot_description/local_setup.sh
[34.184s] -- Symlinking: /home/nexium/ros_ws/install/pb2025_robot_description/share/pb2025_robot_description/local_setup.zsh
[34.184s] -- Symlinking: /home/nexium/ros_ws/install/pb2025_robot_description/share/pb2025_robot_description/local_setup.dsv
[34.184s] -- Symlinking: /home/nexium/ros_ws/install/pb2025_robot_description/share/pb2025_robot_description/package.dsv
[34.184s] -- Symlinking: /home/nexium/ros_ws/install/pb2025_robot_description/share/ament_index/resource_index/packages/pb2025_robot_description
[34.185s] -- Symlinking: /home/nexium/ros_ws/install/pb2025_robot_description/share/pb2025_robot_description/cmake/pb2025_robot_descriptionConfig.cmake
[34.185s] -- Symlinking: /home/nexium/ros_ws/install/pb2025_robot_description/share/pb2025_robot_description/cmake/pb2025_robot_descriptionConfig-version.cmake
[34.185s] -- Symlinking: /home/nexium/ros_ws/install/pb2025_robot_description/share/pb2025_robot_description/package.xml
[34.224s] Invoked command in '/home/nexium/ros_ws/build/pb2025_robot_description' returned '0': AMENT_PREFIX_PATH=/home/nexium/ros_ws/install/sdformat_tools:/home/nexium/ros_ws/install/rmoss_gz_resources:${AMENT_PREFIX_PATH} CMAKE_PREFIX_PATH=/home/nexium/ros_ws/install/rmoss_gz_resources:/opt/ros/humble PATH=/home/nexium/ros_ws/install/sdformat_tools/bin:${PATH} PYTHONPATH=/home/nexium/ros_ws/build/sdformat_tools:/home/nexium/ros_ws/install/sdformat_tools/lib/python3.10/site-packages:${PYTHONPATH} /usr/bin/cmake --install /home/nexium/ros_ws/build/pb2025_robot_description
