[0.065s] Invoking command in '/home/nexium/ros_ws/build/pb2025_sentry_nav': AMENT_PREFIX_PATH=/home/nexium/ros_ws/install/sensor_scan_generation:/home/nexium/ros_ws/install/loam_interface:/home/nexium/ros_ws/install/ign_sim_pointcloud_tool:/home/nexium/ros_ws/install/fake_vel_transform:${AMENT_PREFIX_PATH} CMAKE_PREFIX_PATH=/home/nexium/ros_ws/install/sensor_scan_generation:/home/nexium/ros_ws/install/loam_interface:/home/nexium/ros_ws/install/ign_sim_pointcloud_tool:/home/nexium/ros_ws/install/fake_vel_transform:/opt/ros/humble LD_LIBRARY_PATH=/home/nexium/ros_ws/install/sensor_scan_generation/lib:/home/nexium/ros_ws/install/loam_interface/lib:/home/nexium/ros_ws/install/ign_sim_pointcloud_tool/lib:/home/nexium/ros_ws/install/fake_vel_transform/lib:${LD_LIBRARY_PATH} /usr/bin/cmake --build /home/nexium/ros_ws/build/pb2025_sentry_nav -- -j12 -l12
[0.177s] Invoked command in '/home/nexium/ros_ws/build/pb2025_sentry_nav' returned '0': AMENT_PREFIX_PATH=/home/nexium/ros_ws/install/sensor_scan_generation:/home/nexium/ros_ws/install/loam_interface:/home/nexium/ros_ws/install/ign_sim_pointcloud_tool:/home/nexium/ros_ws/install/fake_vel_transform:${AMENT_PREFIX_PATH} CMAKE_PREFIX_PATH=/home/nexium/ros_ws/install/sensor_scan_generation:/home/nexium/ros_ws/install/loam_interface:/home/nexium/ros_ws/install/ign_sim_pointcloud_tool:/home/nexium/ros_ws/install/fake_vel_transform:/opt/ros/humble LD_LIBRARY_PATH=/home/nexium/ros_ws/install/sensor_scan_generation/lib:/home/nexium/ros_ws/install/loam_interface/lib:/home/nexium/ros_ws/install/ign_sim_pointcloud_tool/lib:/home/nexium/ros_ws/install/fake_vel_transform/lib:${LD_LIBRARY_PATH} /usr/bin/cmake --build /home/nexium/ros_ws/build/pb2025_sentry_nav -- -j12 -l12
[0.179s] Invoking command in '/home/nexium/ros_ws/build/pb2025_sentry_nav': AMENT_PREFIX_PATH=/home/nexium/ros_ws/install/sensor_scan_generation:/home/nexium/ros_ws/install/loam_interface:/home/nexium/ros_ws/install/ign_sim_pointcloud_tool:/home/nexium/ros_ws/install/fake_vel_transform:${AMENT_PREFIX_PATH} CMAKE_PREFIX_PATH=/home/nexium/ros_ws/install/sensor_scan_generation:/home/nexium/ros_ws/install/loam_interface:/home/nexium/ros_ws/install/ign_sim_pointcloud_tool:/home/nexium/ros_ws/install/fake_vel_transform:/opt/ros/humble LD_LIBRARY_PATH=/home/nexium/ros_ws/install/sensor_scan_generation/lib:/home/nexium/ros_ws/install/loam_interface/lib:/home/nexium/ros_ws/install/ign_sim_pointcloud_tool/lib:/home/nexium/ros_ws/install/fake_vel_transform/lib:${LD_LIBRARY_PATH} /usr/bin/cmake --install /home/nexium/ros_ws/build/pb2025_sentry_nav
[0.187s] -- Install configuration: "release"
[0.187s] -- Execute custom install script
[0.187s] -- Up-to-date symlink: /home/nexium/ros_ws/install/pb2025_sentry_nav/share/ament_index/resource_index/package_run_dependencies/pb2025_sentry_nav
[0.187s] -- Up-to-date symlink: /home/nexium/ros_ws/install/pb2025_sentry_nav/share/ament_index/resource_index/parent_prefix_path/pb2025_sentry_nav
[0.187s] -- Up-to-date symlink: /home/nexium/ros_ws/install/pb2025_sentry_nav/share/pb2025_sentry_nav/environment/ament_prefix_path.sh
[0.187s] -- Up-to-date symlink: /home/nexium/ros_ws/install/pb2025_sentry_nav/share/pb2025_sentry_nav/environment/ament_prefix_path.dsv
[0.187s] -- Up-to-date symlink: /home/nexium/ros_ws/install/pb2025_sentry_nav/share/pb2025_sentry_nav/environment/path.sh
[0.187s] -- Up-to-date symlink: /home/nexium/ros_ws/install/pb2025_sentry_nav/share/pb2025_sentry_nav/environment/path.dsv
[0.187s] -- Up-to-date symlink: /home/nexium/ros_ws/install/pb2025_sentry_nav/share/pb2025_sentry_nav/local_setup.bash
[0.187s] -- Up-to-date symlink: /home/nexium/ros_ws/install/pb2025_sentry_nav/share/pb2025_sentry_nav/local_setup.sh
[0.187s] -- Up-to-date symlink: /home/nexium/ros_ws/install/pb2025_sentry_nav/share/pb2025_sentry_nav/local_setup.zsh
[0.187s] -- Up-to-date symlink: /home/nexium/ros_ws/install/pb2025_sentry_nav/share/pb2025_sentry_nav/local_setup.dsv
[0.187s] -- Symlinking: /home/nexium/ros_ws/install/pb2025_sentry_nav/share/pb2025_sentry_nav/package.dsv
[0.194s] -- Up-to-date symlink: /home/nexium/ros_ws/install/pb2025_sentry_nav/share/ament_index/resource_index/packages/pb2025_sentry_nav
[0.194s] -- Up-to-date symlink: /home/nexium/ros_ws/install/pb2025_sentry_nav/share/pb2025_sentry_nav/cmake/pb2025_sentry_navConfig.cmake
[0.194s] -- Up-to-date symlink: /home/nexium/ros_ws/install/pb2025_sentry_nav/share/pb2025_sentry_nav/cmake/pb2025_sentry_navConfig-version.cmake
[0.194s] -- Up-to-date symlink: /home/nexium/ros_ws/install/pb2025_sentry_nav/share/pb2025_sentry_nav/package.xml
[0.360s] Invoked command in '/home/nexium/ros_ws/build/pb2025_sentry_nav' returned '0': AMENT_PREFIX_PATH=/home/nexium/ros_ws/install/sensor_scan_generation:/home/nexium/ros_ws/install/loam_interface:/home/nexium/ros_ws/install/ign_sim_pointcloud_tool:/home/nexium/ros_ws/install/fake_vel_transform:${AMENT_PREFIX_PATH} CMAKE_PREFIX_PATH=/home/nexium/ros_ws/install/sensor_scan_generation:/home/nexium/ros_ws/install/loam_interface:/home/nexium/ros_ws/install/ign_sim_pointcloud_tool:/home/nexium/ros_ws/install/fake_vel_transform:/opt/ros/humble LD_LIBRARY_PATH=/home/nexium/ros_ws/install/sensor_scan_generation/lib:/home/nexium/ros_ws/install/loam_interface/lib:/home/nexium/ros_ws/install/ign_sim_pointcloud_tool/lib:/home/nexium/ros_ws/install/fake_vel_transform/lib:${LD_LIBRARY_PATH} /usr/bin/cmake --install /home/nexium/ros_ws/build/pb2025_sentry_nav
