[0.054s] Invoking command in '/home/nexium/ros_ws/build/rmoss_base': AMENT_PREFIX_PATH=/home/nexium/ros_ws/install/rmoss_interfaces:${AMENT_PREFIX_PATH} CMAKE_PREFIX_PATH=/home/nexium/ros_ws/install/rmoss_interfaces:/opt/ros/humble LD_LIBRARY_PATH=/home/nexium/ros_ws/install/rmoss_interfaces/lib:${LD_LIBRARY_PATH} PYTHONPATH=/home/nexium/ros_ws/install/rmoss_interfaces/local/lib/python3.10/dist-packages:${PYTHONPATH} /usr/bin/cmake --build /home/nexium/ros_ws/build/rmoss_base -- -j12 -l12
[0.148s] [ 12%] Built target gtest_main
[0.150s] [ 37%] Built target rmoss_base
[0.161s] [ 50%] Built target gtest
[0.185s] [ 62%] Built target simple_robot_base
[0.185s] [ 75%] Built target test_fixed_packet
[0.186s] [ 87%] Built target test_fixed_packet_tool
[0.191s] [100%] Built target test_udp_transporter
[0.252s] Invoked command in '/home/nexium/ros_ws/build/rmoss_base' returned '0': AMENT_PREFIX_PATH=/home/nexium/ros_ws/install/rmoss_interfaces:${AMENT_PREFIX_PATH} CMAKE_PREFIX_PATH=/home/nexium/ros_ws/install/rmoss_interfaces:/opt/ros/humble LD_LIBRARY_PATH=/home/nexium/ros_ws/install/rmoss_interfaces/lib:${LD_LIBRARY_PATH} PYTHONPATH=/home/nexium/ros_ws/install/rmoss_interfaces/local/lib/python3.10/dist-packages:${PYTHONPATH} /usr/bin/cmake --build /home/nexium/ros_ws/build/rmoss_base -- -j12 -l12
[0.253s] Invoking command in '/home/nexium/ros_ws/build/rmoss_base': AMENT_PREFIX_PATH=/home/nexium/ros_ws/install/rmoss_interfaces:${AMENT_PREFIX_PATH} CMAKE_PREFIX_PATH=/home/nexium/ros_ws/install/rmoss_interfaces:/opt/ros/humble LD_LIBRARY_PATH=/home/nexium/ros_ws/install/rmoss_interfaces/lib:${LD_LIBRARY_PATH} PYTHONPATH=/home/nexium/ros_ws/install/rmoss_interfaces/local/lib/python3.10/dist-packages:${PYTHONPATH} /usr/bin/cmake --install /home/nexium/ros_ws/build/rmoss_base
[0.274s] -- Install configuration: "release"
[0.274s] -- Execute custom install script
[0.274s] -- Up-to-date symlink: /home/nexium/ros_ws/install/rmoss_base/include/rmoss_base/fixed_packet.hpp
[0.274s] -- Up-to-date symlink: /home/nexium/ros_ws/install/rmoss_base/include/rmoss_base/fixed_packet_tool.hpp
[0.274s] -- Up-to-date symlink: /home/nexium/ros_ws/install/rmoss_base/include/rmoss_base/simple_robot_base_node.hpp
[0.274s] -- Up-to-date symlink: /home/nexium/ros_ws/install/rmoss_base/include/rmoss_base/transporter_interface.hpp
[0.274s] -- Up-to-date symlink: /home/nexium/ros_ws/install/rmoss_base/include/rmoss_base/uart_transporter.hpp
[0.275s] -- Up-to-date symlink: /home/nexium/ros_ws/install/rmoss_base/include/rmoss_base/udp_transporter.hpp
[0.275s] -- Up-to-date symlink: /home/nexium/ros_ws/install/rmoss_base/lib/rmoss_base/simple_robot_base
[0.275s] -- Up-to-date symlink: /home/nexium/ros_ws/install/rmoss_base/lib/rmoss_base/test_control_chassis.py
[0.275s] -- Up-to-date symlink: /home/nexium/ros_ws/install/rmoss_base/lib/rmoss_base/test_control_gimbal.py
[0.275s] -- Up-to-date symlink: /home/nexium/ros_ws/install/rmoss_base/share/rmoss_base/environment/library_path.sh
[0.275s] -- Up-to-date symlink: /home/nexium/ros_ws/install/rmoss_base/share/rmoss_base/environment/library_path.dsv
[0.275s] -- Up-to-date symlink: /home/nexium/ros_ws/install/rmoss_base/share/ament_index/resource_index/package_run_dependencies/rmoss_base
[0.275s] -- Up-to-date symlink: /home/nexium/ros_ws/install/rmoss_base/share/ament_index/resource_index/parent_prefix_path/rmoss_base
[0.275s] -- Up-to-date symlink: /home/nexium/ros_ws/install/rmoss_base/share/rmoss_base/environment/ament_prefix_path.sh
[0.275s] -- Up-to-date symlink: /home/nexium/ros_ws/install/rmoss_base/share/rmoss_base/environment/ament_prefix_path.dsv
[0.275s] -- Up-to-date symlink: /home/nexium/ros_ws/install/rmoss_base/share/rmoss_base/environment/path.sh
[0.275s] -- Up-to-date symlink: /home/nexium/ros_ws/install/rmoss_base/share/rmoss_base/environment/path.dsv
[0.275s] -- Up-to-date symlink: /home/nexium/ros_ws/install/rmoss_base/share/rmoss_base/local_setup.bash
[0.275s] -- Up-to-date symlink: /home/nexium/ros_ws/install/rmoss_base/share/rmoss_base/local_setup.sh
[0.275s] -- Up-to-date symlink: /home/nexium/ros_ws/install/rmoss_base/share/rmoss_base/local_setup.zsh
[0.275s] -- Up-to-date symlink: /home/nexium/ros_ws/install/rmoss_base/share/rmoss_base/local_setup.dsv
[0.275s] -- Symlinking: /home/nexium/ros_ws/install/rmoss_base/share/rmoss_base/package.dsv
[0.275s] -- Up-to-date symlink: /home/nexium/ros_ws/install/rmoss_base/share/ament_index/resource_index/packages/rmoss_base
[0.275s] -- Up-to-date symlink: /home/nexium/ros_ws/install/rmoss_base/share/ament_index/resource_index/rclcpp_components/rmoss_base
[0.275s] -- Up-to-date symlink: /home/nexium/ros_ws/install/rmoss_base/share/rmoss_base/cmake/ament_cmake_export_targets-extras.cmake
[0.275s] -- Up-to-date symlink: /home/nexium/ros_ws/install/rmoss_base/share/rmoss_base/cmake/ament_cmake_export_dependencies-extras.cmake
[0.275s] -- Up-to-date symlink: /home/nexium/ros_ws/install/rmoss_base/share/rmoss_base/cmake/rmoss_baseConfig.cmake
[0.275s] -- Up-to-date symlink: /home/nexium/ros_ws/install/rmoss_base/share/rmoss_base/cmake/rmoss_baseConfig-version.cmake
[0.275s] -- Up-to-date symlink: /home/nexium/ros_ws/install/rmoss_base/share/rmoss_base/package.xml
[0.276s] -- Up-to-date: /home/nexium/ros_ws/install/rmoss_base/lib/librmoss_base.so
[0.276s] -- Up-to-date: /home/nexium/ros_ws/install/rmoss_base/share/rmoss_base/cmake/rmoss_baseExport.cmake
[0.276s] -- Up-to-date: /home/nexium/ros_ws/install/rmoss_base/share/rmoss_base/cmake/rmoss_baseExport-release.cmake
[0.363s] Invoked command in '/home/nexium/ros_ws/build/rmoss_base' returned '0': AMENT_PREFIX_PATH=/home/nexium/ros_ws/install/rmoss_interfaces:${AMENT_PREFIX_PATH} CMAKE_PREFIX_PATH=/home/nexium/ros_ws/install/rmoss_interfaces:/opt/ros/humble LD_LIBRARY_PATH=/home/nexium/ros_ws/install/rmoss_interfaces/lib:${LD_LIBRARY_PATH} PYTHONPATH=/home/nexium/ros_ws/install/rmoss_interfaces/local/lib/python3.10/dist-packages:${PYTHONPATH} /usr/bin/cmake --install /home/nexium/ros_ws/build/rmoss_base
