[0.242s] Invoking command in '/home/nexium/ros_ws/build/ign_sim_pointcloud_tool': CMAKE_PREFIX_PATH=/opt/ros/humble /usr/bin/cmake --build /home/nexium/ros_ws/build/ign_sim_pointcloud_tool -- -j12 -l12
[0.453s] [35m[1mConsolidate compiler generated dependencies of target ign_sim_pointcloud_tool[0m
[0.453s] [35m[1mConsolidate compiler generated dependencies of target ign_sim_pointcloud_tool_node[0m
[0.453s] [ 50%] Built target ign_sim_pointcloud_tool_node
[0.453s] [100%] Built target ign_sim_pointcloud_tool
[0.472s] Invoked command in '/home/nexium/ros_ws/build/ign_sim_pointcloud_tool' returned '0': CMAKE_PREFIX_PATH=/opt/ros/humble /usr/bin/cmake --build /home/nexium/ros_ws/build/ign_sim_pointcloud_tool -- -j12 -l12
[0.474s] Invoking command in '/home/nexium/ros_ws/build/ign_sim_pointcloud_tool': CMAKE_PREFIX_PATH=/opt/ros/humble /usr/bin/cmake --install /home/nexium/ros_ws/build/ign_sim_pointcloud_tool
[0.592s] -- Install configuration: "release"
[0.592s] -- Execute custom install script
[0.592s] -- Up-to-date symlink: /home/nexium/ros_ws/install/ign_sim_pointcloud_tool/lib/ign_sim_pointcloud_tool/ign_sim_pointcloud_tool_node
[0.592s] -- Up-to-date symlink: /home/nexium/ros_ws/install/ign_sim_pointcloud_tool/include/ign_sim_pointcloud_tool/ign_sim_pointcloud_tool/point_cloud_converter.hpp
[0.592s] -- Up-to-date symlink: /home/nexium/ros_ws/install/ign_sim_pointcloud_tool/share/ign_sim_pointcloud_tool/environment/library_path.sh
[0.593s] -- Up-to-date symlink: /home/nexium/ros_ws/install/ign_sim_pointcloud_tool/share/ign_sim_pointcloud_tool/environment/library_path.dsv
[0.593s] -- Up-to-date symlink: /home/nexium/ros_ws/install/ign_sim_pointcloud_tool/lib/libign_sim_pointcloud_tool.so
[0.593s] -- Up-to-date symlink: /home/nexium/ros_ws/install/ign_sim_pointcloud_tool/share/ament_index/resource_index/package_run_dependencies/ign_sim_pointcloud_tool
[0.593s] -- Up-to-date symlink: /home/nexium/ros_ws/install/ign_sim_pointcloud_tool/share/ament_index/resource_index/parent_prefix_path/ign_sim_pointcloud_tool
[0.595s] -- Up-to-date symlink: /home/nexium/ros_ws/install/ign_sim_pointcloud_tool/share/ign_sim_pointcloud_tool/environment/ament_prefix_path.sh
[0.595s] -- Up-to-date symlink: /home/nexium/ros_ws/install/ign_sim_pointcloud_tool/share/ign_sim_pointcloud_tool/environment/ament_prefix_path.dsv
[0.595s] -- Up-to-date symlink: /home/nexium/ros_ws/install/ign_sim_pointcloud_tool/share/ign_sim_pointcloud_tool/environment/path.sh
[0.598s] -- Up-to-date symlink: /home/nexium/ros_ws/install/ign_sim_pointcloud_tool/share/ign_sim_pointcloud_tool/environment/path.dsv
[0.598s] -- Up-to-date symlink: /home/nexium/ros_ws/install/ign_sim_pointcloud_tool/share/ign_sim_pointcloud_tool/local_setup.bash
[0.598s] -- Up-to-date symlink: /home/nexium/ros_ws/install/ign_sim_pointcloud_tool/share/ign_sim_pointcloud_tool/local_setup.sh
[0.598s] -- Up-to-date symlink: /home/nexium/ros_ws/install/ign_sim_pointcloud_tool/share/ign_sim_pointcloud_tool/local_setup.zsh
[0.598s] -- Up-to-date symlink: /home/nexium/ros_ws/install/ign_sim_pointcloud_tool/share/ign_sim_pointcloud_tool/local_setup.dsv
[0.598s] -- Symlinking: /home/nexium/ros_ws/install/ign_sim_pointcloud_tool/share/ign_sim_pointcloud_tool/package.dsv
[0.598s] -- Up-to-date symlink: /home/nexium/ros_ws/install/ign_sim_pointcloud_tool/share/ament_index/resource_index/packages/ign_sim_pointcloud_tool
[0.598s] -- Up-to-date symlink: /home/nexium/ros_ws/install/ign_sim_pointcloud_tool/share/ament_index/resource_index/rclcpp_components/ign_sim_pointcloud_tool
[0.599s] -- Up-to-date symlink: /home/nexium/ros_ws/install/ign_sim_pointcloud_tool/share/ign_sim_pointcloud_tool/cmake/ament_cmake_export_dependencies-extras.cmake
[0.599s] -- Up-to-date symlink: /home/nexium/ros_ws/install/ign_sim_pointcloud_tool/share/ign_sim_pointcloud_tool/cmake/ament_cmake_export_include_directories-extras.cmake
[0.599s] -- Up-to-date symlink: /home/nexium/ros_ws/install/ign_sim_pointcloud_tool/share/ign_sim_pointcloud_tool/cmake/ament_cmake_export_libraries-extras.cmake
[0.599s] -- Up-to-date symlink: /home/nexium/ros_ws/install/ign_sim_pointcloud_tool/share/ign_sim_pointcloud_tool/cmake/ign_sim_pointcloud_toolConfig.cmake
[0.599s] -- Up-to-date symlink: /home/nexium/ros_ws/install/ign_sim_pointcloud_tool/share/ign_sim_pointcloud_tool/cmake/ign_sim_pointcloud_toolConfig-version.cmake
[0.599s] -- Up-to-date symlink: /home/nexium/ros_ws/install/ign_sim_pointcloud_tool/share/ign_sim_pointcloud_tool/package.xml
[0.645s] Invoked command in '/home/nexium/ros_ws/build/ign_sim_pointcloud_tool' returned '0': CMAKE_PREFIX_PATH=/opt/ros/humble /usr/bin/cmake --install /home/nexium/ros_ws/build/ign_sim_pointcloud_tool
