[  0%] Built target pb_rm_interfaces__cpp
[  0%] Built target ament_cmake_python_symlink_pb_rm_interfaces
[ 12%] Built target pb_rm_interfaces__rosidl_generator_c
[ 23%] Built target pb_rm_interfaces__rosidl_typesupport_fastrtps_cpp
[ 47%] Built target pb_rm_interfaces__rosidl_typesupport_cpp
[ 47%] Built target pb_rm_interfaces__rosidl_typesupport_introspection_cpp
[ 59%] Built target pb_rm_interfaces__rosidl_typesupport_fastrtps_c
[ 71%] Built target pb_rm_interfaces__rosidl_typesupport_c
[ 83%] Built target pb_rm_interfaces__rosidl_typesupport_introspection_c
[ 83%] Built target pb_rm_interfaces
[ 84%] Built target pb_rm_interfaces__py
[ 95%] Built target pb_rm_interfaces__rosidl_generator_py
[ 96%] Built target pb_rm_interfaces__rosidl_typesupport_c__pyext
[ 98%] Built target pb_rm_interfaces__rosidl_typesupport_introspection_c__pyext
[100%] Built target pb_rm_interfaces__rosidl_typesupport_fastrtps_c__pyext
running egg_info
writing pb_rm_interfaces.egg-info/PKG-INFO
writing dependency_links to pb_rm_interfaces.egg-info/dependency_links.txt
writing top-level names to pb_rm_interfaces.egg-info/top_level.txt
reading manifest file 'pb_rm_interfaces.egg-info/SOURCES.txt'
writing manifest file 'pb_rm_interfaces.egg-info/SOURCES.txt'
[100%] Built target ament_cmake_python_build_pb_rm_interfaces_egg
-- Install configuration: "release"
-- Execute custom install script
-- Up-to-date symlink: /home/nexium/ros_ws/install/pb_rm_interfaces/share/ament_index/resource_index/rosidl_interfaces/pb_rm_interfaces
-- Up-to-date symlink: /home/nexium/ros_ws/install/pb_rm_interfaces/include/pb_rm_interfaces/pb_rm_interfaces/msg/buff.h
-- Up-to-date symlink: /home/nexium/ros_ws/install/pb_rm_interfaces/include/pb_rm_interfaces/pb_rm_interfaces/msg/detail/buff__functions.h
-- Up-to-date symlink: /home/nexium/ros_ws/install/pb_rm_interfaces/include/pb_rm_interfaces/pb_rm_interfaces/msg/detail/buff__struct.h
-- Up-to-date symlink: /home/nexium/ros_ws/install/pb_rm_interfaces/include/pb_rm_interfaces/pb_rm_interfaces/msg/detail/buff__type_support.h
-- Up-to-date symlink: /home/nexium/ros_ws/install/pb_rm_interfaces/include/pb_rm_interfaces/pb_rm_interfaces/msg/detail/event_data__functions.h
-- Up-to-date symlink: /home/nexium/ros_ws/install/pb_rm_interfaces/include/pb_rm_interfaces/pb_rm_interfaces/msg/detail/event_data__struct.h
-- Up-to-date symlink: /home/nexium/ros_ws/install/pb_rm_interfaces/include/pb_rm_interfaces/pb_rm_interfaces/msg/detail/event_data__type_support.h
-- Up-to-date symlink: /home/nexium/ros_ws/install/pb_rm_interfaces/include/pb_rm_interfaces/pb_rm_interfaces/msg/detail/game_robot_hp__functions.h
-- Up-to-date symlink: /home/nexium/ros_ws/install/pb_rm_interfaces/include/pb_rm_interfaces/pb_rm_interfaces/msg/detail/game_robot_hp__struct.h
-- Up-to-date symlink: /home/nexium/ros_ws/install/pb_rm_interfaces/include/pb_rm_interfaces/pb_rm_interfaces/msg/detail/game_robot_hp__type_support.h
-- Up-to-date symlink: /home/nexium/ros_ws/install/pb_rm_interfaces/include/pb_rm_interfaces/pb_rm_interfaces/msg/detail/game_status__functions.h
-- Up-to-date symlink: /home/nexium/ros_ws/install/pb_rm_interfaces/include/pb_rm_interfaces/pb_rm_interfaces/msg/detail/game_status__struct.h
-- Up-to-date symlink: /home/nexium/ros_ws/install/pb_rm_interfaces/include/pb_rm_interfaces/pb_rm_interfaces/msg/detail/game_status__type_support.h
-- Up-to-date symlink: /home/nexium/ros_ws/install/pb_rm_interfaces/include/pb_rm_interfaces/pb_rm_interfaces/msg/detail/gimbal__functions.h
-- Up-to-date symlink: /home/nexium/ros_ws/install/pb_rm_interfaces/include/pb_rm_interfaces/pb_rm_interfaces/msg/detail/gimbal__struct.h
-- Up-to-date symlink: /home/nexium/ros_ws/install/pb_rm_interfaces/include/pb_rm_interfaces/pb_rm_interfaces/msg/detail/gimbal__type_support.h
-- Up-to-date symlink: /home/nexium/ros_ws/install/pb_rm_interfaces/include/pb_rm_interfaces/pb_rm_interfaces/msg/detail/gimbal_cmd__functions.h
-- Up-to-date symlink: /home/nexium/ros_ws/install/pb_rm_interfaces/include/pb_rm_interfaces/pb_rm_interfaces/msg/detail/gimbal_cmd__struct.h
-- Up-to-date symlink: /home/nexium/ros_ws/install/pb_rm_interfaces/include/pb_rm_interfaces/pb_rm_interfaces/msg/detail/gimbal_cmd__type_support.h
-- Up-to-date symlink: /home/nexium/ros_ws/install/pb_rm_interfaces/include/pb_rm_interfaces/pb_rm_interfaces/msg/detail/ground_robot_position__functions.h
-- Up-to-date symlink: /home/nexium/ros_ws/install/pb_rm_interfaces/include/pb_rm_interfaces/pb_rm_interfaces/msg/detail/ground_robot_position__struct.h
-- Up-to-date symlink: /home/nexium/ros_ws/install/pb_rm_interfaces/include/pb_rm_interfaces/pb_rm_interfaces/msg/detail/ground_robot_position__type_support.h
-- Up-to-date symlink: /home/nexium/ros_ws/install/pb_rm_interfaces/include/pb_rm_interfaces/pb_rm_interfaces/msg/detail/models__functions.h
-- Up-to-date symlink: /home/nexium/ros_ws/install/pb_rm_interfaces/include/pb_rm_interfaces/pb_rm_interfaces/msg/detail/models__struct.h
-- Up-to-date symlink: /home/nexium/ros_ws/install/pb_rm_interfaces/include/pb_rm_interfaces/pb_rm_interfaces/msg/detail/models__type_support.h
-- Up-to-date symlink: /home/nexium/ros_ws/install/pb_rm_interfaces/include/pb_rm_interfaces/pb_rm_interfaces/msg/detail/rfid_status__functions.h
-- Up-to-date symlink: /home/nexium/ros_ws/install/pb_rm_interfaces/include/pb_rm_interfaces/pb_rm_interfaces/msg/detail/rfid_status__struct.h
-- Up-to-date symlink: /home/nexium/ros_ws/install/pb_rm_interfaces/include/pb_rm_interfaces/pb_rm_interfaces/msg/detail/rfid_status__type_support.h
-- Up-to-date symlink: /home/nexium/ros_ws/install/pb_rm_interfaces/include/pb_rm_interfaces/pb_rm_interfaces/msg/detail/robot_state_info__functions.h
-- Up-to-date symlink: /home/nexium/ros_ws/install/pb_rm_interfaces/include/pb_rm_interfaces/pb_rm_interfaces/msg/detail/robot_state_info__struct.h
-- Up-to-date symlink: /home/nexium/ros_ws/install/pb_rm_interfaces/include/pb_rm_interfaces/pb_rm_interfaces/msg/detail/robot_state_info__type_support.h
-- Up-to-date symlink: /home/nexium/ros_ws/install/pb_rm_interfaces/include/pb_rm_interfaces/pb_rm_interfaces/msg/detail/robot_status__functions.h
-- Up-to-date symlink: /home/nexium/ros_ws/install/pb_rm_interfaces/include/pb_rm_interfaces/pb_rm_interfaces/msg/detail/robot_status__struct.h
-- Up-to-date symlink: /home/nexium/ros_ws/install/pb_rm_interfaces/include/pb_rm_interfaces/pb_rm_interfaces/msg/detail/robot_status__type_support.h
-- Up-to-date symlink: /home/nexium/ros_ws/install/pb_rm_interfaces/include/pb_rm_interfaces/pb_rm_interfaces/msg/event_data.h
-- Up-to-date symlink: /home/nexium/ros_ws/install/pb_rm_interfaces/include/pb_rm_interfaces/pb_rm_interfaces/msg/game_robot_hp.h
-- Up-to-date symlink: /home/nexium/ros_ws/install/pb_rm_interfaces/include/pb_rm_interfaces/pb_rm_interfaces/msg/game_status.h
-- Up-to-date symlink: /home/nexium/ros_ws/install/pb_rm_interfaces/include/pb_rm_interfaces/pb_rm_interfaces/msg/gimbal.h
-- Up-to-date symlink: /home/nexium/ros_ws/install/pb_rm_interfaces/include/pb_rm_interfaces/pb_rm_interfaces/msg/gimbal_cmd.h
-- Up-to-date symlink: /home/nexium/ros_ws/install/pb_rm_interfaces/include/pb_rm_interfaces/pb_rm_interfaces/msg/ground_robot_position.h
-- Up-to-date symlink: /home/nexium/ros_ws/install/pb_rm_interfaces/include/pb_rm_interfaces/pb_rm_interfaces/msg/models.h
-- Up-to-date symlink: /home/nexium/ros_ws/install/pb_rm_interfaces/include/pb_rm_interfaces/pb_rm_interfaces/msg/rfid_status.h
-- Up-to-date symlink: /home/nexium/ros_ws/install/pb_rm_interfaces/include/pb_rm_interfaces/pb_rm_interfaces/msg/robot_state_info.h
-- Up-to-date symlink: /home/nexium/ros_ws/install/pb_rm_interfaces/include/pb_rm_interfaces/pb_rm_interfaces/msg/robot_status.h
-- Up-to-date symlink: /home/nexium/ros_ws/install/pb_rm_interfaces/include/pb_rm_interfaces/pb_rm_interfaces/msg/rosidl_generator_c__visibility_control.h
-- Up-to-date symlink: /home/nexium/ros_ws/install/pb_rm_interfaces/share/pb_rm_interfaces/environment/library_path.sh
-- Up-to-date symlink: /home/nexium/ros_ws/install/pb_rm_interfaces/share/pb_rm_interfaces/environment/library_path.dsv
-- Up-to-date symlink: /home/nexium/ros_ws/install/pb_rm_interfaces/include/pb_rm_interfaces/pb_rm_interfaces/msg/detail/buff__rosidl_typesupport_fastrtps_c.h
-- Up-to-date symlink: /home/nexium/ros_ws/install/pb_rm_interfaces/include/pb_rm_interfaces/pb_rm_interfaces/msg/detail/event_data__rosidl_typesupport_fastrtps_c.h
-- Up-to-date symlink: /home/nexium/ros_ws/install/pb_rm_interfaces/include/pb_rm_interfaces/pb_rm_interfaces/msg/detail/game_robot_hp__rosidl_typesupport_fastrtps_c.h
-- Up-to-date symlink: /home/nexium/ros_ws/install/pb_rm_interfaces/include/pb_rm_interfaces/pb_rm_interfaces/msg/detail/game_status__rosidl_typesupport_fastrtps_c.h
-- Up-to-date symlink: /home/nexium/ros_ws/install/pb_rm_interfaces/include/pb_rm_interfaces/pb_rm_interfaces/msg/detail/gimbal__rosidl_typesupport_fastrtps_c.h
-- Up-to-date symlink: /home/nexium/ros_ws/install/pb_rm_interfaces/include/pb_rm_interfaces/pb_rm_interfaces/msg/detail/gimbal_cmd__rosidl_typesupport_fastrtps_c.h
-- Up-to-date symlink: /home/nexium/ros_ws/install/pb_rm_interfaces/include/pb_rm_interfaces/pb_rm_interfaces/msg/detail/ground_robot_position__rosidl_typesupport_fastrtps_c.h
-- Up-to-date symlink: /home/nexium/ros_ws/install/pb_rm_interfaces/include/pb_rm_interfaces/pb_rm_interfaces/msg/detail/models__rosidl_typesupport_fastrtps_c.h
-- Up-to-date symlink: /home/nexium/ros_ws/install/pb_rm_interfaces/include/pb_rm_interfaces/pb_rm_interfaces/msg/detail/rfid_status__rosidl_typesupport_fastrtps_c.h
-- Up-to-date symlink: /home/nexium/ros_ws/install/pb_rm_interfaces/include/pb_rm_interfaces/pb_rm_interfaces/msg/detail/robot_state_info__rosidl_typesupport_fastrtps_c.h
-- Up-to-date symlink: /home/nexium/ros_ws/install/pb_rm_interfaces/include/pb_rm_interfaces/pb_rm_interfaces/msg/detail/robot_status__rosidl_typesupport_fastrtps_c.h
-- Up-to-date symlink: /home/nexium/ros_ws/install/pb_rm_interfaces/include/pb_rm_interfaces/pb_rm_interfaces/msg/rosidl_typesupport_fastrtps_c__visibility_control.h
-- Up-to-date symlink: /home/nexium/ros_ws/install/pb_rm_interfaces/include/pb_rm_interfaces/pb_rm_interfaces/msg/detail/buff__rosidl_typesupport_introspection_c.h
-- Up-to-date symlink: /home/nexium/ros_ws/install/pb_rm_interfaces/include/pb_rm_interfaces/pb_rm_interfaces/msg/detail/event_data__rosidl_typesupport_introspection_c.h
-- Up-to-date symlink: /home/nexium/ros_ws/install/pb_rm_interfaces/include/pb_rm_interfaces/pb_rm_interfaces/msg/detail/game_robot_hp__rosidl_typesupport_introspection_c.h
-- Up-to-date symlink: /home/nexium/ros_ws/install/pb_rm_interfaces/include/pb_rm_interfaces/pb_rm_interfaces/msg/detail/game_status__rosidl_typesupport_introspection_c.h
-- Up-to-date symlink: /home/nexium/ros_ws/install/pb_rm_interfaces/include/pb_rm_interfaces/pb_rm_interfaces/msg/detail/gimbal__rosidl_typesupport_introspection_c.h
-- Up-to-date symlink: /home/nexium/ros_ws/install/pb_rm_interfaces/include/pb_rm_interfaces/pb_rm_interfaces/msg/detail/gimbal_cmd__rosidl_typesupport_introspection_c.h
-- Up-to-date symlink: /home/nexium/ros_ws/install/pb_rm_interfaces/include/pb_rm_interfaces/pb_rm_interfaces/msg/detail/ground_robot_position__rosidl_typesupport_introspection_c.h
-- Up-to-date symlink: /home/nexium/ros_ws/install/pb_rm_interfaces/include/pb_rm_interfaces/pb_rm_interfaces/msg/detail/models__rosidl_typesupport_introspection_c.h
-- Up-to-date symlink: /home/nexium/ros_ws/install/pb_rm_interfaces/include/pb_rm_interfaces/pb_rm_interfaces/msg/detail/rfid_status__rosidl_typesupport_introspection_c.h
-- Up-to-date symlink: /home/nexium/ros_ws/install/pb_rm_interfaces/include/pb_rm_interfaces/pb_rm_interfaces/msg/detail/robot_state_info__rosidl_typesupport_introspection_c.h
-- Up-to-date symlink: /home/nexium/ros_ws/install/pb_rm_interfaces/include/pb_rm_interfaces/pb_rm_interfaces/msg/detail/robot_status__rosidl_typesupport_introspection_c.h
-- Up-to-date symlink: /home/nexium/ros_ws/install/pb_rm_interfaces/include/pb_rm_interfaces/pb_rm_interfaces/msg/rosidl_typesupport_introspection_c__visibility_control.h
-- Up-to-date symlink: /home/nexium/ros_ws/install/pb_rm_interfaces/include/pb_rm_interfaces/pb_rm_interfaces/msg/buff.hpp
-- Up-to-date symlink: /home/nexium/ros_ws/install/pb_rm_interfaces/include/pb_rm_interfaces/pb_rm_interfaces/msg/detail/buff__builder.hpp
-- Up-to-date symlink: /home/nexium/ros_ws/install/pb_rm_interfaces/include/pb_rm_interfaces/pb_rm_interfaces/msg/detail/buff__struct.hpp
-- Up-to-date symlink: /home/nexium/ros_ws/install/pb_rm_interfaces/include/pb_rm_interfaces/pb_rm_interfaces/msg/detail/buff__traits.hpp
-- Up-to-date symlink: /home/nexium/ros_ws/install/pb_rm_interfaces/include/pb_rm_interfaces/pb_rm_interfaces/msg/detail/buff__type_support.hpp
-- Up-to-date symlink: /home/nexium/ros_ws/install/pb_rm_interfaces/include/pb_rm_interfaces/pb_rm_interfaces/msg/detail/event_data__builder.hpp
-- Up-to-date symlink: /home/nexium/ros_ws/install/pb_rm_interfaces/include/pb_rm_interfaces/pb_rm_interfaces/msg/detail/event_data__struct.hpp
-- Up-to-date symlink: /home/nexium/ros_ws/install/pb_rm_interfaces/include/pb_rm_interfaces/pb_rm_interfaces/msg/detail/event_data__traits.hpp
-- Up-to-date symlink: /home/nexium/ros_ws/install/pb_rm_interfaces/include/pb_rm_interfaces/pb_rm_interfaces/msg/detail/event_data__type_support.hpp
-- Up-to-date symlink: /home/nexium/ros_ws/install/pb_rm_interfaces/include/pb_rm_interfaces/pb_rm_interfaces/msg/detail/game_robot_hp__builder.hpp
-- Up-to-date symlink: /home/nexium/ros_ws/install/pb_rm_interfaces/include/pb_rm_interfaces/pb_rm_interfaces/msg/detail/game_robot_hp__struct.hpp
-- Up-to-date symlink: /home/nexium/ros_ws/install/pb_rm_interfaces/include/pb_rm_interfaces/pb_rm_interfaces/msg/detail/game_robot_hp__traits.hpp
-- Up-to-date symlink: /home/nexium/ros_ws/install/pb_rm_interfaces/include/pb_rm_interfaces/pb_rm_interfaces/msg/detail/game_robot_hp__type_support.hpp
-- Up-to-date symlink: /home/nexium/ros_ws/install/pb_rm_interfaces/include/pb_rm_interfaces/pb_rm_interfaces/msg/detail/game_status__builder.hpp
-- Up-to-date symlink: /home/nexium/ros_ws/install/pb_rm_interfaces/include/pb_rm_interfaces/pb_rm_interfaces/msg/detail/game_status__struct.hpp
-- Up-to-date symlink: /home/nexium/ros_ws/install/pb_rm_interfaces/include/pb_rm_interfaces/pb_rm_interfaces/msg/detail/game_status__traits.hpp
-- Up-to-date symlink: /home/nexium/ros_ws/install/pb_rm_interfaces/include/pb_rm_interfaces/pb_rm_interfaces/msg/detail/game_status__type_support.hpp
-- Up-to-date symlink: /home/nexium/ros_ws/install/pb_rm_interfaces/include/pb_rm_interfaces/pb_rm_interfaces/msg/detail/gimbal__builder.hpp
-- Up-to-date symlink: /home/nexium/ros_ws/install/pb_rm_interfaces/include/pb_rm_interfaces/pb_rm_interfaces/msg/detail/gimbal__struct.hpp
-- Up-to-date symlink: /home/nexium/ros_ws/install/pb_rm_interfaces/include/pb_rm_interfaces/pb_rm_interfaces/msg/detail/gimbal__traits.hpp
-- Up-to-date symlink: /home/nexium/ros_ws/install/pb_rm_interfaces/include/pb_rm_interfaces/pb_rm_interfaces/msg/detail/gimbal__type_support.hpp
-- Up-to-date symlink: /home/nexium/ros_ws/install/pb_rm_interfaces/include/pb_rm_interfaces/pb_rm_interfaces/msg/detail/gimbal_cmd__builder.hpp
-- Up-to-date symlink: /home/nexium/ros_ws/install/pb_rm_interfaces/include/pb_rm_interfaces/pb_rm_interfaces/msg/detail/gimbal_cmd__struct.hpp
-- Up-to-date symlink: /home/nexium/ros_ws/install/pb_rm_interfaces/include/pb_rm_interfaces/pb_rm_interfaces/msg/detail/gimbal_cmd__traits.hpp
-- Up-to-date symlink: /home/nexium/ros_ws/install/pb_rm_interfaces/include/pb_rm_interfaces/pb_rm_interfaces/msg/detail/gimbal_cmd__type_support.hpp
-- Up-to-date symlink: /home/nexium/ros_ws/install/pb_rm_interfaces/include/pb_rm_interfaces/pb_rm_interfaces/msg/detail/ground_robot_position__builder.hpp
-- Up-to-date symlink: /home/nexium/ros_ws/install/pb_rm_interfaces/include/pb_rm_interfaces/pb_rm_interfaces/msg/detail/ground_robot_position__struct.hpp
-- Up-to-date symlink: /home/nexium/ros_ws/install/pb_rm_interfaces/include/pb_rm_interfaces/pb_rm_interfaces/msg/detail/ground_robot_position__traits.hpp
-- Up-to-date symlink: /home/nexium/ros_ws/install/pb_rm_interfaces/include/pb_rm_interfaces/pb_rm_interfaces/msg/detail/ground_robot_position__type_support.hpp
-- Up-to-date symlink: /home/nexium/ros_ws/install/pb_rm_interfaces/include/pb_rm_interfaces/pb_rm_interfaces/msg/detail/models__builder.hpp
-- Up-to-date symlink: /home/nexium/ros_ws/install/pb_rm_interfaces/include/pb_rm_interfaces/pb_rm_interfaces/msg/detail/models__struct.hpp
-- Up-to-date symlink: /home/nexium/ros_ws/install/pb_rm_interfaces/include/pb_rm_interfaces/pb_rm_interfaces/msg/detail/models__traits.hpp
-- Up-to-date symlink: /home/nexium/ros_ws/install/pb_rm_interfaces/include/pb_rm_interfaces/pb_rm_interfaces/msg/detail/models__type_support.hpp
-- Up-to-date symlink: /home/nexium/ros_ws/install/pb_rm_interfaces/include/pb_rm_interfaces/pb_rm_interfaces/msg/detail/rfid_status__builder.hpp
-- Up-to-date symlink: /home/nexium/ros_ws/install/pb_rm_interfaces/include/pb_rm_interfaces/pb_rm_interfaces/msg/detail/rfid_status__struct.hpp
-- Up-to-date symlink: /home/nexium/ros_ws/install/pb_rm_interfaces/include/pb_rm_interfaces/pb_rm_interfaces/msg/detail/rfid_status__traits.hpp
-- Up-to-date symlink: /home/nexium/ros_ws/install/pb_rm_interfaces/include/pb_rm_interfaces/pb_rm_interfaces/msg/detail/rfid_status__type_support.hpp
-- Up-to-date symlink: /home/nexium/ros_ws/install/pb_rm_interfaces/include/pb_rm_interfaces/pb_rm_interfaces/msg/detail/robot_state_info__builder.hpp
-- Up-to-date symlink: /home/nexium/ros_ws/install/pb_rm_interfaces/include/pb_rm_interfaces/pb_rm_interfaces/msg/detail/robot_state_info__struct.hpp
-- Up-to-date symlink: /home/nexium/ros_ws/install/pb_rm_interfaces/include/pb_rm_interfaces/pb_rm_interfaces/msg/detail/robot_state_info__traits.hpp
-- Up-to-date symlink: /home/nexium/ros_ws/install/pb_rm_interfaces/include/pb_rm_interfaces/pb_rm_interfaces/msg/detail/robot_state_info__type_support.hpp
-- Up-to-date symlink: /home/nexium/ros_ws/install/pb_rm_interfaces/include/pb_rm_interfaces/pb_rm_interfaces/msg/detail/robot_status__builder.hpp
-- Up-to-date symlink: /home/nexium/ros_ws/install/pb_rm_interfaces/include/pb_rm_interfaces/pb_rm_interfaces/msg/detail/robot_status__struct.hpp
-- Up-to-date symlink: /home/nexium/ros_ws/install/pb_rm_interfaces/include/pb_rm_interfaces/pb_rm_interfaces/msg/detail/robot_status__traits.hpp
-- Up-to-date symlink: /home/nexium/ros_ws/install/pb_rm_interfaces/include/pb_rm_interfaces/pb_rm_interfaces/msg/detail/robot_status__type_support.hpp
-- Up-to-date symlink: /home/nexium/ros_ws/install/pb_rm_interfaces/include/pb_rm_interfaces/pb_rm_interfaces/msg/event_data.hpp
-- Up-to-date symlink: /home/nexium/ros_ws/install/pb_rm_interfaces/include/pb_rm_interfaces/pb_rm_interfaces/msg/game_robot_hp.hpp
-- Up-to-date symlink: /home/nexium/ros_ws/install/pb_rm_interfaces/include/pb_rm_interfaces/pb_rm_interfaces/msg/game_status.hpp
-- Up-to-date symlink: /home/nexium/ros_ws/install/pb_rm_interfaces/include/pb_rm_interfaces/pb_rm_interfaces/msg/gimbal.hpp
-- Up-to-date symlink: /home/nexium/ros_ws/install/pb_rm_interfaces/include/pb_rm_interfaces/pb_rm_interfaces/msg/gimbal_cmd.hpp
-- Up-to-date symlink: /home/nexium/ros_ws/install/pb_rm_interfaces/include/pb_rm_interfaces/pb_rm_interfaces/msg/ground_robot_position.hpp
-- Up-to-date symlink: /home/nexium/ros_ws/install/pb_rm_interfaces/include/pb_rm_interfaces/pb_rm_interfaces/msg/models.hpp
-- Up-to-date symlink: /home/nexium/ros_ws/install/pb_rm_interfaces/include/pb_rm_interfaces/pb_rm_interfaces/msg/rfid_status.hpp
-- Up-to-date symlink: /home/nexium/ros_ws/install/pb_rm_interfaces/include/pb_rm_interfaces/pb_rm_interfaces/msg/robot_state_info.hpp
-- Up-to-date symlink: /home/nexium/ros_ws/install/pb_rm_interfaces/include/pb_rm_interfaces/pb_rm_interfaces/msg/robot_status.hpp
-- Up-to-date symlink: /home/nexium/ros_ws/install/pb_rm_interfaces/include/pb_rm_interfaces/pb_rm_interfaces/msg/rosidl_generator_cpp__visibility_control.hpp
-- Up-to-date symlink: /home/nexium/ros_ws/install/pb_rm_interfaces/include/pb_rm_interfaces/pb_rm_interfaces/msg/detail/buff__rosidl_typesupport_fastrtps_cpp.hpp
-- Up-to-date symlink: /home/nexium/ros_ws/install/pb_rm_interfaces/include/pb_rm_interfaces/pb_rm_interfaces/msg/detail/event_data__rosidl_typesupport_fastrtps_cpp.hpp
-- Up-to-date symlink: /home/nexium/ros_ws/install/pb_rm_interfaces/include/pb_rm_interfaces/pb_rm_interfaces/msg/detail/game_robot_hp__rosidl_typesupport_fastrtps_cpp.hpp
-- Up-to-date symlink: /home/nexium/ros_ws/install/pb_rm_interfaces/include/pb_rm_interfaces/pb_rm_interfaces/msg/detail/game_status__rosidl_typesupport_fastrtps_cpp.hpp
-- Up-to-date symlink: /home/nexium/ros_ws/install/pb_rm_interfaces/include/pb_rm_interfaces/pb_rm_interfaces/msg/detail/gimbal__rosidl_typesupport_fastrtps_cpp.hpp
-- Up-to-date symlink: /home/nexium/ros_ws/install/pb_rm_interfaces/include/pb_rm_interfaces/pb_rm_interfaces/msg/detail/gimbal_cmd__rosidl_typesupport_fastrtps_cpp.hpp
-- Up-to-date symlink: /home/nexium/ros_ws/install/pb_rm_interfaces/include/pb_rm_interfaces/pb_rm_interfaces/msg/detail/ground_robot_position__rosidl_typesupport_fastrtps_cpp.hpp
-- Up-to-date symlink: /home/nexium/ros_ws/install/pb_rm_interfaces/include/pb_rm_interfaces/pb_rm_interfaces/msg/detail/models__rosidl_typesupport_fastrtps_cpp.hpp
-- Up-to-date symlink: /home/nexium/ros_ws/install/pb_rm_interfaces/include/pb_rm_interfaces/pb_rm_interfaces/msg/detail/rfid_status__rosidl_typesupport_fastrtps_cpp.hpp
-- Up-to-date symlink: /home/nexium/ros_ws/install/pb_rm_interfaces/include/pb_rm_interfaces/pb_rm_interfaces/msg/detail/robot_state_info__rosidl_typesupport_fastrtps_cpp.hpp
-- Up-to-date symlink: /home/nexium/ros_ws/install/pb_rm_interfaces/include/pb_rm_interfaces/pb_rm_interfaces/msg/detail/robot_status__rosidl_typesupport_fastrtps_cpp.hpp
-- Up-to-date symlink: /home/nexium/ros_ws/install/pb_rm_interfaces/include/pb_rm_interfaces/pb_rm_interfaces/msg/rosidl_typesupport_fastrtps_cpp__visibility_control.h
-- Up-to-date symlink: /home/nexium/ros_ws/install/pb_rm_interfaces/include/pb_rm_interfaces/pb_rm_interfaces/msg/detail/buff__rosidl_typesupport_introspection_cpp.hpp
-- Up-to-date symlink: /home/nexium/ros_ws/install/pb_rm_interfaces/include/pb_rm_interfaces/pb_rm_interfaces/msg/detail/event_data__rosidl_typesupport_introspection_cpp.hpp
-- Up-to-date symlink: /home/nexium/ros_ws/install/pb_rm_interfaces/include/pb_rm_interfaces/pb_rm_interfaces/msg/detail/game_robot_hp__rosidl_typesupport_introspection_cpp.hpp
-- Up-to-date symlink: /home/nexium/ros_ws/install/pb_rm_interfaces/include/pb_rm_interfaces/pb_rm_interfaces/msg/detail/game_status__rosidl_typesupport_introspection_cpp.hpp
-- Up-to-date symlink: /home/nexium/ros_ws/install/pb_rm_interfaces/include/pb_rm_interfaces/pb_rm_interfaces/msg/detail/gimbal__rosidl_typesupport_introspection_cpp.hpp
-- Up-to-date symlink: /home/nexium/ros_ws/install/pb_rm_interfaces/include/pb_rm_interfaces/pb_rm_interfaces/msg/detail/gimbal_cmd__rosidl_typesupport_introspection_cpp.hpp
-- Up-to-date symlink: /home/nexium/ros_ws/install/pb_rm_interfaces/include/pb_rm_interfaces/pb_rm_interfaces/msg/detail/ground_robot_position__rosidl_typesupport_introspection_cpp.hpp
-- Up-to-date symlink: /home/nexium/ros_ws/install/pb_rm_interfaces/include/pb_rm_interfaces/pb_rm_interfaces/msg/detail/models__rosidl_typesupport_introspection_cpp.hpp
-- Up-to-date symlink: /home/nexium/ros_ws/install/pb_rm_interfaces/include/pb_rm_interfaces/pb_rm_interfaces/msg/detail/rfid_status__rosidl_typesupport_introspection_cpp.hpp
-- Up-to-date symlink: /home/nexium/ros_ws/install/pb_rm_interfaces/include/pb_rm_interfaces/pb_rm_interfaces/msg/detail/robot_state_info__rosidl_typesupport_introspection_cpp.hpp
-- Up-to-date symlink: /home/nexium/ros_ws/install/pb_rm_interfaces/include/pb_rm_interfaces/pb_rm_interfaces/msg/detail/robot_status__rosidl_typesupport_introspection_cpp.hpp
-- Up-to-date symlink: /home/nexium/ros_ws/install/pb_rm_interfaces/share/pb_rm_interfaces/environment/pythonpath.sh
-- Up-to-date symlink: /home/nexium/ros_ws/install/pb_rm_interfaces/share/pb_rm_interfaces/environment/pythonpath.dsv
-- Up-to-date symlink: /home/nexium/ros_ws/install/pb_rm_interfaces/local/lib/python3.10/dist-packages/pb_rm_interfaces-1.0.0-py3.10.egg-info/PKG-INFO
-- Up-to-date symlink: /home/nexium/ros_ws/install/pb_rm_interfaces/local/lib/python3.10/dist-packages/pb_rm_interfaces-1.0.0-py3.10.egg-info/SOURCES.txt
-- Up-to-date symlink: /home/nexium/ros_ws/install/pb_rm_interfaces/local/lib/python3.10/dist-packages/pb_rm_interfaces-1.0.0-py3.10.egg-info/dependency_links.txt
-- Up-to-date symlink: /home/nexium/ros_ws/install/pb_rm_interfaces/local/lib/python3.10/dist-packages/pb_rm_interfaces-1.0.0-py3.10.egg-info/top_level.txt
-- Up-to-date symlink: /home/nexium/ros_ws/install/pb_rm_interfaces/local/lib/python3.10/dist-packages/pb_rm_interfaces/__init__.py
-- Up-to-date symlink: /home/nexium/ros_ws/install/pb_rm_interfaces/local/lib/python3.10/dist-packages/pb_rm_interfaces/_pb_rm_interfaces_s.ep.rosidl_typesupport_c.c
-- Up-to-date symlink: /home/nexium/ros_ws/install/pb_rm_interfaces/local/lib/python3.10/dist-packages/pb_rm_interfaces/_pb_rm_interfaces_s.ep.rosidl_typesupport_fastrtps_c.c
-- Up-to-date symlink: /home/nexium/ros_ws/install/pb_rm_interfaces/local/lib/python3.10/dist-packages/pb_rm_interfaces/_pb_rm_interfaces_s.ep.rosidl_typesupport_introspection_c.c
-- Up-to-date symlink: /home/nexium/ros_ws/install/pb_rm_interfaces/local/lib/python3.10/dist-packages/pb_rm_interfaces/libpb_rm_interfaces__rosidl_generator_py.so
-- Up-to-date symlink: /home/nexium/ros_ws/install/pb_rm_interfaces/local/lib/python3.10/dist-packages/pb_rm_interfaces/msg/__init__.py
-- Up-to-date symlink: /home/nexium/ros_ws/install/pb_rm_interfaces/local/lib/python3.10/dist-packages/pb_rm_interfaces/msg/_buff.py
-- Up-to-date symlink: /home/nexium/ros_ws/install/pb_rm_interfaces/local/lib/python3.10/dist-packages/pb_rm_interfaces/msg/_buff_s.c
-- Up-to-date symlink: /home/nexium/ros_ws/install/pb_rm_interfaces/local/lib/python3.10/dist-packages/pb_rm_interfaces/msg/_event_data.py
-- Up-to-date symlink: /home/nexium/ros_ws/install/pb_rm_interfaces/local/lib/python3.10/dist-packages/pb_rm_interfaces/msg/_event_data_s.c
-- Up-to-date symlink: /home/nexium/ros_ws/install/pb_rm_interfaces/local/lib/python3.10/dist-packages/pb_rm_interfaces/msg/_game_robot_hp.py
-- Up-to-date symlink: /home/nexium/ros_ws/install/pb_rm_interfaces/local/lib/python3.10/dist-packages/pb_rm_interfaces/msg/_game_robot_hp_s.c
-- Up-to-date symlink: /home/nexium/ros_ws/install/pb_rm_interfaces/local/lib/python3.10/dist-packages/pb_rm_interfaces/msg/_game_status.py
-- Up-to-date symlink: /home/nexium/ros_ws/install/pb_rm_interfaces/local/lib/python3.10/dist-packages/pb_rm_interfaces/msg/_game_status_s.c
-- Up-to-date symlink: /home/nexium/ros_ws/install/pb_rm_interfaces/local/lib/python3.10/dist-packages/pb_rm_interfaces/msg/_gimbal.py
-- Up-to-date symlink: /home/nexium/ros_ws/install/pb_rm_interfaces/local/lib/python3.10/dist-packages/pb_rm_interfaces/msg/_gimbal_cmd.py
-- Up-to-date symlink: /home/nexium/ros_ws/install/pb_rm_interfaces/local/lib/python3.10/dist-packages/pb_rm_interfaces/msg/_gimbal_cmd_s.c
-- Up-to-date symlink: /home/nexium/ros_ws/install/pb_rm_interfaces/local/lib/python3.10/dist-packages/pb_rm_interfaces/msg/_gimbal_s.c
-- Up-to-date symlink: /home/nexium/ros_ws/install/pb_rm_interfaces/local/lib/python3.10/dist-packages/pb_rm_interfaces/msg/_ground_robot_position.py
-- Up-to-date symlink: /home/nexium/ros_ws/install/pb_rm_interfaces/local/lib/python3.10/dist-packages/pb_rm_interfaces/msg/_ground_robot_position_s.c
-- Up-to-date symlink: /home/nexium/ros_ws/install/pb_rm_interfaces/local/lib/python3.10/dist-packages/pb_rm_interfaces/msg/_models.py
-- Up-to-date symlink: /home/nexium/ros_ws/install/pb_rm_interfaces/local/lib/python3.10/dist-packages/pb_rm_interfaces/msg/_models_s.c
-- Up-to-date symlink: /home/nexium/ros_ws/install/pb_rm_interfaces/local/lib/python3.10/dist-packages/pb_rm_interfaces/msg/_rfid_status.py
-- Up-to-date symlink: /home/nexium/ros_ws/install/pb_rm_interfaces/local/lib/python3.10/dist-packages/pb_rm_interfaces/msg/_rfid_status_s.c
-- Up-to-date symlink: /home/nexium/ros_ws/install/pb_rm_interfaces/local/lib/python3.10/dist-packages/pb_rm_interfaces/msg/_robot_state_info.py
-- Up-to-date symlink: /home/nexium/ros_ws/install/pb_rm_interfaces/local/lib/python3.10/dist-packages/pb_rm_interfaces/msg/_robot_state_info_s.c
-- Up-to-date symlink: /home/nexium/ros_ws/install/pb_rm_interfaces/local/lib/python3.10/dist-packages/pb_rm_interfaces/msg/_robot_status.py
-- Up-to-date symlink: /home/nexium/ros_ws/install/pb_rm_interfaces/local/lib/python3.10/dist-packages/pb_rm_interfaces/msg/_robot_status_s.c
-- Up-to-date symlink: /home/nexium/ros_ws/install/pb_rm_interfaces/local/lib/python3.10/dist-packages/pb_rm_interfaces/pb_rm_interfaces_s__rosidl_typesupport_c.cpython-310-x86_64-linux-gnu.so
-- Up-to-date symlink: /home/nexium/ros_ws/install/pb_rm_interfaces/local/lib/python3.10/dist-packages/pb_rm_interfaces/pb_rm_interfaces_s__rosidl_typesupport_fastrtps_c.cpython-310-x86_64-linux-gnu.so
-- Up-to-date symlink: /home/nexium/ros_ws/install/pb_rm_interfaces/local/lib/python3.10/dist-packages/pb_rm_interfaces/pb_rm_interfaces_s__rosidl_typesupport_introspection_c.cpython-310-x86_64-linux-gnu.so
-- Up-to-date symlink: /home/nexium/ros_ws/install/pb_rm_interfaces/local/lib/python3.10/dist-packages/pb_rm_interfaces/pb_rm_interfaces_s__rosidl_typesupport_fastrtps_c.cpython-310-x86_64-linux-gnu.so
-- Up-to-date symlink: /home/nexium/ros_ws/install/pb_rm_interfaces/local/lib/python3.10/dist-packages/pb_rm_interfaces/pb_rm_interfaces_s__rosidl_typesupport_introspection_c.cpython-310-x86_64-linux-gnu.so
-- Up-to-date symlink: /home/nexium/ros_ws/install/pb_rm_interfaces/local/lib/python3.10/dist-packages/pb_rm_interfaces/pb_rm_interfaces_s__rosidl_typesupport_c.cpython-310-x86_64-linux-gnu.so
-- Up-to-date symlink: /home/nexium/ros_ws/install/pb_rm_interfaces/share/pb_rm_interfaces/msg/Buff.idl
-- Up-to-date symlink: /home/nexium/ros_ws/install/pb_rm_interfaces/share/pb_rm_interfaces/msg/EventData.idl
-- Up-to-date symlink: /home/nexium/ros_ws/install/pb_rm_interfaces/share/pb_rm_interfaces/msg/GameRobotHP.idl
-- Up-to-date symlink: /home/nexium/ros_ws/install/pb_rm_interfaces/share/pb_rm_interfaces/msg/GameStatus.idl
-- Up-to-date symlink: /home/nexium/ros_ws/install/pb_rm_interfaces/share/pb_rm_interfaces/msg/GroundRobotPosition.idl
-- Up-to-date symlink: /home/nexium/ros_ws/install/pb_rm_interfaces/share/pb_rm_interfaces/msg/RfidStatus.idl
-- Up-to-date symlink: /home/nexium/ros_ws/install/pb_rm_interfaces/share/pb_rm_interfaces/msg/RobotStatus.idl
-- Up-to-date symlink: /home/nexium/ros_ws/install/pb_rm_interfaces/share/pb_rm_interfaces/msg/Gimbal.idl
-- Up-to-date symlink: /home/nexium/ros_ws/install/pb_rm_interfaces/share/pb_rm_interfaces/msg/GimbalCmd.idl
-- Up-to-date symlink: /home/nexium/ros_ws/install/pb_rm_interfaces/share/pb_rm_interfaces/msg/Models.idl
-- Up-to-date symlink: /home/nexium/ros_ws/install/pb_rm_interfaces/share/pb_rm_interfaces/msg/RobotStateInfo.idl
-- Up-to-date symlink: /home/nexium/ros_ws/install/pb_rm_interfaces/share/pb_rm_interfaces/referee/Buff.msg
-- Up-to-date symlink: /home/nexium/ros_ws/install/pb_rm_interfaces/share/pb_rm_interfaces/referee/EventData.msg
-- Up-to-date symlink: /home/nexium/ros_ws/install/pb_rm_interfaces/share/pb_rm_interfaces/referee/GameRobotHP.msg
-- Up-to-date symlink: /home/nexium/ros_ws/install/pb_rm_interfaces/share/pb_rm_interfaces/referee/GameStatus.msg
-- Up-to-date symlink: /home/nexium/ros_ws/install/pb_rm_interfaces/share/pb_rm_interfaces/referee/GroundRobotPosition.msg
-- Up-to-date symlink: /home/nexium/ros_ws/install/pb_rm_interfaces/share/pb_rm_interfaces/referee/RfidStatus.msg
-- Up-to-date symlink: /home/nexium/ros_ws/install/pb_rm_interfaces/share/pb_rm_interfaces/referee/RobotStatus.msg
-- Up-to-date symlink: /home/nexium/ros_ws/install/pb_rm_interfaces/share/pb_rm_interfaces/msg/Gimbal.msg
-- Up-to-date symlink: /home/nexium/ros_ws/install/pb_rm_interfaces/share/pb_rm_interfaces/msg/GimbalCmd.msg
-- Up-to-date symlink: /home/nexium/ros_ws/install/pb_rm_interfaces/share/pb_rm_interfaces/msg/Models.msg
-- Up-to-date symlink: /home/nexium/ros_ws/install/pb_rm_interfaces/share/pb_rm_interfaces/msg/RobotStateInfo.msg
-- Up-to-date symlink: /home/nexium/ros_ws/install/pb_rm_interfaces/share/ament_index/resource_index/package_run_dependencies/pb_rm_interfaces
-- Up-to-date symlink: /home/nexium/ros_ws/install/pb_rm_interfaces/share/ament_index/resource_index/parent_prefix_path/pb_rm_interfaces
-- Up-to-date symlink: /home/nexium/ros_ws/install/pb_rm_interfaces/share/pb_rm_interfaces/environment/ament_prefix_path.sh
-- Up-to-date symlink: /home/nexium/ros_ws/install/pb_rm_interfaces/share/pb_rm_interfaces/environment/ament_prefix_path.dsv
-- Up-to-date symlink: /home/nexium/ros_ws/install/pb_rm_interfaces/share/pb_rm_interfaces/environment/path.sh
-- Up-to-date symlink: /home/nexium/ros_ws/install/pb_rm_interfaces/share/pb_rm_interfaces/environment/path.dsv
-- Up-to-date symlink: /home/nexium/ros_ws/install/pb_rm_interfaces/share/pb_rm_interfaces/local_setup.bash
-- Up-to-date symlink: /home/nexium/ros_ws/install/pb_rm_interfaces/share/pb_rm_interfaces/local_setup.sh
-- Up-to-date symlink: /home/nexium/ros_ws/install/pb_rm_interfaces/share/pb_rm_interfaces/local_setup.zsh
-- Up-to-date symlink: /home/nexium/ros_ws/install/pb_rm_interfaces/share/pb_rm_interfaces/local_setup.dsv
-- Symlinking: /home/nexium/ros_ws/install/pb_rm_interfaces/share/pb_rm_interfaces/package.dsv
-- Up-to-date symlink: /home/nexium/ros_ws/install/pb_rm_interfaces/share/ament_index/resource_index/packages/pb_rm_interfaces
-- Up-to-date symlink: /home/nexium/ros_ws/install/pb_rm_interfaces/share/pb_rm_interfaces/cmake/rosidl_cmake-extras.cmake
-- Up-to-date symlink: /home/nexium/ros_ws/install/pb_rm_interfaces/share/pb_rm_interfaces/cmake/ament_cmake_export_dependencies-extras.cmake
-- Up-to-date symlink: /home/nexium/ros_ws/install/pb_rm_interfaces/share/pb_rm_interfaces/cmake/ament_cmake_export_include_directories-extras.cmake
-- Up-to-date symlink: /home/nexium/ros_ws/install/pb_rm_interfaces/share/pb_rm_interfaces/cmake/ament_cmake_export_libraries-extras.cmake
-- Up-to-date symlink: /home/nexium/ros_ws/install/pb_rm_interfaces/share/pb_rm_interfaces/cmake/ament_cmake_export_targets-extras.cmake
-- Up-to-date symlink: /home/nexium/ros_ws/install/pb_rm_interfaces/share/pb_rm_interfaces/cmake/rosidl_cmake_export_typesupport_targets-extras.cmake
-- Up-to-date symlink: /home/nexium/ros_ws/install/pb_rm_interfaces/share/pb_rm_interfaces/cmake/rosidl_cmake_export_typesupport_libraries-extras.cmake
-- Up-to-date symlink: /home/nexium/ros_ws/install/pb_rm_interfaces/share/pb_rm_interfaces/cmake/pb_rm_interfacesConfig.cmake
-- Up-to-date symlink: /home/nexium/ros_ws/install/pb_rm_interfaces/share/pb_rm_interfaces/cmake/pb_rm_interfacesConfig-version.cmake
-- Up-to-date symlink: /home/nexium/ros_ws/install/pb_rm_interfaces/share/pb_rm_interfaces/package.xml
-- Up-to-date: /home/nexium/ros_ws/install/pb_rm_interfaces/lib/libpb_rm_interfaces__rosidl_generator_c.so
-- Up-to-date: /home/nexium/ros_ws/install/pb_rm_interfaces/lib/libpb_rm_interfaces__rosidl_typesupport_fastrtps_c.so
-- Up-to-date: /home/nexium/ros_ws/install/pb_rm_interfaces/lib/libpb_rm_interfaces__rosidl_typesupport_introspection_c.so
-- Up-to-date: /home/nexium/ros_ws/install/pb_rm_interfaces/lib/libpb_rm_interfaces__rosidl_typesupport_c.so
-- Up-to-date: /home/nexium/ros_ws/install/pb_rm_interfaces/lib/libpb_rm_interfaces__rosidl_typesupport_fastrtps_cpp.so
-- Up-to-date: /home/nexium/ros_ws/install/pb_rm_interfaces/lib/libpb_rm_interfaces__rosidl_typesupport_introspection_cpp.so
-- Up-to-date: /home/nexium/ros_ws/install/pb_rm_interfaces/lib/libpb_rm_interfaces__rosidl_typesupport_cpp.so
Listing '/home/nexium/ros_ws/install/pb_rm_interfaces/local/lib/python3.10/dist-packages/pb_rm_interfaces'...
Listing '/home/nexium/ros_ws/install/pb_rm_interfaces/local/lib/python3.10/dist-packages/pb_rm_interfaces/msg'...
-- Up-to-date: /home/nexium/ros_ws/install/pb_rm_interfaces/lib/libpb_rm_interfaces__rosidl_generator_py.so
-- Up-to-date: /home/nexium/ros_ws/install/pb_rm_interfaces/share/pb_rm_interfaces/cmake/export_pb_rm_interfaces__rosidl_generator_cExport.cmake
-- Up-to-date: /home/nexium/ros_ws/install/pb_rm_interfaces/share/pb_rm_interfaces/cmake/export_pb_rm_interfaces__rosidl_generator_cExport-release.cmake
-- Up-to-date: /home/nexium/ros_ws/install/pb_rm_interfaces/share/pb_rm_interfaces/cmake/export_pb_rm_interfaces__rosidl_typesupport_fastrtps_cExport.cmake
-- Up-to-date: /home/nexium/ros_ws/install/pb_rm_interfaces/share/pb_rm_interfaces/cmake/export_pb_rm_interfaces__rosidl_typesupport_fastrtps_cExport-release.cmake
-- Up-to-date: /home/nexium/ros_ws/install/pb_rm_interfaces/share/pb_rm_interfaces/cmake/pb_rm_interfaces__rosidl_typesupport_introspection_cExport.cmake
-- Up-to-date: /home/nexium/ros_ws/install/pb_rm_interfaces/share/pb_rm_interfaces/cmake/pb_rm_interfaces__rosidl_typesupport_introspection_cExport-release.cmake
-- Up-to-date: /home/nexium/ros_ws/install/pb_rm_interfaces/share/pb_rm_interfaces/cmake/pb_rm_interfaces__rosidl_typesupport_cExport.cmake
-- Up-to-date: /home/nexium/ros_ws/install/pb_rm_interfaces/share/pb_rm_interfaces/cmake/pb_rm_interfaces__rosidl_typesupport_cExport-release.cmake
-- Up-to-date: /home/nexium/ros_ws/install/pb_rm_interfaces/share/pb_rm_interfaces/cmake/export_pb_rm_interfaces__rosidl_generator_cppExport.cmake
-- Up-to-date: /home/nexium/ros_ws/install/pb_rm_interfaces/share/pb_rm_interfaces/cmake/export_pb_rm_interfaces__rosidl_typesupport_fastrtps_cppExport.cmake
-- Up-to-date: /home/nexium/ros_ws/install/pb_rm_interfaces/share/pb_rm_interfaces/cmake/export_pb_rm_interfaces__rosidl_typesupport_fastrtps_cppExport-release.cmake
-- Up-to-date: /home/nexium/ros_ws/install/pb_rm_interfaces/share/pb_rm_interfaces/cmake/pb_rm_interfaces__rosidl_typesupport_introspection_cppExport.cmake
-- Up-to-date: /home/nexium/ros_ws/install/pb_rm_interfaces/share/pb_rm_interfaces/cmake/pb_rm_interfaces__rosidl_typesupport_introspection_cppExport-release.cmake
-- Up-to-date: /home/nexium/ros_ws/install/pb_rm_interfaces/share/pb_rm_interfaces/cmake/pb_rm_interfaces__rosidl_typesupport_cppExport.cmake
-- Up-to-date: /home/nexium/ros_ws/install/pb_rm_interfaces/share/pb_rm_interfaces/cmake/pb_rm_interfaces__rosidl_typesupport_cppExport-release.cmake
-- Up-to-date: /home/nexium/ros_ws/install/pb_rm_interfaces/share/pb_rm_interfaces/cmake/export_pb_rm_interfaces__rosidl_generator_pyExport.cmake
-- Up-to-date: /home/nexium/ros_ws/install/pb_rm_interfaces/share/pb_rm_interfaces/cmake/export_pb_rm_interfaces__rosidl_generator_pyExport-release.cmake
