[35m[1mConsolidate compiler generated dependencies of target sensor_scan_generation_node[0m
[35m[1mConsolidate compiler generated dependencies of target sensor_scan_generation[0m
[ 50%] Built target sensor_scan_generation_node
[100%] Built target sensor_scan_generation
-- Install configuration: "release"
-- Execute custom install script
-- Up-to-date symlink: /home/nexium/ros_ws/install/sensor_scan_generation/lib/sensor_scan_generation/sensor_scan_generation_node
-- Up-to-date symlink: /home/nexium/ros_ws/install/sensor_scan_generation/include/sensor_scan_generation/sensor_scan_generation/sensor_scan_generation.hpp
-- Up-to-date symlink: /home/nexium/ros_ws/install/sensor_scan_generation/share/sensor_scan_generation/environment/library_path.sh
-- Up-to-date symlink: /home/nexium/ros_ws/install/sensor_scan_generation/share/sensor_scan_generation/environment/library_path.dsv
-- Up-to-date symlink: /home/nexium/ros_ws/install/sensor_scan_generation/lib/libsensor_scan_generation.so
-- Up-to-date symlink: /home/nexium/ros_ws/install/sensor_scan_generation/share/sensor_scan_generation/launch/sensor_scan_generation.launch.py
-- Up-to-date symlink: /home/nexium/ros_ws/install/sensor_scan_generation/share/ament_index/resource_index/package_run_dependencies/sensor_scan_generation
-- Up-to-date symlink: /home/nexium/ros_ws/install/sensor_scan_generation/share/ament_index/resource_index/parent_prefix_path/sensor_scan_generation
-- Up-to-date symlink: /home/nexium/ros_ws/install/sensor_scan_generation/share/sensor_scan_generation/environment/ament_prefix_path.sh
-- Up-to-date symlink: /home/nexium/ros_ws/install/sensor_scan_generation/share/sensor_scan_generation/environment/ament_prefix_path.dsv
-- Up-to-date symlink: /home/nexium/ros_ws/install/sensor_scan_generation/share/sensor_scan_generation/environment/path.sh
-- Up-to-date symlink: /home/nexium/ros_ws/install/sensor_scan_generation/share/sensor_scan_generation/environment/path.dsv
-- Up-to-date symlink: /home/nexium/ros_ws/install/sensor_scan_generation/share/sensor_scan_generation/local_setup.bash
-- Up-to-date symlink: /home/nexium/ros_ws/install/sensor_scan_generation/share/sensor_scan_generation/local_setup.sh
-- Up-to-date symlink: /home/nexium/ros_ws/install/sensor_scan_generation/share/sensor_scan_generation/local_setup.zsh
-- Up-to-date symlink: /home/nexium/ros_ws/install/sensor_scan_generation/share/sensor_scan_generation/local_setup.dsv
-- Symlinking: /home/nexium/ros_ws/install/sensor_scan_generation/share/sensor_scan_generation/package.dsv
-- Up-to-date symlink: /home/nexium/ros_ws/install/sensor_scan_generation/share/ament_index/resource_index/packages/sensor_scan_generation
-- Up-to-date symlink: /home/nexium/ros_ws/install/sensor_scan_generation/share/ament_index/resource_index/rclcpp_components/sensor_scan_generation
-- Up-to-date symlink: /home/nexium/ros_ws/install/sensor_scan_generation/share/sensor_scan_generation/cmake/ament_cmake_export_dependencies-extras.cmake
-- Up-to-date symlink: /home/nexium/ros_ws/install/sensor_scan_generation/share/sensor_scan_generation/cmake/ament_cmake_export_include_directories-extras.cmake
-- Up-to-date symlink: /home/nexium/ros_ws/install/sensor_scan_generation/share/sensor_scan_generation/cmake/ament_cmake_export_libraries-extras.cmake
-- Up-to-date symlink: /home/nexium/ros_ws/install/sensor_scan_generation/share/sensor_scan_generation/cmake/sensor_scan_generationConfig.cmake
-- Up-to-date symlink: /home/nexium/ros_ws/install/sensor_scan_generation/share/sensor_scan_generation/cmake/sensor_scan_generationConfig-version.cmake
-- Up-to-date symlink: /home/nexium/ros_ws/install/sensor_scan_generation/share/sensor_scan_generation/package.xml
