[0.102s] Invoking command in '/home/nexium/ros_ws/build/sensor_scan_generation': CMAKE_PREFIX_PATH=/opt/ros/humble /usr/bin/cmake --build /home/nexium/ros_ws/build/sensor_scan_generation -- -j12 -l12
[0.154s] [35m[1mConsolidate compiler generated dependencies of target sensor_scan_generation_node[0m
[0.154s] [35m[1mConsolidate compiler generated dependencies of target sensor_scan_generation[0m
[0.171s] [ 50%] Built target sensor_scan_generation_node
[0.187s] [100%] Built target sensor_scan_generation
[0.211s] Invoked command in '/home/nexium/ros_ws/build/sensor_scan_generation' returned '0': CMAKE_PREFIX_PATH=/opt/ros/humble /usr/bin/cmake --build /home/nexium/ros_ws/build/sensor_scan_generation -- -j12 -l12
[0.213s] Invoking command in '/home/nexium/ros_ws/build/sensor_scan_generation': CMAKE_PREFIX_PATH=/opt/ros/humble /usr/bin/cmake --install /home/nexium/ros_ws/build/sensor_scan_generation
[0.233s] -- Install configuration: "release"
[0.249s] -- Execute custom install script
[0.250s] -- Up-to-date symlink: /home/nexium/ros_ws/install/sensor_scan_generation/lib/sensor_scan_generation/sensor_scan_generation_node
[0.252s] -- Up-to-date symlink: /home/nexium/ros_ws/install/sensor_scan_generation/include/sensor_scan_generation/sensor_scan_generation/sensor_scan_generation.hpp
[0.253s] -- Up-to-date symlink: /home/nexium/ros_ws/install/sensor_scan_generation/share/sensor_scan_generation/environment/library_path.sh
[0.253s] -- Up-to-date symlink: /home/nexium/ros_ws/install/sensor_scan_generation/share/sensor_scan_generation/environment/library_path.dsv
[0.253s] -- Up-to-date symlink: /home/nexium/ros_ws/install/sensor_scan_generation/lib/libsensor_scan_generation.so
[0.253s] -- Up-to-date symlink: /home/nexium/ros_ws/install/sensor_scan_generation/share/sensor_scan_generation/launch/sensor_scan_generation.launch.py
[0.253s] -- Up-to-date symlink: /home/nexium/ros_ws/install/sensor_scan_generation/share/ament_index/resource_index/package_run_dependencies/sensor_scan_generation
[0.253s] -- Up-to-date symlink: /home/nexium/ros_ws/install/sensor_scan_generation/share/ament_index/resource_index/parent_prefix_path/sensor_scan_generation
[0.253s] -- Up-to-date symlink: /home/nexium/ros_ws/install/sensor_scan_generation/share/sensor_scan_generation/environment/ament_prefix_path.sh
[0.253s] -- Up-to-date symlink: /home/nexium/ros_ws/install/sensor_scan_generation/share/sensor_scan_generation/environment/ament_prefix_path.dsv
[0.253s] -- Up-to-date symlink: /home/nexium/ros_ws/install/sensor_scan_generation/share/sensor_scan_generation/environment/path.sh
[0.253s] -- Up-to-date symlink: /home/nexium/ros_ws/install/sensor_scan_generation/share/sensor_scan_generation/environment/path.dsv
[0.253s] -- Up-to-date symlink: /home/nexium/ros_ws/install/sensor_scan_generation/share/sensor_scan_generation/local_setup.bash
[0.253s] -- Up-to-date symlink: /home/nexium/ros_ws/install/sensor_scan_generation/share/sensor_scan_generation/local_setup.sh
[0.253s] -- Up-to-date symlink: /home/nexium/ros_ws/install/sensor_scan_generation/share/sensor_scan_generation/local_setup.zsh
[0.253s] -- Up-to-date symlink: /home/nexium/ros_ws/install/sensor_scan_generation/share/sensor_scan_generation/local_setup.dsv
[0.254s] -- Symlinking: /home/nexium/ros_ws/install/sensor_scan_generation/share/sensor_scan_generation/package.dsv
[0.258s] -- Up-to-date symlink: /home/nexium/ros_ws/install/sensor_scan_generation/share/ament_index/resource_index/packages/sensor_scan_generation
[0.259s] -- Up-to-date symlink: /home/nexium/ros_ws/install/sensor_scan_generation/share/ament_index/resource_index/rclcpp_components/sensor_scan_generation
[0.260s] -- Up-to-date symlink: /home/nexium/ros_ws/install/sensor_scan_generation/share/sensor_scan_generation/cmake/ament_cmake_export_dependencies-extras.cmake
[0.260s] -- Up-to-date symlink: /home/nexium/ros_ws/install/sensor_scan_generation/share/sensor_scan_generation/cmake/ament_cmake_export_include_directories-extras.cmake
[0.261s] -- Up-to-date symlink: /home/nexium/ros_ws/install/sensor_scan_generation/share/sensor_scan_generation/cmake/ament_cmake_export_libraries-extras.cmake
[0.262s] -- Up-to-date symlink: /home/nexium/ros_ws/install/sensor_scan_generation/share/sensor_scan_generation/cmake/sensor_scan_generationConfig.cmake
[0.264s] -- Up-to-date symlink: /home/nexium/ros_ws/install/sensor_scan_generation/share/sensor_scan_generation/cmake/sensor_scan_generationConfig-version.cmake
[0.264s] -- Up-to-date symlink: /home/nexium/ros_ws/install/sensor_scan_generation/share/sensor_scan_generation/package.xml
[0.308s] Invoked command in '/home/nexium/ros_ws/build/sensor_scan_generation' returned '0': CMAKE_PREFIX_PATH=/opt/ros/humble /usr/bin/cmake --install /home/nexium/ros_ws/build/sensor_scan_generation
