[35m[1mConsolidate compiler generated dependencies of target rmoss_interfaces__rosidl_generator_c[0m
[  0%] Built target rmoss_interfaces__cpp
[  0%] Built target ament_cmake_python_symlink_rmoss_interfaces
[ 12%] Built target rmoss_interfaces__rosidl_generator_c
[35m[1mConsolidate compiler generated dependencies of target rmoss_interfaces__rosidl_typesupport_fastrtps_cpp[0m
[35m[1mConsolidate compiler generated dependencies of target rmoss_interfaces__rosidl_typesupport_cpp[0m
[35m[1mConsolidate compiler generated dependencies of target rmoss_interfaces__rosidl_typesupport_introspection_cpp[0m
[35m[1mConsolidate compiler generated dependencies of target rmoss_interfaces__rosidl_typesupport_c[0m
[35m[1mConsolidate compiler generated dependencies of target rmoss_interfaces__rosidl_typesupport_introspection_c[0m
[35m[1mConsolidate compiler generated dependencies of target rmoss_interfaces__rosidl_typesupport_fastrtps_c[0m
[ 30%] Built target rmoss_interfaces__rosidl_typesupport_cpp
[ 36%] Built target rmoss_interfaces__rosidl_typesupport_fastrtps_cpp
[ 48%] Built target rmoss_interfaces__rosidl_typesupport_introspection_cpp
[ 68%] Built target rmoss_interfaces__rosidl_typesupport_c
[ 72%] Built target rmoss_interfaces__rosidl_typesupport_introspection_c
[ 84%] Built target rmoss_interfaces__rosidl_typesupport_fastrtps_c
[ 84%] Built target rmoss_interfaces
[ 85%] Built target rmoss_interfaces__py
[35m[1mConsolidate compiler generated dependencies of target rmoss_interfaces__rosidl_generator_py[0m
[ 96%] Built target rmoss_interfaces__rosidl_generator_py
[35m[1mConsolidate compiler generated dependencies of target rmoss_interfaces__rosidl_typesupport_fastrtps_c__pyext[0m
[35m[1mConsolidate compiler generated dependencies of target rmoss_interfaces__rosidl_typesupport_c__pyext[0m
[35m[1mConsolidate compiler generated dependencies of target rmoss_interfaces__rosidl_typesupport_introspection_c__pyext[0m
[ 97%] Built target rmoss_interfaces__rosidl_typesupport_fastrtps_c__pyext
[100%] Built target rmoss_interfaces__rosidl_typesupport_c__pyext
[100%] Built target rmoss_interfaces__rosidl_typesupport_introspection_c__pyext
running egg_info
writing rmoss_interfaces.egg-info/PKG-INFO
writing dependency_links to rmoss_interfaces.egg-info/dependency_links.txt
writing top-level names to rmoss_interfaces.egg-info/top_level.txt
reading manifest file 'rmoss_interfaces.egg-info/SOURCES.txt'
writing manifest file 'rmoss_interfaces.egg-info/SOURCES.txt'
[100%] Built target ament_cmake_python_build_rmoss_interfaces_egg
-- Install configuration: "release"
-- Execute custom install script
-- Up-to-date symlink: /home/nexium/ros_ws/install/rmoss_interfaces/share/ament_index/resource_index/rosidl_interfaces/rmoss_interfaces
-- Up-to-date symlink: /home/nexium/ros_ws/install/rmoss_interfaces/include/rmoss_interfaces/rmoss_interfaces/msg/chassis_cmd.h
-- Up-to-date symlink: /home/nexium/ros_ws/install/rmoss_interfaces/include/rmoss_interfaces/rmoss_interfaces/msg/detail/chassis_cmd__functions.h
-- Up-to-date symlink: /home/nexium/ros_ws/install/rmoss_interfaces/include/rmoss_interfaces/rmoss_interfaces/msg/detail/chassis_cmd__struct.h
-- Up-to-date symlink: /home/nexium/ros_ws/install/rmoss_interfaces/include/rmoss_interfaces/rmoss_interfaces/msg/detail/chassis_cmd__type_support.h
-- Up-to-date symlink: /home/nexium/ros_ws/install/rmoss_interfaces/include/rmoss_interfaces/rmoss_interfaces/msg/detail/exchange_ammon__functions.h
-- Up-to-date symlink: /home/nexium/ros_ws/install/rmoss_interfaces/include/rmoss_interfaces/rmoss_interfaces/msg/detail/exchange_ammon__struct.h
-- Up-to-date symlink: /home/nexium/ros_ws/install/rmoss_interfaces/include/rmoss_interfaces/rmoss_interfaces/msg/detail/exchange_ammon__type_support.h
-- Up-to-date symlink: /home/nexium/ros_ws/install/rmoss_interfaces/include/rmoss_interfaces/rmoss_interfaces/msg/detail/game_status__functions.h
-- Up-to-date symlink: /home/nexium/ros_ws/install/rmoss_interfaces/include/rmoss_interfaces/rmoss_interfaces/msg/detail/game_status__struct.h
-- Up-to-date symlink: /home/nexium/ros_ws/install/rmoss_interfaces/include/rmoss_interfaces/rmoss_interfaces/msg/detail/game_status__type_support.h
-- Up-to-date symlink: /home/nexium/ros_ws/install/rmoss_interfaces/include/rmoss_interfaces/rmoss_interfaces/msg/detail/gimbal__functions.h
-- Up-to-date symlink: /home/nexium/ros_ws/install/rmoss_interfaces/include/rmoss_interfaces/rmoss_interfaces/msg/detail/gimbal__struct.h
-- Up-to-date symlink: /home/nexium/ros_ws/install/rmoss_interfaces/include/rmoss_interfaces/rmoss_interfaces/msg/detail/gimbal__type_support.h
-- Up-to-date symlink: /home/nexium/ros_ws/install/rmoss_interfaces/include/rmoss_interfaces/rmoss_interfaces/msg/detail/gimbal_cmd__functions.h
-- Up-to-date symlink: /home/nexium/ros_ws/install/rmoss_interfaces/include/rmoss_interfaces/rmoss_interfaces/msg/detail/gimbal_cmd__struct.h
-- Up-to-date symlink: /home/nexium/ros_ws/install/rmoss_interfaces/include/rmoss_interfaces/rmoss_interfaces/msg/detail/gimbal_cmd__type_support.h
-- Up-to-date symlink: /home/nexium/ros_ws/install/rmoss_interfaces/include/rmoss_interfaces/rmoss_interfaces/msg/detail/referee_cmd__functions.h
-- Up-to-date symlink: /home/nexium/ros_ws/install/rmoss_interfaces/include/rmoss_interfaces/rmoss_interfaces/msg/detail/referee_cmd__struct.h
-- Up-to-date symlink: /home/nexium/ros_ws/install/rmoss_interfaces/include/rmoss_interfaces/rmoss_interfaces/msg/detail/referee_cmd__type_support.h
-- Up-to-date symlink: /home/nexium/ros_ws/install/rmoss_interfaces/include/rmoss_interfaces/rmoss_interfaces/msg/detail/rfid_status__functions.h
-- Up-to-date symlink: /home/nexium/ros_ws/install/rmoss_interfaces/include/rmoss_interfaces/rmoss_interfaces/msg/detail/rfid_status__struct.h
-- Up-to-date symlink: /home/nexium/ros_ws/install/rmoss_interfaces/include/rmoss_interfaces/rmoss_interfaces/msg/detail/rfid_status__type_support.h
-- Up-to-date symlink: /home/nexium/ros_ws/install/rmoss_interfaces/include/rmoss_interfaces/rmoss_interfaces/msg/detail/rfid_status_array__functions.h
-- Up-to-date symlink: /home/nexium/ros_ws/install/rmoss_interfaces/include/rmoss_interfaces/rmoss_interfaces/msg/detail/rfid_status_array__struct.h
-- Up-to-date symlink: /home/nexium/ros_ws/install/rmoss_interfaces/include/rmoss_interfaces/rmoss_interfaces/msg/detail/rfid_status_array__type_support.h
-- Up-to-date symlink: /home/nexium/ros_ws/install/rmoss_interfaces/include/rmoss_interfaces/rmoss_interfaces/msg/detail/robot_status__functions.h
-- Up-to-date symlink: /home/nexium/ros_ws/install/rmoss_interfaces/include/rmoss_interfaces/rmoss_interfaces/msg/detail/robot_status__struct.h
-- Up-to-date symlink: /home/nexium/ros_ws/install/rmoss_interfaces/include/rmoss_interfaces/rmoss_interfaces/msg/detail/robot_status__type_support.h
-- Up-to-date symlink: /home/nexium/ros_ws/install/rmoss_interfaces/include/rmoss_interfaces/rmoss_interfaces/msg/detail/shoot_cmd__functions.h
-- Up-to-date symlink: /home/nexium/ros_ws/install/rmoss_interfaces/include/rmoss_interfaces/rmoss_interfaces/msg/detail/shoot_cmd__struct.h
-- Up-to-date symlink: /home/nexium/ros_ws/install/rmoss_interfaces/include/rmoss_interfaces/rmoss_interfaces/msg/detail/shoot_cmd__type_support.h
-- Up-to-date symlink: /home/nexium/ros_ws/install/rmoss_interfaces/include/rmoss_interfaces/rmoss_interfaces/msg/exchange_ammon.h
-- Up-to-date symlink: /home/nexium/ros_ws/install/rmoss_interfaces/include/rmoss_interfaces/rmoss_interfaces/msg/game_status.h
-- Up-to-date symlink: /home/nexium/ros_ws/install/rmoss_interfaces/include/rmoss_interfaces/rmoss_interfaces/msg/gimbal.h
-- Up-to-date symlink: /home/nexium/ros_ws/install/rmoss_interfaces/include/rmoss_interfaces/rmoss_interfaces/msg/gimbal_cmd.h
-- Up-to-date symlink: /home/nexium/ros_ws/install/rmoss_interfaces/include/rmoss_interfaces/rmoss_interfaces/msg/referee_cmd.h
-- Up-to-date symlink: /home/nexium/ros_ws/install/rmoss_interfaces/include/rmoss_interfaces/rmoss_interfaces/msg/rfid_status.h
-- Up-to-date symlink: /home/nexium/ros_ws/install/rmoss_interfaces/include/rmoss_interfaces/rmoss_interfaces/msg/rfid_status_array.h
-- Up-to-date symlink: /home/nexium/ros_ws/install/rmoss_interfaces/include/rmoss_interfaces/rmoss_interfaces/msg/robot_status.h
-- Up-to-date symlink: /home/nexium/ros_ws/install/rmoss_interfaces/include/rmoss_interfaces/rmoss_interfaces/msg/rosidl_generator_c__visibility_control.h
-- Up-to-date symlink: /home/nexium/ros_ws/install/rmoss_interfaces/include/rmoss_interfaces/rmoss_interfaces/msg/shoot_cmd.h
-- Up-to-date symlink: /home/nexium/ros_ws/install/rmoss_interfaces/include/rmoss_interfaces/rmoss_interfaces/srv/control_task.h
-- Up-to-date symlink: /home/nexium/ros_ws/install/rmoss_interfaces/include/rmoss_interfaces/rmoss_interfaces/srv/detail/control_task__functions.h
-- Up-to-date symlink: /home/nexium/ros_ws/install/rmoss_interfaces/include/rmoss_interfaces/rmoss_interfaces/srv/detail/control_task__struct.h
-- Up-to-date symlink: /home/nexium/ros_ws/install/rmoss_interfaces/include/rmoss_interfaces/rmoss_interfaces/srv/detail/control_task__type_support.h
-- Up-to-date symlink: /home/nexium/ros_ws/install/rmoss_interfaces/include/rmoss_interfaces/rmoss_interfaces/srv/detail/exchange_ammon__functions.h
-- Up-to-date symlink: /home/nexium/ros_ws/install/rmoss_interfaces/include/rmoss_interfaces/rmoss_interfaces/srv/detail/exchange_ammon__struct.h
-- Up-to-date symlink: /home/nexium/ros_ws/install/rmoss_interfaces/include/rmoss_interfaces/rmoss_interfaces/srv/detail/exchange_ammon__type_support.h
-- Up-to-date symlink: /home/nexium/ros_ws/install/rmoss_interfaces/include/rmoss_interfaces/rmoss_interfaces/srv/detail/get_camera_info__functions.h
-- Up-to-date symlink: /home/nexium/ros_ws/install/rmoss_interfaces/include/rmoss_interfaces/rmoss_interfaces/srv/detail/get_camera_info__struct.h
-- Up-to-date symlink: /home/nexium/ros_ws/install/rmoss_interfaces/include/rmoss_interfaces/rmoss_interfaces/srv/detail/get_camera_info__type_support.h
-- Up-to-date symlink: /home/nexium/ros_ws/install/rmoss_interfaces/include/rmoss_interfaces/rmoss_interfaces/srv/detail/get_mode__functions.h
-- Up-to-date symlink: /home/nexium/ros_ws/install/rmoss_interfaces/include/rmoss_interfaces/rmoss_interfaces/srv/detail/get_mode__struct.h
-- Up-to-date symlink: /home/nexium/ros_ws/install/rmoss_interfaces/include/rmoss_interfaces/rmoss_interfaces/srv/detail/get_mode__type_support.h
-- Up-to-date symlink: /home/nexium/ros_ws/install/rmoss_interfaces/include/rmoss_interfaces/rmoss_interfaces/srv/detail/get_task_status__functions.h
-- Up-to-date symlink: /home/nexium/ros_ws/install/rmoss_interfaces/include/rmoss_interfaces/rmoss_interfaces/srv/detail/get_task_status__struct.h
-- Up-to-date symlink: /home/nexium/ros_ws/install/rmoss_interfaces/include/rmoss_interfaces/rmoss_interfaces/srv/detail/get_task_status__type_support.h
-- Up-to-date symlink: /home/nexium/ros_ws/install/rmoss_interfaces/include/rmoss_interfaces/rmoss_interfaces/srv/detail/set_color__functions.h
-- Up-to-date symlink: /home/nexium/ros_ws/install/rmoss_interfaces/include/rmoss_interfaces/rmoss_interfaces/srv/detail/set_color__struct.h
-- Up-to-date symlink: /home/nexium/ros_ws/install/rmoss_interfaces/include/rmoss_interfaces/rmoss_interfaces/srv/detail/set_color__type_support.h
-- Up-to-date symlink: /home/nexium/ros_ws/install/rmoss_interfaces/include/rmoss_interfaces/rmoss_interfaces/srv/detail/set_mode__functions.h
-- Up-to-date symlink: /home/nexium/ros_ws/install/rmoss_interfaces/include/rmoss_interfaces/rmoss_interfaces/srv/detail/set_mode__struct.h
-- Up-to-date symlink: /home/nexium/ros_ws/install/rmoss_interfaces/include/rmoss_interfaces/rmoss_interfaces/srv/detail/set_mode__type_support.h
-- Up-to-date symlink: /home/nexium/ros_ws/install/rmoss_interfaces/include/rmoss_interfaces/rmoss_interfaces/srv/exchange_ammon.h
-- Up-to-date symlink: /home/nexium/ros_ws/install/rmoss_interfaces/include/rmoss_interfaces/rmoss_interfaces/srv/get_camera_info.h
-- Up-to-date symlink: /home/nexium/ros_ws/install/rmoss_interfaces/include/rmoss_interfaces/rmoss_interfaces/srv/get_mode.h
-- Up-to-date symlink: /home/nexium/ros_ws/install/rmoss_interfaces/include/rmoss_interfaces/rmoss_interfaces/srv/get_task_status.h
-- Up-to-date symlink: /home/nexium/ros_ws/install/rmoss_interfaces/include/rmoss_interfaces/rmoss_interfaces/srv/set_color.h
-- Up-to-date symlink: /home/nexium/ros_ws/install/rmoss_interfaces/include/rmoss_interfaces/rmoss_interfaces/srv/set_mode.h
-- Up-to-date symlink: /home/nexium/ros_ws/install/rmoss_interfaces/share/rmoss_interfaces/environment/library_path.sh
-- Up-to-date symlink: /home/nexium/ros_ws/install/rmoss_interfaces/share/rmoss_interfaces/environment/library_path.dsv
-- Up-to-date symlink: /home/nexium/ros_ws/install/rmoss_interfaces/include/rmoss_interfaces/rmoss_interfaces/msg/detail/chassis_cmd__rosidl_typesupport_fastrtps_c.h
-- Up-to-date symlink: /home/nexium/ros_ws/install/rmoss_interfaces/include/rmoss_interfaces/rmoss_interfaces/msg/detail/exchange_ammon__rosidl_typesupport_fastrtps_c.h
-- Up-to-date symlink: /home/nexium/ros_ws/install/rmoss_interfaces/include/rmoss_interfaces/rmoss_interfaces/msg/detail/game_status__rosidl_typesupport_fastrtps_c.h
-- Up-to-date symlink: /home/nexium/ros_ws/install/rmoss_interfaces/include/rmoss_interfaces/rmoss_interfaces/msg/detail/gimbal__rosidl_typesupport_fastrtps_c.h
-- Up-to-date symlink: /home/nexium/ros_ws/install/rmoss_interfaces/include/rmoss_interfaces/rmoss_interfaces/msg/detail/gimbal_cmd__rosidl_typesupport_fastrtps_c.h
-- Up-to-date symlink: /home/nexium/ros_ws/install/rmoss_interfaces/include/rmoss_interfaces/rmoss_interfaces/msg/detail/referee_cmd__rosidl_typesupport_fastrtps_c.h
-- Up-to-date symlink: /home/nexium/ros_ws/install/rmoss_interfaces/include/rmoss_interfaces/rmoss_interfaces/msg/detail/rfid_status__rosidl_typesupport_fastrtps_c.h
-- Up-to-date symlink: /home/nexium/ros_ws/install/rmoss_interfaces/include/rmoss_interfaces/rmoss_interfaces/msg/detail/rfid_status_array__rosidl_typesupport_fastrtps_c.h
-- Up-to-date symlink: /home/nexium/ros_ws/install/rmoss_interfaces/include/rmoss_interfaces/rmoss_interfaces/msg/detail/robot_status__rosidl_typesupport_fastrtps_c.h
-- Up-to-date symlink: /home/nexium/ros_ws/install/rmoss_interfaces/include/rmoss_interfaces/rmoss_interfaces/msg/detail/shoot_cmd__rosidl_typesupport_fastrtps_c.h
-- Up-to-date symlink: /home/nexium/ros_ws/install/rmoss_interfaces/include/rmoss_interfaces/rmoss_interfaces/msg/rosidl_typesupport_fastrtps_c__visibility_control.h
-- Up-to-date symlink: /home/nexium/ros_ws/install/rmoss_interfaces/include/rmoss_interfaces/rmoss_interfaces/srv/detail/control_task__rosidl_typesupport_fastrtps_c.h
-- Up-to-date symlink: /home/nexium/ros_ws/install/rmoss_interfaces/include/rmoss_interfaces/rmoss_interfaces/srv/detail/exchange_ammon__rosidl_typesupport_fastrtps_c.h
-- Up-to-date symlink: /home/nexium/ros_ws/install/rmoss_interfaces/include/rmoss_interfaces/rmoss_interfaces/srv/detail/get_camera_info__rosidl_typesupport_fastrtps_c.h
-- Up-to-date symlink: /home/nexium/ros_ws/install/rmoss_interfaces/include/rmoss_interfaces/rmoss_interfaces/srv/detail/get_mode__rosidl_typesupport_fastrtps_c.h
-- Up-to-date symlink: /home/nexium/ros_ws/install/rmoss_interfaces/include/rmoss_interfaces/rmoss_interfaces/srv/detail/get_task_status__rosidl_typesupport_fastrtps_c.h
-- Up-to-date symlink: /home/nexium/ros_ws/install/rmoss_interfaces/include/rmoss_interfaces/rmoss_interfaces/srv/detail/set_color__rosidl_typesupport_fastrtps_c.h
-- Up-to-date symlink: /home/nexium/ros_ws/install/rmoss_interfaces/include/rmoss_interfaces/rmoss_interfaces/srv/detail/set_mode__rosidl_typesupport_fastrtps_c.h
-- Up-to-date symlink: /home/nexium/ros_ws/install/rmoss_interfaces/include/rmoss_interfaces/rmoss_interfaces/msg/chassis_cmd.hpp
-- Up-to-date symlink: /home/nexium/ros_ws/install/rmoss_interfaces/include/rmoss_interfaces/rmoss_interfaces/msg/detail/chassis_cmd__builder.hpp
-- Up-to-date symlink: /home/nexium/ros_ws/install/rmoss_interfaces/include/rmoss_interfaces/rmoss_interfaces/msg/detail/chassis_cmd__struct.hpp
-- Up-to-date symlink: /home/nexium/ros_ws/install/rmoss_interfaces/include/rmoss_interfaces/rmoss_interfaces/msg/detail/chassis_cmd__traits.hpp
-- Up-to-date symlink: /home/nexium/ros_ws/install/rmoss_interfaces/include/rmoss_interfaces/rmoss_interfaces/msg/detail/chassis_cmd__type_support.hpp
-- Up-to-date symlink: /home/nexium/ros_ws/install/rmoss_interfaces/include/rmoss_interfaces/rmoss_interfaces/msg/detail/exchange_ammon__builder.hpp
-- Up-to-date symlink: /home/nexium/ros_ws/install/rmoss_interfaces/include/rmoss_interfaces/rmoss_interfaces/msg/detail/exchange_ammon__struct.hpp
-- Up-to-date symlink: /home/nexium/ros_ws/install/rmoss_interfaces/include/rmoss_interfaces/rmoss_interfaces/msg/detail/exchange_ammon__traits.hpp
-- Up-to-date symlink: /home/nexium/ros_ws/install/rmoss_interfaces/include/rmoss_interfaces/rmoss_interfaces/msg/detail/exchange_ammon__type_support.hpp
-- Up-to-date symlink: /home/nexium/ros_ws/install/rmoss_interfaces/include/rmoss_interfaces/rmoss_interfaces/msg/detail/game_status__builder.hpp
-- Up-to-date symlink: /home/nexium/ros_ws/install/rmoss_interfaces/include/rmoss_interfaces/rmoss_interfaces/msg/detail/game_status__struct.hpp
-- Up-to-date symlink: /home/nexium/ros_ws/install/rmoss_interfaces/include/rmoss_interfaces/rmoss_interfaces/msg/detail/game_status__traits.hpp
-- Up-to-date symlink: /home/nexium/ros_ws/install/rmoss_interfaces/include/rmoss_interfaces/rmoss_interfaces/msg/detail/game_status__type_support.hpp
-- Up-to-date symlink: /home/nexium/ros_ws/install/rmoss_interfaces/include/rmoss_interfaces/rmoss_interfaces/msg/detail/gimbal__builder.hpp
-- Up-to-date symlink: /home/nexium/ros_ws/install/rmoss_interfaces/include/rmoss_interfaces/rmoss_interfaces/msg/detail/gimbal__struct.hpp
-- Up-to-date symlink: /home/nexium/ros_ws/install/rmoss_interfaces/include/rmoss_interfaces/rmoss_interfaces/msg/detail/gimbal__traits.hpp
-- Up-to-date symlink: /home/nexium/ros_ws/install/rmoss_interfaces/include/rmoss_interfaces/rmoss_interfaces/msg/detail/gimbal__type_support.hpp
-- Up-to-date symlink: /home/nexium/ros_ws/install/rmoss_interfaces/include/rmoss_interfaces/rmoss_interfaces/msg/detail/gimbal_cmd__builder.hpp
-- Up-to-date symlink: /home/nexium/ros_ws/install/rmoss_interfaces/include/rmoss_interfaces/rmoss_interfaces/msg/detail/gimbal_cmd__struct.hpp
-- Up-to-date symlink: /home/nexium/ros_ws/install/rmoss_interfaces/include/rmoss_interfaces/rmoss_interfaces/msg/detail/gimbal_cmd__traits.hpp
-- Up-to-date symlink: /home/nexium/ros_ws/install/rmoss_interfaces/include/rmoss_interfaces/rmoss_interfaces/msg/detail/gimbal_cmd__type_support.hpp
-- Up-to-date symlink: /home/nexium/ros_ws/install/rmoss_interfaces/include/rmoss_interfaces/rmoss_interfaces/msg/detail/referee_cmd__builder.hpp
-- Up-to-date symlink: /home/nexium/ros_ws/install/rmoss_interfaces/include/rmoss_interfaces/rmoss_interfaces/msg/detail/referee_cmd__struct.hpp
-- Up-to-date symlink: /home/nexium/ros_ws/install/rmoss_interfaces/include/rmoss_interfaces/rmoss_interfaces/msg/detail/referee_cmd__traits.hpp
-- Up-to-date symlink: /home/nexium/ros_ws/install/rmoss_interfaces/include/rmoss_interfaces/rmoss_interfaces/msg/detail/referee_cmd__type_support.hpp
-- Up-to-date symlink: /home/nexium/ros_ws/install/rmoss_interfaces/include/rmoss_interfaces/rmoss_interfaces/msg/detail/rfid_status__builder.hpp
-- Up-to-date symlink: /home/nexium/ros_ws/install/rmoss_interfaces/include/rmoss_interfaces/rmoss_interfaces/msg/detail/rfid_status__struct.hpp
-- Up-to-date symlink: /home/nexium/ros_ws/install/rmoss_interfaces/include/rmoss_interfaces/rmoss_interfaces/msg/detail/rfid_status__traits.hpp
-- Up-to-date symlink: /home/nexium/ros_ws/install/rmoss_interfaces/include/rmoss_interfaces/rmoss_interfaces/msg/detail/rfid_status__type_support.hpp
-- Up-to-date symlink: /home/nexium/ros_ws/install/rmoss_interfaces/include/rmoss_interfaces/rmoss_interfaces/msg/detail/rfid_status_array__builder.hpp
-- Up-to-date symlink: /home/nexium/ros_ws/install/rmoss_interfaces/include/rmoss_interfaces/rmoss_interfaces/msg/detail/rfid_status_array__struct.hpp
-- Up-to-date symlink: /home/nexium/ros_ws/install/rmoss_interfaces/include/rmoss_interfaces/rmoss_interfaces/msg/detail/rfid_status_array__traits.hpp
-- Up-to-date symlink: /home/nexium/ros_ws/install/rmoss_interfaces/include/rmoss_interfaces/rmoss_interfaces/msg/detail/rfid_status_array__type_support.hpp
-- Up-to-date symlink: /home/nexium/ros_ws/install/rmoss_interfaces/include/rmoss_interfaces/rmoss_interfaces/msg/detail/robot_status__builder.hpp
-- Up-to-date symlink: /home/nexium/ros_ws/install/rmoss_interfaces/include/rmoss_interfaces/rmoss_interfaces/msg/detail/robot_status__struct.hpp
-- Up-to-date symlink: /home/nexium/ros_ws/install/rmoss_interfaces/include/rmoss_interfaces/rmoss_interfaces/msg/detail/robot_status__traits.hpp
-- Up-to-date symlink: /home/nexium/ros_ws/install/rmoss_interfaces/include/rmoss_interfaces/rmoss_interfaces/msg/detail/robot_status__type_support.hpp
-- Up-to-date symlink: /home/nexium/ros_ws/install/rmoss_interfaces/include/rmoss_interfaces/rmoss_interfaces/msg/detail/shoot_cmd__builder.hpp
-- Up-to-date symlink: /home/nexium/ros_ws/install/rmoss_interfaces/include/rmoss_interfaces/rmoss_interfaces/msg/detail/shoot_cmd__struct.hpp
-- Up-to-date symlink: /home/nexium/ros_ws/install/rmoss_interfaces/include/rmoss_interfaces/rmoss_interfaces/msg/detail/shoot_cmd__traits.hpp
-- Up-to-date symlink: /home/nexium/ros_ws/install/rmoss_interfaces/include/rmoss_interfaces/rmoss_interfaces/msg/detail/shoot_cmd__type_support.hpp
-- Up-to-date symlink: /home/nexium/ros_ws/install/rmoss_interfaces/include/rmoss_interfaces/rmoss_interfaces/msg/exchange_ammon.hpp
-- Up-to-date symlink: /home/nexium/ros_ws/install/rmoss_interfaces/include/rmoss_interfaces/rmoss_interfaces/msg/game_status.hpp
-- Up-to-date symlink: /home/nexium/ros_ws/install/rmoss_interfaces/include/rmoss_interfaces/rmoss_interfaces/msg/gimbal.hpp
-- Up-to-date symlink: /home/nexium/ros_ws/install/rmoss_interfaces/include/rmoss_interfaces/rmoss_interfaces/msg/gimbal_cmd.hpp
-- Up-to-date symlink: /home/nexium/ros_ws/install/rmoss_interfaces/include/rmoss_interfaces/rmoss_interfaces/msg/referee_cmd.hpp
-- Up-to-date symlink: /home/nexium/ros_ws/install/rmoss_interfaces/include/rmoss_interfaces/rmoss_interfaces/msg/rfid_status.hpp
-- Up-to-date symlink: /home/nexium/ros_ws/install/rmoss_interfaces/include/rmoss_interfaces/rmoss_interfaces/msg/rfid_status_array.hpp
-- Up-to-date symlink: /home/nexium/ros_ws/install/rmoss_interfaces/include/rmoss_interfaces/rmoss_interfaces/msg/robot_status.hpp
-- Up-to-date symlink: /home/nexium/ros_ws/install/rmoss_interfaces/include/rmoss_interfaces/rmoss_interfaces/msg/rosidl_generator_cpp__visibility_control.hpp
-- Up-to-date symlink: /home/nexium/ros_ws/install/rmoss_interfaces/include/rmoss_interfaces/rmoss_interfaces/msg/shoot_cmd.hpp
-- Up-to-date symlink: /home/nexium/ros_ws/install/rmoss_interfaces/include/rmoss_interfaces/rmoss_interfaces/srv/control_task.hpp
-- Up-to-date symlink: /home/nexium/ros_ws/install/rmoss_interfaces/include/rmoss_interfaces/rmoss_interfaces/srv/detail/control_task__builder.hpp
-- Up-to-date symlink: /home/nexium/ros_ws/install/rmoss_interfaces/include/rmoss_interfaces/rmoss_interfaces/srv/detail/control_task__struct.hpp
-- Up-to-date symlink: /home/nexium/ros_ws/install/rmoss_interfaces/include/rmoss_interfaces/rmoss_interfaces/srv/detail/control_task__traits.hpp
-- Up-to-date symlink: /home/nexium/ros_ws/install/rmoss_interfaces/include/rmoss_interfaces/rmoss_interfaces/srv/detail/control_task__type_support.hpp
-- Up-to-date symlink: /home/nexium/ros_ws/install/rmoss_interfaces/include/rmoss_interfaces/rmoss_interfaces/srv/detail/exchange_ammon__builder.hpp
-- Up-to-date symlink: /home/nexium/ros_ws/install/rmoss_interfaces/include/rmoss_interfaces/rmoss_interfaces/srv/detail/exchange_ammon__struct.hpp
-- Up-to-date symlink: /home/nexium/ros_ws/install/rmoss_interfaces/include/rmoss_interfaces/rmoss_interfaces/srv/detail/exchange_ammon__traits.hpp
-- Up-to-date symlink: /home/nexium/ros_ws/install/rmoss_interfaces/include/rmoss_interfaces/rmoss_interfaces/srv/detail/exchange_ammon__type_support.hpp
-- Up-to-date symlink: /home/nexium/ros_ws/install/rmoss_interfaces/include/rmoss_interfaces/rmoss_interfaces/srv/detail/get_camera_info__builder.hpp
-- Up-to-date symlink: /home/nexium/ros_ws/install/rmoss_interfaces/include/rmoss_interfaces/rmoss_interfaces/srv/detail/get_camera_info__struct.hpp
-- Up-to-date symlink: /home/nexium/ros_ws/install/rmoss_interfaces/include/rmoss_interfaces/rmoss_interfaces/srv/detail/get_camera_info__traits.hpp
-- Up-to-date symlink: /home/nexium/ros_ws/install/rmoss_interfaces/include/rmoss_interfaces/rmoss_interfaces/srv/detail/get_camera_info__type_support.hpp
-- Up-to-date symlink: /home/nexium/ros_ws/install/rmoss_interfaces/include/rmoss_interfaces/rmoss_interfaces/srv/detail/get_mode__builder.hpp
-- Up-to-date symlink: /home/nexium/ros_ws/install/rmoss_interfaces/include/rmoss_interfaces/rmoss_interfaces/srv/detail/get_mode__struct.hpp
-- Up-to-date symlink: /home/nexium/ros_ws/install/rmoss_interfaces/include/rmoss_interfaces/rmoss_interfaces/srv/detail/get_mode__traits.hpp
-- Up-to-date symlink: /home/nexium/ros_ws/install/rmoss_interfaces/include/rmoss_interfaces/rmoss_interfaces/srv/detail/get_mode__type_support.hpp
-- Up-to-date symlink: /home/nexium/ros_ws/install/rmoss_interfaces/include/rmoss_interfaces/rmoss_interfaces/srv/detail/get_task_status__builder.hpp
-- Up-to-date symlink: /home/nexium/ros_ws/install/rmoss_interfaces/include/rmoss_interfaces/rmoss_interfaces/srv/detail/get_task_status__struct.hpp
-- Up-to-date symlink: /home/nexium/ros_ws/install/rmoss_interfaces/include/rmoss_interfaces/rmoss_interfaces/srv/detail/get_task_status__traits.hpp
-- Up-to-date symlink: /home/nexium/ros_ws/install/rmoss_interfaces/include/rmoss_interfaces/rmoss_interfaces/srv/detail/get_task_status__type_support.hpp
-- Up-to-date symlink: /home/nexium/ros_ws/install/rmoss_interfaces/include/rmoss_interfaces/rmoss_interfaces/srv/detail/set_color__builder.hpp
-- Up-to-date symlink: /home/nexium/ros_ws/install/rmoss_interfaces/include/rmoss_interfaces/rmoss_interfaces/srv/detail/set_color__struct.hpp
-- Up-to-date symlink: /home/nexium/ros_ws/install/rmoss_interfaces/include/rmoss_interfaces/rmoss_interfaces/srv/detail/set_color__traits.hpp
-- Up-to-date symlink: /home/nexium/ros_ws/install/rmoss_interfaces/include/rmoss_interfaces/rmoss_interfaces/srv/detail/set_color__type_support.hpp
-- Up-to-date symlink: /home/nexium/ros_ws/install/rmoss_interfaces/include/rmoss_interfaces/rmoss_interfaces/srv/detail/set_mode__builder.hpp
-- Up-to-date symlink: /home/nexium/ros_ws/install/rmoss_interfaces/include/rmoss_interfaces/rmoss_interfaces/srv/detail/set_mode__struct.hpp
-- Up-to-date symlink: /home/nexium/ros_ws/install/rmoss_interfaces/include/rmoss_interfaces/rmoss_interfaces/srv/detail/set_mode__traits.hpp
-- Up-to-date symlink: /home/nexium/ros_ws/install/rmoss_interfaces/include/rmoss_interfaces/rmoss_interfaces/srv/detail/set_mode__type_support.hpp
-- Up-to-date symlink: /home/nexium/ros_ws/install/rmoss_interfaces/include/rmoss_interfaces/rmoss_interfaces/srv/exchange_ammon.hpp
-- Up-to-date symlink: /home/nexium/ros_ws/install/rmoss_interfaces/include/rmoss_interfaces/rmoss_interfaces/srv/get_camera_info.hpp
-- Up-to-date symlink: /home/nexium/ros_ws/install/rmoss_interfaces/include/rmoss_interfaces/rmoss_interfaces/srv/get_mode.hpp
-- Up-to-date symlink: /home/nexium/ros_ws/install/rmoss_interfaces/include/rmoss_interfaces/rmoss_interfaces/srv/get_task_status.hpp
-- Up-to-date symlink: /home/nexium/ros_ws/install/rmoss_interfaces/include/rmoss_interfaces/rmoss_interfaces/srv/set_color.hpp
-- Up-to-date symlink: /home/nexium/ros_ws/install/rmoss_interfaces/include/rmoss_interfaces/rmoss_interfaces/srv/set_mode.hpp
-- Up-to-date symlink: /home/nexium/ros_ws/install/rmoss_interfaces/include/rmoss_interfaces/rmoss_interfaces/msg/detail/chassis_cmd__rosidl_typesupport_fastrtps_cpp.hpp
-- Up-to-date symlink: /home/nexium/ros_ws/install/rmoss_interfaces/include/rmoss_interfaces/rmoss_interfaces/msg/detail/exchange_ammon__rosidl_typesupport_fastrtps_cpp.hpp
-- Up-to-date symlink: /home/nexium/ros_ws/install/rmoss_interfaces/include/rmoss_interfaces/rmoss_interfaces/msg/detail/game_status__rosidl_typesupport_fastrtps_cpp.hpp
-- Up-to-date symlink: /home/nexium/ros_ws/install/rmoss_interfaces/include/rmoss_interfaces/rmoss_interfaces/msg/detail/gimbal__rosidl_typesupport_fastrtps_cpp.hpp
-- Up-to-date symlink: /home/nexium/ros_ws/install/rmoss_interfaces/include/rmoss_interfaces/rmoss_interfaces/msg/detail/gimbal_cmd__rosidl_typesupport_fastrtps_cpp.hpp
-- Up-to-date symlink: /home/nexium/ros_ws/install/rmoss_interfaces/include/rmoss_interfaces/rmoss_interfaces/msg/detail/referee_cmd__rosidl_typesupport_fastrtps_cpp.hpp
-- Up-to-date symlink: /home/nexium/ros_ws/install/rmoss_interfaces/include/rmoss_interfaces/rmoss_interfaces/msg/detail/rfid_status__rosidl_typesupport_fastrtps_cpp.hpp
-- Up-to-date symlink: /home/nexium/ros_ws/install/rmoss_interfaces/include/rmoss_interfaces/rmoss_interfaces/msg/detail/rfid_status_array__rosidl_typesupport_fastrtps_cpp.hpp
-- Up-to-date symlink: /home/nexium/ros_ws/install/rmoss_interfaces/include/rmoss_interfaces/rmoss_interfaces/msg/detail/robot_status__rosidl_typesupport_fastrtps_cpp.hpp
-- Up-to-date symlink: /home/nexium/ros_ws/install/rmoss_interfaces/include/rmoss_interfaces/rmoss_interfaces/msg/detail/shoot_cmd__rosidl_typesupport_fastrtps_cpp.hpp
-- Up-to-date symlink: /home/nexium/ros_ws/install/rmoss_interfaces/include/rmoss_interfaces/rmoss_interfaces/msg/rosidl_typesupport_fastrtps_cpp__visibility_control.h
-- Up-to-date symlink: /home/nexium/ros_ws/install/rmoss_interfaces/include/rmoss_interfaces/rmoss_interfaces/srv/detail/control_task__rosidl_typesupport_fastrtps_cpp.hpp
-- Up-to-date symlink: /home/nexium/ros_ws/install/rmoss_interfaces/include/rmoss_interfaces/rmoss_interfaces/srv/detail/exchange_ammon__rosidl_typesupport_fastrtps_cpp.hpp
-- Up-to-date symlink: /home/nexium/ros_ws/install/rmoss_interfaces/include/rmoss_interfaces/rmoss_interfaces/srv/detail/get_camera_info__rosidl_typesupport_fastrtps_cpp.hpp
-- Up-to-date symlink: /home/nexium/ros_ws/install/rmoss_interfaces/include/rmoss_interfaces/rmoss_interfaces/srv/detail/get_mode__rosidl_typesupport_fastrtps_cpp.hpp
-- Up-to-date symlink: /home/nexium/ros_ws/install/rmoss_interfaces/include/rmoss_interfaces/rmoss_interfaces/srv/detail/get_task_status__rosidl_typesupport_fastrtps_cpp.hpp
-- Up-to-date symlink: /home/nexium/ros_ws/install/rmoss_interfaces/include/rmoss_interfaces/rmoss_interfaces/srv/detail/set_color__rosidl_typesupport_fastrtps_cpp.hpp
-- Up-to-date symlink: /home/nexium/ros_ws/install/rmoss_interfaces/include/rmoss_interfaces/rmoss_interfaces/srv/detail/set_mode__rosidl_typesupport_fastrtps_cpp.hpp
-- Up-to-date symlink: /home/nexium/ros_ws/install/rmoss_interfaces/include/rmoss_interfaces/rmoss_interfaces/msg/detail/chassis_cmd__rosidl_typesupport_introspection_c.h
-- Up-to-date symlink: /home/nexium/ros_ws/install/rmoss_interfaces/include/rmoss_interfaces/rmoss_interfaces/msg/detail/exchange_ammon__rosidl_typesupport_introspection_c.h
-- Up-to-date symlink: /home/nexium/ros_ws/install/rmoss_interfaces/include/rmoss_interfaces/rmoss_interfaces/msg/detail/game_status__rosidl_typesupport_introspection_c.h
-- Up-to-date symlink: /home/nexium/ros_ws/install/rmoss_interfaces/include/rmoss_interfaces/rmoss_interfaces/msg/detail/gimbal__rosidl_typesupport_introspection_c.h
-- Up-to-date symlink: /home/nexium/ros_ws/install/rmoss_interfaces/include/rmoss_interfaces/rmoss_interfaces/msg/detail/gimbal_cmd__rosidl_typesupport_introspection_c.h
-- Up-to-date symlink: /home/nexium/ros_ws/install/rmoss_interfaces/include/rmoss_interfaces/rmoss_interfaces/msg/detail/referee_cmd__rosidl_typesupport_introspection_c.h
-- Up-to-date symlink: /home/nexium/ros_ws/install/rmoss_interfaces/include/rmoss_interfaces/rmoss_interfaces/msg/detail/rfid_status__rosidl_typesupport_introspection_c.h
-- Up-to-date symlink: /home/nexium/ros_ws/install/rmoss_interfaces/include/rmoss_interfaces/rmoss_interfaces/msg/detail/rfid_status_array__rosidl_typesupport_introspection_c.h
-- Up-to-date symlink: /home/nexium/ros_ws/install/rmoss_interfaces/include/rmoss_interfaces/rmoss_interfaces/msg/detail/robot_status__rosidl_typesupport_introspection_c.h
-- Up-to-date symlink: /home/nexium/ros_ws/install/rmoss_interfaces/include/rmoss_interfaces/rmoss_interfaces/msg/detail/shoot_cmd__rosidl_typesupport_introspection_c.h
-- Up-to-date symlink: /home/nexium/ros_ws/install/rmoss_interfaces/include/rmoss_interfaces/rmoss_interfaces/msg/rosidl_typesupport_introspection_c__visibility_control.h
-- Up-to-date symlink: /home/nexium/ros_ws/install/rmoss_interfaces/include/rmoss_interfaces/rmoss_interfaces/srv/detail/control_task__rosidl_typesupport_introspection_c.h
-- Up-to-date symlink: /home/nexium/ros_ws/install/rmoss_interfaces/include/rmoss_interfaces/rmoss_interfaces/srv/detail/exchange_ammon__rosidl_typesupport_introspection_c.h
-- Up-to-date symlink: /home/nexium/ros_ws/install/rmoss_interfaces/include/rmoss_interfaces/rmoss_interfaces/srv/detail/get_camera_info__rosidl_typesupport_introspection_c.h
-- Up-to-date symlink: /home/nexium/ros_ws/install/rmoss_interfaces/include/rmoss_interfaces/rmoss_interfaces/srv/detail/get_mode__rosidl_typesupport_introspection_c.h
-- Up-to-date symlink: /home/nexium/ros_ws/install/rmoss_interfaces/include/rmoss_interfaces/rmoss_interfaces/srv/detail/get_task_status__rosidl_typesupport_introspection_c.h
-- Up-to-date symlink: /home/nexium/ros_ws/install/rmoss_interfaces/include/rmoss_interfaces/rmoss_interfaces/srv/detail/set_color__rosidl_typesupport_introspection_c.h
-- Up-to-date symlink: /home/nexium/ros_ws/install/rmoss_interfaces/include/rmoss_interfaces/rmoss_interfaces/srv/detail/set_mode__rosidl_typesupport_introspection_c.h
-- Up-to-date symlink: /home/nexium/ros_ws/install/rmoss_interfaces/include/rmoss_interfaces/rmoss_interfaces/msg/detail/chassis_cmd__rosidl_typesupport_introspection_cpp.hpp
-- Up-to-date symlink: /home/nexium/ros_ws/install/rmoss_interfaces/include/rmoss_interfaces/rmoss_interfaces/msg/detail/exchange_ammon__rosidl_typesupport_introspection_cpp.hpp
-- Up-to-date symlink: /home/nexium/ros_ws/install/rmoss_interfaces/include/rmoss_interfaces/rmoss_interfaces/msg/detail/game_status__rosidl_typesupport_introspection_cpp.hpp
-- Up-to-date symlink: /home/nexium/ros_ws/install/rmoss_interfaces/include/rmoss_interfaces/rmoss_interfaces/msg/detail/gimbal__rosidl_typesupport_introspection_cpp.hpp
-- Up-to-date symlink: /home/nexium/ros_ws/install/rmoss_interfaces/include/rmoss_interfaces/rmoss_interfaces/msg/detail/gimbal_cmd__rosidl_typesupport_introspection_cpp.hpp
-- Up-to-date symlink: /home/nexium/ros_ws/install/rmoss_interfaces/include/rmoss_interfaces/rmoss_interfaces/msg/detail/referee_cmd__rosidl_typesupport_introspection_cpp.hpp
-- Up-to-date symlink: /home/nexium/ros_ws/install/rmoss_interfaces/include/rmoss_interfaces/rmoss_interfaces/msg/detail/rfid_status__rosidl_typesupport_introspection_cpp.hpp
-- Up-to-date symlink: /home/nexium/ros_ws/install/rmoss_interfaces/include/rmoss_interfaces/rmoss_interfaces/msg/detail/rfid_status_array__rosidl_typesupport_introspection_cpp.hpp
-- Up-to-date symlink: /home/nexium/ros_ws/install/rmoss_interfaces/include/rmoss_interfaces/rmoss_interfaces/msg/detail/robot_status__rosidl_typesupport_introspection_cpp.hpp
-- Up-to-date symlink: /home/nexium/ros_ws/install/rmoss_interfaces/include/rmoss_interfaces/rmoss_interfaces/msg/detail/shoot_cmd__rosidl_typesupport_introspection_cpp.hpp
-- Up-to-date symlink: /home/nexium/ros_ws/install/rmoss_interfaces/include/rmoss_interfaces/rmoss_interfaces/srv/detail/control_task__rosidl_typesupport_introspection_cpp.hpp
-- Up-to-date symlink: /home/nexium/ros_ws/install/rmoss_interfaces/include/rmoss_interfaces/rmoss_interfaces/srv/detail/exchange_ammon__rosidl_typesupport_introspection_cpp.hpp
-- Up-to-date symlink: /home/nexium/ros_ws/install/rmoss_interfaces/include/rmoss_interfaces/rmoss_interfaces/srv/detail/get_camera_info__rosidl_typesupport_introspection_cpp.hpp
-- Up-to-date symlink: /home/nexium/ros_ws/install/rmoss_interfaces/include/rmoss_interfaces/rmoss_interfaces/srv/detail/get_mode__rosidl_typesupport_introspection_cpp.hpp
-- Up-to-date symlink: /home/nexium/ros_ws/install/rmoss_interfaces/include/rmoss_interfaces/rmoss_interfaces/srv/detail/get_task_status__rosidl_typesupport_introspection_cpp.hpp
-- Up-to-date symlink: /home/nexium/ros_ws/install/rmoss_interfaces/include/rmoss_interfaces/rmoss_interfaces/srv/detail/set_color__rosidl_typesupport_introspection_cpp.hpp
-- Up-to-date symlink: /home/nexium/ros_ws/install/rmoss_interfaces/include/rmoss_interfaces/rmoss_interfaces/srv/detail/set_mode__rosidl_typesupport_introspection_cpp.hpp
-- Up-to-date symlink: /home/nexium/ros_ws/install/rmoss_interfaces/share/rmoss_interfaces/environment/pythonpath.sh
-- Up-to-date symlink: /home/nexium/ros_ws/install/rmoss_interfaces/share/rmoss_interfaces/environment/pythonpath.dsv
-- Up-to-date symlink: /home/nexium/ros_ws/install/rmoss_interfaces/local/lib/python3.10/dist-packages/rmoss_interfaces-0.9.0-py3.10.egg-info/PKG-INFO
-- Up-to-date symlink: /home/nexium/ros_ws/install/rmoss_interfaces/local/lib/python3.10/dist-packages/rmoss_interfaces-0.9.0-py3.10.egg-info/SOURCES.txt
-- Up-to-date symlink: /home/nexium/ros_ws/install/rmoss_interfaces/local/lib/python3.10/dist-packages/rmoss_interfaces-0.9.0-py3.10.egg-info/dependency_links.txt
-- Up-to-date symlink: /home/nexium/ros_ws/install/rmoss_interfaces/local/lib/python3.10/dist-packages/rmoss_interfaces-0.9.0-py3.10.egg-info/top_level.txt
-- Up-to-date symlink: /home/nexium/ros_ws/install/rmoss_interfaces/local/lib/python3.10/dist-packages/rmoss_interfaces/__init__.py
-- Up-to-date symlink: /home/nexium/ros_ws/install/rmoss_interfaces/local/lib/python3.10/dist-packages/rmoss_interfaces/_rmoss_interfaces_s.ep.rosidl_typesupport_c.c
-- Up-to-date symlink: /home/nexium/ros_ws/install/rmoss_interfaces/local/lib/python3.10/dist-packages/rmoss_interfaces/_rmoss_interfaces_s.ep.rosidl_typesupport_fastrtps_c.c
-- Up-to-date symlink: /home/nexium/ros_ws/install/rmoss_interfaces/local/lib/python3.10/dist-packages/rmoss_interfaces/_rmoss_interfaces_s.ep.rosidl_typesupport_introspection_c.c
-- Up-to-date symlink: /home/nexium/ros_ws/install/rmoss_interfaces/local/lib/python3.10/dist-packages/rmoss_interfaces/librmoss_interfaces__rosidl_generator_py.so
-- Up-to-date symlink: /home/nexium/ros_ws/install/rmoss_interfaces/local/lib/python3.10/dist-packages/rmoss_interfaces/msg/__init__.py
-- Up-to-date symlink: /home/nexium/ros_ws/install/rmoss_interfaces/local/lib/python3.10/dist-packages/rmoss_interfaces/msg/_chassis_cmd.py
-- Up-to-date symlink: /home/nexium/ros_ws/install/rmoss_interfaces/local/lib/python3.10/dist-packages/rmoss_interfaces/msg/_chassis_cmd_s.c
-- Up-to-date symlink: /home/nexium/ros_ws/install/rmoss_interfaces/local/lib/python3.10/dist-packages/rmoss_interfaces/msg/_exchange_ammon.py
-- Up-to-date symlink: /home/nexium/ros_ws/install/rmoss_interfaces/local/lib/python3.10/dist-packages/rmoss_interfaces/msg/_exchange_ammon_s.c
-- Up-to-date symlink: /home/nexium/ros_ws/install/rmoss_interfaces/local/lib/python3.10/dist-packages/rmoss_interfaces/msg/_game_status.py
-- Up-to-date symlink: /home/nexium/ros_ws/install/rmoss_interfaces/local/lib/python3.10/dist-packages/rmoss_interfaces/msg/_game_status_s.c
-- Up-to-date symlink: /home/nexium/ros_ws/install/rmoss_interfaces/local/lib/python3.10/dist-packages/rmoss_interfaces/msg/_gimbal.py
-- Up-to-date symlink: /home/nexium/ros_ws/install/rmoss_interfaces/local/lib/python3.10/dist-packages/rmoss_interfaces/msg/_gimbal_cmd.py
-- Up-to-date symlink: /home/nexium/ros_ws/install/rmoss_interfaces/local/lib/python3.10/dist-packages/rmoss_interfaces/msg/_gimbal_cmd_s.c
-- Up-to-date symlink: /home/nexium/ros_ws/install/rmoss_interfaces/local/lib/python3.10/dist-packages/rmoss_interfaces/msg/_gimbal_s.c
-- Up-to-date symlink: /home/nexium/ros_ws/install/rmoss_interfaces/local/lib/python3.10/dist-packages/rmoss_interfaces/msg/_referee_cmd.py
-- Up-to-date symlink: /home/nexium/ros_ws/install/rmoss_interfaces/local/lib/python3.10/dist-packages/rmoss_interfaces/msg/_referee_cmd_s.c
-- Up-to-date symlink: /home/nexium/ros_ws/install/rmoss_interfaces/local/lib/python3.10/dist-packages/rmoss_interfaces/msg/_rfid_status.py
-- Up-to-date symlink: /home/nexium/ros_ws/install/rmoss_interfaces/local/lib/python3.10/dist-packages/rmoss_interfaces/msg/_rfid_status_array.py
-- Up-to-date symlink: /home/nexium/ros_ws/install/rmoss_interfaces/local/lib/python3.10/dist-packages/rmoss_interfaces/msg/_rfid_status_array_s.c
-- Up-to-date symlink: /home/nexium/ros_ws/install/rmoss_interfaces/local/lib/python3.10/dist-packages/rmoss_interfaces/msg/_rfid_status_s.c
-- Up-to-date symlink: /home/nexium/ros_ws/install/rmoss_interfaces/local/lib/python3.10/dist-packages/rmoss_interfaces/msg/_robot_status.py
-- Up-to-date symlink: /home/nexium/ros_ws/install/rmoss_interfaces/local/lib/python3.10/dist-packages/rmoss_interfaces/msg/_robot_status_s.c
-- Up-to-date symlink: /home/nexium/ros_ws/install/rmoss_interfaces/local/lib/python3.10/dist-packages/rmoss_interfaces/msg/_shoot_cmd.py
-- Up-to-date symlink: /home/nexium/ros_ws/install/rmoss_interfaces/local/lib/python3.10/dist-packages/rmoss_interfaces/msg/_shoot_cmd_s.c
-- Up-to-date symlink: /home/nexium/ros_ws/install/rmoss_interfaces/local/lib/python3.10/dist-packages/rmoss_interfaces/rmoss_interfaces_s__rosidl_typesupport_c.cpython-310-x86_64-linux-gnu.so
-- Up-to-date symlink: /home/nexium/ros_ws/install/rmoss_interfaces/local/lib/python3.10/dist-packages/rmoss_interfaces/rmoss_interfaces_s__rosidl_typesupport_fastrtps_c.cpython-310-x86_64-linux-gnu.so
-- Up-to-date symlink: /home/nexium/ros_ws/install/rmoss_interfaces/local/lib/python3.10/dist-packages/rmoss_interfaces/rmoss_interfaces_s__rosidl_typesupport_introspection_c.cpython-310-x86_64-linux-gnu.so
-- Up-to-date symlink: /home/nexium/ros_ws/install/rmoss_interfaces/local/lib/python3.10/dist-packages/rmoss_interfaces/srv/__init__.py
-- Up-to-date symlink: /home/nexium/ros_ws/install/rmoss_interfaces/local/lib/python3.10/dist-packages/rmoss_interfaces/srv/_control_task.py
-- Up-to-date symlink: /home/nexium/ros_ws/install/rmoss_interfaces/local/lib/python3.10/dist-packages/rmoss_interfaces/srv/_control_task_s.c
-- Up-to-date symlink: /home/nexium/ros_ws/install/rmoss_interfaces/local/lib/python3.10/dist-packages/rmoss_interfaces/srv/_exchange_ammon.py
-- Up-to-date symlink: /home/nexium/ros_ws/install/rmoss_interfaces/local/lib/python3.10/dist-packages/rmoss_interfaces/srv/_exchange_ammon_s.c
-- Up-to-date symlink: /home/nexium/ros_ws/install/rmoss_interfaces/local/lib/python3.10/dist-packages/rmoss_interfaces/srv/_get_camera_info.py
-- Up-to-date symlink: /home/nexium/ros_ws/install/rmoss_interfaces/local/lib/python3.10/dist-packages/rmoss_interfaces/srv/_get_camera_info_s.c
-- Up-to-date symlink: /home/nexium/ros_ws/install/rmoss_interfaces/local/lib/python3.10/dist-packages/rmoss_interfaces/srv/_get_mode.py
-- Up-to-date symlink: /home/nexium/ros_ws/install/rmoss_interfaces/local/lib/python3.10/dist-packages/rmoss_interfaces/srv/_get_mode_s.c
-- Up-to-date symlink: /home/nexium/ros_ws/install/rmoss_interfaces/local/lib/python3.10/dist-packages/rmoss_interfaces/srv/_get_task_status.py
-- Up-to-date symlink: /home/nexium/ros_ws/install/rmoss_interfaces/local/lib/python3.10/dist-packages/rmoss_interfaces/srv/_get_task_status_s.c
-- Up-to-date symlink: /home/nexium/ros_ws/install/rmoss_interfaces/local/lib/python3.10/dist-packages/rmoss_interfaces/srv/_set_color.py
-- Up-to-date symlink: /home/nexium/ros_ws/install/rmoss_interfaces/local/lib/python3.10/dist-packages/rmoss_interfaces/srv/_set_color_s.c
-- Up-to-date symlink: /home/nexium/ros_ws/install/rmoss_interfaces/local/lib/python3.10/dist-packages/rmoss_interfaces/srv/_set_mode.py
-- Up-to-date symlink: /home/nexium/ros_ws/install/rmoss_interfaces/local/lib/python3.10/dist-packages/rmoss_interfaces/srv/_set_mode_s.c
-- Up-to-date symlink: /home/nexium/ros_ws/install/rmoss_interfaces/local/lib/python3.10/dist-packages/rmoss_interfaces/rmoss_interfaces_s__rosidl_typesupport_fastrtps_c.cpython-310-x86_64-linux-gnu.so
-- Up-to-date symlink: /home/nexium/ros_ws/install/rmoss_interfaces/local/lib/python3.10/dist-packages/rmoss_interfaces/rmoss_interfaces_s__rosidl_typesupport_introspection_c.cpython-310-x86_64-linux-gnu.so
-- Up-to-date symlink: /home/nexium/ros_ws/install/rmoss_interfaces/local/lib/python3.10/dist-packages/rmoss_interfaces/rmoss_interfaces_s__rosidl_typesupport_c.cpython-310-x86_64-linux-gnu.so
-- Up-to-date symlink: /home/nexium/ros_ws/install/rmoss_interfaces/share/rmoss_interfaces/msg/RefereeCmd.idl
-- Up-to-date symlink: /home/nexium/ros_ws/install/rmoss_interfaces/share/rmoss_interfaces/msg/GameStatus.idl
-- Up-to-date symlink: /home/nexium/ros_ws/install/rmoss_interfaces/share/rmoss_interfaces/msg/RobotStatus.idl
-- Up-to-date symlink: /home/nexium/ros_ws/install/rmoss_interfaces/share/rmoss_interfaces/msg/RfidStatus.idl
-- Up-to-date symlink: /home/nexium/ros_ws/install/rmoss_interfaces/share/rmoss_interfaces/msg/RfidStatusArray.idl
-- Up-to-date symlink: /home/nexium/ros_ws/install/rmoss_interfaces/share/rmoss_interfaces/msg/ExchangeAmmon.idl
-- Up-to-date symlink: /home/nexium/ros_ws/install/rmoss_interfaces/share/rmoss_interfaces/msg/Gimbal.idl
-- Up-to-date symlink: /home/nexium/ros_ws/install/rmoss_interfaces/share/rmoss_interfaces/msg/GimbalCmd.idl
-- Up-to-date symlink: /home/nexium/ros_ws/install/rmoss_interfaces/share/rmoss_interfaces/msg/ShootCmd.idl
-- Up-to-date symlink: /home/nexium/ros_ws/install/rmoss_interfaces/share/rmoss_interfaces/msg/ChassisCmd.idl
-- Up-to-date symlink: /home/nexium/ros_ws/install/rmoss_interfaces/share/rmoss_interfaces/srv/SetColor.idl
-- Up-to-date symlink: /home/nexium/ros_ws/install/rmoss_interfaces/share/rmoss_interfaces/srv/SetMode.idl
-- Up-to-date symlink: /home/nexium/ros_ws/install/rmoss_interfaces/share/rmoss_interfaces/srv/GetMode.idl
-- Up-to-date symlink: /home/nexium/ros_ws/install/rmoss_interfaces/share/rmoss_interfaces/srv/GetCameraInfo.idl
-- Up-to-date symlink: /home/nexium/ros_ws/install/rmoss_interfaces/share/rmoss_interfaces/srv/GetTaskStatus.idl
-- Up-to-date symlink: /home/nexium/ros_ws/install/rmoss_interfaces/share/rmoss_interfaces/srv/ControlTask.idl
-- Up-to-date symlink: /home/nexium/ros_ws/install/rmoss_interfaces/share/rmoss_interfaces/srv/ExchangeAmmon.idl
-- Up-to-date symlink: /home/nexium/ros_ws/install/rmoss_interfaces/share/rmoss_interfaces/referee/RefereeCmd.msg
-- Up-to-date symlink: /home/nexium/ros_ws/install/rmoss_interfaces/share/rmoss_interfaces/referee/GameStatus.msg
-- Up-to-date symlink: /home/nexium/ros_ws/install/rmoss_interfaces/share/rmoss_interfaces/referee/RobotStatus.msg
-- Up-to-date symlink: /home/nexium/ros_ws/install/rmoss_interfaces/share/rmoss_interfaces/referee/RfidStatus.msg
-- Up-to-date symlink: /home/nexium/ros_ws/install/rmoss_interfaces/share/rmoss_interfaces/referee/RfidStatusArray.msg
-- Up-to-date symlink: /home/nexium/ros_ws/install/rmoss_interfaces/share/rmoss_interfaces/referee/ExchangeAmmon.msg
-- Up-to-date symlink: /home/nexium/ros_ws/install/rmoss_interfaces/share/rmoss_interfaces/msg/Gimbal.msg
-- Up-to-date symlink: /home/nexium/ros_ws/install/rmoss_interfaces/share/rmoss_interfaces/msg/GimbalCmd.msg
-- Up-to-date symlink: /home/nexium/ros_ws/install/rmoss_interfaces/share/rmoss_interfaces/msg/ShootCmd.msg
-- Up-to-date symlink: /home/nexium/ros_ws/install/rmoss_interfaces/share/rmoss_interfaces/msg/ChassisCmd.msg
-- Up-to-date symlink: /home/nexium/ros_ws/install/rmoss_interfaces/share/rmoss_interfaces/srv/SetColor.srv
-- Up-to-date symlink: /home/nexium/ros_ws/install/rmoss_interfaces/share/rmoss_interfaces/srv/SetColor_Request.msg
-- Up-to-date symlink: /home/nexium/ros_ws/install/rmoss_interfaces/share/rmoss_interfaces/srv/SetColor_Response.msg
-- Up-to-date symlink: /home/nexium/ros_ws/install/rmoss_interfaces/share/rmoss_interfaces/srv/SetMode.srv
-- Up-to-date symlink: /home/nexium/ros_ws/install/rmoss_interfaces/share/rmoss_interfaces/srv/SetMode_Request.msg
-- Up-to-date symlink: /home/nexium/ros_ws/install/rmoss_interfaces/share/rmoss_interfaces/srv/SetMode_Response.msg
-- Up-to-date symlink: /home/nexium/ros_ws/install/rmoss_interfaces/share/rmoss_interfaces/srv/GetMode.srv
-- Up-to-date symlink: /home/nexium/ros_ws/install/rmoss_interfaces/share/rmoss_interfaces/srv/GetMode_Request.msg
-- Up-to-date symlink: /home/nexium/ros_ws/install/rmoss_interfaces/share/rmoss_interfaces/srv/GetMode_Response.msg
-- Up-to-date symlink: /home/nexium/ros_ws/install/rmoss_interfaces/share/rmoss_interfaces/srv/GetCameraInfo.srv
-- Up-to-date symlink: /home/nexium/ros_ws/install/rmoss_interfaces/share/rmoss_interfaces/srv/GetCameraInfo_Request.msg
-- Up-to-date symlink: /home/nexium/ros_ws/install/rmoss_interfaces/share/rmoss_interfaces/srv/GetCameraInfo_Response.msg
-- Up-to-date symlink: /home/nexium/ros_ws/install/rmoss_interfaces/share/rmoss_interfaces/srv/GetTaskStatus.srv
-- Up-to-date symlink: /home/nexium/ros_ws/install/rmoss_interfaces/share/rmoss_interfaces/srv/GetTaskStatus_Request.msg
-- Up-to-date symlink: /home/nexium/ros_ws/install/rmoss_interfaces/share/rmoss_interfaces/srv/GetTaskStatus_Response.msg
-- Up-to-date symlink: /home/nexium/ros_ws/install/rmoss_interfaces/share/rmoss_interfaces/srv/ControlTask.srv
-- Up-to-date symlink: /home/nexium/ros_ws/install/rmoss_interfaces/share/rmoss_interfaces/srv/ControlTask_Request.msg
-- Up-to-date symlink: /home/nexium/ros_ws/install/rmoss_interfaces/share/rmoss_interfaces/srv/ControlTask_Response.msg
-- Up-to-date symlink: /home/nexium/ros_ws/install/rmoss_interfaces/share/rmoss_interfaces/srv/ExchangeAmmon.srv
-- Up-to-date symlink: /home/nexium/ros_ws/install/rmoss_interfaces/share/rmoss_interfaces/srv/ExchangeAmmon_Request.msg
-- Up-to-date symlink: /home/nexium/ros_ws/install/rmoss_interfaces/share/rmoss_interfaces/srv/ExchangeAmmon_Response.msg
-- Up-to-date symlink: /home/nexium/ros_ws/install/rmoss_interfaces/share/ament_index/resource_index/package_run_dependencies/rmoss_interfaces
-- Up-to-date symlink: /home/nexium/ros_ws/install/rmoss_interfaces/share/ament_index/resource_index/parent_prefix_path/rmoss_interfaces
-- Up-to-date symlink: /home/nexium/ros_ws/install/rmoss_interfaces/share/rmoss_interfaces/environment/ament_prefix_path.sh
-- Up-to-date symlink: /home/nexium/ros_ws/install/rmoss_interfaces/share/rmoss_interfaces/environment/ament_prefix_path.dsv
-- Up-to-date symlink: /home/nexium/ros_ws/install/rmoss_interfaces/share/rmoss_interfaces/environment/path.sh
-- Up-to-date symlink: /home/nexium/ros_ws/install/rmoss_interfaces/share/rmoss_interfaces/environment/path.dsv
-- Up-to-date symlink: /home/nexium/ros_ws/install/rmoss_interfaces/share/rmoss_interfaces/local_setup.bash
-- Up-to-date symlink: /home/nexium/ros_ws/install/rmoss_interfaces/share/rmoss_interfaces/local_setup.sh
-- Up-to-date symlink: /home/nexium/ros_ws/install/rmoss_interfaces/share/rmoss_interfaces/local_setup.zsh
-- Up-to-date symlink: /home/nexium/ros_ws/install/rmoss_interfaces/share/rmoss_interfaces/local_setup.dsv
-- Symlinking: /home/nexium/ros_ws/install/rmoss_interfaces/share/rmoss_interfaces/package.dsv
-- Up-to-date symlink: /home/nexium/ros_ws/install/rmoss_interfaces/share/ament_index/resource_index/packages/rmoss_interfaces
-- Up-to-date symlink: /home/nexium/ros_ws/install/rmoss_interfaces/share/rmoss_interfaces/cmake/rosidl_cmake-extras.cmake
-- Up-to-date symlink: /home/nexium/ros_ws/install/rmoss_interfaces/share/rmoss_interfaces/cmake/ament_cmake_export_dependencies-extras.cmake
-- Up-to-date symlink: /home/nexium/ros_ws/install/rmoss_interfaces/share/rmoss_interfaces/cmake/ament_cmake_export_include_directories-extras.cmake
-- Up-to-date symlink: /home/nexium/ros_ws/install/rmoss_interfaces/share/rmoss_interfaces/cmake/ament_cmake_export_libraries-extras.cmake
-- Up-to-date symlink: /home/nexium/ros_ws/install/rmoss_interfaces/share/rmoss_interfaces/cmake/ament_cmake_export_targets-extras.cmake
-- Up-to-date symlink: /home/nexium/ros_ws/install/rmoss_interfaces/share/rmoss_interfaces/cmake/rosidl_cmake_export_typesupport_targets-extras.cmake
-- Up-to-date symlink: /home/nexium/ros_ws/install/rmoss_interfaces/share/rmoss_interfaces/cmake/rosidl_cmake_export_typesupport_libraries-extras.cmake
-- Up-to-date symlink: /home/nexium/ros_ws/install/rmoss_interfaces/share/rmoss_interfaces/cmake/rmoss_interfacesConfig.cmake
-- Up-to-date symlink: /home/nexium/ros_ws/install/rmoss_interfaces/share/rmoss_interfaces/cmake/rmoss_interfacesConfig-version.cmake
-- Up-to-date symlink: /home/nexium/ros_ws/install/rmoss_interfaces/share/rmoss_interfaces/package.xml
-- Up-to-date: /home/nexium/ros_ws/install/rmoss_interfaces/lib/librmoss_interfaces__rosidl_generator_c.so
-- Up-to-date: /home/nexium/ros_ws/install/rmoss_interfaces/lib/librmoss_interfaces__rosidl_typesupport_fastrtps_c.so
-- Up-to-date: /home/nexium/ros_ws/install/rmoss_interfaces/lib/librmoss_interfaces__rosidl_typesupport_fastrtps_cpp.so
-- Up-to-date: /home/nexium/ros_ws/install/rmoss_interfaces/lib/librmoss_interfaces__rosidl_typesupport_introspection_c.so
-- Up-to-date: /home/nexium/ros_ws/install/rmoss_interfaces/lib/librmoss_interfaces__rosidl_typesupport_c.so
-- Up-to-date: /home/nexium/ros_ws/install/rmoss_interfaces/lib/librmoss_interfaces__rosidl_typesupport_introspection_cpp.so
-- Up-to-date: /home/nexium/ros_ws/install/rmoss_interfaces/lib/librmoss_interfaces__rosidl_typesupport_cpp.so
Listing '/home/nexium/ros_ws/install/rmoss_interfaces/local/lib/python3.10/dist-packages/rmoss_interfaces'...
Listing '/home/nexium/ros_ws/install/rmoss_interfaces/local/lib/python3.10/dist-packages/rmoss_interfaces/msg'...
Listing '/home/nexium/ros_ws/install/rmoss_interfaces/local/lib/python3.10/dist-packages/rmoss_interfaces/srv'...
-- Up-to-date: /home/nexium/ros_ws/install/rmoss_interfaces/lib/librmoss_interfaces__rosidl_generator_py.so
-- Up-to-date: /home/nexium/ros_ws/install/rmoss_interfaces/share/rmoss_interfaces/cmake/export_rmoss_interfaces__rosidl_generator_cExport.cmake
-- Up-to-date: /home/nexium/ros_ws/install/rmoss_interfaces/share/rmoss_interfaces/cmake/export_rmoss_interfaces__rosidl_generator_cExport-release.cmake
-- Up-to-date: /home/nexium/ros_ws/install/rmoss_interfaces/share/rmoss_interfaces/cmake/export_rmoss_interfaces__rosidl_typesupport_fastrtps_cExport.cmake
-- Up-to-date: /home/nexium/ros_ws/install/rmoss_interfaces/share/rmoss_interfaces/cmake/export_rmoss_interfaces__rosidl_typesupport_fastrtps_cExport-release.cmake
-- Up-to-date: /home/nexium/ros_ws/install/rmoss_interfaces/share/rmoss_interfaces/cmake/export_rmoss_interfaces__rosidl_generator_cppExport.cmake
-- Up-to-date: /home/nexium/ros_ws/install/rmoss_interfaces/share/rmoss_interfaces/cmake/export_rmoss_interfaces__rosidl_typesupport_fastrtps_cppExport.cmake
-- Up-to-date: /home/nexium/ros_ws/install/rmoss_interfaces/share/rmoss_interfaces/cmake/export_rmoss_interfaces__rosidl_typesupport_fastrtps_cppExport-release.cmake
-- Up-to-date: /home/nexium/ros_ws/install/rmoss_interfaces/share/rmoss_interfaces/cmake/rmoss_interfaces__rosidl_typesupport_introspection_cExport.cmake
-- Up-to-date: /home/nexium/ros_ws/install/rmoss_interfaces/share/rmoss_interfaces/cmake/rmoss_interfaces__rosidl_typesupport_introspection_cExport-release.cmake
-- Up-to-date: /home/nexium/ros_ws/install/rmoss_interfaces/share/rmoss_interfaces/cmake/rmoss_interfaces__rosidl_typesupport_cExport.cmake
-- Up-to-date: /home/nexium/ros_ws/install/rmoss_interfaces/share/rmoss_interfaces/cmake/rmoss_interfaces__rosidl_typesupport_cExport-release.cmake
-- Up-to-date: /home/nexium/ros_ws/install/rmoss_interfaces/share/rmoss_interfaces/cmake/rmoss_interfaces__rosidl_typesupport_introspection_cppExport.cmake
-- Up-to-date: /home/nexium/ros_ws/install/rmoss_interfaces/share/rmoss_interfaces/cmake/rmoss_interfaces__rosidl_typesupport_introspection_cppExport-release.cmake
-- Up-to-date: /home/nexium/ros_ws/install/rmoss_interfaces/share/rmoss_interfaces/cmake/rmoss_interfaces__rosidl_typesupport_cppExport.cmake
-- Up-to-date: /home/nexium/ros_ws/install/rmoss_interfaces/share/rmoss_interfaces/cmake/rmoss_interfaces__rosidl_typesupport_cppExport-release.cmake
-- Up-to-date: /home/nexium/ros_ws/install/rmoss_interfaces/share/rmoss_interfaces/cmake/export_rmoss_interfaces__rosidl_generator_pyExport.cmake
-- Up-to-date: /home/nexium/ros_ws/install/rmoss_interfaces/share/rmoss_interfaces/cmake/export_rmoss_interfaces__rosidl_generator_pyExport-release.cmake
