-- The C compiler identification is GNU 11.4.0
-- The CXX compiler identification is GNU 11.4.0
-- Detecting C compiler ABI info
-- Detecting C compiler ABI info - done
-- Check for working C compiler: /usr/bin/cc - skipped
-- Detecting C compile features
-- Detecting C compile features - done
-- Detecting CXX compiler ABI info
-- Detecting CXX compiler ABI info - done
-- Check for working CXX compiler: /usr/bin/c++ - skipped
-- Detecting CXX compile features
-- Detecting CXX compile features - done
-- Found ament_cmake: 1.3.12 (/opt/ros/humble/share/ament_cmake/cmake)
-- Found Python3: /usr/bin/python3 (found version "3.10.12") found components: Interpreter 
-- Override CMake install command with custom implementation using symlinks instead of copying resources
-- Found ament_index_cpp: 1.4.0 (/opt/ros/humble/share/ament_index_cpp/cmake)
-- Found rcpputils: 2.4.6 (/opt/ros/humble/share/rcpputils/cmake)
-- Found rclcpp: 16.0.17 (/opt/ros/humble/share/rclcpp/cmake)
-- Found rosidl_generator_c: 3.1.8 (/opt/ros/humble/share/rosidl_generator_c/cmake)
-- Found rosidl_adapter: 3.1.8 (/opt/ros/humble/share/rosidl_adapter/cmake)
-- Found rosidl_generator_cpp: 3.1.8 (/opt/ros/humble/share/rosidl_generator_cpp/cmake)
-- Using all available rosidl_typesupport_c: rosidl_typesupport_fastrtps_c;rosidl_typesupport_introspection_c
-- Using all available rosidl_typesupport_cpp: rosidl_typesupport_fastrtps_cpp;rosidl_typesupport_introspection_cpp
-- Found rmw_implementation_cmake: 6.1.2 (/opt/ros/humble/share/rmw_implementation_cmake/cmake)
-- Found rmw_fastrtps_cpp: 6.2.9 (/opt/ros/humble/share/rmw_fastrtps_cpp/cmake)
-- Found OpenSSL: /usr/lib/x86_64-linux-gnu/libcrypto.so (found version "3.0.2")  
-- Found FastRTPS: /opt/ros/humble/include  
-- Using RMW implementation 'rmw_fastrtps_cpp' as default
-- Looking for pthread.h
-- Looking for pthread.h - found
-- Performing Test CMAKE_HAVE_LIBC_PTHREAD
-- Performing Test CMAKE_HAVE_LIBC_PTHREAD - Success
-- Found Threads: TRUE  
-- Found sensor_msgs: 4.9.0 (/opt/ros/humble/share/sensor_msgs/cmake)
-- Found rmoss_interfaces: 0.9.0 (/home/nexium/ros_ws/install/rmoss_interfaces/share/rmoss_interfaces/cmake)
-- Found cv_bridge: 3.2.1 (/opt/ros/humble/share/cv_bridge/cmake)
-- Found OpenCV: /usr (found version "4.5.4") 
-- Found ament_lint_auto: 0.12.14 (/opt/ros/humble/share/ament_lint_auto/cmake)
-- Found ament_cmake_gtest: 1.3.12 (/opt/ros/humble/share/ament_cmake_gtest/cmake)
-- Found gtest sources under '/opt/ros/humble/src/gtest_vendor': C++ tests using 'Google Test' will be built
-- Added test 'copyright' to check source files copyright and LICENSE
-- Added test 'cppcheck' to perform static code analysis on C / C++ code
-- Configured cppcheck include dirs: /home/nexium/ros_ws/src/rmoss_core/rmoss_util/include
-- Configured cppcheck exclude dirs and/or files: 
-- Added test 'cpplint' to check C / C++ code against the Google style
-- Configured cpplint exclude dirs and/or files: 
-- Added test 'lint_cmake' to check CMake code style
-- Added test 'uncrustify' to check C / C++ code style
-- Configured uncrustify additional arguments: 
-- Added test 'xmllint' to check XML markup files
-- Configuring done
-- Generating done
-- Build files have been written to: /home/nexium/ros_ws/build/rmoss_util
[  7%] [32mBuilding CXX object CMakeFiles/rmoss_util.dir/src/debug.cpp.o[0m
[ 15%] [32mBuilding CXX object CMakeFiles/rmoss_util.dir/src/url_resolver.cpp.o[0m
[ 23%] [32mBuilding CXX object CMakeFiles/rmoss_util.dir/src/time_utils.cpp.o[0m
[ 30%] [32mBuilding CXX object CMakeFiles/rmoss_util.dir/src/task_manager.cpp.o[0m
[ 38%] [32mBuilding CXX object CMakeFiles/rmoss_util.dir/src/mono_measure_tool.cpp.o[0m
[ 46%] [32mBuilding CXX object CMakeFiles/rmoss_util.dir/src/image_utils.cpp.o[0m
[ 53%] [32m[1mLinking CXX shared library librmoss_util.so[0m
[ 53%] Built target rmoss_util
[ 61%] [32mBuilding CXX object gtest/CMakeFiles/gtest.dir/src/gtest-all.cc.o[0m
[ 69%] [32m[1mLinking CXX static library libgtest.a[0m
[ 69%] Built target gtest
[ 76%] [32mBuilding CXX object gtest/CMakeFiles/gtest_main.dir/src/gtest_main.cc.o[0m
[ 84%] [32m[1mLinking CXX static library libgtest_main.a[0m
[ 84%] Built target gtest_main
[ 92%] [32mBuilding CXX object test/CMakeFiles/test_url_resolve.dir/test_url_resolve.cpp.o[0m
[100%] [32m[1mLinking CXX executable test_url_resolve[0m
[100%] Built target test_url_resolve
-- Install configuration: "release"
-- Execute custom install script
-- Symlinking: /home/nexium/ros_ws/install/rmoss_util/include/rmoss_util/debug.hpp
-- Symlinking: /home/nexium/ros_ws/install/rmoss_util/include/rmoss_util/image_utils.hpp
-- Symlinking: /home/nexium/ros_ws/install/rmoss_util/include/rmoss_util/mono_measure_tool.hpp
-- Symlinking: /home/nexium/ros_ws/install/rmoss_util/include/rmoss_util/task_manager.hpp
-- Symlinking: /home/nexium/ros_ws/install/rmoss_util/include/rmoss_util/time_utils.hpp
-- Symlinking: /home/nexium/ros_ws/install/rmoss_util/include/rmoss_util/url_resolver.hpp
-- Symlinking: /home/nexium/ros_ws/install/rmoss_util/share/rmoss_util/environment/library_path.sh
-- Symlinking: /home/nexium/ros_ws/install/rmoss_util/share/rmoss_util/environment/library_path.dsv
-- Symlinking: /home/nexium/ros_ws/install/rmoss_util/share/ament_index/resource_index/package_run_dependencies/rmoss_util
-- Symlinking: /home/nexium/ros_ws/install/rmoss_util/share/ament_index/resource_index/parent_prefix_path/rmoss_util
-- Symlinking: /home/nexium/ros_ws/install/rmoss_util/share/rmoss_util/environment/ament_prefix_path.sh
-- Symlinking: /home/nexium/ros_ws/install/rmoss_util/share/rmoss_util/environment/ament_prefix_path.dsv
-- Symlinking: /home/nexium/ros_ws/install/rmoss_util/share/rmoss_util/environment/path.sh
-- Symlinking: /home/nexium/ros_ws/install/rmoss_util/share/rmoss_util/environment/path.dsv
-- Symlinking: /home/nexium/ros_ws/install/rmoss_util/share/rmoss_util/local_setup.bash
-- Symlinking: /home/nexium/ros_ws/install/rmoss_util/share/rmoss_util/local_setup.sh
-- Symlinking: /home/nexium/ros_ws/install/rmoss_util/share/rmoss_util/local_setup.zsh
-- Symlinking: /home/nexium/ros_ws/install/rmoss_util/share/rmoss_util/local_setup.dsv
-- Symlinking: /home/nexium/ros_ws/install/rmoss_util/share/rmoss_util/package.dsv
-- Symlinking: /home/nexium/ros_ws/install/rmoss_util/share/ament_index/resource_index/packages/rmoss_util
-- Symlinking: /home/nexium/ros_ws/install/rmoss_util/share/rmoss_util/cmake/ament_cmake_export_targets-extras.cmake
-- Symlinking: /home/nexium/ros_ws/install/rmoss_util/share/rmoss_util/cmake/ament_cmake_export_dependencies-extras.cmake
-- Symlinking: /home/nexium/ros_ws/install/rmoss_util/share/rmoss_util/cmake/rmoss_utilConfig.cmake
-- Symlinking: /home/nexium/ros_ws/install/rmoss_util/share/rmoss_util/cmake/rmoss_utilConfig-version.cmake
-- Symlinking: /home/nexium/ros_ws/install/rmoss_util/share/rmoss_util/package.xml
-- Installing: /home/nexium/ros_ws/install/rmoss_util/lib/librmoss_util.so
-- Set runtime path of "/home/nexium/ros_ws/install/rmoss_util/lib/librmoss_util.so" to ""
-- Installing: /home/nexium/ros_ws/install/rmoss_util/share/rmoss_util/cmake/rmoss_utilExport.cmake
-- Installing: /home/nexium/ros_ws/install/rmoss_util/share/rmoss_util/cmake/rmoss_utilExport-release.cmake
