[0.016s] Invoking command in '/home/nexium/ros_ws/build/rmoss_util': AMENT_PREFIX_PATH=/home/nexium/ros_ws/install/rmoss_interfaces:${AMENT_PREFIX_PATH} CMAKE_PREFIX_PATH=/home/nexium/ros_ws/install/rmoss_interfaces:/opt/ros/humble LD_LIBRARY_PATH=/home/nexium/ros_ws/install/rmoss_interfaces/lib:${LD_LIBRARY_PATH} PYTHONPATH=/home/nexium/ros_ws/install/rmoss_interfaces/local/lib/python3.10/dist-packages:${PYTHONPATH} /usr/bin/cmake /home/nexium/ros_ws/src/rmoss_core/rmoss_util -DCMAKE_BUILD_TYPE=release -DAMENT_CMAKE_SYMLINK_INSTALL=1 -DCMAKE_INSTALL_PREFIX=/home/nexium/ros_ws/install/rmoss_util
[7.497s] -- The C compiler identification is GNU 11.4.0
[7.499s] -- The CXX compiler identification is GNU 11.4.0
[7.500s] -- Detecting C compiler ABI info
[7.500s] -- Detecting C compiler ABI info - done
[7.500s] -- Check for working C compiler: /usr/bin/cc - skipped
[7.500s] -- Detecting C compile features
[7.500s] -- Detecting C compile features - done
[7.501s] -- Detecting CXX compiler ABI info
[7.501s] -- Detecting CXX compiler ABI info - done
[7.501s] -- Check for working CXX compiler: /usr/bin/c++ - skipped
[7.501s] -- Detecting CXX compile features
[7.501s] -- Detecting CXX compile features - done
[7.501s] -- Found ament_cmake: 1.3.12 (/opt/ros/humble/share/ament_cmake/cmake)
[7.501s] -- Found Python3: /usr/bin/python3 (found version "3.10.12") found components: Interpreter 
[7.501s] -- Override CMake install command with custom implementation using symlinks instead of copying resources
[7.501s] -- Found ament_index_cpp: 1.4.0 (/opt/ros/humble/share/ament_index_cpp/cmake)
[7.501s] -- Found rcpputils: 2.4.6 (/opt/ros/humble/share/rcpputils/cmake)
[7.502s] -- Found rclcpp: 16.0.17 (/opt/ros/humble/share/rclcpp/cmake)
[7.502s] -- Found rosidl_generator_c: 3.1.8 (/opt/ros/humble/share/rosidl_generator_c/cmake)
[7.502s] -- Found rosidl_adapter: 3.1.8 (/opt/ros/humble/share/rosidl_adapter/cmake)
[7.502s] -- Found rosidl_generator_cpp: 3.1.8 (/opt/ros/humble/share/rosidl_generator_cpp/cmake)
[7.502s] -- Using all available rosidl_typesupport_c: rosidl_typesupport_fastrtps_c;rosidl_typesupport_introspection_c
[7.502s] -- Using all available rosidl_typesupport_cpp: rosidl_typesupport_fastrtps_cpp;rosidl_typesupport_introspection_cpp
[7.502s] -- Found rmw_implementation_cmake: 6.1.2 (/opt/ros/humble/share/rmw_implementation_cmake/cmake)
[7.502s] -- Found rmw_fastrtps_cpp: 6.2.9 (/opt/ros/humble/share/rmw_fastrtps_cpp/cmake)
[7.502s] -- Found OpenSSL: /usr/lib/x86_64-linux-gnu/libcrypto.so (found version "3.0.2")  
[7.502s] -- Found FastRTPS: /opt/ros/humble/include  
[7.502s] -- Using RMW implementation 'rmw_fastrtps_cpp' as default
[7.502s] -- Looking for pthread.h
[7.502s] -- Looking for pthread.h - found
[7.503s] -- Performing Test CMAKE_HAVE_LIBC_PTHREAD
[7.503s] -- Performing Test CMAKE_HAVE_LIBC_PTHREAD - Success
[7.503s] -- Found Threads: TRUE  
[7.503s] -- Found sensor_msgs: 4.9.0 (/opt/ros/humble/share/sensor_msgs/cmake)
[7.503s] -- Found rmoss_interfaces: 0.9.0 (/home/nexium/ros_ws/install/rmoss_interfaces/share/rmoss_interfaces/cmake)
[7.503s] -- Found cv_bridge: 3.2.1 (/opt/ros/humble/share/cv_bridge/cmake)
[7.503s] -- Found OpenCV: /usr (found version "4.5.4") 
[7.503s] -- Found ament_lint_auto: 0.12.14 (/opt/ros/humble/share/ament_lint_auto/cmake)
[7.503s] -- Found ament_cmake_gtest: 1.3.12 (/opt/ros/humble/share/ament_cmake_gtest/cmake)
[7.503s] -- Found gtest sources under '/opt/ros/humble/src/gtest_vendor': C++ tests using 'Google Test' will be built
[7.503s] -- Added test 'copyright' to check source files copyright and LICENSE
[7.503s] -- Added test 'cppcheck' to perform static code analysis on C / C++ code
[7.503s] -- Configured cppcheck include dirs: /home/nexium/ros_ws/src/rmoss_core/rmoss_util/include
[7.504s] -- Configured cppcheck exclude dirs and/or files: 
[7.505s] -- Added test 'cpplint' to check C / C++ code against the Google style
[7.506s] -- Configured cpplint exclude dirs and/or files: 
[7.506s] -- Added test 'lint_cmake' to check CMake code style
[7.506s] -- Added test 'uncrustify' to check C / C++ code style
[7.506s] -- Configured uncrustify additional arguments: 
[7.506s] -- Added test 'xmllint' to check XML markup files
[7.506s] -- Configuring done
[7.506s] -- Generating done
[7.507s] -- Build files have been written to: /home/nexium/ros_ws/build/rmoss_util
[7.520s] Invoked command in '/home/nexium/ros_ws/build/rmoss_util' returned '0': AMENT_PREFIX_PATH=/home/nexium/ros_ws/install/rmoss_interfaces:${AMENT_PREFIX_PATH} CMAKE_PREFIX_PATH=/home/nexium/ros_ws/install/rmoss_interfaces:/opt/ros/humble LD_LIBRARY_PATH=/home/nexium/ros_ws/install/rmoss_interfaces/lib:${LD_LIBRARY_PATH} PYTHONPATH=/home/nexium/ros_ws/install/rmoss_interfaces/local/lib/python3.10/dist-packages:${PYTHONPATH} /usr/bin/cmake /home/nexium/ros_ws/src/rmoss_core/rmoss_util -DCMAKE_BUILD_TYPE=release -DAMENT_CMAKE_SYMLINK_INSTALL=1 -DCMAKE_INSTALL_PREFIX=/home/nexium/ros_ws/install/rmoss_util
[7.520s] Invoking command in '/home/nexium/ros_ws/build/rmoss_util': AMENT_PREFIX_PATH=/home/nexium/ros_ws/install/rmoss_interfaces:${AMENT_PREFIX_PATH} CMAKE_PREFIX_PATH=/home/nexium/ros_ws/install/rmoss_interfaces:/opt/ros/humble LD_LIBRARY_PATH=/home/nexium/ros_ws/install/rmoss_interfaces/lib:${LD_LIBRARY_PATH} PYTHONPATH=/home/nexium/ros_ws/install/rmoss_interfaces/local/lib/python3.10/dist-packages:${PYTHONPATH} /usr/bin/cmake --build /home/nexium/ros_ws/build/rmoss_util -- -j12 -l12
[8.951s] [  7%] [32mBuilding CXX object CMakeFiles/rmoss_util.dir/src/debug.cpp.o[0m
[8.951s] [ 15%] [32mBuilding CXX object CMakeFiles/rmoss_util.dir/src/url_resolver.cpp.o[0m
[8.951s] [ 23%] [32mBuilding CXX object CMakeFiles/rmoss_util.dir/src/time_utils.cpp.o[0m
[8.951s] [ 30%] [32mBuilding CXX object CMakeFiles/rmoss_util.dir/src/task_manager.cpp.o[0m
[15.851s] [ 38%] [32mBuilding CXX object CMakeFiles/rmoss_util.dir/src/mono_measure_tool.cpp.o[0m
[18.119s] [ 46%] [32mBuilding CXX object CMakeFiles/rmoss_util.dir/src/image_utils.cpp.o[0m
[19.993s] [ 53%] [32m[1mLinking CXX shared library librmoss_util.so[0m
[20.197s] [ 53%] Built target rmoss_util
[20.220s] [ 61%] [32mBuilding CXX object gtest/CMakeFiles/gtest.dir/src/gtest-all.cc.o[0m
[29.620s] [ 69%] [32m[1mLinking CXX static library libgtest.a[0m
[29.691s] [ 69%] Built target gtest
[29.711s] [ 76%] [32mBuilding CXX object gtest/CMakeFiles/gtest_main.dir/src/gtest_main.cc.o[0m
[30.248s] [ 84%] [32m[1mLinking CXX static library libgtest_main.a[0m
[30.305s] [ 84%] Built target gtest_main
[30.323s] [ 92%] [32mBuilding CXX object test/CMakeFiles/test_url_resolve.dir/test_url_resolve.cpp.o[0m
[31.246s] [100%] [32m[1mLinking CXX executable test_url_resolve[0m
[31.396s] [100%] Built target test_url_resolve
[31.412s] Invoked command in '/home/nexium/ros_ws/build/rmoss_util' returned '0': AMENT_PREFIX_PATH=/home/nexium/ros_ws/install/rmoss_interfaces:${AMENT_PREFIX_PATH} CMAKE_PREFIX_PATH=/home/nexium/ros_ws/install/rmoss_interfaces:/opt/ros/humble LD_LIBRARY_PATH=/home/nexium/ros_ws/install/rmoss_interfaces/lib:${LD_LIBRARY_PATH} PYTHONPATH=/home/nexium/ros_ws/install/rmoss_interfaces/local/lib/python3.10/dist-packages:${PYTHONPATH} /usr/bin/cmake --build /home/nexium/ros_ws/build/rmoss_util -- -j12 -l12
[31.436s] Invoking command in '/home/nexium/ros_ws/build/rmoss_util': AMENT_PREFIX_PATH=/home/nexium/ros_ws/install/rmoss_interfaces:${AMENT_PREFIX_PATH} CMAKE_PREFIX_PATH=/home/nexium/ros_ws/install/rmoss_interfaces:/opt/ros/humble LD_LIBRARY_PATH=/home/nexium/ros_ws/install/rmoss_interfaces/lib:${LD_LIBRARY_PATH} PYTHONPATH=/home/nexium/ros_ws/install/rmoss_interfaces/local/lib/python3.10/dist-packages:${PYTHONPATH} /usr/bin/cmake --install /home/nexium/ros_ws/build/rmoss_util
[31.441s] -- Install configuration: "release"
[31.442s] -- Execute custom install script
[31.442s] -- Symlinking: /home/nexium/ros_ws/install/rmoss_util/include/rmoss_util/debug.hpp
[31.445s] -- Symlinking: /home/nexium/ros_ws/install/rmoss_util/include/rmoss_util/image_utils.hpp
[31.450s] -- Symlinking: /home/nexium/ros_ws/install/rmoss_util/include/rmoss_util/mono_measure_tool.hpp
[31.463s] -- Symlinking: /home/nexium/ros_ws/install/rmoss_util/include/rmoss_util/task_manager.hpp
[31.485s] -- Symlinking: /home/nexium/ros_ws/install/rmoss_util/include/rmoss_util/time_utils.hpp
[31.500s] -- Symlinking: /home/nexium/ros_ws/install/rmoss_util/include/rmoss_util/url_resolver.hpp
[31.516s] -- Symlinking: /home/nexium/ros_ws/install/rmoss_util/share/rmoss_util/environment/library_path.sh
[31.530s] -- Symlinking: /home/nexium/ros_ws/install/rmoss_util/share/rmoss_util/environment/library_path.dsv
[31.543s] -- Symlinking: /home/nexium/ros_ws/install/rmoss_util/share/ament_index/resource_index/package_run_dependencies/rmoss_util
[31.556s] -- Symlinking: /home/nexium/ros_ws/install/rmoss_util/share/ament_index/resource_index/parent_prefix_path/rmoss_util
[31.568s] -- Symlinking: /home/nexium/ros_ws/install/rmoss_util/share/rmoss_util/environment/ament_prefix_path.sh
[31.581s] -- Symlinking: /home/nexium/ros_ws/install/rmoss_util/share/rmoss_util/environment/ament_prefix_path.dsv
[31.595s] -- Symlinking: /home/nexium/ros_ws/install/rmoss_util/share/rmoss_util/environment/path.sh
[31.606s] -- Symlinking: /home/nexium/ros_ws/install/rmoss_util/share/rmoss_util/environment/path.dsv
[31.618s] -- Symlinking: /home/nexium/ros_ws/install/rmoss_util/share/rmoss_util/local_setup.bash
[31.632s] -- Symlinking: /home/nexium/ros_ws/install/rmoss_util/share/rmoss_util/local_setup.sh
[31.645s] -- Symlinking: /home/nexium/ros_ws/install/rmoss_util/share/rmoss_util/local_setup.zsh
[31.657s] -- Symlinking: /home/nexium/ros_ws/install/rmoss_util/share/rmoss_util/local_setup.dsv
[31.670s] -- Symlinking: /home/nexium/ros_ws/install/rmoss_util/share/rmoss_util/package.dsv
[31.683s] -- Symlinking: /home/nexium/ros_ws/install/rmoss_util/share/ament_index/resource_index/packages/rmoss_util
[31.695s] -- Symlinking: /home/nexium/ros_ws/install/rmoss_util/share/rmoss_util/cmake/ament_cmake_export_targets-extras.cmake
[31.707s] -- Symlinking: /home/nexium/ros_ws/install/rmoss_util/share/rmoss_util/cmake/ament_cmake_export_dependencies-extras.cmake
[31.719s] -- Symlinking: /home/nexium/ros_ws/install/rmoss_util/share/rmoss_util/cmake/rmoss_utilConfig.cmake
[31.732s] -- Symlinking: /home/nexium/ros_ws/install/rmoss_util/share/rmoss_util/cmake/rmoss_utilConfig-version.cmake
[31.746s] -- Symlinking: /home/nexium/ros_ws/install/rmoss_util/share/rmoss_util/package.xml
[31.759s] -- Installing: /home/nexium/ros_ws/install/rmoss_util/lib/librmoss_util.so
[31.759s] -- Set runtime path of "/home/nexium/ros_ws/install/rmoss_util/lib/librmoss_util.so" to ""
[31.760s] -- Installing: /home/nexium/ros_ws/install/rmoss_util/share/rmoss_util/cmake/rmoss_utilExport.cmake
[31.760s] -- Installing: /home/nexium/ros_ws/install/rmoss_util/share/rmoss_util/cmake/rmoss_utilExport-release.cmake
[31.765s] Invoked command in '/home/nexium/ros_ws/build/rmoss_util' returned '0': AMENT_PREFIX_PATH=/home/nexium/ros_ws/install/rmoss_interfaces:${AMENT_PREFIX_PATH} CMAKE_PREFIX_PATH=/home/nexium/ros_ws/install/rmoss_interfaces:/opt/ros/humble LD_LIBRARY_PATH=/home/nexium/ros_ws/install/rmoss_interfaces/lib:${LD_LIBRARY_PATH} PYTHONPATH=/home/nexium/ros_ws/install/rmoss_interfaces/local/lib/python3.10/dist-packages:${PYTHONPATH} /usr/bin/cmake --install /home/nexium/ros_ws/build/rmoss_util
