-- The C compiler identification is GNU 11.4.0
-- The CXX compiler identification is GNU 11.4.0
-- Detecting C compiler ABI info
-- Detecting C compiler ABI info - done
-- Check for working C compiler: /usr/bin/cc - skipped
-- Detecting C compile features
-- Detecting C compile features - done
-- Detecting CXX compiler ABI info
-- Detecting CXX compiler ABI info - done
-- Check for working CXX compiler: /usr/bin/c++ - skipped
-- Detecting CXX compile features
-- Detecting CXX compile features - done
-- Found ament_cmake_auto: 1.3.12 (/opt/ros/humble/share/ament_cmake_auto/cmake)
-- Found Python3: /usr/bin/python3 (found version "3.10.12") found components: Interpreter 
-- Override CMake install command with custom implementation using symlinks instead of copying resources
-- Found rosidl_generator_c: 3.1.8 (/opt/ros/humble/share/rosidl_generator_c/cmake)
-- Found rosidl_adapter: 3.1.8 (/opt/ros/humble/share/rosidl_adapter/cmake)
-- Found rosidl_generator_cpp: 3.1.8 (/opt/ros/humble/share/rosidl_generator_cpp/cmake)
-- Using all available rosidl_typesupport_c: rosidl_typesupport_fastrtps_c;rosidl_typesupport_introspection_c
-- Using all available rosidl_typesupport_cpp: rosidl_typesupport_fastrtps_cpp;rosidl_typesupport_introspection_cpp
-- Found rmw_implementation_cmake: 6.1.2 (/opt/ros/humble/share/rmw_implementation_cmake/cmake)
-- Found rmw_fastrtps_cpp: 6.2.9 (/opt/ros/humble/share/rmw_fastrtps_cpp/cmake)
-- Found OpenSSL: /usr/lib/x86_64-linux-gnu/libcrypto.so (found version "3.0.2")  
-- Found FastRTPS: /opt/ros/humble/include  
-- Using RMW implementation 'rmw_fastrtps_cpp' as default
-- Looking for pthread.h
-- Looking for pthread.h - found
-- Performing Test CMAKE_HAVE_LIBC_PTHREAD
-- Performing Test CMAKE_HAVE_LIBC_PTHREAD - Success
-- Found Threads: TRUE  
-- Found eigen3_cmake_module: 0.1.1 (/opt/ros/humble/share/eigen3_cmake_module/cmake)
-- Found Eigen3: TRUE (found version "3.4.0") 
-- Ensuring Eigen3 include directory is part of orocos-kdl CMake target
-- Found ament_lint_auto: 0.12.14 (/opt/ros/humble/share/ament_lint_auto/cmake)
-- Added test 'clang_format' to check C / C++ code style
-- Added test 'clang_tidy' to check C / C++ code style
-- Added test 'black' to check Python code style
-- Configuring done
-- Generating done
-- Build files have been written to: /home/nexium/ros_ws/build/fake_vel_transform
[ 25%] [32mBuilding CXX object CMakeFiles/fake_vel_transform_node.dir/rclcpp_components/node_main_fake_vel_transform_node.cpp.o[0m
[ 50%] [32mBuilding CXX object CMakeFiles/fake_vel_transform.dir/src/fake_vel_transform.cpp.o[0m
[ 75%] [32m[1mLinking CXX executable fake_vel_transform_node[0m
[ 75%] Built target fake_vel_transform_node
[100%] [32m[1mLinking CXX shared library libfake_vel_transform.so[0m
[100%] Built target fake_vel_transform
-- Install configuration: "release"
-- Execute custom install script
-- Symlinking: /home/nexium/ros_ws/install/fake_vel_transform/lib/fake_vel_transform/fake_vel_transform_node
-- Symlinking: /home/nexium/ros_ws/install/fake_vel_transform/include/fake_vel_transform/fake_vel_transform/fake_vel_transform.hpp
-- Symlinking: /home/nexium/ros_ws/install/fake_vel_transform/share/fake_vel_transform/environment/library_path.sh
-- Symlinking: /home/nexium/ros_ws/install/fake_vel_transform/share/fake_vel_transform/environment/library_path.dsv
-- Symlinking: /home/nexium/ros_ws/install/fake_vel_transform/lib/libfake_vel_transform.so
-- Symlinking: /home/nexium/ros_ws/install/fake_vel_transform/share/fake_vel_transform/launch/fake_vel_transform_launch.py
-- Symlinking: /home/nexium/ros_ws/install/fake_vel_transform/share/ament_index/resource_index/package_run_dependencies/fake_vel_transform
-- Symlinking: /home/nexium/ros_ws/install/fake_vel_transform/share/ament_index/resource_index/parent_prefix_path/fake_vel_transform
-- Symlinking: /home/nexium/ros_ws/install/fake_vel_transform/share/fake_vel_transform/environment/ament_prefix_path.sh
-- Symlinking: /home/nexium/ros_ws/install/fake_vel_transform/share/fake_vel_transform/environment/ament_prefix_path.dsv
-- Symlinking: /home/nexium/ros_ws/install/fake_vel_transform/share/fake_vel_transform/environment/path.sh
-- Symlinking: /home/nexium/ros_ws/install/fake_vel_transform/share/fake_vel_transform/environment/path.dsv
-- Symlinking: /home/nexium/ros_ws/install/fake_vel_transform/share/fake_vel_transform/local_setup.bash
-- Symlinking: /home/nexium/ros_ws/install/fake_vel_transform/share/fake_vel_transform/local_setup.sh
-- Symlinking: /home/nexium/ros_ws/install/fake_vel_transform/share/fake_vel_transform/local_setup.zsh
-- Symlinking: /home/nexium/ros_ws/install/fake_vel_transform/share/fake_vel_transform/local_setup.dsv
-- Symlinking: /home/nexium/ros_ws/install/fake_vel_transform/share/fake_vel_transform/package.dsv
-- Symlinking: /home/nexium/ros_ws/install/fake_vel_transform/share/ament_index/resource_index/packages/fake_vel_transform
-- Symlinking: /home/nexium/ros_ws/install/fake_vel_transform/share/ament_index/resource_index/rclcpp_components/fake_vel_transform
-- Symlinking: /home/nexium/ros_ws/install/fake_vel_transform/share/fake_vel_transform/cmake/ament_cmake_export_dependencies-extras.cmake
-- Symlinking: /home/nexium/ros_ws/install/fake_vel_transform/share/fake_vel_transform/cmake/ament_cmake_export_include_directories-extras.cmake
-- Symlinking: /home/nexium/ros_ws/install/fake_vel_transform/share/fake_vel_transform/cmake/ament_cmake_export_libraries-extras.cmake
-- Symlinking: /home/nexium/ros_ws/install/fake_vel_transform/share/fake_vel_transform/cmake/fake_vel_transformConfig.cmake
-- Symlinking: /home/nexium/ros_ws/install/fake_vel_transform/share/fake_vel_transform/cmake/fake_vel_transformConfig-version.cmake
-- Symlinking: /home/nexium/ros_ws/install/fake_vel_transform/share/fake_vel_transform/package.xml
