[0.188s] Invoking command in '/home/nexium/ros_ws/build/fake_vel_transform': CMAKE_PREFIX_PATH=/opt/ros/humble /usr/bin/cmake /home/nexium/ros_ws/src/pb2025_sentry_nav/fake_vel_transform -DCMAKE_BUILD_TYPE=release -DAMENT_CMAKE_SYMLINK_INSTALL=1 -DCMAKE_INSTALL_PREFIX=/home/nexium/ros_ws/install/fake_vel_transform
[0.560s] -- The C compiler identification is GNU 11.4.0
[0.560s] -- The CXX compiler identification is GNU 11.4.0
[0.561s] -- Detecting C compiler ABI info
[0.561s] -- Detecting C compiler ABI info - done
[0.561s] -- Check for working C compiler: /usr/bin/cc - skipped
[0.561s] -- Detecting C compile features
[0.561s] -- Detecting C compile features - done
[0.561s] -- Detecting CXX compiler ABI info
[0.561s] -- Detecting CXX compiler ABI info - done
[0.561s] -- Check for working CXX compiler: /usr/bin/c++ - skipped
[0.561s] -- Detecting CXX compile features
[0.561s] -- Detecting CXX compile features - done
[0.561s] -- Found ament_cmake_auto: 1.3.12 (/opt/ros/humble/share/ament_cmake_auto/cmake)
[0.567s] -- Found Python3: /usr/bin/python3 (found version "3.10.12") found components: Interpreter 
[0.662s] -- Override CMake install command with custom implementation using symlinks instead of copying resources
[0.820s] -- Found rosidl_generator_c: 3.1.8 (/opt/ros/humble/share/rosidl_generator_c/cmake)
[0.825s] -- Found rosidl_adapter: 3.1.8 (/opt/ros/humble/share/rosidl_adapter/cmake)
[0.836s] -- Found rosidl_generator_cpp: 3.1.8 (/opt/ros/humble/share/rosidl_generator_cpp/cmake)
[0.848s] -- Using all available rosidl_typesupport_c: rosidl_typesupport_fastrtps_c;rosidl_typesupport_introspection_c
[0.866s] -- Using all available rosidl_typesupport_cpp: rosidl_typesupport_fastrtps_cpp;rosidl_typesupport_introspection_cpp
[0.919s] -- Found rmw_implementation_cmake: 6.1.2 (/opt/ros/humble/share/rmw_implementation_cmake/cmake)
[0.923s] -- Found rmw_fastrtps_cpp: 6.2.9 (/opt/ros/humble/share/rmw_fastrtps_cpp/cmake)
[1.035s] -- Found OpenSSL: /usr/lib/x86_64-linux-gnu/libcrypto.so (found version "3.0.2")  
[1.073s] -- Found FastRTPS: /opt/ros/humble/include  
[1.124s] -- Using RMW implementation 'rmw_fastrtps_cpp' as default
[1.135s] -- Looking for pthread.h
[1.220s] -- Looking for pthread.h - found
[1.220s] -- Performing Test CMAKE_HAVE_LIBC_PTHREAD
[1.313s] -- Performing Test CMAKE_HAVE_LIBC_PTHREAD - Success
[1.314s] -- Found Threads: TRUE  
[1.568s] -- Found eigen3_cmake_module: 0.1.1 (/opt/ros/humble/share/eigen3_cmake_module/cmake)
[1.572s] -- Found Eigen3: TRUE (found version "3.4.0") 
[1.572s] -- Ensuring Eigen3 include directory is part of orocos-kdl CMake target
[1.598s] -- Found ament_lint_auto: 0.12.14 (/opt/ros/humble/share/ament_lint_auto/cmake)
[1.613s] -- Added test 'clang_format' to check C / C++ code style
[1.614s] -- Added test 'clang_tidy' to check C / C++ code style
[1.615s] -- Added test 'black' to check Python code style
[1.618s] -- Configuring done
[1.637s] -- Generating done
[1.644s] -- Build files have been written to: /home/nexium/ros_ws/build/fake_vel_transform
[1.660s] Invoked command in '/home/nexium/ros_ws/build/fake_vel_transform' returned '0': CMAKE_PREFIX_PATH=/opt/ros/humble /usr/bin/cmake /home/nexium/ros_ws/src/pb2025_sentry_nav/fake_vel_transform -DCMAKE_BUILD_TYPE=release -DAMENT_CMAKE_SYMLINK_INSTALL=1 -DCMAKE_INSTALL_PREFIX=/home/nexium/ros_ws/install/fake_vel_transform
[1.663s] Invoking command in '/home/nexium/ros_ws/build/fake_vel_transform': CMAKE_PREFIX_PATH=/opt/ros/humble /usr/bin/cmake --build /home/nexium/ros_ws/build/fake_vel_transform -- -j12 -l12
[1.773s] [ 25%] [32mBuilding CXX object CMakeFiles/fake_vel_transform_node.dir/rclcpp_components/node_main_fake_vel_transform_node.cpp.o[0m
[1.773s] [ 50%] [32mBuilding CXX object CMakeFiles/fake_vel_transform.dir/src/fake_vel_transform.cpp.o[0m
[16.265s] [ 75%] [32m[1mLinking CXX executable fake_vel_transform_node[0m
[16.686s] [ 75%] Built target fake_vel_transform_node
[59.746s] [100%] [32m[1mLinking CXX shared library libfake_vel_transform.so[0m
[60.025s] [100%] Built target fake_vel_transform
[60.038s] Invoked command in '/home/nexium/ros_ws/build/fake_vel_transform' returned '0': CMAKE_PREFIX_PATH=/opt/ros/humble /usr/bin/cmake --build /home/nexium/ros_ws/build/fake_vel_transform -- -j12 -l12
[60.082s] Invoking command in '/home/nexium/ros_ws/build/fake_vel_transform': CMAKE_PREFIX_PATH=/opt/ros/humble /usr/bin/cmake --install /home/nexium/ros_ws/build/fake_vel_transform
[60.090s] -- Install configuration: "release"
[60.090s] -- Execute custom install script
[60.090s] -- Symlinking: /home/nexium/ros_ws/install/fake_vel_transform/lib/fake_vel_transform/fake_vel_transform_node
[60.091s] -- Symlinking: /home/nexium/ros_ws/install/fake_vel_transform/include/fake_vel_transform/fake_vel_transform/fake_vel_transform.hpp
[60.091s] -- Symlinking: /home/nexium/ros_ws/install/fake_vel_transform/share/fake_vel_transform/environment/library_path.sh
[60.100s] -- Symlinking: /home/nexium/ros_ws/install/fake_vel_transform/share/fake_vel_transform/environment/library_path.dsv
[60.111s] -- Symlinking: /home/nexium/ros_ws/install/fake_vel_transform/lib/libfake_vel_transform.so
[60.133s] -- Symlinking: /home/nexium/ros_ws/install/fake_vel_transform/share/fake_vel_transform/launch/fake_vel_transform_launch.py
[60.147s] -- Symlinking: /home/nexium/ros_ws/install/fake_vel_transform/share/ament_index/resource_index/package_run_dependencies/fake_vel_transform
[60.160s] -- Symlinking: /home/nexium/ros_ws/install/fake_vel_transform/share/ament_index/resource_index/parent_prefix_path/fake_vel_transform
[60.172s] -- Symlinking: /home/nexium/ros_ws/install/fake_vel_transform/share/fake_vel_transform/environment/ament_prefix_path.sh
[60.185s] -- Symlinking: /home/nexium/ros_ws/install/fake_vel_transform/share/fake_vel_transform/environment/ament_prefix_path.dsv
[60.196s] -- Symlinking: /home/nexium/ros_ws/install/fake_vel_transform/share/fake_vel_transform/environment/path.sh
[60.208s] -- Symlinking: /home/nexium/ros_ws/install/fake_vel_transform/share/fake_vel_transform/environment/path.dsv
[60.220s] -- Symlinking: /home/nexium/ros_ws/install/fake_vel_transform/share/fake_vel_transform/local_setup.bash
[60.236s] -- Symlinking: /home/nexium/ros_ws/install/fake_vel_transform/share/fake_vel_transform/local_setup.sh
[60.248s] -- Symlinking: /home/nexium/ros_ws/install/fake_vel_transform/share/fake_vel_transform/local_setup.zsh
[60.261s] -- Symlinking: /home/nexium/ros_ws/install/fake_vel_transform/share/fake_vel_transform/local_setup.dsv
[60.275s] -- Symlinking: /home/nexium/ros_ws/install/fake_vel_transform/share/fake_vel_transform/package.dsv
[60.288s] -- Symlinking: /home/nexium/ros_ws/install/fake_vel_transform/share/ament_index/resource_index/packages/fake_vel_transform
[60.301s] -- Symlinking: /home/nexium/ros_ws/install/fake_vel_transform/share/ament_index/resource_index/rclcpp_components/fake_vel_transform
[60.315s] -- Symlinking: /home/nexium/ros_ws/install/fake_vel_transform/share/fake_vel_transform/cmake/ament_cmake_export_dependencies-extras.cmake
[60.331s] -- Symlinking: /home/nexium/ros_ws/install/fake_vel_transform/share/fake_vel_transform/cmake/ament_cmake_export_include_directories-extras.cmake
[60.345s] -- Symlinking: /home/nexium/ros_ws/install/fake_vel_transform/share/fake_vel_transform/cmake/ament_cmake_export_libraries-extras.cmake
[60.358s] -- Symlinking: /home/nexium/ros_ws/install/fake_vel_transform/share/fake_vel_transform/cmake/fake_vel_transformConfig.cmake
[60.374s] -- Symlinking: /home/nexium/ros_ws/install/fake_vel_transform/share/fake_vel_transform/cmake/fake_vel_transformConfig-version.cmake
[60.385s] -- Symlinking: /home/nexium/ros_ws/install/fake_vel_transform/share/fake_vel_transform/package.xml
[60.405s] Invoked command in '/home/nexium/ros_ws/build/fake_vel_transform' returned '0': CMAKE_PREFIX_PATH=/opt/ros/humble /usr/bin/cmake --install /home/nexium/ros_ws/build/fake_vel_transform
