[0.067s] Invoking command in '/home/nexium/ros_ws/build/pb_omni_pid_pursuit_controller': CMAKE_PREFIX_PATH=/opt/ros/humble /usr/bin/cmake /home/nexium/ros_ws/src/pb2025_sentry_nav/pb_omni_pid_pursuit_controller -DCMAKE_BUILD_TYPE=release -DAMENT_CMAKE_SYMLINK_INSTALL=1 -DCMAKE_INSTALL_PREFIX=/home/nexium/ros_ws/install/pb_omni_pid_pursuit_controller
[2.090s] -- The C compiler identification is GNU 11.4.0
[2.090s] -- The CXX compiler identification is GNU 11.4.0
[2.090s] -- Detecting C compiler ABI info
[2.090s] -- Detecting C compiler ABI info - done
[2.090s] -- Check for working C compiler: /usr/bin/cc - skipped
[2.090s] -- Detecting C compile features
[2.090s] -- Detecting C compile features - done
[2.090s] -- Detecting CXX compiler ABI info
[2.091s] -- Detecting CXX compiler ABI info - done
[2.091s] -- Check for working CXX compiler: /usr/bin/c++ - skipped
[2.091s] -- Detecting CXX compile features
[2.091s] -- Detecting CXX compile features - done
[2.091s] -- Found ament_cmake_auto: 1.3.12 (/opt/ros/humble/share/ament_cmake_auto/cmake)
[2.091s] -- Found Python3: /usr/bin/python3 (found version "3.10.12") found components: Interpreter 
[2.091s] -- Override CMake install command with custom implementation using symlinks instead of copying resources
[2.091s] -- Found rosidl_generator_c: 3.1.8 (/opt/ros/humble/share/rosidl_generator_c/cmake)
[2.091s] -- Found rosidl_adapter: 3.1.8 (/opt/ros/humble/share/rosidl_adapter/cmake)
[2.091s] -- Found rosidl_generator_cpp: 3.1.8 (/opt/ros/humble/share/rosidl_generator_cpp/cmake)
[2.091s] -- Using all available rosidl_typesupport_c: rosidl_typesupport_fastrtps_c;rosidl_typesupport_introspection_c
[2.091s] -- Using all available rosidl_typesupport_cpp: rosidl_typesupport_fastrtps_cpp;rosidl_typesupport_introspection_cpp
[2.091s] -- Found rmw_implementation_cmake: 6.1.2 (/opt/ros/humble/share/rmw_implementation_cmake/cmake)
[2.091s] -- Found rmw_fastrtps_cpp: 6.2.9 (/opt/ros/humble/share/rmw_fastrtps_cpp/cmake)
[2.092s] -- Found OpenSSL: /usr/lib/x86_64-linux-gnu/libcrypto.so (found version "3.0.2")  
[2.092s] -- Found FastRTPS: /opt/ros/humble/include  
[2.092s] -- Using RMW implementation 'rmw_fastrtps_cpp' as default
[2.092s] -- Looking for pthread.h
[2.092s] -- Looking for pthread.h - found
[2.092s] -- Performing Test CMAKE_HAVE_LIBC_PTHREAD
[2.092s] -- Performing Test CMAKE_HAVE_LIBC_PTHREAD - Success
[2.092s] -- Found Threads: TRUE  
[2.092s] -- Found Eigen3: TRUE (found version "3.4.0") 
[2.092s] -- Ensuring Eigen3 include directory is part of orocos-kdl CMake target
[2.222s] -- Found ament_lint_auto: 0.12.14 (/opt/ros/humble/share/ament_lint_auto/cmake)
[2.244s] -- Added test 'clang_format' to check C / C++ code style
[2.246s] -- Added test 'clang_tidy' to check C / C++ code style
[2.247s] -- Added test 'xmllint' to check XML markup files
[2.247s] -- Added test 'copyright' to check source files copyright and LICENSE
[2.252s] -- Configuring done
[2.302s] -- Generating done
[2.312s] -- Build files have been written to: /home/nexium/ros_ws/build/pb_omni_pid_pursuit_controller
[2.347s] Invoked command in '/home/nexium/ros_ws/build/pb_omni_pid_pursuit_controller' returned '0': CMAKE_PREFIX_PATH=/opt/ros/humble /usr/bin/cmake /home/nexium/ros_ws/src/pb2025_sentry_nav/pb_omni_pid_pursuit_controller -DCMAKE_BUILD_TYPE=release -DAMENT_CMAKE_SYMLINK_INSTALL=1 -DCMAKE_INSTALL_PREFIX=/home/nexium/ros_ws/install/pb_omni_pid_pursuit_controller
[2.348s] Invoking command in '/home/nexium/ros_ws/build/pb_omni_pid_pursuit_controller': CMAKE_PREFIX_PATH=/opt/ros/humble /usr/bin/cmake --build /home/nexium/ros_ws/build/pb_omni_pid_pursuit_controller -- -j12 -l12
[9.581s] [ 33%] [32mBuilding CXX object CMakeFiles/pb_omni_pid_pursuit_controller.dir/src/omni_pid_pursuit_controller.cpp.o[0m
[15.750s] [ 66%] [32mBuilding CXX object CMakeFiles/pb_omni_pid_pursuit_controller.dir/src/pid.cpp.o[0m
[15.799s] [100%] [32m[1mLinking CXX shared library libpb_omni_pid_pursuit_controller.so[0m
[16.516s] [100%] Built target pb_omni_pid_pursuit_controller
[16.546s] Invoked command in '/home/nexium/ros_ws/build/pb_omni_pid_pursuit_controller' returned '0': CMAKE_PREFIX_PATH=/opt/ros/humble /usr/bin/cmake --build /home/nexium/ros_ws/build/pb_omni_pid_pursuit_controller -- -j12 -l12
[16.547s] Invoking command in '/home/nexium/ros_ws/build/pb_omni_pid_pursuit_controller': CMAKE_PREFIX_PATH=/opt/ros/humble /usr/bin/cmake --install /home/nexium/ros_ws/build/pb_omni_pid_pursuit_controller
[21.357s] -- Install configuration: "release"
[21.357s] -- Execute custom install script
[21.357s] -- Symlinking: /home/nexium/ros_ws/install/pb_omni_pid_pursuit_controller/share/pb_omni_pid_pursuit_controller//pb_omni_pid_pursuit_controller.xml
[21.357s] -- Symlinking: /home/nexium/ros_ws/install/pb_omni_pid_pursuit_controller/include/pb_omni_pid_pursuit_controller/pb_omni_pid_pursuit_controller/omni_pid_pursuit_controller.hpp
[21.357s] -- Symlinking: /home/nexium/ros_ws/install/pb_omni_pid_pursuit_controller/include/pb_omni_pid_pursuit_controller/pb_omni_pid_pursuit_controller/pid.hpp
[21.357s] -- Symlinking: /home/nexium/ros_ws/install/pb_omni_pid_pursuit_controller/share/pb_omni_pid_pursuit_controller/environment/library_path.sh
[21.357s] -- Symlinking: /home/nexium/ros_ws/install/pb_omni_pid_pursuit_controller/share/pb_omni_pid_pursuit_controller/environment/library_path.dsv
[21.357s] -- Symlinking: /home/nexium/ros_ws/install/pb_omni_pid_pursuit_controller/lib/libpb_omni_pid_pursuit_controller.so
[21.357s] -- Symlinking: /home/nexium/ros_ws/install/pb_omni_pid_pursuit_controller/share/ament_index/resource_index/package_run_dependencies/pb_omni_pid_pursuit_controller
[21.357s] -- Symlinking: /home/nexium/ros_ws/install/pb_omni_pid_pursuit_controller/share/ament_index/resource_index/parent_prefix_path/pb_omni_pid_pursuit_controller
[21.357s] -- Symlinking: /home/nexium/ros_ws/install/pb_omni_pid_pursuit_controller/share/pb_omni_pid_pursuit_controller/environment/ament_prefix_path.sh
[21.357s] -- Symlinking: /home/nexium/ros_ws/install/pb_omni_pid_pursuit_controller/share/pb_omni_pid_pursuit_controller/environment/ament_prefix_path.dsv
[21.357s] -- Symlinking: /home/nexium/ros_ws/install/pb_omni_pid_pursuit_controller/share/pb_omni_pid_pursuit_controller/environment/path.sh
[21.357s] -- Symlinking: /home/nexium/ros_ws/install/pb_omni_pid_pursuit_controller/share/pb_omni_pid_pursuit_controller/environment/path.dsv
[21.357s] -- Symlinking: /home/nexium/ros_ws/install/pb_omni_pid_pursuit_controller/share/pb_omni_pid_pursuit_controller/local_setup.bash
[21.357s] -- Symlinking: /home/nexium/ros_ws/install/pb_omni_pid_pursuit_controller/share/pb_omni_pid_pursuit_controller/local_setup.sh
[21.358s] -- Symlinking: /home/nexium/ros_ws/install/pb_omni_pid_pursuit_controller/share/pb_omni_pid_pursuit_controller/local_setup.zsh
[21.358s] -- Symlinking: /home/nexium/ros_ws/install/pb_omni_pid_pursuit_controller/share/pb_omni_pid_pursuit_controller/local_setup.dsv
[21.358s] -- Symlinking: /home/nexium/ros_ws/install/pb_omni_pid_pursuit_controller/share/pb_omni_pid_pursuit_controller/package.dsv
[21.358s] -- Symlinking: /home/nexium/ros_ws/install/pb_omni_pid_pursuit_controller/share/ament_index/resource_index/packages/pb_omni_pid_pursuit_controller
[21.358s] -- Symlinking: /home/nexium/ros_ws/install/pb_omni_pid_pursuit_controller/share/ament_index/resource_index/nav2_core__pluginlib__plugin/pb_omni_pid_pursuit_controller
[21.358s] -- Symlinking: /home/nexium/ros_ws/install/pb_omni_pid_pursuit_controller/share/pb_omni_pid_pursuit_controller/cmake/ament_cmake_export_dependencies-extras.cmake
[21.358s] -- Symlinking: /home/nexium/ros_ws/install/pb_omni_pid_pursuit_controller/share/pb_omni_pid_pursuit_controller/cmake/ament_cmake_export_include_directories-extras.cmake
[21.358s] -- Symlinking: /home/nexium/ros_ws/install/pb_omni_pid_pursuit_controller/share/pb_omni_pid_pursuit_controller/cmake/ament_cmake_export_libraries-extras.cmake
[21.358s] -- Symlinking: /home/nexium/ros_ws/install/pb_omni_pid_pursuit_controller/share/pb_omni_pid_pursuit_controller/cmake/pb_omni_pid_pursuit_controllerConfig.cmake
[21.358s] -- Symlinking: /home/nexium/ros_ws/install/pb_omni_pid_pursuit_controller/share/pb_omni_pid_pursuit_controller/cmake/pb_omni_pid_pursuit_controllerConfig-version.cmake
[21.358s] -- Symlinking: /home/nexium/ros_ws/install/pb_omni_pid_pursuit_controller/share/pb_omni_pid_pursuit_controller/package.xml
[21.365s] Invoked command in '/home/nexium/ros_ws/build/pb_omni_pid_pursuit_controller' returned '0': CMAKE_PREFIX_PATH=/opt/ros/humble /usr/bin/cmake --install /home/nexium/ros_ws/build/pb_omni_pid_pursuit_controller
