[0.048s] Invoking command in '/home/nexium/ros_ws/build/rmoss_core': AMENT_PREFIX_PATH=/home/nexium/ros_ws/install/rmoss_cam:/home/nexium/ros_ws/install/rmoss_util:/home/nexium/ros_ws/install/rmoss_base:/home/nexium/ros_ws/install/rmoss_projectile_motion:/home/nexium/ros_ws/install/rmoss_interfaces:${AMENT_PREFIX_PATH} CMAKE_PREFIX_PATH=/home/nexium/ros_ws/install/rmoss_cam:/home/nexium/ros_ws/install/rmoss_util:/home/nexium/ros_ws/install/rmoss_base:/home/nexium/ros_ws/install/rmoss_projectile_motion:/home/nexium/ros_ws/install/rmoss_interfaces:/opt/ros/humble LD_LIBRARY_PATH=/home/nexium/ros_ws/install/rmoss_cam/lib:/home/nexium/ros_ws/install/rmoss_util/lib:/home/nexium/ros_ws/install/rmoss_base/lib:/home/nexium/ros_ws/install/rmoss_projectile_motion/lib:/home/nexium/ros_ws/install/rmoss_interfaces/lib:${LD_LIBRARY_PATH} PYTHONPATH=/home/nexium/ros_ws/install/rmoss_interfaces/local/lib/python3.10/dist-packages:${PYTHONPATH} /usr/bin/cmake --build /home/nexium/ros_ws/build/rmoss_core -- -j12 -l12
[0.226s] Invoked command in '/home/nexium/ros_ws/build/rmoss_core' returned '0': AMENT_PREFIX_PATH=/home/nexium/ros_ws/install/rmoss_cam:/home/nexium/ros_ws/install/rmoss_util:/home/nexium/ros_ws/install/rmoss_base:/home/nexium/ros_ws/install/rmoss_projectile_motion:/home/nexium/ros_ws/install/rmoss_interfaces:${AMENT_PREFIX_PATH} CMAKE_PREFIX_PATH=/home/nexium/ros_ws/install/rmoss_cam:/home/nexium/ros_ws/install/rmoss_util:/home/nexium/ros_ws/install/rmoss_base:/home/nexium/ros_ws/install/rmoss_projectile_motion:/home/nexium/ros_ws/install/rmoss_interfaces:/opt/ros/humble LD_LIBRARY_PATH=/home/nexium/ros_ws/install/rmoss_cam/lib:/home/nexium/ros_ws/install/rmoss_util/lib:/home/nexium/ros_ws/install/rmoss_base/lib:/home/nexium/ros_ws/install/rmoss_projectile_motion/lib:/home/nexium/ros_ws/install/rmoss_interfaces/lib:${LD_LIBRARY_PATH} PYTHONPATH=/home/nexium/ros_ws/install/rmoss_interfaces/local/lib/python3.10/dist-packages:${PYTHONPATH} /usr/bin/cmake --build /home/nexium/ros_ws/build/rmoss_core -- -j12 -l12
[0.227s] Invoking command in '/home/nexium/ros_ws/build/rmoss_core': AMENT_PREFIX_PATH=/home/nexium/ros_ws/install/rmoss_cam:/home/nexium/ros_ws/install/rmoss_util:/home/nexium/ros_ws/install/rmoss_base:/home/nexium/ros_ws/install/rmoss_projectile_motion:/home/nexium/ros_ws/install/rmoss_interfaces:${AMENT_PREFIX_PATH} CMAKE_PREFIX_PATH=/home/nexium/ros_ws/install/rmoss_cam:/home/nexium/ros_ws/install/rmoss_util:/home/nexium/ros_ws/install/rmoss_base:/home/nexium/ros_ws/install/rmoss_projectile_motion:/home/nexium/ros_ws/install/rmoss_interfaces:/opt/ros/humble LD_LIBRARY_PATH=/home/nexium/ros_ws/install/rmoss_cam/lib:/home/nexium/ros_ws/install/rmoss_util/lib:/home/nexium/ros_ws/install/rmoss_base/lib:/home/nexium/ros_ws/install/rmoss_projectile_motion/lib:/home/nexium/ros_ws/install/rmoss_interfaces/lib:${LD_LIBRARY_PATH} PYTHONPATH=/home/nexium/ros_ws/install/rmoss_interfaces/local/lib/python3.10/dist-packages:${PYTHONPATH} /usr/bin/cmake --install /home/nexium/ros_ws/build/rmoss_core
[0.234s] -- Install configuration: "release"
[0.234s] -- Execute custom install script
[0.235s] -- Up-to-date symlink: /home/nexium/ros_ws/install/rmoss_core/share/ament_index/resource_index/package_run_dependencies/rmoss_core
[0.235s] -- Up-to-date symlink: /home/nexium/ros_ws/install/rmoss_core/share/ament_index/resource_index/parent_prefix_path/rmoss_core
[0.235s] -- Up-to-date symlink: /home/nexium/ros_ws/install/rmoss_core/share/rmoss_core/environment/ament_prefix_path.sh
[0.235s] -- Up-to-date symlink: /home/nexium/ros_ws/install/rmoss_core/share/rmoss_core/environment/ament_prefix_path.dsv
[0.235s] -- Up-to-date symlink: /home/nexium/ros_ws/install/rmoss_core/share/rmoss_core/environment/path.sh
[0.235s] -- Up-to-date symlink: /home/nexium/ros_ws/install/rmoss_core/share/rmoss_core/environment/path.dsv
[0.235s] -- Up-to-date symlink: /home/nexium/ros_ws/install/rmoss_core/share/rmoss_core/local_setup.bash
[0.236s] -- Up-to-date symlink: /home/nexium/ros_ws/install/rmoss_core/share/rmoss_core/local_setup.sh
[0.236s] -- Up-to-date symlink: /home/nexium/ros_ws/install/rmoss_core/share/rmoss_core/local_setup.zsh
[0.236s] -- Up-to-date symlink: /home/nexium/ros_ws/install/rmoss_core/share/rmoss_core/local_setup.dsv
[0.236s] -- Symlinking: /home/nexium/ros_ws/install/rmoss_core/share/rmoss_core/package.dsv
[0.243s] -- Up-to-date symlink: /home/nexium/ros_ws/install/rmoss_core/share/ament_index/resource_index/packages/rmoss_core
[0.243s] -- Up-to-date symlink: /home/nexium/ros_ws/install/rmoss_core/share/rmoss_core/cmake/rmoss_coreConfig.cmake
[0.243s] -- Up-to-date symlink: /home/nexium/ros_ws/install/rmoss_core/share/rmoss_core/cmake/rmoss_coreConfig-version.cmake
[0.243s] -- Up-to-date symlink: /home/nexium/ros_ws/install/rmoss_core/share/rmoss_core/package.xml
[0.245s] Invoked command in '/home/nexium/ros_ws/build/rmoss_core' returned '0': AMENT_PREFIX_PATH=/home/nexium/ros_ws/install/rmoss_cam:/home/nexium/ros_ws/install/rmoss_util:/home/nexium/ros_ws/install/rmoss_base:/home/nexium/ros_ws/install/rmoss_projectile_motion:/home/nexium/ros_ws/install/rmoss_interfaces:${AMENT_PREFIX_PATH} CMAKE_PREFIX_PATH=/home/nexium/ros_ws/install/rmoss_cam:/home/nexium/ros_ws/install/rmoss_util:/home/nexium/ros_ws/install/rmoss_base:/home/nexium/ros_ws/install/rmoss_projectile_motion:/home/nexium/ros_ws/install/rmoss_interfaces:/opt/ros/humble LD_LIBRARY_PATH=/home/nexium/ros_ws/install/rmoss_cam/lib:/home/nexium/ros_ws/install/rmoss_util/lib:/home/nexium/ros_ws/install/rmoss_base/lib:/home/nexium/ros_ws/install/rmoss_projectile_motion/lib:/home/nexium/ros_ws/install/rmoss_interfaces/lib:${LD_LIBRARY_PATH} PYTHONPATH=/home/nexium/ros_ws/install/rmoss_interfaces/local/lib/python3.10/dist-packages:${PYTHONPATH} /usr/bin/cmake --install /home/nexium/ros_ws/build/rmoss_core
