[0.011s] Invoking command in '/home/nexium/ros_ws/build/rmoss_gz_cam': AMENT_PREFIX_PATH=/home/nexium/ros_ws/install/rmoss_interfaces:${AMENT_PREFIX_PATH} CMAKE_PREFIX_PATH=/home/nexium/ros_ws/install/rmoss_interfaces:/opt/ros/humble LD_LIBRARY_PATH=/home/nexium/ros_ws/install/rmoss_interfaces/lib:${LD_LIBRARY_PATH} PYTHONPATH=/home/nexium/ros_ws/install/rmoss_interfaces/local/lib/python3.10/dist-packages:${PYTHONPATH} /usr/bin/cmake /home/nexium/ros_ws/src/rmoss_gazebo/rmoss_gz_cam -DCMAKE_BUILD_TYPE=release -DAMENT_CMAKE_SYMLINK_INSTALL=1 -DCMAKE_INSTALL_PREFIX=/home/nexium/ros_ws/install/rmoss_gz_cam
[7.456s] -- The C compiler identification is GNU 11.4.0
[7.456s] -- The CXX compiler identification is GNU 11.4.0
[7.456s] -- Detecting C compiler ABI info
[7.457s] -- Detecting C compiler ABI info - done
[7.457s] -- Check for working C compiler: /usr/bin/cc - skipped
[7.458s] -- Detecting C compile features
[7.458s] -- Detecting C compile features - done
[7.458s] -- Detecting CXX compiler ABI info
[7.458s] -- Detecting CXX compiler ABI info - done
[7.458s] -- Check for working CXX compiler: /usr/bin/c++ - skipped
[7.458s] -- Detecting CXX compile features
[7.459s] -- Detecting CXX compile features - done
[7.459s] -- Found ament_cmake: 1.3.12 (/opt/ros/humble/share/ament_cmake/cmake)
[7.459s] -- Found Python3: /usr/bin/python3 (found version "3.10.12") found components: Interpreter 
[7.459s] -- Override CMake install command with custom implementation using symlinks instead of copying resources
[7.459s] -- Found rclcpp: 16.0.17 (/opt/ros/humble/share/rclcpp/cmake)
[7.459s] -- Found rosidl_generator_c: 3.1.8 (/opt/ros/humble/share/rosidl_generator_c/cmake)
[7.459s] -- Found rosidl_adapter: 3.1.8 (/opt/ros/humble/share/rosidl_adapter/cmake)
[7.459s] -- Found rosidl_generator_cpp: 3.1.8 (/opt/ros/humble/share/rosidl_generator_cpp/cmake)
[7.459s] -- Using all available rosidl_typesupport_c: rosidl_typesupport_fastrtps_c;rosidl_typesupport_introspection_c
[7.459s] -- Using all available rosidl_typesupport_cpp: rosidl_typesupport_fastrtps_cpp;rosidl_typesupport_introspection_cpp
[7.459s] -- Found rmw_implementation_cmake: 6.1.2 (/opt/ros/humble/share/rmw_implementation_cmake/cmake)
[7.460s] -- Found rmw_fastrtps_cpp: 6.2.9 (/opt/ros/humble/share/rmw_fastrtps_cpp/cmake)
[7.465s] -- Found OpenSSL: /usr/lib/x86_64-linux-gnu/libcrypto.so (found version "3.0.2")  
[7.466s] -- Found FastRTPS: /opt/ros/humble/include  
[7.466s] -- Using RMW implementation 'rmw_fastrtps_cpp' as default
[7.467s] -- Looking for pthread.h
[7.467s] -- Looking for pthread.h - found
[7.467s] -- Performing Test CMAKE_HAVE_LIBC_PTHREAD
[7.467s] -- Performing Test CMAKE_HAVE_LIBC_PTHREAD - Success
[7.467s] -- Found Threads: TRUE  
[7.467s] -- Found rclcpp_components: 16.0.17 (/opt/ros/humble/share/rclcpp_components/cmake)
[7.467s] -- Found sensor_msgs: 4.9.0 (/opt/ros/humble/share/sensor_msgs/cmake)
[7.467s] -- Found rmoss_interfaces: 0.9.0 (/home/nexium/ros_ws/install/rmoss_interfaces/share/rmoss_interfaces/cmake)
[7.467s] -- Found image_transport: 3.1.12 (/opt/ros/humble/share/image_transport/cmake)
[7.467s] -- Found ros_gz_bridge: 0.244.20 (/opt/ros/humble/share/ros_gz_bridge/cmake)
[7.468s] -- Found Protobuf: /usr/lib/x86_64-linux-gnu/libprotobuf.so (found suitable version "3.12.4", minimum required is "3") 
[7.468s] -- Found Protobuf: /usr/lib/x86_64-linux-gnu/libprotobuf.so (found version "3.12.4") 
[7.468s] -- Looking for ignition-transport11 -- found version 11.4.1
[7.468s] -- Looking for ignition-msgs8 -- found version 8.7.0
[7.468s] -- Compiling against Ignition Fortress
[7.468s] -- Found ament_lint_auto: 0.12.14 (/opt/ros/humble/share/ament_lint_auto/cmake)
[7.468s] -- Added test 'copyright' to check source files copyright and LICENSE
[7.468s] -- Added test 'cppcheck' to perform static code analysis on C / C++ code
[7.468s] -- Configured cppcheck include dirs: /home/nexium/ros_ws/src/rmoss_gazebo/rmoss_gz_cam/include
[7.468s] -- Configured cppcheck exclude dirs and/or files: 
[7.468s] -- Added test 'cpplint' to check C / C++ code against the Google style
[7.469s] -- Configured cpplint exclude dirs and/or files: 
[7.469s] -- Added test 'flake8' to check Python code syntax and style conventions
[7.469s] -- Added test 'lint_cmake' to check CMake code style
[7.469s] -- Added test 'pep257' to check Python code against some of the docstring style conventions in PEP 257
[7.469s] -- Added test 'uncrustify' to check C / C++ code style
[7.469s] -- Configured uncrustify additional arguments: 
[7.469s] -- Added test 'xmllint' to check XML markup files
[7.470s] -- Configuring done
[7.470s] -- Generating done
[7.470s] -- Build files have been written to: /home/nexium/ros_ws/build/rmoss_gz_cam
[7.479s] Invoked command in '/home/nexium/ros_ws/build/rmoss_gz_cam' returned '0': AMENT_PREFIX_PATH=/home/nexium/ros_ws/install/rmoss_interfaces:${AMENT_PREFIX_PATH} CMAKE_PREFIX_PATH=/home/nexium/ros_ws/install/rmoss_interfaces:/opt/ros/humble LD_LIBRARY_PATH=/home/nexium/ros_ws/install/rmoss_interfaces/lib:${LD_LIBRARY_PATH} PYTHONPATH=/home/nexium/ros_ws/install/rmoss_interfaces/local/lib/python3.10/dist-packages:${PYTHONPATH} /usr/bin/cmake /home/nexium/ros_ws/src/rmoss_gazebo/rmoss_gz_cam -DCMAKE_BUILD_TYPE=release -DAMENT_CMAKE_SYMLINK_INSTALL=1 -DCMAKE_INSTALL_PREFIX=/home/nexium/ros_ws/install/rmoss_gz_cam
[7.480s] Invoking command in '/home/nexium/ros_ws/build/rmoss_gz_cam': AMENT_PREFIX_PATH=/home/nexium/ros_ws/install/rmoss_interfaces:${AMENT_PREFIX_PATH} CMAKE_PREFIX_PATH=/home/nexium/ros_ws/install/rmoss_interfaces:/opt/ros/humble LD_LIBRARY_PATH=/home/nexium/ros_ws/install/rmoss_interfaces/lib:${LD_LIBRARY_PATH} PYTHONPATH=/home/nexium/ros_ws/install/rmoss_interfaces/local/lib/python3.10/dist-packages:${PYTHONPATH} /usr/bin/cmake --build /home/nexium/ros_ws/build/rmoss_gz_cam -- -j12 -l12
[29.149s] [ 25%] [32mBuilding CXX object CMakeFiles/rmoss_gz_cam.dir/src/gz_cam_node.cpp.o[0m
[29.150s] [ 50%] [32m[1mLinking CXX shared library librmoss_gz_cam.so[0m
[29.150s] [ 50%] Built target rmoss_gz_cam
[29.150s] [ 75%] [32mBuilding CXX object CMakeFiles/gz_cam.dir/src/gz_cam_main.cpp.o[0m
[36.931s] [100%] [32m[1mLinking CXX executable gz_cam[0m
[37.259s] [100%] Built target gz_cam
[37.272s] Invoked command in '/home/nexium/ros_ws/build/rmoss_gz_cam' returned '0': AMENT_PREFIX_PATH=/home/nexium/ros_ws/install/rmoss_interfaces:${AMENT_PREFIX_PATH} CMAKE_PREFIX_PATH=/home/nexium/ros_ws/install/rmoss_interfaces:/opt/ros/humble LD_LIBRARY_PATH=/home/nexium/ros_ws/install/rmoss_interfaces/lib:${LD_LIBRARY_PATH} PYTHONPATH=/home/nexium/ros_ws/install/rmoss_interfaces/local/lib/python3.10/dist-packages:${PYTHONPATH} /usr/bin/cmake --build /home/nexium/ros_ws/build/rmoss_gz_cam -- -j12 -l12
[37.294s] Invoking command in '/home/nexium/ros_ws/build/rmoss_gz_cam': AMENT_PREFIX_PATH=/home/nexium/ros_ws/install/rmoss_interfaces:${AMENT_PREFIX_PATH} CMAKE_PREFIX_PATH=/home/nexium/ros_ws/install/rmoss_interfaces:/opt/ros/humble LD_LIBRARY_PATH=/home/nexium/ros_ws/install/rmoss_interfaces/lib:${LD_LIBRARY_PATH} PYTHONPATH=/home/nexium/ros_ws/install/rmoss_interfaces/local/lib/python3.10/dist-packages:${PYTHONPATH} /usr/bin/cmake --install /home/nexium/ros_ws/build/rmoss_gz_cam
[37.296s] -- Install configuration: "release"
[37.296s] -- Execute custom install script
[37.297s] -- Symlinking: /home/nexium/ros_ws/install/rmoss_gz_cam/include/rmoss_gz_cam/gz_cam_node.hpp
[37.312s] -- Symlinking: /home/nexium/ros_ws/install/rmoss_gz_cam/lib/rmoss_gz_cam/gz_cam
[37.325s] -- Symlinking: /home/nexium/ros_ws/install/rmoss_gz_cam/share/rmoss_gz_cam/launch/gz_cam.launch.py
[37.342s] -- Symlinking: /home/nexium/ros_ws/install/rmoss_gz_cam/share/ament_index/resource_index/package_run_dependencies/rmoss_gz_cam
[37.366s] -- Symlinking: /home/nexium/ros_ws/install/rmoss_gz_cam/share/ament_index/resource_index/parent_prefix_path/rmoss_gz_cam
[37.389s] -- Symlinking: /home/nexium/ros_ws/install/rmoss_gz_cam/share/rmoss_gz_cam/environment/ament_prefix_path.sh
[37.412s] -- Symlinking: /home/nexium/ros_ws/install/rmoss_gz_cam/share/rmoss_gz_cam/environment/ament_prefix_path.dsv
[37.433s] -- Symlinking: /home/nexium/ros_ws/install/rmoss_gz_cam/share/rmoss_gz_cam/environment/path.sh
[37.465s] -- Symlinking: /home/nexium/ros_ws/install/rmoss_gz_cam/share/rmoss_gz_cam/environment/path.dsv
[37.493s] -- Symlinking: /home/nexium/ros_ws/install/rmoss_gz_cam/share/rmoss_gz_cam/local_setup.bash
[37.520s] -- Symlinking: /home/nexium/ros_ws/install/rmoss_gz_cam/share/rmoss_gz_cam/local_setup.sh
[37.536s] -- Symlinking: /home/nexium/ros_ws/install/rmoss_gz_cam/share/rmoss_gz_cam/local_setup.zsh
[37.566s] -- Symlinking: /home/nexium/ros_ws/install/rmoss_gz_cam/share/rmoss_gz_cam/local_setup.dsv
[37.598s] -- Symlinking: /home/nexium/ros_ws/install/rmoss_gz_cam/share/rmoss_gz_cam/package.dsv
[37.625s] -- Symlinking: /home/nexium/ros_ws/install/rmoss_gz_cam/share/ament_index/resource_index/packages/rmoss_gz_cam
[37.651s] -- Symlinking: /home/nexium/ros_ws/install/rmoss_gz_cam/share/ament_index/resource_index/rclcpp_components/rmoss_gz_cam
[37.682s] -- Symlinking: /home/nexium/ros_ws/install/rmoss_gz_cam/share/rmoss_gz_cam/cmake/rmoss_gz_camConfig.cmake
[37.708s] -- Symlinking: /home/nexium/ros_ws/install/rmoss_gz_cam/share/rmoss_gz_cam/cmake/rmoss_gz_camConfig-version.cmake
[37.731s] -- Symlinking: /home/nexium/ros_ws/install/rmoss_gz_cam/share/rmoss_gz_cam/package.xml
[37.744s] -- Installing: /home/nexium/ros_ws/install/rmoss_gz_cam/lib/librmoss_gz_cam.so
[37.746s] -- Set runtime path of "/home/nexium/ros_ws/install/rmoss_gz_cam/lib/librmoss_gz_cam.so" to ""
[37.752s] Invoked command in '/home/nexium/ros_ws/build/rmoss_gz_cam' returned '0': AMENT_PREFIX_PATH=/home/nexium/ros_ws/install/rmoss_interfaces:${AMENT_PREFIX_PATH} CMAKE_PREFIX_PATH=/home/nexium/ros_ws/install/rmoss_interfaces:/opt/ros/humble LD_LIBRARY_PATH=/home/nexium/ros_ws/install/rmoss_interfaces/lib:${LD_LIBRARY_PATH} PYTHONPATH=/home/nexium/ros_ws/install/rmoss_interfaces/local/lib/python3.10/dist-packages:${PYTHONPATH} /usr/bin/cmake --install /home/nexium/ros_ws/build/rmoss_gz_cam
