-- The C compiler identification is GNU 11.4.0
-- The CXX compiler identification is GNU 11.4.0
-- Detecting C compiler ABI info
-- Detecting C compiler ABI info - done
-- Check for working C compiler: /usr/bin/cc - skipped
-- Detecting C compile features
-- Detecting C compile features - done
-- Detecting CXX compiler ABI info
-- Detecting CXX compiler ABI info - done
-- Check for working CXX compiler: /usr/bin/c++ - skipped
-- Detecting CXX compile features
-- Detecting CXX compile features - done
-- Found ament_cmake: 1.3.12 (/opt/ros/humble/share/ament_cmake/cmake)
-- Found Python3: /usr/bin/python3 (found version "3.10.12") found components: Interpreter 
-- Override CMake install command with custom implementation using symlinks instead of copying resources
-- Found rclcpp: 16.0.17 (/opt/ros/humble/share/rclcpp/cmake)
-- Found rosidl_generator_c: 3.1.8 (/opt/ros/humble/share/rosidl_generator_c/cmake)
-- Found rosidl_adapter: 3.1.8 (/opt/ros/humble/share/rosidl_adapter/cmake)
-- Found rosidl_generator_cpp: 3.1.8 (/opt/ros/humble/share/rosidl_generator_cpp/cmake)
-- Using all available rosidl_typesupport_c: rosidl_typesupport_fastrtps_c;rosidl_typesupport_introspection_c
-- Using all available rosidl_typesupport_cpp: rosidl_typesupport_fastrtps_cpp;rosidl_typesupport_introspection_cpp
-- Found rmw_implementation_cmake: 6.1.2 (/opt/ros/humble/share/rmw_implementation_cmake/cmake)
-- Found rmw_fastrtps_cpp: 6.2.9 (/opt/ros/humble/share/rmw_fastrtps_cpp/cmake)
-- Found OpenSSL: /usr/lib/x86_64-linux-gnu/libcrypto.so (found version "3.0.2")  
-- Found FastRTPS: /opt/ros/humble/include  
-- Using RMW implementation 'rmw_fastrtps_cpp' as default
-- Looking for pthread.h
-- Looking for pthread.h - found
-- Performing Test CMAKE_HAVE_LIBC_PTHREAD
-- Performing Test CMAKE_HAVE_LIBC_PTHREAD - Success
-- Found Threads: TRUE  
-- Found rclcpp_components: 16.0.17 (/opt/ros/humble/share/rclcpp_components/cmake)
-- Found rmoss_interfaces: 0.9.0 (/home/nexium/ros_ws/install/rmoss_interfaces/share/rmoss_interfaces/cmake)
-- Found ament_lint_auto: 0.12.14 (/opt/ros/humble/share/ament_lint_auto/cmake)
-- Found ament_cmake_gtest: 1.3.12 (/opt/ros/humble/share/ament_cmake_gtest/cmake)
-- Found gtest sources under '/opt/ros/humble/src/gtest_vendor': C++ tests using 'Google Test' will be built
-- Added test 'copyright' to check source files copyright and LICENSE
-- Added test 'cppcheck' to perform static code analysis on C / C++ code
-- Configured cppcheck include dirs: /home/nexium/ros_ws/src/rmoss_core/rmoss_base/include
-- Configured cppcheck exclude dirs and/or files: 
-- Added test 'cpplint' to check C / C++ code against the Google style
-- Configured cpplint exclude dirs and/or files: 
-- Added test 'flake8' to check Python code syntax and style conventions
-- Added test 'lint_cmake' to check CMake code style
-- Added test 'pep257' to check Python code against some of the docstring style conventions in PEP 257
-- Added test 'uncrustify' to check C / C++ code style
-- Configured uncrustify additional arguments: 
-- Added test 'xmllint' to check XML markup files
-- Configuring done
-- Generating done
-- Build files have been written to: /home/nexium/ros_ws/build/rmoss_base
[  6%] [32mBuilding CXX object CMakeFiles/rmoss_base.dir/src/transporter_driver/uart_transporter.cpp.o[0m
[ 12%] [32mBuilding CXX object CMakeFiles/rmoss_base.dir/src/simple_robot_base_node.cpp.o[0m
[ 18%] [32mBuilding CXX object CMakeFiles/rmoss_base.dir/src/transporter_driver/udp_transporter.cpp.o[0m
[ 25%] [32m[1mLinking CXX shared library librmoss_base.so[0m
[ 25%] Built target rmoss_base
[ 31%] [32mBuilding CXX object gtest/CMakeFiles/gtest.dir/src/gtest-all.cc.o[0m
[ 37%] [32m[1mLinking CXX static library libgtest.a[0m
[ 37%] Built target gtest
[ 43%] [32mBuilding CXX object CMakeFiles/simple_robot_base.dir/src/simple_robot_base_main.cpp.o[0m
[ 50%] [32m[1mLinking CXX executable simple_robot_base[0m
[ 50%] Built target simple_robot_base
[ 56%] [32mBuilding CXX object gtest/CMakeFiles/gtest_main.dir/src/gtest_main.cc.o[0m
[ 62%] [32m[1mLinking CXX static library libgtest_main.a[0m
[ 62%] Built target gtest_main
[ 68%] [32mBuilding CXX object test/CMakeFiles/test_fixed_packet.dir/test_fixed_packet.cpp.o[0m
[ 75%] [32m[1mLinking CXX executable test_fixed_packet[0m
[ 75%] Built target test_fixed_packet
[ 81%] [32mBuilding CXX object test/CMakeFiles/test_udp_transporter.dir/test_udp_transporter.cpp.o[0m
[ 87%] [32m[1mLinking CXX executable test_udp_transporter[0m
[ 87%] Built target test_udp_transporter
[ 93%] [32mBuilding CXX object test/CMakeFiles/test_fixed_packet_tool.dir/test_fixed_packet_tool.cpp.o[0m
[100%] [32m[1mLinking CXX executable test_fixed_packet_tool[0m
[100%] Built target test_fixed_packet_tool
-- Install configuration: "release"
-- Execute custom install script
-- Symlinking: /home/nexium/ros_ws/install/rmoss_base/include/rmoss_base/fixed_packet.hpp
-- Symlinking: /home/nexium/ros_ws/install/rmoss_base/include/rmoss_base/fixed_packet_tool.hpp
-- Symlinking: /home/nexium/ros_ws/install/rmoss_base/include/rmoss_base/simple_robot_base_node.hpp
-- Symlinking: /home/nexium/ros_ws/install/rmoss_base/include/rmoss_base/transporter_interface.hpp
-- Symlinking: /home/nexium/ros_ws/install/rmoss_base/include/rmoss_base/uart_transporter.hpp
-- Symlinking: /home/nexium/ros_ws/install/rmoss_base/include/rmoss_base/udp_transporter.hpp
-- Symlinking: /home/nexium/ros_ws/install/rmoss_base/lib/rmoss_base/simple_robot_base
-- Symlinking: /home/nexium/ros_ws/install/rmoss_base/lib/rmoss_base/test_control_chassis.py
-- Symlinking: /home/nexium/ros_ws/install/rmoss_base/lib/rmoss_base/test_control_gimbal.py
-- Symlinking: /home/nexium/ros_ws/install/rmoss_base/share/rmoss_base/environment/library_path.sh
-- Symlinking: /home/nexium/ros_ws/install/rmoss_base/share/rmoss_base/environment/library_path.dsv
-- Symlinking: /home/nexium/ros_ws/install/rmoss_base/share/ament_index/resource_index/package_run_dependencies/rmoss_base
-- Symlinking: /home/nexium/ros_ws/install/rmoss_base/share/ament_index/resource_index/parent_prefix_path/rmoss_base
-- Symlinking: /home/nexium/ros_ws/install/rmoss_base/share/rmoss_base/environment/ament_prefix_path.sh
-- Symlinking: /home/nexium/ros_ws/install/rmoss_base/share/rmoss_base/environment/ament_prefix_path.dsv
-- Symlinking: /home/nexium/ros_ws/install/rmoss_base/share/rmoss_base/environment/path.sh
-- Symlinking: /home/nexium/ros_ws/install/rmoss_base/share/rmoss_base/environment/path.dsv
-- Symlinking: /home/nexium/ros_ws/install/rmoss_base/share/rmoss_base/local_setup.bash
-- Symlinking: /home/nexium/ros_ws/install/rmoss_base/share/rmoss_base/local_setup.sh
-- Symlinking: /home/nexium/ros_ws/install/rmoss_base/share/rmoss_base/local_setup.zsh
-- Symlinking: /home/nexium/ros_ws/install/rmoss_base/share/rmoss_base/local_setup.dsv
-- Symlinking: /home/nexium/ros_ws/install/rmoss_base/share/rmoss_base/package.dsv
-- Symlinking: /home/nexium/ros_ws/install/rmoss_base/share/ament_index/resource_index/packages/rmoss_base
-- Symlinking: /home/nexium/ros_ws/install/rmoss_base/share/ament_index/resource_index/rclcpp_components/rmoss_base
-- Symlinking: /home/nexium/ros_ws/install/rmoss_base/share/rmoss_base/cmake/ament_cmake_export_targets-extras.cmake
-- Symlinking: /home/nexium/ros_ws/install/rmoss_base/share/rmoss_base/cmake/ament_cmake_export_dependencies-extras.cmake
-- Symlinking: /home/nexium/ros_ws/install/rmoss_base/share/rmoss_base/cmake/rmoss_baseConfig.cmake
-- Symlinking: /home/nexium/ros_ws/install/rmoss_base/share/rmoss_base/cmake/rmoss_baseConfig-version.cmake
-- Symlinking: /home/nexium/ros_ws/install/rmoss_base/share/rmoss_base/package.xml
-- Installing: /home/nexium/ros_ws/install/rmoss_base/lib/librmoss_base.so
-- Set runtime path of "/home/nexium/ros_ws/install/rmoss_base/lib/librmoss_base.so" to ""
-- Installing: /home/nexium/ros_ws/install/rmoss_base/share/rmoss_base/cmake/rmoss_baseExport.cmake
-- Installing: /home/nexium/ros_ws/install/rmoss_base/share/rmoss_base/cmake/rmoss_baseExport-release.cmake
