[0.090s] Invoking command in '/home/nexium/ros_ws/build/rmoss_base': AMENT_PREFIX_PATH=/home/nexium/ros_ws/install/rmoss_interfaces:${AMENT_PREFIX_PATH} CMAKE_PREFIX_PATH=/home/nexium/ros_ws/install/rmoss_interfaces:/opt/ros/humble LD_LIBRARY_PATH=/home/nexium/ros_ws/install/rmoss_interfaces/lib:${LD_LIBRARY_PATH} PYTHONPATH=/home/nexium/ros_ws/install/rmoss_interfaces/local/lib/python3.10/dist-packages:${PYTHONPATH} /usr/bin/cmake /home/nexium/ros_ws/src/rmoss_core/rmoss_base -DCMAKE_BUILD_TYPE=release -DAMENT_CMAKE_SYMLINK_INSTALL=1 -DCMAKE_INSTALL_PREFIX=/home/nexium/ros_ws/install/rmoss_base
[6.176s] -- The C compiler identification is GNU 11.4.0
[6.177s] -- The CXX compiler identification is GNU 11.4.0
[6.178s] -- Detecting C compiler ABI info
[6.181s] -- Detecting C compiler ABI info - done
[6.182s] -- Check for working C compiler: /usr/bin/cc - skipped
[6.183s] -- Detecting C compile features
[6.183s] -- Detecting C compile features - done
[6.183s] -- Detecting CXX compiler ABI info
[6.183s] -- Detecting CXX compiler ABI info - done
[6.183s] -- Check for working CXX compiler: /usr/bin/c++ - skipped
[6.183s] -- Detecting CXX compile features
[6.183s] -- Detecting CXX compile features - done
[6.183s] -- Found ament_cmake: 1.3.12 (/opt/ros/humble/share/ament_cmake/cmake)
[6.183s] -- Found Python3: /usr/bin/python3 (found version "3.10.12") found components: Interpreter 
[6.183s] -- Override CMake install command with custom implementation using symlinks instead of copying resources
[6.183s] -- Found rclcpp: 16.0.17 (/opt/ros/humble/share/rclcpp/cmake)
[6.183s] -- Found rosidl_generator_c: 3.1.8 (/opt/ros/humble/share/rosidl_generator_c/cmake)
[6.183s] -- Found rosidl_adapter: 3.1.8 (/opt/ros/humble/share/rosidl_adapter/cmake)
[6.183s] -- Found rosidl_generator_cpp: 3.1.8 (/opt/ros/humble/share/rosidl_generator_cpp/cmake)
[6.184s] -- Using all available rosidl_typesupport_c: rosidl_typesupport_fastrtps_c;rosidl_typesupport_introspection_c
[6.184s] -- Using all available rosidl_typesupport_cpp: rosidl_typesupport_fastrtps_cpp;rosidl_typesupport_introspection_cpp
[6.184s] -- Found rmw_implementation_cmake: 6.1.2 (/opt/ros/humble/share/rmw_implementation_cmake/cmake)
[6.184s] -- Found rmw_fastrtps_cpp: 6.2.9 (/opt/ros/humble/share/rmw_fastrtps_cpp/cmake)
[6.184s] -- Found OpenSSL: /usr/lib/x86_64-linux-gnu/libcrypto.so (found version "3.0.2")  
[6.184s] -- Found FastRTPS: /opt/ros/humble/include  
[6.184s] -- Using RMW implementation 'rmw_fastrtps_cpp' as default
[6.185s] -- Looking for pthread.h
[6.185s] -- Looking for pthread.h - found
[6.185s] -- Performing Test CMAKE_HAVE_LIBC_PTHREAD
[6.185s] -- Performing Test CMAKE_HAVE_LIBC_PTHREAD - Success
[6.185s] -- Found Threads: TRUE  
[6.185s] -- Found rclcpp_components: 16.0.17 (/opt/ros/humble/share/rclcpp_components/cmake)
[6.185s] -- Found rmoss_interfaces: 0.9.0 (/home/nexium/ros_ws/install/rmoss_interfaces/share/rmoss_interfaces/cmake)
[6.185s] -- Found ament_lint_auto: 0.12.14 (/opt/ros/humble/share/ament_lint_auto/cmake)
[6.185s] -- Found ament_cmake_gtest: 1.3.12 (/opt/ros/humble/share/ament_cmake_gtest/cmake)
[6.185s] -- Found gtest sources under '/opt/ros/humble/src/gtest_vendor': C++ tests using 'Google Test' will be built
[6.185s] -- Added test 'copyright' to check source files copyright and LICENSE
[6.185s] -- Added test 'cppcheck' to perform static code analysis on C / C++ code
[6.185s] -- Configured cppcheck include dirs: /home/nexium/ros_ws/src/rmoss_core/rmoss_base/include
[6.186s] -- Configured cppcheck exclude dirs and/or files: 
[6.186s] -- Added test 'cpplint' to check C / C++ code against the Google style
[6.186s] -- Configured cpplint exclude dirs and/or files: 
[6.186s] -- Added test 'flake8' to check Python code syntax and style conventions
[6.186s] -- Added test 'lint_cmake' to check CMake code style
[6.186s] -- Added test 'pep257' to check Python code against some of the docstring style conventions in PEP 257
[6.186s] -- Added test 'uncrustify' to check C / C++ code style
[6.186s] -- Configured uncrustify additional arguments: 
[6.186s] -- Added test 'xmllint' to check XML markup files
[6.188s] -- Configuring done
[6.188s] -- Generating done
[6.188s] -- Build files have been written to: /home/nexium/ros_ws/build/rmoss_base
[6.221s] Invoked command in '/home/nexium/ros_ws/build/rmoss_base' returned '0': AMENT_PREFIX_PATH=/home/nexium/ros_ws/install/rmoss_interfaces:${AMENT_PREFIX_PATH} CMAKE_PREFIX_PATH=/home/nexium/ros_ws/install/rmoss_interfaces:/opt/ros/humble LD_LIBRARY_PATH=/home/nexium/ros_ws/install/rmoss_interfaces/lib:${LD_LIBRARY_PATH} PYTHONPATH=/home/nexium/ros_ws/install/rmoss_interfaces/local/lib/python3.10/dist-packages:${PYTHONPATH} /usr/bin/cmake /home/nexium/ros_ws/src/rmoss_core/rmoss_base -DCMAKE_BUILD_TYPE=release -DAMENT_CMAKE_SYMLINK_INSTALL=1 -DCMAKE_INSTALL_PREFIX=/home/nexium/ros_ws/install/rmoss_base
[6.225s] Invoking command in '/home/nexium/ros_ws/build/rmoss_base': AMENT_PREFIX_PATH=/home/nexium/ros_ws/install/rmoss_interfaces:${AMENT_PREFIX_PATH} CMAKE_PREFIX_PATH=/home/nexium/ros_ws/install/rmoss_interfaces:/opt/ros/humble LD_LIBRARY_PATH=/home/nexium/ros_ws/install/rmoss_interfaces/lib:${LD_LIBRARY_PATH} PYTHONPATH=/home/nexium/ros_ws/install/rmoss_interfaces/local/lib/python3.10/dist-packages:${PYTHONPATH} /usr/bin/cmake --build /home/nexium/ros_ws/build/rmoss_base -- -j12 -l12
[6.542s] [  6%] [32mBuilding CXX object CMakeFiles/rmoss_base.dir/src/transporter_driver/uart_transporter.cpp.o[0m
[6.858s] [ 12%] [32mBuilding CXX object CMakeFiles/rmoss_base.dir/src/simple_robot_base_node.cpp.o[0m
[21.745s] [ 18%] [32mBuilding CXX object CMakeFiles/rmoss_base.dir/src/transporter_driver/udp_transporter.cpp.o[0m
[22.051s] [ 25%] [32m[1mLinking CXX shared library librmoss_base.so[0m
[22.221s] [ 25%] Built target rmoss_base
[22.239s] [ 31%] [32mBuilding CXX object gtest/CMakeFiles/gtest.dir/src/gtest-all.cc.o[0m
[32.418s] [ 37%] [32m[1mLinking CXX static library libgtest.a[0m
[32.530s] [ 37%] Built target gtest
[32.559s] [ 43%] [32mBuilding CXX object CMakeFiles/simple_robot_base.dir/src/simple_robot_base_main.cpp.o[0m
[36.955s] [ 50%] [32m[1mLinking CXX executable simple_robot_base[0m
[37.166s] [ 50%] Built target simple_robot_base
[37.194s] [ 56%] [32mBuilding CXX object gtest/CMakeFiles/gtest_main.dir/src/gtest_main.cc.o[0m
[38.097s] [ 62%] [32m[1mLinking CXX static library libgtest_main.a[0m
[38.178s] [ 62%] Built target gtest_main
[38.208s] [ 68%] [32mBuilding CXX object test/CMakeFiles/test_fixed_packet.dir/test_fixed_packet.cpp.o[0m
[40.049s] [ 75%] [32m[1mLinking CXX executable test_fixed_packet[0m
[40.335s] [ 75%] Built target test_fixed_packet
[40.372s] [ 81%] [32mBuilding CXX object test/CMakeFiles/test_udp_transporter.dir/test_udp_transporter.cpp.o[0m
[42.197s] [ 87%] [32m[1mLinking CXX executable test_udp_transporter[0m
[42.397s] [ 87%] Built target test_udp_transporter
[42.428s] [ 93%] [32mBuilding CXX object test/CMakeFiles/test_fixed_packet_tool.dir/test_fixed_packet_tool.cpp.o[0m
[44.287s] In file included from [01m[K/home/nexium/ros_ws/src/rmoss_core/rmoss_base/test/test_fixed_packet_tool.cpp:21[m[K:
[44.287s] [01m[K/home/nexium/ros_ws/src/rmoss_core/rmoss_base/test/dummy_transporter.hpp:[m[K In constructor ‘[01m[KTransporterFactory::TransporterFactory()[m[K’:
[44.287s] [01m[K/home/nexium/ros_ws/src/rmoss_core/rmoss_base/test/dummy_transporter.hpp:68:9:[m[K [01;35m[Kwarning: [m[Kignoring return value of ‘[01m[Kint pipe(int*)[m[K’ declared with attribute ‘[01m[Kwarn_unused_result[m[K’ [[01;35m[K]8;;https://gcc.gnu.org/onlinedocs/gcc/Warning-Options.html#index-Wunused-result-Wunused-result]8;;[m[K]
[44.287s]    68 |     [01;35m[Kpipe(fds1)[m[K;
[44.287s]       |     [01;35m[K~~~~^~~~~~[m[K
[44.288s] [01m[K/home/nexium/ros_ws/src/rmoss_core/rmoss_base/test/dummy_transporter.hpp:69:9:[m[K [01;35m[Kwarning: [m[Kignoring return value of ‘[01m[Kint pipe(int*)[m[K’ declared with attribute ‘[01m[Kwarn_unused_result[m[K’ [[01;35m[K]8;;https://gcc.gnu.org/onlinedocs/gcc/Warning-Options.html#index-Wunused-result-Wunused-result]8;;[m[K]
[44.288s]    69 |     [01;35m[Kpipe(fds2)[m[K;
[44.288s]       |     [01;35m[K~~~~^~~~~~[m[K
[45.270s] [100%] [32m[1mLinking CXX executable test_fixed_packet_tool[0m
[45.544s] [100%] Built target test_fixed_packet_tool
[45.565s] Invoked command in '/home/nexium/ros_ws/build/rmoss_base' returned '0': AMENT_PREFIX_PATH=/home/nexium/ros_ws/install/rmoss_interfaces:${AMENT_PREFIX_PATH} CMAKE_PREFIX_PATH=/home/nexium/ros_ws/install/rmoss_interfaces:/opt/ros/humble LD_LIBRARY_PATH=/home/nexium/ros_ws/install/rmoss_interfaces/lib:${LD_LIBRARY_PATH} PYTHONPATH=/home/nexium/ros_ws/install/rmoss_interfaces/local/lib/python3.10/dist-packages:${PYTHONPATH} /usr/bin/cmake --build /home/nexium/ros_ws/build/rmoss_base -- -j12 -l12
[45.569s] Invoking command in '/home/nexium/ros_ws/build/rmoss_base': AMENT_PREFIX_PATH=/home/nexium/ros_ws/install/rmoss_interfaces:${AMENT_PREFIX_PATH} CMAKE_PREFIX_PATH=/home/nexium/ros_ws/install/rmoss_interfaces:/opt/ros/humble LD_LIBRARY_PATH=/home/nexium/ros_ws/install/rmoss_interfaces/lib:${LD_LIBRARY_PATH} PYTHONPATH=/home/nexium/ros_ws/install/rmoss_interfaces/local/lib/python3.10/dist-packages:${PYTHONPATH} /usr/bin/cmake --install /home/nexium/ros_ws/build/rmoss_base
[45.952s] -- Install configuration: "release"
[45.952s] -- Execute custom install script
[45.953s] -- Symlinking: /home/nexium/ros_ws/install/rmoss_base/include/rmoss_base/fixed_packet.hpp
[45.953s] -- Symlinking: /home/nexium/ros_ws/install/rmoss_base/include/rmoss_base/fixed_packet_tool.hpp
[45.953s] -- Symlinking: /home/nexium/ros_ws/install/rmoss_base/include/rmoss_base/simple_robot_base_node.hpp
[45.953s] -- Symlinking: /home/nexium/ros_ws/install/rmoss_base/include/rmoss_base/transporter_interface.hpp
[45.953s] -- Symlinking: /home/nexium/ros_ws/install/rmoss_base/include/rmoss_base/uart_transporter.hpp
[45.953s] -- Symlinking: /home/nexium/ros_ws/install/rmoss_base/include/rmoss_base/udp_transporter.hpp
[45.953s] -- Symlinking: /home/nexium/ros_ws/install/rmoss_base/lib/rmoss_base/simple_robot_base
[45.953s] -- Symlinking: /home/nexium/ros_ws/install/rmoss_base/lib/rmoss_base/test_control_chassis.py
[45.953s] -- Symlinking: /home/nexium/ros_ws/install/rmoss_base/lib/rmoss_base/test_control_gimbal.py
[45.953s] -- Symlinking: /home/nexium/ros_ws/install/rmoss_base/share/rmoss_base/environment/library_path.sh
[45.953s] -- Symlinking: /home/nexium/ros_ws/install/rmoss_base/share/rmoss_base/environment/library_path.dsv
[45.953s] -- Symlinking: /home/nexium/ros_ws/install/rmoss_base/share/ament_index/resource_index/package_run_dependencies/rmoss_base
[45.954s] -- Symlinking: /home/nexium/ros_ws/install/rmoss_base/share/ament_index/resource_index/parent_prefix_path/rmoss_base
[45.954s] -- Symlinking: /home/nexium/ros_ws/install/rmoss_base/share/rmoss_base/environment/ament_prefix_path.sh
[45.954s] -- Symlinking: /home/nexium/ros_ws/install/rmoss_base/share/rmoss_base/environment/ament_prefix_path.dsv
[45.958s] -- Symlinking: /home/nexium/ros_ws/install/rmoss_base/share/rmoss_base/environment/path.sh
[45.958s] -- Symlinking: /home/nexium/ros_ws/install/rmoss_base/share/rmoss_base/environment/path.dsv
[45.958s] -- Symlinking: /home/nexium/ros_ws/install/rmoss_base/share/rmoss_base/local_setup.bash
[45.958s] -- Symlinking: /home/nexium/ros_ws/install/rmoss_base/share/rmoss_base/local_setup.sh
[45.958s] -- Symlinking: /home/nexium/ros_ws/install/rmoss_base/share/rmoss_base/local_setup.zsh
[45.958s] -- Symlinking: /home/nexium/ros_ws/install/rmoss_base/share/rmoss_base/local_setup.dsv
[45.958s] -- Symlinking: /home/nexium/ros_ws/install/rmoss_base/share/rmoss_base/package.dsv
[45.958s] -- Symlinking: /home/nexium/ros_ws/install/rmoss_base/share/ament_index/resource_index/packages/rmoss_base
[45.958s] -- Symlinking: /home/nexium/ros_ws/install/rmoss_base/share/ament_index/resource_index/rclcpp_components/rmoss_base
[45.958s] -- Symlinking: /home/nexium/ros_ws/install/rmoss_base/share/rmoss_base/cmake/ament_cmake_export_targets-extras.cmake
[45.959s] -- Symlinking: /home/nexium/ros_ws/install/rmoss_base/share/rmoss_base/cmake/ament_cmake_export_dependencies-extras.cmake
[45.959s] -- Symlinking: /home/nexium/ros_ws/install/rmoss_base/share/rmoss_base/cmake/rmoss_baseConfig.cmake
[45.965s] -- Symlinking: /home/nexium/ros_ws/install/rmoss_base/share/rmoss_base/cmake/rmoss_baseConfig-version.cmake
[45.965s] -- Symlinking: /home/nexium/ros_ws/install/rmoss_base/share/rmoss_base/package.xml
[45.975s] -- Installing: /home/nexium/ros_ws/install/rmoss_base/lib/librmoss_base.so
[45.976s] -- Set runtime path of "/home/nexium/ros_ws/install/rmoss_base/lib/librmoss_base.so" to ""
[45.976s] -- Installing: /home/nexium/ros_ws/install/rmoss_base/share/rmoss_base/cmake/rmoss_baseExport.cmake
[45.976s] -- Installing: /home/nexium/ros_ws/install/rmoss_base/share/rmoss_base/cmake/rmoss_baseExport-release.cmake
[46.010s] Invoked command in '/home/nexium/ros_ws/build/rmoss_base' returned '0': AMENT_PREFIX_PATH=/home/nexium/ros_ws/install/rmoss_interfaces:${AMENT_PREFIX_PATH} CMAKE_PREFIX_PATH=/home/nexium/ros_ws/install/rmoss_interfaces:/opt/ros/humble LD_LIBRARY_PATH=/home/nexium/ros_ws/install/rmoss_interfaces/lib:${LD_LIBRARY_PATH} PYTHONPATH=/home/nexium/ros_ws/install/rmoss_interfaces/local/lib/python3.10/dist-packages:${PYTHONPATH} /usr/bin/cmake --install /home/nexium/ros_ws/build/rmoss_base
