[0.023s] Invoking command in '/home/nexium/ros_ws/build/terrain_analysis_ext': CMAKE_PREFIX_PATH=/opt/ros/humble /usr/bin/cmake /home/nexium/ros_ws/src/pb2025_sentry_nav/terrain_analysis_ext -DCMAKE_BUILD_TYPE=release -DAMENT_CMAKE_SYMLINK_INSTALL=1 -DCMAKE_INSTALL_PREFIX=/home/nexium/ros_ws/install/terrain_analysis_ext
[6.124s] -- The C compiler identification is GNU 11.4.0
[6.124s] -- The CXX compiler identification is GNU 11.4.0
[6.124s] -- Detecting C compiler ABI info
[6.124s] -- Detecting C compiler ABI info - done
[6.124s] -- Check for working C compiler: /usr/bin/cc - skipped
[6.124s] -- Detecting C compile features
[6.124s] -- Detecting C compile features - done
[6.124s] -- Detecting CXX compiler ABI info
[6.124s] -- Detecting CXX compiler ABI info - done
[6.124s] -- Check for working CXX compiler: /usr/bin/c++ - skipped
[6.124s] -- Detecting CXX compile features
[6.124s] -- Detecting CXX compile features - done
[6.124s] -- Found ament_cmake: 1.3.12 (/opt/ros/humble/share/ament_cmake/cmake)
[6.124s] -- Found Python3: /usr/bin/python3 (found version "3.10.12") found components: Interpreter 
[6.124s] -- Override CMake install command with custom implementation using symlinks instead of copying resources
[6.124s] -- Found rclcpp: 16.0.17 (/opt/ros/humble/share/rclcpp/cmake)
[6.124s] -- Found rosidl_generator_c: 3.1.8 (/opt/ros/humble/share/rosidl_generator_c/cmake)
[6.125s] -- Found rosidl_adapter: 3.1.8 (/opt/ros/humble/share/rosidl_adapter/cmake)
[6.125s] -- Found rosidl_generator_cpp: 3.1.8 (/opt/ros/humble/share/rosidl_generator_cpp/cmake)
[6.125s] -- Using all available rosidl_typesupport_c: rosidl_typesupport_fastrtps_c;rosidl_typesupport_introspection_c
[6.125s] -- Using all available rosidl_typesupport_cpp: rosidl_typesupport_fastrtps_cpp;rosidl_typesupport_introspection_cpp
[6.125s] -- Found rmw_implementation_cmake: 6.1.2 (/opt/ros/humble/share/rmw_implementation_cmake/cmake)
[6.128s] -- Found rmw_fastrtps_cpp: 6.2.9 (/opt/ros/humble/share/rmw_fastrtps_cpp/cmake)
[6.128s] -- Found OpenSSL: /usr/lib/x86_64-linux-gnu/libcrypto.so (found version "3.0.2")  
[6.128s] -- Found FastRTPS: /opt/ros/humble/include  
[6.128s] -- Using RMW implementation 'rmw_fastrtps_cpp' as default
[6.128s] -- Looking for pthread.h
[6.128s] -- Looking for pthread.h - found
[6.128s] -- Performing Test CMAKE_HAVE_LIBC_PTHREAD
[6.128s] -- Performing Test CMAKE_HAVE_LIBC_PTHREAD - Success
[6.128s] -- Found Threads: TRUE  
[6.129s] -- Found nav_msgs: 4.9.0 (/opt/ros/humble/share/nav_msgs/cmake)
[6.129s] -- Found sensor_msgs: 4.9.0 (/opt/ros/humble/share/sensor_msgs/cmake)
[6.129s] -- Found tf2_ros: 0.25.18 (/opt/ros/humble/share/tf2_ros/cmake)
[6.129s] -- Found tf2_geometry_msgs: 0.25.18 (/opt/ros/humble/share/tf2_geometry_msgs/cmake)
[6.129s] -- Found eigen3_cmake_module: 0.1.1 (/opt/ros/humble/share/eigen3_cmake_module/cmake)
[6.129s] -- Found Eigen3: TRUE (found version "3.4.0") 
[6.129s] -- Ensuring Eigen3 include directory is part of orocos-kdl CMake target
[6.129s] -- Found pcl_conversions: 2.4.5 (/opt/ros/humble/share/pcl_conversions/cmake)
[6.129s] -- Checking for module 'eigen3'
[6.129s] --   Found eigen3, version 3.4.0
[6.129s] -- Found Eigen: /usr/include/eigen3 (Required is at least version "3.1") 
[6.129s] -- Eigen found (include: /usr/include/eigen3, version: 3.4.0)
[6.129s] -- Checking for module 'flann'
[6.129s] --   Found flann, version 1.9.1
[6.129s] -- Found FLANN: /usr/lib/x86_64-linux-gnu/libflann_cpp.so  
[6.129s] -- FLANN found (include: /usr/include, lib: /usr/lib/x86_64-linux-gnu/libflann_cpp.so)
[6.129s] -- Checking for module 'libusb-1.0'
[6.129s] --   Found libusb-1.0, version 1.0.25
[6.129s] -- Found libusb: /usr/lib/x86_64-linux-gnu/libusb-1.0.so  
[6.130s] -- OpenNI found (version: 1.5.4.0, include: /usr/include/ni, lib: /usr/lib/libOpenNI.so;libusb::libusb)
[6.130s] -- OpenNI2 found (version: 2.2.0.33, include: /usr/include/openni2, lib: /usr/lib/x86_64-linux-gnu/libOpenNI2.so;libusb::libusb)
[6.130s] -- Eigen found (include: /usr/include/eigen3, version: 3.4.0)
[6.134s] -- OpenNI found (version: 1.5.4.0, include: /usr/include/ni, lib: /usr/lib/libOpenNI.so;libusb::libusb)
[6.134s] -- OpenNI2 found (version: 2.2.0.33, include: /usr/include/openni2, lib: /usr/lib/x86_64-linux-gnu/libOpenNI2.so;libusb::libusb)
[6.134s] -- Found Qhull version 8.0.2
[6.135s] -- OpenNI found (version: 1.5.4.0, include: /usr/include/ni, lib: /usr/lib/libOpenNI.so;libusb::libusb)
[6.135s] -- Found PCL_COMMON: /usr/lib/x86_64-linux-gnu/libpcl_common.so  
[6.135s] -- Found PCL_KDTREE: /usr/lib/x86_64-linux-gnu/libpcl_kdtree.so  
[6.135s] -- Found PCL_OCTREE: /usr/lib/x86_64-linux-gnu/libpcl_octree.so  
[6.135s] -- Found PCL_SEARCH: /usr/lib/x86_64-linux-gnu/libpcl_search.so  
[6.135s] -- Found PCL_SAMPLE_CONSENSUS: /usr/lib/x86_64-linux-gnu/libpcl_sample_consensus.so  
[6.135s] -- Found PCL_FILTERS: /usr/lib/x86_64-linux-gnu/libpcl_filters.so  
[6.135s] -- Found PCL_2D: /usr/include/pcl-1.12  
[6.135s] -- Found PCL_GEOMETRY: /usr/include/pcl-1.12  
[6.135s] -- Found PCL_IO: /usr/lib/x86_64-linux-gnu/libpcl_io.so  
[6.135s] -- Found PCL_FEATURES: /usr/lib/x86_64-linux-gnu/libpcl_features.so  
[6.135s] -- Found PCL_ML: /usr/lib/x86_64-linux-gnu/libpcl_ml.so  
[6.135s] -- Found PCL_SEGMENTATION: /usr/lib/x86_64-linux-gnu/libpcl_segmentation.so  
[6.135s] -- Found PCL_VISUALIZATION: /usr/lib/x86_64-linux-gnu/libpcl_visualization.so  
[6.135s] -- Found PCL_SURFACE: /usr/lib/x86_64-linux-gnu/libpcl_surface.so  
[6.135s] -- Found PCL_REGISTRATION: /usr/lib/x86_64-linux-gnu/libpcl_registration.so  
[6.135s] -- Found PCL_KEYPOINTS: /usr/lib/x86_64-linux-gnu/libpcl_keypoints.so  
[6.135s] -- Found PCL_TRACKING: /usr/lib/x86_64-linux-gnu/libpcl_tracking.so  
[6.135s] -- Found PCL_RECOGNITION: /usr/lib/x86_64-linux-gnu/libpcl_recognition.so  
[6.136s] -- Found PCL_STEREO: /usr/lib/x86_64-linux-gnu/libpcl_stereo.so  
[6.136s] -- Found PCL_APPS: /usr/lib/x86_64-linux-gnu/libpcl_apps.so  
[6.136s] -- Found PCL_IN_HAND_SCANNER: /usr/include/pcl-1.12  
[6.136s] -- Found PCL_MODELER: /usr/include/pcl-1.12  
[6.136s] -- Found PCL_POINT_CLOUD_EDITOR: /usr/include/pcl-1.12  
[6.136s] -- Found PCL_OUTOFCORE: /usr/lib/x86_64-linux-gnu/libpcl_outofcore.so  
[6.136s] -- Found PCL_PEOPLE: /usr/lib/x86_64-linux-gnu/libpcl_people.so  
[6.136s] -- Found pcl_ros: 2.4.5 (/opt/ros/humble/share/pcl_ros/cmake)
[6.136s] -- Found ament_lint_auto: 0.12.14 (/opt/ros/humble/share/ament_lint_auto/cmake)
[6.136s] -- Added test 'copyright' to check source files copyright and LICENSE
[6.136s] -- Added test 'cppcheck' to perform static code analysis on C / C++ code
[6.136s] -- Configured cppcheck include dirs: 
[6.136s] -- Configured cppcheck exclude dirs and/or files: 
[6.136s] -- Added test 'cpplint' to check C / C++ code against the Google style
[6.136s] -- Configured cpplint exclude dirs and/or files: 
[6.136s] -- Added test 'lint_cmake' to check CMake code style
[6.136s] -- Added test 'uncrustify' to check C / C++ code style
[6.136s] -- Configured uncrustify additional arguments: 
[6.136s] -- Added test 'xmllint' to check XML markup files
[6.136s] -- Configuring done
[6.136s] -- Generating done
[6.137s] -- Build files have been written to: /home/nexium/ros_ws/build/terrain_analysis_ext
[6.145s] Invoked command in '/home/nexium/ros_ws/build/terrain_analysis_ext' returned '0': CMAKE_PREFIX_PATH=/opt/ros/humble /usr/bin/cmake /home/nexium/ros_ws/src/pb2025_sentry_nav/terrain_analysis_ext -DCMAKE_BUILD_TYPE=release -DAMENT_CMAKE_SYMLINK_INSTALL=1 -DCMAKE_INSTALL_PREFIX=/home/nexium/ros_ws/install/terrain_analysis_ext
[6.145s] Invoking command in '/home/nexium/ros_ws/build/terrain_analysis_ext': CMAKE_PREFIX_PATH=/opt/ros/humble /usr/bin/cmake --build /home/nexium/ros_ws/build/terrain_analysis_ext -- -j12 -l12
[15.178s] [ 50%] [32mBuilding CXX object CMakeFiles/terrainAnalysisExt.dir/src/terrainAnalysisExt.cpp.o[0m
[49.906s] [100%] [32m[1mLinking CXX executable terrainAnalysisExt[0m
[51.485s] [100%] Built target terrainAnalysisExt
[51.501s] Invoked command in '/home/nexium/ros_ws/build/terrain_analysis_ext' returned '0': CMAKE_PREFIX_PATH=/opt/ros/humble /usr/bin/cmake --build /home/nexium/ros_ws/build/terrain_analysis_ext -- -j12 -l12
[51.504s] Invoking command in '/home/nexium/ros_ws/build/terrain_analysis_ext': CMAKE_PREFIX_PATH=/opt/ros/humble /usr/bin/cmake --install /home/nexium/ros_ws/build/terrain_analysis_ext
[53.624s] -- Install configuration: "release"
[53.624s] -- Execute custom install script
[53.624s] -- Symlinking: /home/nexium/ros_ws/install/terrain_analysis_ext/lib/terrain_analysis_ext/terrainAnalysisExt
[53.624s] -- Symlinking: /home/nexium/ros_ws/install/terrain_analysis_ext/share/terrain_analysis_ext/launch/terrain_analysis_ext.launch
[53.624s] -- Symlinking: /home/nexium/ros_ws/install/terrain_analysis_ext/share/ament_index/resource_index/package_run_dependencies/terrain_analysis_ext
[53.624s] -- Symlinking: /home/nexium/ros_ws/install/terrain_analysis_ext/share/ament_index/resource_index/parent_prefix_path/terrain_analysis_ext
[53.625s] -- Symlinking: /home/nexium/ros_ws/install/terrain_analysis_ext/share/terrain_analysis_ext/environment/ament_prefix_path.sh
[53.625s] -- Symlinking: /home/nexium/ros_ws/install/terrain_analysis_ext/share/terrain_analysis_ext/environment/ament_prefix_path.dsv
[53.625s] -- Symlinking: /home/nexium/ros_ws/install/terrain_analysis_ext/share/terrain_analysis_ext/environment/path.sh
[53.626s] -- Symlinking: /home/nexium/ros_ws/install/terrain_analysis_ext/share/terrain_analysis_ext/environment/path.dsv
[53.627s] -- Symlinking: /home/nexium/ros_ws/install/terrain_analysis_ext/share/terrain_analysis_ext/local_setup.bash
[53.627s] -- Symlinking: /home/nexium/ros_ws/install/terrain_analysis_ext/share/terrain_analysis_ext/local_setup.sh
[53.627s] -- Symlinking: /home/nexium/ros_ws/install/terrain_analysis_ext/share/terrain_analysis_ext/local_setup.zsh
[53.627s] -- Symlinking: /home/nexium/ros_ws/install/terrain_analysis_ext/share/terrain_analysis_ext/local_setup.dsv
[53.627s] -- Symlinking: /home/nexium/ros_ws/install/terrain_analysis_ext/share/terrain_analysis_ext/package.dsv
[53.627s] -- Symlinking: /home/nexium/ros_ws/install/terrain_analysis_ext/share/ament_index/resource_index/packages/terrain_analysis_ext
[53.627s] -- Symlinking: /home/nexium/ros_ws/install/terrain_analysis_ext/share/terrain_analysis_ext/cmake/terrain_analysis_extConfig.cmake
[53.628s] -- Symlinking: /home/nexium/ros_ws/install/terrain_analysis_ext/share/terrain_analysis_ext/cmake/terrain_analysis_extConfig-version.cmake
[53.628s] -- Symlinking: /home/nexium/ros_ws/install/terrain_analysis_ext/share/terrain_analysis_ext/package.xml
[53.656s] Invoked command in '/home/nexium/ros_ws/build/terrain_analysis_ext' returned '0': CMAKE_PREFIX_PATH=/opt/ros/humble /usr/bin/cmake --install /home/nexium/ros_ws/build/terrain_analysis_ext
