[ 50%] Built target rmoss_gz_cam
[100%] Built target gz_cam
-- Install configuration: "release"
-- Execute custom install script
-- Up-to-date symlink: /home/nexium/ros_ws/install/rmoss_gz_cam/include/rmoss_gz_cam/gz_cam_node.hpp
-- Up-to-date symlink: /home/nexium/ros_ws/install/rmoss_gz_cam/lib/rmoss_gz_cam/gz_cam
-- Up-to-date symlink: /home/nexium/ros_ws/install/rmoss_gz_cam/share/rmoss_gz_cam/launch/gz_cam.launch.py
-- Up-to-date symlink: /home/nexium/ros_ws/install/rmoss_gz_cam/share/ament_index/resource_index/package_run_dependencies/rmoss_gz_cam
-- Up-to-date symlink: /home/nexium/ros_ws/install/rmoss_gz_cam/share/ament_index/resource_index/parent_prefix_path/rmoss_gz_cam
-- Up-to-date symlink: /home/nexium/ros_ws/install/rmoss_gz_cam/share/rmoss_gz_cam/environment/ament_prefix_path.sh
-- Up-to-date symlink: /home/nexium/ros_ws/install/rmoss_gz_cam/share/rmoss_gz_cam/environment/ament_prefix_path.dsv
-- Up-to-date symlink: /home/nexium/ros_ws/install/rmoss_gz_cam/share/rmoss_gz_cam/environment/path.sh
-- Up-to-date symlink: /home/nexium/ros_ws/install/rmoss_gz_cam/share/rmoss_gz_cam/environment/path.dsv
-- Up-to-date symlink: /home/nexium/ros_ws/install/rmoss_gz_cam/share/rmoss_gz_cam/local_setup.bash
-- Up-to-date symlink: /home/nexium/ros_ws/install/rmoss_gz_cam/share/rmoss_gz_cam/local_setup.sh
-- Up-to-date symlink: /home/nexium/ros_ws/install/rmoss_gz_cam/share/rmoss_gz_cam/local_setup.zsh
-- Up-to-date symlink: /home/nexium/ros_ws/install/rmoss_gz_cam/share/rmoss_gz_cam/local_setup.dsv
-- Symlinking: /home/nexium/ros_ws/install/rmoss_gz_cam/share/rmoss_gz_cam/package.dsv
-- Up-to-date symlink: /home/nexium/ros_ws/install/rmoss_gz_cam/share/ament_index/resource_index/packages/rmoss_gz_cam
-- Up-to-date symlink: /home/nexium/ros_ws/install/rmoss_gz_cam/share/ament_index/resource_index/rclcpp_components/rmoss_gz_cam
-- Up-to-date symlink: /home/nexium/ros_ws/install/rmoss_gz_cam/share/rmoss_gz_cam/cmake/rmoss_gz_camConfig.cmake
-- Up-to-date symlink: /home/nexium/ros_ws/install/rmoss_gz_cam/share/rmoss_gz_cam/cmake/rmoss_gz_camConfig-version.cmake
-- Up-to-date symlink: /home/nexium/ros_ws/install/rmoss_gz_cam/share/rmoss_gz_cam/package.xml
-- Up-to-date: /home/nexium/ros_ws/install/rmoss_gz_cam/lib/librmoss_gz_cam.so
