[0.025s] Invoking command in '/home/nexium/ros_ws/build/btcpp_ros2_interfaces': CMAKE_PREFIX_PATH=/opt/ros/humble /usr/bin/cmake /home/nexium/ros_ws/src/BehaviorTree.ROS2/btcpp_ros2_interfaces -DCMAKE_BUILD_TYPE=release -DAMENT_CMAKE_SYMLINK_INSTALL=1 -DCMAKE_INSTALL_PREFIX=/home/nexium/ros_ws/install/btcpp_ros2_interfaces
[0.565s] -- The C compiler identification is GNU 11.4.0
[0.565s] -- The CXX compiler identification is GNU 11.4.0
[0.565s] -- Detecting C compiler ABI info
[0.565s] -- Detecting C compiler ABI info - done
[0.565s] -- Check for working C compiler: /usr/bin/cc - skipped
[0.565s] -- Detecting C compile features
[0.565s] -- Detecting C compile features - done
[0.565s] -- Detecting CXX compiler ABI info
[0.565s] -- Detecting CXX compiler ABI info - done
[0.565s] -- Check for working CXX compiler: /usr/bin/c++ - skipped
[0.565s] -- Detecting CXX compile features
[0.565s] -- Detecting CXX compile features - done
[0.566s] -- Found ament_cmake: 1.3.12 (/opt/ros/humble/share/ament_cmake/cmake)
[0.566s] -- Found Python3: /usr/bin/python3 (found version "3.10.12") found components: Interpreter 
[0.566s] -- Override CMake install command with custom implementation using symlinks instead of copying resources
[0.566s] -- Found rosidl_default_generators: 1.2.0 (/opt/ros/humble/share/rosidl_default_generators/cmake)
[0.566s] -- Using all available rosidl_typesupport_c: rosidl_typesupport_fastrtps_c;rosidl_typesupport_introspection_c
[0.566s] -- Found rosidl_adapter: 3.1.8 (/opt/ros/humble/share/rosidl_adapter/cmake)
[0.566s] -- Using all available rosidl_typesupport_cpp: rosidl_typesupport_fastrtps_cpp;rosidl_typesupport_introspection_cpp
[0.975s] -- Found ament_cmake_ros: 0.10.0 (/opt/ros/humble/share/ament_cmake_ros/cmake)
[1.226s] -- Using all available rosidl_typesupport_c: rosidl_typesupport_fastrtps_c;rosidl_typesupport_introspection_c
[1.506s] -- Using all available rosidl_typesupport_cpp: rosidl_typesupport_fastrtps_cpp;rosidl_typesupport_introspection_cpp
[1.536s] -- Found PythonInterp: /usr/bin/python3 (found suitable version "3.10.12", minimum required is "3.6") 
[1.540s] -- Found python_cmake_module: 0.10.0 (/opt/ros/humble/share/python_cmake_module/cmake)
[1.568s] -- Found PythonLibs: /usr/lib/x86_64-linux-gnu/libpython3.10.so (found suitable version "3.10.12", minimum required is "3.5") 
[1.569s] -- Using PYTHON_EXECUTABLE: /usr/bin/python3
[1.569s] -- Using PYTHON_INCLUDE_DIRS: /usr/include/python3.10
[1.569s] -- Using PYTHON_LIBRARIES: /usr/lib/x86_64-linux-gnu/libpython3.10.so
[1.592s] -- Found PythonExtra: .so  
[1.641s] -- Configuring done
[1.691s] -- Generating done
[1.712s] -- Build files have been written to: /home/nexium/ros_ws/build/btcpp_ros2_interfaces
[1.737s] Invoked command in '/home/nexium/ros_ws/build/btcpp_ros2_interfaces' returned '0': CMAKE_PREFIX_PATH=/opt/ros/humble /usr/bin/cmake /home/nexium/ros_ws/src/BehaviorTree.ROS2/btcpp_ros2_interfaces -DCMAKE_BUILD_TYPE=release -DAMENT_CMAKE_SYMLINK_INSTALL=1 -DCMAKE_INSTALL_PREFIX=/home/nexium/ros_ws/install/btcpp_ros2_interfaces
[1.737s] Invoking command in '/home/nexium/ros_ws/build/btcpp_ros2_interfaces': CMAKE_PREFIX_PATH=/opt/ros/humble /usr/bin/cmake --build /home/nexium/ros_ws/build/btcpp_ros2_interfaces -- -j12 -l12
[2.109s] [  2%] [34m[1mGenerating C code for ROS interfaces[0m
[2.109s] [  4%] [34m[1mGenerating C++ code for ROS interfaces[0m
[2.109s] [  4%] Built target ament_cmake_python_symlink_btcpp_ros2_interfaces
[2.150s] running egg_info
[2.150s] creating btcpp_ros2_interfaces.egg-info
[2.150s] writing btcpp_ros2_interfaces.egg-info/PKG-INFO
[2.150s] writing dependency_links to btcpp_ros2_interfaces.egg-info/dependency_links.txt
[2.150s] writing top-level names to btcpp_ros2_interfaces.egg-info/top_level.txt
[2.151s] writing manifest file 'btcpp_ros2_interfaces.egg-info/SOURCES.txt'
[2.153s] reading manifest file 'btcpp_ros2_interfaces.egg-info/SOURCES.txt'
[2.154s] writing manifest file 'btcpp_ros2_interfaces.egg-info/SOURCES.txt'
[2.211s] [  4%] Built target ament_cmake_python_build_btcpp_ros2_interfaces_egg
[3.172s] [  6%] [32mBuilding C object CMakeFiles/btcpp_ros2_interfaces__rosidl_generator_c.dir/rosidl_generator_c/btcpp_ros2_interfaces/action/detail/sleep__functions.c.o[0m
[3.174s] [  8%] [32mBuilding C object CMakeFiles/btcpp_ros2_interfaces__rosidl_generator_c.dir/rosidl_generator_c/btcpp_ros2_interfaces/msg/detail/node_status__functions.c.o[0m
[3.175s] [  8%] Built target btcpp_ros2_interfaces__cpp
[3.186s] [ 10%] [32mBuilding C object CMakeFiles/btcpp_ros2_interfaces__rosidl_generator_c.dir/rosidl_generator_c/btcpp_ros2_interfaces/action/detail/execute_tree__functions.c.o[0m
[3.209s] [ 12%] [34m[1mGenerating C++ type support dispatch for ROS interfaces[0m
[3.209s] [ 14%] [34m[1mGenerating C++ type support for eProsima Fast-RTPS[0m
[3.218s] [ 17%] [34m[1mGenerating C++ introspection for ROS interfaces[0m
[4.901s] [ 19%] [32mBuilding CXX object CMakeFiles/btcpp_ros2_interfaces__rosidl_typesupport_cpp.dir/rosidl_typesupport_cpp/btcpp_ros2_interfaces/msg/node_status__type_support.cpp.o[0m
[4.908s] [ 21%] [32mBuilding CXX object CMakeFiles/btcpp_ros2_interfaces__rosidl_typesupport_cpp.dir/rosidl_typesupport_cpp/btcpp_ros2_interfaces/action/execute_tree__type_support.cpp.o[0m
[4.908s] [ 23%] [32mBuilding CXX object CMakeFiles/btcpp_ros2_interfaces__rosidl_typesupport_cpp.dir/rosidl_typesupport_cpp/btcpp_ros2_interfaces/action/sleep__type_support.cpp.o[0m
[4.978s] [ 25%] [32m[1mLinking C shared library libbtcpp_ros2_interfaces__rosidl_generator_c.so[0m
[5.096s] [ 25%] Built target btcpp_ros2_interfaces__rosidl_generator_c
[5.138s] [ 27%] [34m[1mGenerating C type support for eProsima Fast-RTPS[0m
[5.152s] [ 31%] [34m[1mGenerating C introspection for ROS interfaces[0m
[5.153s] [ 31%] [34m[1mGenerating C type support dispatch for ROS interfaces[0m
[5.284s] [ 34%] [32mBuilding CXX object CMakeFiles/btcpp_ros2_interfaces__rosidl_typesupport_introspection_cpp.dir/rosidl_typesupport_introspection_cpp/btcpp_ros2_interfaces/msg/detail/node_status__type_support.cpp.o[0m
[5.288s] [ 36%] [32mBuilding CXX object CMakeFiles/btcpp_ros2_interfaces__rosidl_typesupport_introspection_cpp.dir/rosidl_typesupport_introspection_cpp/btcpp_ros2_interfaces/action/detail/execute_tree__type_support.cpp.o[0m
[5.304s] [ 38%] [32mBuilding CXX object CMakeFiles/btcpp_ros2_interfaces__rosidl_typesupport_introspection_cpp.dir/rosidl_typesupport_introspection_cpp/btcpp_ros2_interfaces/action/detail/sleep__type_support.cpp.o[0m
[5.587s] [ 40%] [32mBuilding CXX object CMakeFiles/btcpp_ros2_interfaces__rosidl_typesupport_fastrtps_cpp.dir/rosidl_typesupport_fastrtps_cpp/btcpp_ros2_interfaces/action/detail/dds_fastrtps/execute_tree__type_support.cpp.o[0m
[5.589s] [ 42%] [32mBuilding CXX object CMakeFiles/btcpp_ros2_interfaces__rosidl_typesupport_fastrtps_cpp.dir/rosidl_typesupport_fastrtps_cpp/btcpp_ros2_interfaces/action/detail/dds_fastrtps/sleep__type_support.cpp.o[0m
[5.590s] [ 44%] [32mBuilding CXX object CMakeFiles/btcpp_ros2_interfaces__rosidl_typesupport_fastrtps_cpp.dir/rosidl_typesupport_fastrtps_cpp/btcpp_ros2_interfaces/msg/detail/dds_fastrtps/node_status__type_support.cpp.o[0m
[7.354s] [ 46%] [32m[1mLinking CXX shared library libbtcpp_ros2_interfaces__rosidl_typesupport_cpp.so[0m
[7.454s] [ 48%] [32mBuilding CXX object CMakeFiles/btcpp_ros2_interfaces__rosidl_typesupport_c.dir/rosidl_typesupport_c/btcpp_ros2_interfaces/action/execute_tree__type_support.cpp.o[0m
[7.455s] [ 51%] [32mBuilding CXX object CMakeFiles/btcpp_ros2_interfaces__rosidl_typesupport_c.dir/rosidl_typesupport_c/btcpp_ros2_interfaces/msg/node_status__type_support.cpp.o[0m
[7.493s] [ 53%] [32mBuilding CXX object CMakeFiles/btcpp_ros2_interfaces__rosidl_typesupport_c.dir/rosidl_typesupport_c/btcpp_ros2_interfaces/action/sleep__type_support.cpp.o[0m
[7.572s] [ 53%] Built target btcpp_ros2_interfaces__rosidl_typesupport_cpp
[7.746s] [ 55%] [32m[1mLinking CXX shared library libbtcpp_ros2_interfaces__rosidl_typesupport_c.so[0m
[7.931s] [ 55%] Built target btcpp_ros2_interfaces__rosidl_typesupport_c
[7.984s] [ 57%] [32mBuilding CXX object CMakeFiles/btcpp_ros2_interfaces__rosidl_typesupport_fastrtps_c.dir/rosidl_typesupport_fastrtps_c/btcpp_ros2_interfaces/action/detail/execute_tree__type_support_c.cpp.o[0m
[7.986s] [ 59%] [32mBuilding CXX object CMakeFiles/btcpp_ros2_interfaces__rosidl_typesupport_fastrtps_c.dir/rosidl_typesupport_fastrtps_c/btcpp_ros2_interfaces/action/detail/sleep__type_support_c.cpp.o[0m
[7.991s] [ 61%] [32mBuilding CXX object CMakeFiles/btcpp_ros2_interfaces__rosidl_typesupport_fastrtps_c.dir/rosidl_typesupport_fastrtps_c/btcpp_ros2_interfaces/msg/detail/node_status__type_support_c.cpp.o[0m
[8.720s] [ 63%] [32mBuilding C object CMakeFiles/btcpp_ros2_interfaces__rosidl_typesupport_introspection_c.dir/rosidl_typesupport_introspection_c/btcpp_ros2_interfaces/msg/detail/node_status__type_support.c.o[0m
[8.723s] [ 65%] [32mBuilding C object CMakeFiles/btcpp_ros2_interfaces__rosidl_typesupport_introspection_c.dir/rosidl_typesupport_introspection_c/btcpp_ros2_interfaces/action/detail/execute_tree__type_support.c.o[0m
[8.734s] [ 68%] [32mBuilding C object CMakeFiles/btcpp_ros2_interfaces__rosidl_typesupport_introspection_c.dir/rosidl_typesupport_introspection_c/btcpp_ros2_interfaces/action/detail/sleep__type_support.c.o[0m
[8.948s] [ 70%] [32m[1mLinking CXX shared library libbtcpp_ros2_interfaces__rosidl_typesupport_introspection_cpp.so[0m
[9.020s] [ 72%] [32m[1mLinking C shared library libbtcpp_ros2_interfaces__rosidl_typesupport_introspection_c.so[0m
[9.023s] [ 74%] [32m[1mLinking CXX shared library libbtcpp_ros2_interfaces__rosidl_typesupport_fastrtps_cpp.so[0m
[9.160s] [ 74%] Built target btcpp_ros2_interfaces__rosidl_typesupport_introspection_c
[9.241s] [ 74%] Built target btcpp_ros2_interfaces__rosidl_typesupport_introspection_cpp
[9.542s] [ 74%] Built target btcpp_ros2_interfaces__rosidl_typesupport_fastrtps_cpp
[10.516s] [ 76%] [32m[1mLinking CXX shared library libbtcpp_ros2_interfaces__rosidl_typesupport_fastrtps_c.so[0m
[11.099s] [ 76%] Built target btcpp_ros2_interfaces__rosidl_typesupport_fastrtps_c
[11.198s] [ 76%] Built target btcpp_ros2_interfaces
[11.288s] [ 78%] [34m[1mGenerating Python code for ROS interfaces[0m
[17.134s] [ 78%] Built target btcpp_ros2_interfaces__py
[17.294s] [ 80%] [32mBuilding C object CMakeFiles/btcpp_ros2_interfaces__rosidl_generator_py.dir/rosidl_generator_py/btcpp_ros2_interfaces/msg/_node_status_s.c.o[0m
[17.298s] [ 82%] [32mBuilding C object CMakeFiles/btcpp_ros2_interfaces__rosidl_generator_py.dir/rosidl_generator_py/btcpp_ros2_interfaces/action/_execute_tree_s.c.o[0m
[17.325s] [ 85%] [32mBuilding C object CMakeFiles/btcpp_ros2_interfaces__rosidl_generator_py.dir/rosidl_generator_py/btcpp_ros2_interfaces/action/_sleep_s.c.o[0m
[19.183s] [ 87%] [32m[1mLinking C shared library rosidl_generator_py/btcpp_ros2_interfaces/libbtcpp_ros2_interfaces__rosidl_generator_py.so[0m
[19.480s] [ 87%] Built target btcpp_ros2_interfaces__rosidl_generator_py
[19.614s] [ 89%] [32mBuilding C object CMakeFiles/btcpp_ros2_interfaces__rosidl_typesupport_fastrtps_c__pyext.dir/rosidl_generator_py/btcpp_ros2_interfaces/_btcpp_ros2_interfaces_s.ep.rosidl_typesupport_fastrtps_c.c.o[0m
[19.624s] [ 91%] [32mBuilding C object CMakeFiles/btcpp_ros2_interfaces__rosidl_typesupport_c__pyext.dir/rosidl_generator_py/btcpp_ros2_interfaces/_btcpp_ros2_interfaces_s.ep.rosidl_typesupport_c.c.o[0m
[19.627s] [ 93%] [32mBuilding C object CMakeFiles/btcpp_ros2_interfaces__rosidl_typesupport_introspection_c__pyext.dir/rosidl_generator_py/btcpp_ros2_interfaces/_btcpp_ros2_interfaces_s.ep.rosidl_typesupport_introspection_c.c.o[0m
[21.809s] [ 95%] [32m[1mLinking C shared library rosidl_generator_py/btcpp_ros2_interfaces/btcpp_ros2_interfaces_s__rosidl_typesupport_fastrtps_c.cpython-310-x86_64-linux-gnu.so[0m
[21.978s] [ 97%] [32m[1mLinking C shared library rosidl_generator_py/btcpp_ros2_interfaces/btcpp_ros2_interfaces_s__rosidl_typesupport_c.cpython-310-x86_64-linux-gnu.so[0m
[22.008s] [100%] [32m[1mLinking C shared library rosidl_generator_py/btcpp_ros2_interfaces/btcpp_ros2_interfaces_s__rosidl_typesupport_introspection_c.cpython-310-x86_64-linux-gnu.so[0m
[22.057s] [100%] Built target btcpp_ros2_interfaces__rosidl_typesupport_fastrtps_c__pyext
[22.240s] [100%] Built target btcpp_ros2_interfaces__rosidl_typesupport_introspection_c__pyext
[22.242s] [100%] Built target btcpp_ros2_interfaces__rosidl_typesupport_c__pyext
[22.496s] Invoked command in '/home/nexium/ros_ws/build/btcpp_ros2_interfaces' returned '0': CMAKE_PREFIX_PATH=/opt/ros/humble /usr/bin/cmake --build /home/nexium/ros_ws/build/btcpp_ros2_interfaces -- -j12 -l12
[22.497s] Invoking command in '/home/nexium/ros_ws/build/btcpp_ros2_interfaces': CMAKE_PREFIX_PATH=/opt/ros/humble /usr/bin/cmake --install /home/nexium/ros_ws/build/btcpp_ros2_interfaces
[38.674s] -- Install configuration: "release"
[38.674s] -- Execute custom install script
[38.674s] -- Symlinking: /home/nexium/ros_ws/install/btcpp_ros2_interfaces/share/ament_index/resource_index/rosidl_interfaces/btcpp_ros2_interfaces
[38.674s] -- Symlinking: /home/nexium/ros_ws/install/btcpp_ros2_interfaces/include/btcpp_ros2_interfaces/btcpp_ros2_interfaces/action/detail/execute_tree__functions.h
[38.675s] -- Symlinking: /home/nexium/ros_ws/install/btcpp_ros2_interfaces/include/btcpp_ros2_interfaces/btcpp_ros2_interfaces/action/detail/execute_tree__struct.h
[38.675s] -- Symlinking: /home/nexium/ros_ws/install/btcpp_ros2_interfaces/include/btcpp_ros2_interfaces/btcpp_ros2_interfaces/action/detail/execute_tree__type_support.h
[38.675s] -- Symlinking: /home/nexium/ros_ws/install/btcpp_ros2_interfaces/include/btcpp_ros2_interfaces/btcpp_ros2_interfaces/action/detail/sleep__functions.h
[38.675s] -- Symlinking: /home/nexium/ros_ws/install/btcpp_ros2_interfaces/include/btcpp_ros2_interfaces/btcpp_ros2_interfaces/action/detail/sleep__struct.h
[38.675s] -- Symlinking: /home/nexium/ros_ws/install/btcpp_ros2_interfaces/include/btcpp_ros2_interfaces/btcpp_ros2_interfaces/action/detail/sleep__type_support.h
[38.675s] -- Symlinking: /home/nexium/ros_ws/install/btcpp_ros2_interfaces/include/btcpp_ros2_interfaces/btcpp_ros2_interfaces/action/execute_tree.h
[38.675s] -- Symlinking: /home/nexium/ros_ws/install/btcpp_ros2_interfaces/include/btcpp_ros2_interfaces/btcpp_ros2_interfaces/action/sleep.h
[38.675s] -- Symlinking: /home/nexium/ros_ws/install/btcpp_ros2_interfaces/include/btcpp_ros2_interfaces/btcpp_ros2_interfaces/msg/detail/node_status__functions.h
[38.675s] -- Symlinking: /home/nexium/ros_ws/install/btcpp_ros2_interfaces/include/btcpp_ros2_interfaces/btcpp_ros2_interfaces/msg/detail/node_status__struct.h
[38.675s] -- Symlinking: /home/nexium/ros_ws/install/btcpp_ros2_interfaces/include/btcpp_ros2_interfaces/btcpp_ros2_interfaces/msg/detail/node_status__type_support.h
[38.675s] -- Symlinking: /home/nexium/ros_ws/install/btcpp_ros2_interfaces/include/btcpp_ros2_interfaces/btcpp_ros2_interfaces/msg/node_status.h
[38.675s] -- Symlinking: /home/nexium/ros_ws/install/btcpp_ros2_interfaces/include/btcpp_ros2_interfaces/btcpp_ros2_interfaces/msg/rosidl_generator_c__visibility_control.h
[38.675s] -- Symlinking: /home/nexium/ros_ws/install/btcpp_ros2_interfaces/share/btcpp_ros2_interfaces/environment/library_path.sh
[38.675s] -- Symlinking: /home/nexium/ros_ws/install/btcpp_ros2_interfaces/share/btcpp_ros2_interfaces/environment/library_path.dsv
[38.676s] -- Symlinking: /home/nexium/ros_ws/install/btcpp_ros2_interfaces/include/btcpp_ros2_interfaces/btcpp_ros2_interfaces/action/detail/execute_tree__rosidl_typesupport_fastrtps_c.h
[38.676s] -- Symlinking: /home/nexium/ros_ws/install/btcpp_ros2_interfaces/include/btcpp_ros2_interfaces/btcpp_ros2_interfaces/action/detail/sleep__rosidl_typesupport_fastrtps_c.h
[38.676s] -- Symlinking: /home/nexium/ros_ws/install/btcpp_ros2_interfaces/include/btcpp_ros2_interfaces/btcpp_ros2_interfaces/msg/detail/node_status__rosidl_typesupport_fastrtps_c.h
[38.676s] -- Symlinking: /home/nexium/ros_ws/install/btcpp_ros2_interfaces/include/btcpp_ros2_interfaces/btcpp_ros2_interfaces/msg/rosidl_typesupport_fastrtps_c__visibility_control.h
[38.676s] -- Symlinking: /home/nexium/ros_ws/install/btcpp_ros2_interfaces/include/btcpp_ros2_interfaces/btcpp_ros2_interfaces/action/detail/execute_tree__rosidl_typesupport_introspection_c.h
[38.676s] -- Symlinking: /home/nexium/ros_ws/install/btcpp_ros2_interfaces/include/btcpp_ros2_interfaces/btcpp_ros2_interfaces/action/detail/sleep__rosidl_typesupport_introspection_c.h
[38.676s] -- Symlinking: /home/nexium/ros_ws/install/btcpp_ros2_interfaces/include/btcpp_ros2_interfaces/btcpp_ros2_interfaces/msg/detail/node_status__rosidl_typesupport_introspection_c.h
[38.676s] -- Symlinking: /home/nexium/ros_ws/install/btcpp_ros2_interfaces/include/btcpp_ros2_interfaces/btcpp_ros2_interfaces/msg/rosidl_typesupport_introspection_c__visibility_control.h
[38.676s] -- Symlinking: /home/nexium/ros_ws/install/btcpp_ros2_interfaces/include/btcpp_ros2_interfaces/btcpp_ros2_interfaces/action/detail/execute_tree__builder.hpp
[38.676s] -- Symlinking: /home/nexium/ros_ws/install/btcpp_ros2_interfaces/include/btcpp_ros2_interfaces/btcpp_ros2_interfaces/action/detail/execute_tree__struct.hpp
[38.676s] -- Symlinking: /home/nexium/ros_ws/install/btcpp_ros2_interfaces/include/btcpp_ros2_interfaces/btcpp_ros2_interfaces/action/detail/execute_tree__traits.hpp
[38.676s] -- Symlinking: /home/nexium/ros_ws/install/btcpp_ros2_interfaces/include/btcpp_ros2_interfaces/btcpp_ros2_interfaces/action/detail/execute_tree__type_support.hpp
[38.676s] -- Symlinking: /home/nexium/ros_ws/install/btcpp_ros2_interfaces/include/btcpp_ros2_interfaces/btcpp_ros2_interfaces/action/detail/sleep__builder.hpp
[38.676s] -- Symlinking: /home/nexium/ros_ws/install/btcpp_ros2_interfaces/include/btcpp_ros2_interfaces/btcpp_ros2_interfaces/action/detail/sleep__struct.hpp
[38.677s] -- Symlinking: /home/nexium/ros_ws/install/btcpp_ros2_interfaces/include/btcpp_ros2_interfaces/btcpp_ros2_interfaces/action/detail/sleep__traits.hpp
[38.677s] -- Symlinking: /home/nexium/ros_ws/install/btcpp_ros2_interfaces/include/btcpp_ros2_interfaces/btcpp_ros2_interfaces/action/detail/sleep__type_support.hpp
[38.677s] -- Symlinking: /home/nexium/ros_ws/install/btcpp_ros2_interfaces/include/btcpp_ros2_interfaces/btcpp_ros2_interfaces/action/execute_tree.hpp
[38.677s] -- Symlinking: /home/nexium/ros_ws/install/btcpp_ros2_interfaces/include/btcpp_ros2_interfaces/btcpp_ros2_interfaces/action/sleep.hpp
[38.677s] -- Symlinking: /home/nexium/ros_ws/install/btcpp_ros2_interfaces/include/btcpp_ros2_interfaces/btcpp_ros2_interfaces/msg/detail/node_status__builder.hpp
[38.677s] -- Symlinking: /home/nexium/ros_ws/install/btcpp_ros2_interfaces/include/btcpp_ros2_interfaces/btcpp_ros2_interfaces/msg/detail/node_status__struct.hpp
[38.677s] -- Symlinking: /home/nexium/ros_ws/install/btcpp_ros2_interfaces/include/btcpp_ros2_interfaces/btcpp_ros2_interfaces/msg/detail/node_status__traits.hpp
[38.677s] -- Symlinking: /home/nexium/ros_ws/install/btcpp_ros2_interfaces/include/btcpp_ros2_interfaces/btcpp_ros2_interfaces/msg/detail/node_status__type_support.hpp
[38.677s] -- Symlinking: /home/nexium/ros_ws/install/btcpp_ros2_interfaces/include/btcpp_ros2_interfaces/btcpp_ros2_interfaces/msg/node_status.hpp
[38.677s] -- Symlinking: /home/nexium/ros_ws/install/btcpp_ros2_interfaces/include/btcpp_ros2_interfaces/btcpp_ros2_interfaces/msg/rosidl_generator_cpp__visibility_control.hpp
[38.677s] -- Symlinking: /home/nexium/ros_ws/install/btcpp_ros2_interfaces/include/btcpp_ros2_interfaces/btcpp_ros2_interfaces/action/detail/execute_tree__rosidl_typesupport_fastrtps_cpp.hpp
[38.677s] -- Symlinking: /home/nexium/ros_ws/install/btcpp_ros2_interfaces/include/btcpp_ros2_interfaces/btcpp_ros2_interfaces/action/detail/sleep__rosidl_typesupport_fastrtps_cpp.hpp
[38.677s] -- Symlinking: /home/nexium/ros_ws/install/btcpp_ros2_interfaces/include/btcpp_ros2_interfaces/btcpp_ros2_interfaces/msg/detail/node_status__rosidl_typesupport_fastrtps_cpp.hpp
[38.677s] -- Symlinking: /home/nexium/ros_ws/install/btcpp_ros2_interfaces/include/btcpp_ros2_interfaces/btcpp_ros2_interfaces/msg/rosidl_typesupport_fastrtps_cpp__visibility_control.h
[38.678s] -- Symlinking: /home/nexium/ros_ws/install/btcpp_ros2_interfaces/include/btcpp_ros2_interfaces/btcpp_ros2_interfaces/action/detail/execute_tree__rosidl_typesupport_introspection_cpp.hpp
[38.678s] -- Symlinking: /home/nexium/ros_ws/install/btcpp_ros2_interfaces/include/btcpp_ros2_interfaces/btcpp_ros2_interfaces/action/detail/sleep__rosidl_typesupport_introspection_cpp.hpp
[38.678s] -- Symlinking: /home/nexium/ros_ws/install/btcpp_ros2_interfaces/include/btcpp_ros2_interfaces/btcpp_ros2_interfaces/msg/detail/node_status__rosidl_typesupport_introspection_cpp.hpp
[38.678s] -- Symlinking: /home/nexium/ros_ws/install/btcpp_ros2_interfaces/share/btcpp_ros2_interfaces/environment/pythonpath.sh
[38.678s] -- Symlinking: /home/nexium/ros_ws/install/btcpp_ros2_interfaces/share/btcpp_ros2_interfaces/environment/pythonpath.dsv
[38.678s] -- Symlinking: /home/nexium/ros_ws/install/btcpp_ros2_interfaces/local/lib/python3.10/dist-packages/btcpp_ros2_interfaces-0.2.0-py3.10.egg-info/PKG-INFO
[38.678s] -- Symlinking: /home/nexium/ros_ws/install/btcpp_ros2_interfaces/local/lib/python3.10/dist-packages/btcpp_ros2_interfaces-0.2.0-py3.10.egg-info/SOURCES.txt
[38.679s] -- Symlinking: /home/nexium/ros_ws/install/btcpp_ros2_interfaces/local/lib/python3.10/dist-packages/btcpp_ros2_interfaces-0.2.0-py3.10.egg-info/dependency_links.txt
[38.679s] -- Symlinking: /home/nexium/ros_ws/install/btcpp_ros2_interfaces/local/lib/python3.10/dist-packages/btcpp_ros2_interfaces-0.2.0-py3.10.egg-info/top_level.txt
[38.679s] -- Symlinking: /home/nexium/ros_ws/install/btcpp_ros2_interfaces/local/lib/python3.10/dist-packages/btcpp_ros2_interfaces/__init__.py
[38.679s] -- Symlinking: /home/nexium/ros_ws/install/btcpp_ros2_interfaces/local/lib/python3.10/dist-packages/btcpp_ros2_interfaces/_btcpp_ros2_interfaces_s.ep.rosidl_typesupport_c.c
[38.679s] -- Symlinking: /home/nexium/ros_ws/install/btcpp_ros2_interfaces/local/lib/python3.10/dist-packages/btcpp_ros2_interfaces/_btcpp_ros2_interfaces_s.ep.rosidl_typesupport_fastrtps_c.c
[38.679s] -- Symlinking: /home/nexium/ros_ws/install/btcpp_ros2_interfaces/local/lib/python3.10/dist-packages/btcpp_ros2_interfaces/_btcpp_ros2_interfaces_s.ep.rosidl_typesupport_introspection_c.c
[38.679s] -- Symlinking: /home/nexium/ros_ws/install/btcpp_ros2_interfaces/local/lib/python3.10/dist-packages/btcpp_ros2_interfaces/action/__init__.py
[38.679s] -- Symlinking: /home/nexium/ros_ws/install/btcpp_ros2_interfaces/local/lib/python3.10/dist-packages/btcpp_ros2_interfaces/action/_execute_tree.py
[38.679s] -- Symlinking: /home/nexium/ros_ws/install/btcpp_ros2_interfaces/local/lib/python3.10/dist-packages/btcpp_ros2_interfaces/action/_execute_tree_s.c
[38.679s] -- Symlinking: /home/nexium/ros_ws/install/btcpp_ros2_interfaces/local/lib/python3.10/dist-packages/btcpp_ros2_interfaces/action/_sleep.py
[38.680s] -- Symlinking: /home/nexium/ros_ws/install/btcpp_ros2_interfaces/local/lib/python3.10/dist-packages/btcpp_ros2_interfaces/action/_sleep_s.c
[38.680s] -- Symlinking: /home/nexium/ros_ws/install/btcpp_ros2_interfaces/local/lib/python3.10/dist-packages/btcpp_ros2_interfaces/btcpp_ros2_interfaces_s__rosidl_typesupport_c.cpython-310-x86_64-linux-gnu.so
[38.680s] -- Symlinking: /home/nexium/ros_ws/install/btcpp_ros2_interfaces/local/lib/python3.10/dist-packages/btcpp_ros2_interfaces/btcpp_ros2_interfaces_s__rosidl_typesupport_fastrtps_c.cpython-310-x86_64-linux-gnu.so
[38.680s] -- Symlinking: /home/nexium/ros_ws/install/btcpp_ros2_interfaces/local/lib/python3.10/dist-packages/btcpp_ros2_interfaces/btcpp_ros2_interfaces_s__rosidl_typesupport_introspection_c.cpython-310-x86_64-linux-gnu.so
[38.680s] -- Symlinking: /home/nexium/ros_ws/install/btcpp_ros2_interfaces/local/lib/python3.10/dist-packages/btcpp_ros2_interfaces/libbtcpp_ros2_interfaces__rosidl_generator_py.so
[38.680s] -- Symlinking: /home/nexium/ros_ws/install/btcpp_ros2_interfaces/local/lib/python3.10/dist-packages/btcpp_ros2_interfaces/msg/__init__.py
[38.680s] -- Symlinking: /home/nexium/ros_ws/install/btcpp_ros2_interfaces/local/lib/python3.10/dist-packages/btcpp_ros2_interfaces/msg/_node_status.py
[38.680s] -- Symlinking: /home/nexium/ros_ws/install/btcpp_ros2_interfaces/local/lib/python3.10/dist-packages/btcpp_ros2_interfaces/msg/_node_status_s.c
[38.680s] -- Up-to-date symlink: /home/nexium/ros_ws/install/btcpp_ros2_interfaces/local/lib/python3.10/dist-packages/btcpp_ros2_interfaces/btcpp_ros2_interfaces_s__rosidl_typesupport_fastrtps_c.cpython-310-x86_64-linux-gnu.so
[38.680s] -- Up-to-date symlink: /home/nexium/ros_ws/install/btcpp_ros2_interfaces/local/lib/python3.10/dist-packages/btcpp_ros2_interfaces/btcpp_ros2_interfaces_s__rosidl_typesupport_introspection_c.cpython-310-x86_64-linux-gnu.so
[38.680s] -- Up-to-date symlink: /home/nexium/ros_ws/install/btcpp_ros2_interfaces/local/lib/python3.10/dist-packages/btcpp_ros2_interfaces/btcpp_ros2_interfaces_s__rosidl_typesupport_c.cpython-310-x86_64-linux-gnu.so
[38.680s] -- Symlinking: /home/nexium/ros_ws/install/btcpp_ros2_interfaces/share/btcpp_ros2_interfaces/msg/NodeStatus.idl
[38.680s] -- Symlinking: /home/nexium/ros_ws/install/btcpp_ros2_interfaces/share/btcpp_ros2_interfaces/action/ExecuteTree.idl
[38.680s] -- Symlinking: /home/nexium/ros_ws/install/btcpp_ros2_interfaces/share/btcpp_ros2_interfaces/action/Sleep.idl
[38.680s] -- Symlinking: /home/nexium/ros_ws/install/btcpp_ros2_interfaces/share/btcpp_ros2_interfaces/msg/NodeStatus.msg
[38.680s] -- Symlinking: /home/nexium/ros_ws/install/btcpp_ros2_interfaces/share/btcpp_ros2_interfaces/action/ExecuteTree.action
[38.680s] -- Symlinking: /home/nexium/ros_ws/install/btcpp_ros2_interfaces/share/btcpp_ros2_interfaces/action/Sleep.action
[38.681s] -- Symlinking: /home/nexium/ros_ws/install/btcpp_ros2_interfaces/share/ament_index/resource_index/package_run_dependencies/btcpp_ros2_interfaces
[38.681s] -- Symlinking: /home/nexium/ros_ws/install/btcpp_ros2_interfaces/share/ament_index/resource_index/parent_prefix_path/btcpp_ros2_interfaces
[38.681s] -- Symlinking: /home/nexium/ros_ws/install/btcpp_ros2_interfaces/share/btcpp_ros2_interfaces/environment/ament_prefix_path.sh
[38.681s] -- Symlinking: /home/nexium/ros_ws/install/btcpp_ros2_interfaces/share/btcpp_ros2_interfaces/environment/ament_prefix_path.dsv
[38.681s] -- Symlinking: /home/nexium/ros_ws/install/btcpp_ros2_interfaces/share/btcpp_ros2_interfaces/environment/path.sh
[38.681s] -- Symlinking: /home/nexium/ros_ws/install/btcpp_ros2_interfaces/share/btcpp_ros2_interfaces/environment/path.dsv
[38.681s] -- Symlinking: /home/nexium/ros_ws/install/btcpp_ros2_interfaces/share/btcpp_ros2_interfaces/local_setup.bash
[38.681s] -- Symlinking: /home/nexium/ros_ws/install/btcpp_ros2_interfaces/share/btcpp_ros2_interfaces/local_setup.sh
[38.681s] -- Symlinking: /home/nexium/ros_ws/install/btcpp_ros2_interfaces/share/btcpp_ros2_interfaces/local_setup.zsh
[38.681s] -- Symlinking: /home/nexium/ros_ws/install/btcpp_ros2_interfaces/share/btcpp_ros2_interfaces/local_setup.dsv
[38.681s] -- Symlinking: /home/nexium/ros_ws/install/btcpp_ros2_interfaces/share/btcpp_ros2_interfaces/package.dsv
[38.681s] -- Symlinking: /home/nexium/ros_ws/install/btcpp_ros2_interfaces/share/ament_index/resource_index/packages/btcpp_ros2_interfaces
[38.681s] -- Symlinking: /home/nexium/ros_ws/install/btcpp_ros2_interfaces/share/btcpp_ros2_interfaces/cmake/rosidl_cmake-extras.cmake
[38.681s] -- Symlinking: /home/nexium/ros_ws/install/btcpp_ros2_interfaces/share/btcpp_ros2_interfaces/cmake/ament_cmake_export_dependencies-extras.cmake
[38.681s] -- Symlinking: /home/nexium/ros_ws/install/btcpp_ros2_interfaces/share/btcpp_ros2_interfaces/cmake/ament_cmake_export_include_directories-extras.cmake
[38.681s] -- Symlinking: /home/nexium/ros_ws/install/btcpp_ros2_interfaces/share/btcpp_ros2_interfaces/cmake/ament_cmake_export_libraries-extras.cmake
[38.682s] -- Symlinking: /home/nexium/ros_ws/install/btcpp_ros2_interfaces/share/btcpp_ros2_interfaces/cmake/ament_cmake_export_targets-extras.cmake
[38.682s] -- Symlinking: /home/nexium/ros_ws/install/btcpp_ros2_interfaces/share/btcpp_ros2_interfaces/cmake/rosidl_cmake_export_typesupport_targets-extras.cmake
[38.682s] -- Symlinking: /home/nexium/ros_ws/install/btcpp_ros2_interfaces/share/btcpp_ros2_interfaces/cmake/rosidl_cmake_export_typesupport_libraries-extras.cmake
[38.682s] -- Symlinking: /home/nexium/ros_ws/install/btcpp_ros2_interfaces/share/btcpp_ros2_interfaces/cmake/btcpp_ros2_interfacesConfig.cmake
[38.682s] -- Symlinking: /home/nexium/ros_ws/install/btcpp_ros2_interfaces/share/btcpp_ros2_interfaces/cmake/btcpp_ros2_interfacesConfig-version.cmake
[38.682s] -- Symlinking: /home/nexium/ros_ws/install/btcpp_ros2_interfaces/share/btcpp_ros2_interfaces/package.xml
[38.682s] -- Installing: /home/nexium/ros_ws/install/btcpp_ros2_interfaces/lib/libbtcpp_ros2_interfaces__rosidl_generator_c.so
[38.682s] -- Set runtime path of "/home/nexium/ros_ws/install/btcpp_ros2_interfaces/lib/libbtcpp_ros2_interfaces__rosidl_generator_c.so" to ""
[38.682s] -- Installing: /home/nexium/ros_ws/install/btcpp_ros2_interfaces/lib/libbtcpp_ros2_interfaces__rosidl_typesupport_fastrtps_c.so
[38.682s] -- Set runtime path of "/home/nexium/ros_ws/install/btcpp_ros2_interfaces/lib/libbtcpp_ros2_interfaces__rosidl_typesupport_fastrtps_c.so" to ""
[38.682s] -- Installing: /home/nexium/ros_ws/install/btcpp_ros2_interfaces/lib/libbtcpp_ros2_interfaces__rosidl_typesupport_introspection_c.so
[38.682s] -- Set runtime path of "/home/nexium/ros_ws/install/btcpp_ros2_interfaces/lib/libbtcpp_ros2_interfaces__rosidl_typesupport_introspection_c.so" to ""
[38.682s] -- Installing: /home/nexium/ros_ws/install/btcpp_ros2_interfaces/lib/libbtcpp_ros2_interfaces__rosidl_typesupport_c.so
[38.682s] -- Set runtime path of "/home/nexium/ros_ws/install/btcpp_ros2_interfaces/lib/libbtcpp_ros2_interfaces__rosidl_typesupport_c.so" to ""
[38.682s] -- Installing: /home/nexium/ros_ws/install/btcpp_ros2_interfaces/lib/libbtcpp_ros2_interfaces__rosidl_typesupport_fastrtps_cpp.so
[38.682s] -- Set runtime path of "/home/nexium/ros_ws/install/btcpp_ros2_interfaces/lib/libbtcpp_ros2_interfaces__rosidl_typesupport_fastrtps_cpp.so" to ""
[38.683s] -- Installing: /home/nexium/ros_ws/install/btcpp_ros2_interfaces/lib/libbtcpp_ros2_interfaces__rosidl_typesupport_introspection_cpp.so
[38.683s] -- Set runtime path of "/home/nexium/ros_ws/install/btcpp_ros2_interfaces/lib/libbtcpp_ros2_interfaces__rosidl_typesupport_introspection_cpp.so" to ""
[38.683s] -- Installing: /home/nexium/ros_ws/install/btcpp_ros2_interfaces/lib/libbtcpp_ros2_interfaces__rosidl_typesupport_cpp.so
[38.683s] -- Set runtime path of "/home/nexium/ros_ws/install/btcpp_ros2_interfaces/lib/libbtcpp_ros2_interfaces__rosidl_typesupport_cpp.so" to ""
[38.683s] Listing '/home/nexium/ros_ws/install/btcpp_ros2_interfaces/local/lib/python3.10/dist-packages/btcpp_ros2_interfaces'...
[38.683s] Compiling '/home/nexium/ros_ws/install/btcpp_ros2_interfaces/local/lib/python3.10/dist-packages/btcpp_ros2_interfaces/__init__.py'...
[38.683s] Listing '/home/nexium/ros_ws/install/btcpp_ros2_interfaces/local/lib/python3.10/dist-packages/btcpp_ros2_interfaces/action'...
[38.683s] Compiling '/home/nexium/ros_ws/install/btcpp_ros2_interfaces/local/lib/python3.10/dist-packages/btcpp_ros2_interfaces/action/__init__.py'...
[38.683s] Compiling '/home/nexium/ros_ws/install/btcpp_ros2_interfaces/local/lib/python3.10/dist-packages/btcpp_ros2_interfaces/action/_execute_tree.py'...
[38.683s] Compiling '/home/nexium/ros_ws/install/btcpp_ros2_interfaces/local/lib/python3.10/dist-packages/btcpp_ros2_interfaces/action/_sleep.py'...
[38.683s] Listing '/home/nexium/ros_ws/install/btcpp_ros2_interfaces/local/lib/python3.10/dist-packages/btcpp_ros2_interfaces/msg'...
[38.683s] Compiling '/home/nexium/ros_ws/install/btcpp_ros2_interfaces/local/lib/python3.10/dist-packages/btcpp_ros2_interfaces/msg/__init__.py'...
[38.683s] Compiling '/home/nexium/ros_ws/install/btcpp_ros2_interfaces/local/lib/python3.10/dist-packages/btcpp_ros2_interfaces/msg/_node_status.py'...
[38.683s] -- Installing: /home/nexium/ros_ws/install/btcpp_ros2_interfaces/lib/libbtcpp_ros2_interfaces__rosidl_generator_py.so
[38.683s] -- Set runtime path of "/home/nexium/ros_ws/install/btcpp_ros2_interfaces/lib/libbtcpp_ros2_interfaces__rosidl_generator_py.so" to ""
[38.684s] -- Installing: /home/nexium/ros_ws/install/btcpp_ros2_interfaces/share/btcpp_ros2_interfaces/cmake/export_btcpp_ros2_interfaces__rosidl_generator_cExport.cmake
[38.684s] -- Installing: /home/nexium/ros_ws/install/btcpp_ros2_interfaces/share/btcpp_ros2_interfaces/cmake/export_btcpp_ros2_interfaces__rosidl_generator_cExport-release.cmake
[38.684s] -- Installing: /home/nexium/ros_ws/install/btcpp_ros2_interfaces/share/btcpp_ros2_interfaces/cmake/export_btcpp_ros2_interfaces__rosidl_typesupport_fastrtps_cExport.cmake
[38.684s] -- Installing: /home/nexium/ros_ws/install/btcpp_ros2_interfaces/share/btcpp_ros2_interfaces/cmake/export_btcpp_ros2_interfaces__rosidl_typesupport_fastrtps_cExport-release.cmake
[38.684s] -- Installing: /home/nexium/ros_ws/install/btcpp_ros2_interfaces/share/btcpp_ros2_interfaces/cmake/btcpp_ros2_interfaces__rosidl_typesupport_introspection_cExport.cmake
[38.684s] -- Installing: /home/nexium/ros_ws/install/btcpp_ros2_interfaces/share/btcpp_ros2_interfaces/cmake/btcpp_ros2_interfaces__rosidl_typesupport_introspection_cExport-release.cmake
[38.684s] -- Installing: /home/nexium/ros_ws/install/btcpp_ros2_interfaces/share/btcpp_ros2_interfaces/cmake/btcpp_ros2_interfaces__rosidl_typesupport_cExport.cmake
[38.684s] -- Installing: /home/nexium/ros_ws/install/btcpp_ros2_interfaces/share/btcpp_ros2_interfaces/cmake/btcpp_ros2_interfaces__rosidl_typesupport_cExport-release.cmake
[38.684s] -- Installing: /home/nexium/ros_ws/install/btcpp_ros2_interfaces/share/btcpp_ros2_interfaces/cmake/export_btcpp_ros2_interfaces__rosidl_generator_cppExport.cmake
[38.684s] -- Installing: /home/nexium/ros_ws/install/btcpp_ros2_interfaces/share/btcpp_ros2_interfaces/cmake/export_btcpp_ros2_interfaces__rosidl_typesupport_fastrtps_cppExport.cmake
[38.684s] -- Installing: /home/nexium/ros_ws/install/btcpp_ros2_interfaces/share/btcpp_ros2_interfaces/cmake/export_btcpp_ros2_interfaces__rosidl_typesupport_fastrtps_cppExport-release.cmake
[38.684s] -- Installing: /home/nexium/ros_ws/install/btcpp_ros2_interfaces/share/btcpp_ros2_interfaces/cmake/btcpp_ros2_interfaces__rosidl_typesupport_introspection_cppExport.cmake
[38.684s] -- Installing: /home/nexium/ros_ws/install/btcpp_ros2_interfaces/share/btcpp_ros2_interfaces/cmake/btcpp_ros2_interfaces__rosidl_typesupport_introspection_cppExport-release.cmake
[38.685s] -- Installing: /home/nexium/ros_ws/install/btcpp_ros2_interfaces/share/btcpp_ros2_interfaces/cmake/btcpp_ros2_interfaces__rosidl_typesupport_cppExport.cmake
[38.685s] -- Installing: /home/nexium/ros_ws/install/btcpp_ros2_interfaces/share/btcpp_ros2_interfaces/cmake/btcpp_ros2_interfaces__rosidl_typesupport_cppExport-release.cmake
[38.685s] -- Installing: /home/nexium/ros_ws/install/btcpp_ros2_interfaces/share/btcpp_ros2_interfaces/cmake/export_btcpp_ros2_interfaces__rosidl_generator_pyExport.cmake
[38.685s] -- Installing: /home/nexium/ros_ws/install/btcpp_ros2_interfaces/share/btcpp_ros2_interfaces/cmake/export_btcpp_ros2_interfaces__rosidl_generator_pyExport-release.cmake
[38.744s] Invoked command in '/home/nexium/ros_ws/build/btcpp_ros2_interfaces' returned '0': CMAKE_PREFIX_PATH=/opt/ros/humble /usr/bin/cmake --install /home/nexium/ros_ws/build/btcpp_ros2_interfaces
