[0.016s] Invoking command in '/home/nexium/ros_ws/build/small_gicp_relocalization': CMAKE_PREFIX_PATH=/opt/ros/humble /usr/bin/cmake /home/nexium/ros_ws/src/pb2025_sentry_nav/small_gicp_relocalization -DCMAKE_BUILD_TYPE=release -DAMENT_CMAKE_SYMLINK_INSTALL=1 -DCMAKE_INSTALL_PREFIX=/home/nexium/ros_ws/install/small_gicp_relocalization
[6.091s] -- The C compiler identification is GNU 11.4.0
[6.091s] -- The CXX compiler identification is GNU 11.4.0
[6.091s] -- Detecting C compiler ABI info
[6.091s] -- Detecting C compiler ABI info - done
[6.091s] -- Check for working C compiler: /usr/bin/cc - skipped
[6.091s] -- Detecting C compile features
[6.092s] -- Detecting C compile features - done
[6.092s] -- Detecting CXX compiler ABI info
[6.092s] -- Detecting CXX compiler ABI info - done
[6.093s] -- Check for working CXX compiler: /usr/bin/c++ - skipped
[6.093s] -- Detecting CXX compile features
[6.093s] -- Detecting CXX compile features - done
[6.093s] -- Found ament_cmake_auto: 1.3.12 (/opt/ros/humble/share/ament_cmake_auto/cmake)
[6.093s] -- Found Python3: /usr/bin/python3 (found version "3.10.12") found components: Interpreter 
[6.093s] -- Override CMake install command with custom implementation using symlinks instead of copying resources
[6.093s] -- Found OpenMP_C: -fopenmp (found version "4.5") 
[6.093s] -- Found OpenMP_CXX: -fopenmp (found version "4.5") 
[6.093s] -- Found OpenMP: TRUE (found version "4.5")  
[6.093s] -- Found rosidl_generator_c: 3.1.8 (/opt/ros/humble/share/rosidl_generator_c/cmake)
[6.093s] -- Found rosidl_adapter: 3.1.8 (/opt/ros/humble/share/rosidl_adapter/cmake)
[6.093s] -- Found rosidl_generator_cpp: 3.1.8 (/opt/ros/humble/share/rosidl_generator_cpp/cmake)
[6.093s] -- Using all available rosidl_typesupport_c: rosidl_typesupport_fastrtps_c;rosidl_typesupport_introspection_c
[6.094s] -- Using all available rosidl_typesupport_cpp: rosidl_typesupport_fastrtps_cpp;rosidl_typesupport_introspection_cpp
[6.094s] -- Found rmw_implementation_cmake: 6.1.2 (/opt/ros/humble/share/rmw_implementation_cmake/cmake)
[6.094s] -- Found rmw_fastrtps_cpp: 6.2.9 (/opt/ros/humble/share/rmw_fastrtps_cpp/cmake)
[6.094s] -- Found OpenSSL: /usr/lib/x86_64-linux-gnu/libcrypto.so (found version "3.0.2")  
[6.094s] -- Found FastRTPS: /opt/ros/humble/include  
[6.094s] -- Using RMW implementation 'rmw_fastrtps_cpp' as default
[6.095s] -- Looking for pthread.h
[6.095s] -- Looking for pthread.h - found
[6.095s] -- Performing Test CMAKE_HAVE_LIBC_PTHREAD
[6.095s] -- Performing Test CMAKE_HAVE_LIBC_PTHREAD - Success
[6.095s] -- Found Threads: TRUE  
[6.095s] -- Checking for module 'eigen3'
[6.095s] --   Found eigen3, version 3.4.0
[6.095s] -- Found Eigen: /usr/include/eigen3 (Required is at least version "3.1") 
[6.095s] -- Eigen found (include: /usr/include/eigen3, version: 3.4.0)
[6.095s] -- Checking for module 'flann'
[6.095s] --   Found flann, version 1.9.1
[6.095s] -- Found FLANN: /usr/lib/x86_64-linux-gnu/libflann_cpp.so  
[6.095s] -- FLANN found (include: /usr/include, lib: /usr/lib/x86_64-linux-gnu/libflann_cpp.so)
[6.095s] -- Checking for module 'libusb-1.0'
[6.096s] --   Found libusb-1.0, version 1.0.25
[6.096s] -- Found libusb: /usr/lib/x86_64-linux-gnu/libusb-1.0.so  
[6.096s] -- OpenNI found (version: 1.5.4.0, include: /usr/include/ni, lib: /usr/lib/libOpenNI.so;libusb::libusb)
[6.096s] -- OpenNI2 found (version: 2.2.0.33, include: /usr/include/openni2, lib: /usr/lib/x86_64-linux-gnu/libOpenNI2.so;libusb::libusb)
[6.096s] -- Eigen found (include: /usr/include/eigen3, version: 3.4.0)
[6.096s] -- OpenNI found (version: 1.5.4.0, include: /usr/include/ni, lib: /usr/lib/libOpenNI.so;libusb::libusb)
[6.097s] -- OpenNI2 found (version: 2.2.0.33, include: /usr/include/openni2, lib: /usr/lib/x86_64-linux-gnu/libOpenNI2.so;libusb::libusb)
[6.097s] -- Found Qhull version 8.0.2
[6.097s] -- OpenNI found (version: 1.5.4.0, include: /usr/include/ni, lib: /usr/lib/libOpenNI.so;libusb::libusb)
[6.097s] -- Found PCL_COMMON: /usr/lib/x86_64-linux-gnu/libpcl_common.so  
[6.097s] -- Found PCL_KDTREE: /usr/lib/x86_64-linux-gnu/libpcl_kdtree.so  
[6.097s] -- Found PCL_OCTREE: /usr/lib/x86_64-linux-gnu/libpcl_octree.so  
[6.097s] -- Found PCL_SEARCH: /usr/lib/x86_64-linux-gnu/libpcl_search.so  
[6.097s] -- Found PCL_SAMPLE_CONSENSUS: /usr/lib/x86_64-linux-gnu/libpcl_sample_consensus.so  
[6.099s] -- Found PCL_FILTERS: /usr/lib/x86_64-linux-gnu/libpcl_filters.so  
[6.099s] -- Found PCL_2D: /usr/include/pcl-1.12  
[6.099s] -- Found PCL_GEOMETRY: /usr/include/pcl-1.12  
[6.099s] -- Found PCL_IO: /usr/lib/x86_64-linux-gnu/libpcl_io.so  
[6.099s] -- Found PCL_FEATURES: /usr/lib/x86_64-linux-gnu/libpcl_features.so  
[6.099s] -- Found PCL_ML: /usr/lib/x86_64-linux-gnu/libpcl_ml.so  
[6.099s] -- Found PCL_SEGMENTATION: /usr/lib/x86_64-linux-gnu/libpcl_segmentation.so  
[6.099s] -- Found PCL_VISUALIZATION: /usr/lib/x86_64-linux-gnu/libpcl_visualization.so  
[6.099s] -- Found PCL_SURFACE: /usr/lib/x86_64-linux-gnu/libpcl_surface.so  
[6.101s] -- Found PCL_REGISTRATION: /usr/lib/x86_64-linux-gnu/libpcl_registration.so  
[6.101s] -- Found PCL_KEYPOINTS: /usr/lib/x86_64-linux-gnu/libpcl_keypoints.so  
[6.101s] -- Found PCL_TRACKING: /usr/lib/x86_64-linux-gnu/libpcl_tracking.so  
[6.101s] -- Found PCL_RECOGNITION: /usr/lib/x86_64-linux-gnu/libpcl_recognition.so  
[6.101s] -- Found PCL_STEREO: /usr/lib/x86_64-linux-gnu/libpcl_stereo.so  
[6.101s] -- Found PCL_APPS: /usr/lib/x86_64-linux-gnu/libpcl_apps.so  
[6.101s] -- Found PCL_IN_HAND_SCANNER: /usr/include/pcl-1.12  
[6.101s] -- Found PCL_MODELER: /usr/include/pcl-1.12  
[6.101s] -- Found PCL_POINT_CLOUD_EDITOR: /usr/include/pcl-1.12  
[6.101s] -- Found PCL_OUTOFCORE: /usr/lib/x86_64-linux-gnu/libpcl_outofcore.so  
[6.102s] -- Found PCL_PEOPLE: /usr/lib/x86_64-linux-gnu/libpcl_people.so  
[12.665s] -- Found OpenMP_C: -fopenmp (found version "4.5") 
[12.665s] -- Found OpenMP_CXX: -fopenmp (found version "4.5") 
[12.677s] -- Found ament_lint_auto: 0.12.14 (/opt/ros/humble/share/ament_lint_auto/cmake)
[12.691s] -- Added test 'clang_format' to check C / C++ code style
[12.692s] -- Added test 'clang_tidy' to check C / C++ code style
[12.692s] -- Added test 'black' to check Python code style
[12.693s] -- Added test 'xmllint' to check XML markup files
[12.693s] -- Added test 'copyright' to check source files copyright and LICENSE
[12.696s] -- Configuring done
[12.730s] -- Generating done
[12.741s] -- Build files have been written to: /home/nexium/ros_ws/build/small_gicp_relocalization
[12.764s] Invoked command in '/home/nexium/ros_ws/build/small_gicp_relocalization' returned '0': CMAKE_PREFIX_PATH=/opt/ros/humble /usr/bin/cmake /home/nexium/ros_ws/src/pb2025_sentry_nav/small_gicp_relocalization -DCMAKE_BUILD_TYPE=release -DAMENT_CMAKE_SYMLINK_INSTALL=1 -DCMAKE_INSTALL_PREFIX=/home/nexium/ros_ws/install/small_gicp_relocalization
[12.779s] Invoking command in '/home/nexium/ros_ws/build/small_gicp_relocalization': CMAKE_PREFIX_PATH=/opt/ros/humble /usr/bin/cmake --build /home/nexium/ros_ws/build/small_gicp_relocalization -- -j12 -l12
[12.834s] [ 14%] [32mBuilding CXX object _deps/small_gicp-build/CMakeFiles/small_gicp.dir/src/small_gicp/registration/registration.cpp.o[0m
[15.723s] [ 28%] [32mBuilding CXX object _deps/small_gicp-build/CMakeFiles/small_gicp.dir/src/small_gicp/registration/registration_helper.cpp.o[0m
[38.029s] [ 42%] [32m[1mLinking CXX shared library libsmall_gicp.so[0m
[38.231s] [ 42%] Built target small_gicp
[38.263s] [ 57%] [32mBuilding CXX object CMakeFiles/small_gicp_relocalization_node.dir/rclcpp_components/node_main_small_gicp_relocalization_node.cpp.o[0m
[43.583s] [ 71%] [32m[1mLinking CXX executable small_gicp_relocalization_node[0m
[43.785s] [ 71%] Built target small_gicp_relocalization_node
[43.814s] [ 85%] [32mBuilding CXX object CMakeFiles/small_gicp_relocalization.dir/src/small_gicp_relocalization.cpp.o[0m
[92.630s] [100%] [32m[1mLinking CXX shared library libsmall_gicp_relocalization.so[0m
[93.760s] [100%] Built target small_gicp_relocalization
[93.799s] Invoked command in '/home/nexium/ros_ws/build/small_gicp_relocalization' returned '0': CMAKE_PREFIX_PATH=/opt/ros/humble /usr/bin/cmake --build /home/nexium/ros_ws/build/small_gicp_relocalization -- -j12 -l12
[93.804s] Invoking command in '/home/nexium/ros_ws/build/small_gicp_relocalization': CMAKE_PREFIX_PATH=/opt/ros/humble /usr/bin/cmake --install /home/nexium/ros_ws/build/small_gicp_relocalization
[93.832s] -- Install configuration: "release"
[93.836s] -- Execute custom install script
[93.836s] -- Symlinking: /home/nexium/ros_ws/install/small_gicp_relocalization/include/small_gicp/ann/flat_container.hpp
[93.866s] -- Symlinking: /home/nexium/ros_ws/install/small_gicp_relocalization/include/small_gicp/ann/gaussian_voxelmap.hpp
[93.892s] -- Symlinking: /home/nexium/ros_ws/install/small_gicp_relocalization/include/small_gicp/ann/incremental_voxelmap.hpp
[93.920s] -- Symlinking: /home/nexium/ros_ws/install/small_gicp_relocalization/include/small_gicp/ann/kdtree.hpp
[93.949s] -- Symlinking: /home/nexium/ros_ws/install/small_gicp_relocalization/include/small_gicp/ann/kdtree_omp.hpp
[93.979s] -- Symlinking: /home/nexium/ros_ws/install/small_gicp_relocalization/include/small_gicp/ann/kdtree_tbb.hpp
[94.000s] -- Symlinking: /home/nexium/ros_ws/install/small_gicp_relocalization/include/small_gicp/ann/knn_result.hpp
[94.034s] -- Symlinking: /home/nexium/ros_ws/install/small_gicp_relocalization/include/small_gicp/ann/projection.hpp
[94.058s] -- Symlinking: /home/nexium/ros_ws/install/small_gicp_relocalization/include/small_gicp/ann/projective_search.hpp
[94.085s] -- Symlinking: /home/nexium/ros_ws/install/small_gicp_relocalization/include/small_gicp/ann/sequential_voxelmap_accessor.hpp
[94.100s] -- Symlinking: /home/nexium/ros_ws/install/small_gicp_relocalization/include/small_gicp/ann/traits.hpp
[94.131s] -- Symlinking: /home/nexium/ros_ws/install/small_gicp_relocalization/include/small_gicp/benchmark/benchmark.hpp
[94.157s] -- Symlinking: /home/nexium/ros_ws/install/small_gicp_relocalization/include/small_gicp/benchmark/benchmark_odom.hpp
[94.186s] -- Symlinking: /home/nexium/ros_ws/install/small_gicp_relocalization/include/small_gicp/benchmark/read_points.hpp
[94.215s] -- Symlinking: /home/nexium/ros_ws/install/small_gicp_relocalization/include/small_gicp/factors/general_factor.hpp
[94.245s] -- Symlinking: /home/nexium/ros_ws/install/small_gicp_relocalization/include/small_gicp/factors/gicp_factor.hpp
[94.260s] -- Symlinking: /home/nexium/ros_ws/install/small_gicp_relocalization/include/small_gicp/factors/icp_factor.hpp
[94.287s] -- Symlinking: /home/nexium/ros_ws/install/small_gicp_relocalization/include/small_gicp/factors/plane_icp_factor.hpp
[94.319s] -- Symlinking: /home/nexium/ros_ws/install/small_gicp_relocalization/include/small_gicp/factors/robust_kernel.hpp
[94.343s] -- Symlinking: /home/nexium/ros_ws/install/small_gicp_relocalization/include/small_gicp/pcl/pcl_point.hpp
[94.362s] -- Symlinking: /home/nexium/ros_ws/install/small_gicp_relocalization/include/small_gicp/pcl/pcl_point_traits.hpp
[94.376s] -- Symlinking: /home/nexium/ros_ws/install/small_gicp_relocalization/include/small_gicp/pcl/pcl_proxy.hpp
[94.390s] -- Symlinking: /home/nexium/ros_ws/install/small_gicp_relocalization/include/small_gicp/pcl/pcl_registration.hpp
[94.406s] -- Symlinking: /home/nexium/ros_ws/install/small_gicp_relocalization/include/small_gicp/pcl/pcl_registration_impl.hpp
[94.422s] -- Symlinking: /home/nexium/ros_ws/install/small_gicp_relocalization/include/small_gicp/points/eigen.hpp
[94.437s] -- Symlinking: /home/nexium/ros_ws/install/small_gicp_relocalization/include/small_gicp/points/point_cloud.hpp
[94.468s] -- Symlinking: /home/nexium/ros_ws/install/small_gicp_relocalization/include/small_gicp/points/traits.hpp
[94.496s] -- Symlinking: /home/nexium/ros_ws/install/small_gicp_relocalization/include/small_gicp/registration/optimizer.hpp
[94.526s] -- Symlinking: /home/nexium/ros_ws/install/small_gicp_relocalization/include/small_gicp/registration/reduction.hpp
[94.548s] -- Symlinking: /home/nexium/ros_ws/install/small_gicp_relocalization/include/small_gicp/registration/reduction_omp.hpp
[94.563s] -- Symlinking: /home/nexium/ros_ws/install/small_gicp_relocalization/include/small_gicp/registration/reduction_tbb.hpp
[94.578s] -- Symlinking: /home/nexium/ros_ws/install/small_gicp_relocalization/include/small_gicp/registration/registration.hpp
[94.595s] -- Symlinking: /home/nexium/ros_ws/install/small_gicp_relocalization/include/small_gicp/registration/registration_helper.hpp
[94.612s] -- Symlinking: /home/nexium/ros_ws/install/small_gicp_relocalization/include/small_gicp/registration/registration_result.hpp
[94.631s] -- Symlinking: /home/nexium/ros_ws/install/small_gicp_relocalization/include/small_gicp/registration/rejector.hpp
[94.642s] -- Symlinking: /home/nexium/ros_ws/install/small_gicp_relocalization/include/small_gicp/registration/termination_criteria.hpp
[94.658s] -- Symlinking: /home/nexium/ros_ws/install/small_gicp_relocalization/include/small_gicp/ros/ros1.hpp
[94.673s] -- Symlinking: /home/nexium/ros_ws/install/small_gicp_relocalization/include/small_gicp/ros/ros2.hpp
[94.689s] -- Symlinking: /home/nexium/ros_ws/install/small_gicp_relocalization/include/small_gicp/ros/ros_impl.hpp
[94.706s] -- Symlinking: /home/nexium/ros_ws/install/small_gicp_relocalization/include/small_gicp/util/downsampling.hpp
[94.723s] -- Symlinking: /home/nexium/ros_ws/install/small_gicp_relocalization/include/small_gicp/util/downsampling_omp.hpp
[94.739s] -- Symlinking: /home/nexium/ros_ws/install/small_gicp_relocalization/include/small_gicp/util/downsampling_tbb.hpp
[94.754s] -- Symlinking: /home/nexium/ros_ws/install/small_gicp_relocalization/include/small_gicp/util/fast_floor.hpp
[94.769s] -- Symlinking: /home/nexium/ros_ws/install/small_gicp_relocalization/include/small_gicp/util/lie.hpp
[94.784s] -- Symlinking: /home/nexium/ros_ws/install/small_gicp_relocalization/include/small_gicp/util/normal_estimation.hpp
[94.806s] -- Symlinking: /home/nexium/ros_ws/install/small_gicp_relocalization/include/small_gicp/util/normal_estimation_omp.hpp
[94.817s] -- Symlinking: /home/nexium/ros_ws/install/small_gicp_relocalization/include/small_gicp/util/normal_estimation_tbb.hpp
[94.834s] -- Symlinking: /home/nexium/ros_ws/install/small_gicp_relocalization/include/small_gicp/util/sort_omp.hpp
[94.850s] -- Symlinking: /home/nexium/ros_ws/install/small_gicp_relocalization/include/small_gicp/util/sort_tbb.hpp
[94.864s] -- Symlinking: /home/nexium/ros_ws/install/small_gicp_relocalization/include/small_gicp/util/vector3i_hash.hpp
[94.881s] -- Symlinking: /home/nexium/ros_ws/install/small_gicp_relocalization/lib/cmake/small_gicp/small_gicp-config.cmake
[94.898s] -- Symlinking: /home/nexium/ros_ws/install/small_gicp_relocalization/lib/cmake/small_gicp/small_gicp-config-version.cmake
[94.920s] -- Symlinking: /home/nexium/ros_ws/install/small_gicp_relocalization/lib/small_gicp_relocalization/small_gicp_relocalization_node
[94.953s] -- Symlinking: /home/nexium/ros_ws/install/small_gicp_relocalization/include/small_gicp_relocalization/small_gicp_relocalization/small_gicp_relocalization.hpp
[94.981s] -- Symlinking: /home/nexium/ros_ws/install/small_gicp_relocalization/share/small_gicp_relocalization/environment/library_path.sh
[95.012s] -- Symlinking: /home/nexium/ros_ws/install/small_gicp_relocalization/share/small_gicp_relocalization/environment/library_path.dsv
[95.044s] -- Symlinking: /home/nexium/ros_ws/install/small_gicp_relocalization/lib/libsmall_gicp_relocalization.so
[95.061s] -- Symlinking: /home/nexium/ros_ws/install/small_gicp_relocalization/share/small_gicp_relocalization/launch/small_gicp_relocalization_launch.py
[95.087s] -- Symlinking: /home/nexium/ros_ws/install/small_gicp_relocalization/share/ament_index/resource_index/package_run_dependencies/small_gicp_relocalization
[95.117s] -- Symlinking: /home/nexium/ros_ws/install/small_gicp_relocalization/share/ament_index/resource_index/parent_prefix_path/small_gicp_relocalization
[95.145s] -- Symlinking: /home/nexium/ros_ws/install/small_gicp_relocalization/share/small_gicp_relocalization/environment/ament_prefix_path.sh
[95.171s] -- Symlinking: /home/nexium/ros_ws/install/small_gicp_relocalization/share/small_gicp_relocalization/environment/ament_prefix_path.dsv
[95.201s] -- Symlinking: /home/nexium/ros_ws/install/small_gicp_relocalization/share/small_gicp_relocalization/environment/path.sh
[95.233s] -- Symlinking: /home/nexium/ros_ws/install/small_gicp_relocalization/share/small_gicp_relocalization/environment/path.dsv
[95.262s] -- Symlinking: /home/nexium/ros_ws/install/small_gicp_relocalization/share/small_gicp_relocalization/local_setup.bash
[95.290s] -- Symlinking: /home/nexium/ros_ws/install/small_gicp_relocalization/share/small_gicp_relocalization/local_setup.sh
[95.316s] -- Symlinking: /home/nexium/ros_ws/install/small_gicp_relocalization/share/small_gicp_relocalization/local_setup.zsh
[95.332s] -- Symlinking: /home/nexium/ros_ws/install/small_gicp_relocalization/share/small_gicp_relocalization/local_setup.dsv
[95.348s] -- Symlinking: /home/nexium/ros_ws/install/small_gicp_relocalization/share/small_gicp_relocalization/package.dsv
[95.364s] -- Symlinking: /home/nexium/ros_ws/install/small_gicp_relocalization/share/ament_index/resource_index/packages/small_gicp_relocalization
[95.380s] -- Symlinking: /home/nexium/ros_ws/install/small_gicp_relocalization/share/ament_index/resource_index/rclcpp_components/small_gicp_relocalization
[95.398s] -- Symlinking: /home/nexium/ros_ws/install/small_gicp_relocalization/share/small_gicp_relocalization/cmake/ament_cmake_export_dependencies-extras.cmake
[95.416s] -- Symlinking: /home/nexium/ros_ws/install/small_gicp_relocalization/share/small_gicp_relocalization/cmake/ament_cmake_export_include_directories-extras.cmake
[95.433s] -- Symlinking: /home/nexium/ros_ws/install/small_gicp_relocalization/share/small_gicp_relocalization/cmake/ament_cmake_export_libraries-extras.cmake
[95.450s] -- Symlinking: /home/nexium/ros_ws/install/small_gicp_relocalization/share/small_gicp_relocalization/cmake/small_gicp_relocalizationConfig.cmake
[95.465s] -- Symlinking: /home/nexium/ros_ws/install/small_gicp_relocalization/share/small_gicp_relocalization/cmake/small_gicp_relocalizationConfig-version.cmake
[95.483s] -- Symlinking: /home/nexium/ros_ws/install/small_gicp_relocalization/share/small_gicp_relocalization/package.xml
[95.501s] -- Installing: /home/nexium/ros_ws/install/small_gicp_relocalization/lib/libsmall_gicp.so
[95.503s] -- Installing: /home/nexium/ros_ws/install/small_gicp_relocalization/lib/cmake/small_gicp/small_gicp-targets.cmake
[95.504s] -- Installing: /home/nexium/ros_ws/install/small_gicp_relocalization/lib/cmake/small_gicp/small_gicp-targets-release.cmake
[95.516s] Invoked command in '/home/nexium/ros_ws/build/small_gicp_relocalization' returned '0': CMAKE_PREFIX_PATH=/opt/ros/humble /usr/bin/cmake --install /home/nexium/ros_ws/build/small_gicp_relocalization
