[0.030s] Invoking command in '/home/nexium/ros_ws/build/pb2025_sentry_nav': AMENT_PREFIX_PATH=/home/nexium/ros_ws/install/sensor_scan_generation:/home/nexium/ros_ws/install/loam_interface:/home/nexium/ros_ws/install/ign_sim_pointcloud_tool:/home/nexium/ros_ws/install/fake_vel_transform:${AMENT_PREFIX_PATH} CMAKE_PREFIX_PATH=/home/nexium/ros_ws/install/sensor_scan_generation:/home/nexium/ros_ws/install/loam_interface:/home/nexium/ros_ws/install/ign_sim_pointcloud_tool:/home/nexium/ros_ws/install/fake_vel_transform:/opt/ros/humble LD_LIBRARY_PATH=/home/nexium/ros_ws/install/sensor_scan_generation/lib:/home/nexium/ros_ws/install/loam_interface/lib:/home/nexium/ros_ws/install/ign_sim_pointcloud_tool/lib:/home/nexium/ros_ws/install/fake_vel_transform/lib:${LD_LIBRARY_PATH} /usr/bin/cmake /home/nexium/ros_ws/src/pb2025_sentry_nav/pb2025_sentry_nav -DCMAKE_BUILD_TYPE=release -DAMENT_CMAKE_SYMLINK_INSTALL=1 -DCMAKE_INSTALL_PREFIX=/home/nexium/ros_ws/install/pb2025_sentry_nav
[7.778s] -- The C compiler identification is GNU 11.4.0
[7.779s] -- The CXX compiler identification is GNU 11.4.0
[7.780s] -- Detecting C compiler ABI info
[7.780s] -- Detecting C compiler ABI info - done
[7.780s] -- Check for working C compiler: /usr/bin/cc - skipped
[7.780s] -- Detecting C compile features
[7.780s] -- Detecting C compile features - done
[7.781s] -- Detecting CXX compiler ABI info
[7.781s] -- Detecting CXX compiler ABI info - done
[7.781s] -- Check for working CXX compiler: /usr/bin/c++ - skipped
[7.781s] -- Detecting CXX compile features
[7.781s] -- Detecting CXX compile features - done
[7.781s] -- Found ament_cmake_auto: 1.3.12 (/opt/ros/humble/share/ament_cmake_auto/cmake)
[7.781s] -- Found Python3: /usr/bin/python3 (found version "3.10.12") found components: Interpreter 
[7.781s] -- Override CMake install command with custom implementation using symlinks instead of copying resources
[7.781s] -- Found ament_lint_auto: 0.12.14 (/opt/ros/humble/share/ament_lint_auto/cmake)
[7.781s] -- Added test 'lint_cmake' to check CMake code style
[7.782s] -- Added test 'xmllint' to check XML markup files
[7.782s] -- Configuring done
[7.782s] -- Generating done
[7.782s] -- Build files have been written to: /home/nexium/ros_ws/build/pb2025_sentry_nav
[7.807s] Invoked command in '/home/nexium/ros_ws/build/pb2025_sentry_nav' returned '0': AMENT_PREFIX_PATH=/home/nexium/ros_ws/install/sensor_scan_generation:/home/nexium/ros_ws/install/loam_interface:/home/nexium/ros_ws/install/ign_sim_pointcloud_tool:/home/nexium/ros_ws/install/fake_vel_transform:${AMENT_PREFIX_PATH} CMAKE_PREFIX_PATH=/home/nexium/ros_ws/install/sensor_scan_generation:/home/nexium/ros_ws/install/loam_interface:/home/nexium/ros_ws/install/ign_sim_pointcloud_tool:/home/nexium/ros_ws/install/fake_vel_transform:/opt/ros/humble LD_LIBRARY_PATH=/home/nexium/ros_ws/install/sensor_scan_generation/lib:/home/nexium/ros_ws/install/loam_interface/lib:/home/nexium/ros_ws/install/ign_sim_pointcloud_tool/lib:/home/nexium/ros_ws/install/fake_vel_transform/lib:${LD_LIBRARY_PATH} /usr/bin/cmake /home/nexium/ros_ws/src/pb2025_sentry_nav/pb2025_sentry_nav -DCMAKE_BUILD_TYPE=release -DAMENT_CMAKE_SYMLINK_INSTALL=1 -DCMAKE_INSTALL_PREFIX=/home/nexium/ros_ws/install/pb2025_sentry_nav
[7.807s] Invoking command in '/home/nexium/ros_ws/build/pb2025_sentry_nav': AMENT_PREFIX_PATH=/home/nexium/ros_ws/install/sensor_scan_generation:/home/nexium/ros_ws/install/loam_interface:/home/nexium/ros_ws/install/ign_sim_pointcloud_tool:/home/nexium/ros_ws/install/fake_vel_transform:${AMENT_PREFIX_PATH} CMAKE_PREFIX_PATH=/home/nexium/ros_ws/install/sensor_scan_generation:/home/nexium/ros_ws/install/loam_interface:/home/nexium/ros_ws/install/ign_sim_pointcloud_tool:/home/nexium/ros_ws/install/fake_vel_transform:/opt/ros/humble LD_LIBRARY_PATH=/home/nexium/ros_ws/install/sensor_scan_generation/lib:/home/nexium/ros_ws/install/loam_interface/lib:/home/nexium/ros_ws/install/ign_sim_pointcloud_tool/lib:/home/nexium/ros_ws/install/fake_vel_transform/lib:${LD_LIBRARY_PATH} /usr/bin/cmake --build /home/nexium/ros_ws/build/pb2025_sentry_nav -- -j12 -l12
[8.156s] Invoked command in '/home/nexium/ros_ws/build/pb2025_sentry_nav' returned '0': AMENT_PREFIX_PATH=/home/nexium/ros_ws/install/sensor_scan_generation:/home/nexium/ros_ws/install/loam_interface:/home/nexium/ros_ws/install/ign_sim_pointcloud_tool:/home/nexium/ros_ws/install/fake_vel_transform:${AMENT_PREFIX_PATH} CMAKE_PREFIX_PATH=/home/nexium/ros_ws/install/sensor_scan_generation:/home/nexium/ros_ws/install/loam_interface:/home/nexium/ros_ws/install/ign_sim_pointcloud_tool:/home/nexium/ros_ws/install/fake_vel_transform:/opt/ros/humble LD_LIBRARY_PATH=/home/nexium/ros_ws/install/sensor_scan_generation/lib:/home/nexium/ros_ws/install/loam_interface/lib:/home/nexium/ros_ws/install/ign_sim_pointcloud_tool/lib:/home/nexium/ros_ws/install/fake_vel_transform/lib:${LD_LIBRARY_PATH} /usr/bin/cmake --build /home/nexium/ros_ws/build/pb2025_sentry_nav -- -j12 -l12
[8.158s] Invoking command in '/home/nexium/ros_ws/build/pb2025_sentry_nav': AMENT_PREFIX_PATH=/home/nexium/ros_ws/install/sensor_scan_generation:/home/nexium/ros_ws/install/loam_interface:/home/nexium/ros_ws/install/ign_sim_pointcloud_tool:/home/nexium/ros_ws/install/fake_vel_transform:${AMENT_PREFIX_PATH} CMAKE_PREFIX_PATH=/home/nexium/ros_ws/install/sensor_scan_generation:/home/nexium/ros_ws/install/loam_interface:/home/nexium/ros_ws/install/ign_sim_pointcloud_tool:/home/nexium/ros_ws/install/fake_vel_transform:/opt/ros/humble LD_LIBRARY_PATH=/home/nexium/ros_ws/install/sensor_scan_generation/lib:/home/nexium/ros_ws/install/loam_interface/lib:/home/nexium/ros_ws/install/ign_sim_pointcloud_tool/lib:/home/nexium/ros_ws/install/fake_vel_transform/lib:${LD_LIBRARY_PATH} /usr/bin/cmake --install /home/nexium/ros_ws/build/pb2025_sentry_nav
[29.858s] -- Install configuration: "release"
[29.858s] -- Execute custom install script
[29.860s] -- Symlinking: /home/nexium/ros_ws/install/pb2025_sentry_nav/share/ament_index/resource_index/package_run_dependencies/pb2025_sentry_nav
[29.860s] -- Symlinking: /home/nexium/ros_ws/install/pb2025_sentry_nav/share/ament_index/resource_index/parent_prefix_path/pb2025_sentry_nav
[29.860s] -- Symlinking: /home/nexium/ros_ws/install/pb2025_sentry_nav/share/pb2025_sentry_nav/environment/ament_prefix_path.sh
[29.860s] -- Symlinking: /home/nexium/ros_ws/install/pb2025_sentry_nav/share/pb2025_sentry_nav/environment/ament_prefix_path.dsv
[29.861s] -- Symlinking: /home/nexium/ros_ws/install/pb2025_sentry_nav/share/pb2025_sentry_nav/environment/path.sh
[29.862s] -- Symlinking: /home/nexium/ros_ws/install/pb2025_sentry_nav/share/pb2025_sentry_nav/environment/path.dsv
[29.862s] -- Symlinking: /home/nexium/ros_ws/install/pb2025_sentry_nav/share/pb2025_sentry_nav/local_setup.bash
[29.862s] -- Symlinking: /home/nexium/ros_ws/install/pb2025_sentry_nav/share/pb2025_sentry_nav/local_setup.sh
[29.862s] -- Symlinking: /home/nexium/ros_ws/install/pb2025_sentry_nav/share/pb2025_sentry_nav/local_setup.zsh
[29.862s] -- Symlinking: /home/nexium/ros_ws/install/pb2025_sentry_nav/share/pb2025_sentry_nav/local_setup.dsv
[29.862s] -- Symlinking: /home/nexium/ros_ws/install/pb2025_sentry_nav/share/pb2025_sentry_nav/package.dsv
[29.862s] -- Symlinking: /home/nexium/ros_ws/install/pb2025_sentry_nav/share/ament_index/resource_index/packages/pb2025_sentry_nav
[29.862s] -- Symlinking: /home/nexium/ros_ws/install/pb2025_sentry_nav/share/pb2025_sentry_nav/cmake/pb2025_sentry_navConfig.cmake
[29.862s] -- Symlinking: /home/nexium/ros_ws/install/pb2025_sentry_nav/share/pb2025_sentry_nav/cmake/pb2025_sentry_navConfig-version.cmake
[29.862s] -- Symlinking: /home/nexium/ros_ws/install/pb2025_sentry_nav/share/pb2025_sentry_nav/package.xml
[29.877s] Invoked command in '/home/nexium/ros_ws/build/pb2025_sentry_nav' returned '0': AMENT_PREFIX_PATH=/home/nexium/ros_ws/install/sensor_scan_generation:/home/nexium/ros_ws/install/loam_interface:/home/nexium/ros_ws/install/ign_sim_pointcloud_tool:/home/nexium/ros_ws/install/fake_vel_transform:${AMENT_PREFIX_PATH} CMAKE_PREFIX_PATH=/home/nexium/ros_ws/install/sensor_scan_generation:/home/nexium/ros_ws/install/loam_interface:/home/nexium/ros_ws/install/ign_sim_pointcloud_tool:/home/nexium/ros_ws/install/fake_vel_transform:/opt/ros/humble LD_LIBRARY_PATH=/home/nexium/ros_ws/install/sensor_scan_generation/lib:/home/nexium/ros_ws/install/loam_interface/lib:/home/nexium/ros_ws/install/ign_sim_pointcloud_tool/lib:/home/nexium/ros_ws/install/fake_vel_transform/lib:${LD_LIBRARY_PATH} /usr/bin/cmake --install /home/nexium/ros_ws/build/pb2025_sentry_nav
