[100%] Built target rmoss_projectile_motion
-- Install configuration: "release"
-- Execute custom install script
-- Up-to-date symlink: /home/nexium/ros_ws/install/rmoss_projectile_motion/include/rmoss_projectile_motion/gaf_projectile_solver.hpp
-- Up-to-date symlink: /home/nexium/ros_ws/install/rmoss_projectile_motion/include/rmoss_projectile_motion/gimbal_transform_tool.hpp
-- Up-to-date symlink: /home/nexium/ros_ws/install/rmoss_projectile_motion/include/rmoss_projectile_motion/gravity_projectile_solver.hpp
-- Up-to-date symlink: /home/nexium/ros_ws/install/rmoss_projectile_motion/include/rmoss_projectile_motion/iterative_projectile_tool.hpp
-- Up-to-date symlink: /home/nexium/ros_ws/install/rmoss_projectile_motion/include/rmoss_projectile_motion/projectile_solver_interface.hpp
-- Up-to-date symlink: /home/nexium/ros_ws/install/rmoss_projectile_motion/share/rmoss_projectile_motion/environment/library_path.sh
-- Up-to-date symlink: /home/nexium/ros_ws/install/rmoss_projectile_motion/share/rmoss_projectile_motion/environment/library_path.dsv
-- Up-to-date symlink: /home/nexium/ros_ws/install/rmoss_projectile_motion/share/ament_index/resource_index/package_run_dependencies/rmoss_projectile_motion
-- Up-to-date symlink: /home/nexium/ros_ws/install/rmoss_projectile_motion/share/ament_index/resource_index/parent_prefix_path/rmoss_projectile_motion
-- Up-to-date symlink: /home/nexium/ros_ws/install/rmoss_projectile_motion/share/rmoss_projectile_motion/environment/ament_prefix_path.sh
-- Up-to-date symlink: /home/nexium/ros_ws/install/rmoss_projectile_motion/share/rmoss_projectile_motion/environment/ament_prefix_path.dsv
-- Up-to-date symlink: /home/nexium/ros_ws/install/rmoss_projectile_motion/share/rmoss_projectile_motion/environment/path.sh
-- Up-to-date symlink: /home/nexium/ros_ws/install/rmoss_projectile_motion/share/rmoss_projectile_motion/environment/path.dsv
-- Up-to-date symlink: /home/nexium/ros_ws/install/rmoss_projectile_motion/share/rmoss_projectile_motion/local_setup.bash
-- Up-to-date symlink: /home/nexium/ros_ws/install/rmoss_projectile_motion/share/rmoss_projectile_motion/local_setup.sh
-- Up-to-date symlink: /home/nexium/ros_ws/install/rmoss_projectile_motion/share/rmoss_projectile_motion/local_setup.zsh
-- Up-to-date symlink: /home/nexium/ros_ws/install/rmoss_projectile_motion/share/rmoss_projectile_motion/local_setup.dsv
-- Symlinking: /home/nexium/ros_ws/install/rmoss_projectile_motion/share/rmoss_projectile_motion/package.dsv
-- Up-to-date symlink: /home/nexium/ros_ws/install/rmoss_projectile_motion/share/ament_index/resource_index/packages/rmoss_projectile_motion
-- Up-to-date symlink: /home/nexium/ros_ws/install/rmoss_projectile_motion/share/rmoss_projectile_motion/cmake/ament_cmake_export_targets-extras.cmake
-- Up-to-date symlink: /home/nexium/ros_ws/install/rmoss_projectile_motion/share/rmoss_projectile_motion/cmake/ament_cmake_export_dependencies-extras.cmake
-- Up-to-date symlink: /home/nexium/ros_ws/install/rmoss_projectile_motion/share/rmoss_projectile_motion/cmake/rmoss_projectile_motionConfig.cmake
-- Up-to-date symlink: /home/nexium/ros_ws/install/rmoss_projectile_motion/share/rmoss_projectile_motion/cmake/rmoss_projectile_motionConfig-version.cmake
-- Up-to-date symlink: /home/nexium/ros_ws/install/rmoss_projectile_motion/share/rmoss_projectile_motion/package.xml
-- Up-to-date: /home/nexium/ros_ws/install/rmoss_projectile_motion/lib/librmoss_projectile_motion.so
-- Up-to-date: /home/nexium/ros_ws/install/rmoss_projectile_motion/share/rmoss_projectile_motion/cmake/rmoss_projectile_motionExport.cmake
-- Up-to-date: /home/nexium/ros_ws/install/rmoss_projectile_motion/share/rmoss_projectile_motion/cmake/rmoss_projectile_motionExport-release.cmake
