-- The C compiler identification is GNU 11.4.0
-- The CXX compiler identification is GNU 11.4.0
-- Detecting C compiler ABI info
-- Detecting C compiler ABI info - done
-- Check for working C compiler: /usr/bin/cc - skipped
-- Detecting C compile features
-- Detecting C compile features - done
-- Detecting CXX compiler ABI info
-- Detecting CXX compiler ABI info - done
-- Check for working CXX compiler: /usr/bin/c++ - skipped
-- Detecting CXX compile features
-- Detecting CXX compile features - done
-- Found ament_cmake: 1.3.12 (/opt/ros/humble/share/ament_cmake/cmake)
-- Found Python3: /usr/bin/python3 (found version "3.10.12") found components: Interpreter 
-- Override CMake install command with custom implementation using symlinks instead of copying resources
-- Found rclcpp: 16.0.17 (/opt/ros/humble/share/rclcpp/cmake)
-- Found rosidl_generator_c: 3.1.8 (/opt/ros/humble/share/rosidl_generator_c/cmake)
-- Found rosidl_adapter: 3.1.8 (/opt/ros/humble/share/rosidl_adapter/cmake)
-- Found rosidl_generator_cpp: 3.1.8 (/opt/ros/humble/share/rosidl_generator_cpp/cmake)
-- Using all available rosidl_typesupport_c: rosidl_typesupport_fastrtps_c;rosidl_typesupport_introspection_c
-- Using all available rosidl_typesupport_cpp: rosidl_typesupport_fastrtps_cpp;rosidl_typesupport_introspection_cpp
-- Found rmw_implementation_cmake: 6.1.2 (/opt/ros/humble/share/rmw_implementation_cmake/cmake)
-- Found rmw_fastrtps_cpp: 6.2.9 (/opt/ros/humble/share/rmw_fastrtps_cpp/cmake)
-- Found OpenSSL: /usr/lib/x86_64-linux-gnu/libcrypto.so (found version "3.0.2")  
-- Found FastRTPS: /opt/ros/humble/include  
-- Using RMW implementation 'rmw_fastrtps_cpp' as default
-- Looking for pthread.h
-- Looking for pthread.h - found
-- Performing Test CMAKE_HAVE_LIBC_PTHREAD
-- Performing Test CMAKE_HAVE_LIBC_PTHREAD - Success
-- Found Threads: TRUE  
-- Found eigen3_cmake_module: 0.1.1 (/opt/ros/humble/share/eigen3_cmake_module/cmake)
-- Found Eigen3: TRUE (found version "3.4.0") 
-- Found geometry_msgs: 4.9.0 (/opt/ros/humble/share/geometry_msgs/cmake)
-- Found ament_lint_auto: 0.12.14 (/opt/ros/humble/share/ament_lint_auto/cmake)
-- Added test 'copyright' to check source files copyright and LICENSE
-- Added test 'cppcheck' to perform static code analysis on C / C++ code
-- Configured cppcheck include dirs: /home/nexium/ros_ws/src/rmoss_core/rmoss_projectile_motion/include
-- Configured cppcheck exclude dirs and/or files: 
-- Added test 'cpplint' to check C / C++ code against the Google style
-- Configured cpplint exclude dirs and/or files: 
-- Added test 'lint_cmake' to check CMake code style
-- Added test 'uncrustify' to check C / C++ code style
-- Configured uncrustify additional arguments: 
-- Added test 'xmllint' to check XML markup files
-- Configuring done
-- Generating done
-- Build files have been written to: /home/nexium/ros_ws/build/rmoss_projectile_motion
[ 20%] [32mBuilding CXX object CMakeFiles/rmoss_projectile_motion.dir/src/iterative_projectile_tool.cpp.o[0m
[ 40%] [32mBuilding CXX object CMakeFiles/rmoss_projectile_motion.dir/src/gaf_projectile_solver.cpp.o[0m
[ 60%] [32mBuilding CXX object CMakeFiles/rmoss_projectile_motion.dir/src/gravity_projectile_solver.cpp.o[0m
[ 80%] [32mBuilding CXX object CMakeFiles/rmoss_projectile_motion.dir/src/gimbal_transform_tool.cpp.o[0m
[100%] [32m[1mLinking CXX shared library librmoss_projectile_motion.so[0m
[100%] Built target rmoss_projectile_motion
-- Install configuration: "release"
-- Execute custom install script
-- Symlinking: /home/nexium/ros_ws/install/rmoss_projectile_motion/include/rmoss_projectile_motion/gaf_projectile_solver.hpp
-- Symlinking: /home/nexium/ros_ws/install/rmoss_projectile_motion/include/rmoss_projectile_motion/gimbal_transform_tool.hpp
-- Symlinking: /home/nexium/ros_ws/install/rmoss_projectile_motion/include/rmoss_projectile_motion/gravity_projectile_solver.hpp
-- Symlinking: /home/nexium/ros_ws/install/rmoss_projectile_motion/include/rmoss_projectile_motion/iterative_projectile_tool.hpp
-- Symlinking: /home/nexium/ros_ws/install/rmoss_projectile_motion/include/rmoss_projectile_motion/projectile_solver_interface.hpp
-- Symlinking: /home/nexium/ros_ws/install/rmoss_projectile_motion/share/rmoss_projectile_motion/environment/library_path.sh
-- Symlinking: /home/nexium/ros_ws/install/rmoss_projectile_motion/share/rmoss_projectile_motion/environment/library_path.dsv
-- Symlinking: /home/nexium/ros_ws/install/rmoss_projectile_motion/share/ament_index/resource_index/package_run_dependencies/rmoss_projectile_motion
-- Symlinking: /home/nexium/ros_ws/install/rmoss_projectile_motion/share/ament_index/resource_index/parent_prefix_path/rmoss_projectile_motion
-- Symlinking: /home/nexium/ros_ws/install/rmoss_projectile_motion/share/rmoss_projectile_motion/environment/ament_prefix_path.sh
-- Symlinking: /home/nexium/ros_ws/install/rmoss_projectile_motion/share/rmoss_projectile_motion/environment/ament_prefix_path.dsv
-- Symlinking: /home/nexium/ros_ws/install/rmoss_projectile_motion/share/rmoss_projectile_motion/environment/path.sh
-- Symlinking: /home/nexium/ros_ws/install/rmoss_projectile_motion/share/rmoss_projectile_motion/environment/path.dsv
-- Symlinking: /home/nexium/ros_ws/install/rmoss_projectile_motion/share/rmoss_projectile_motion/local_setup.bash
-- Symlinking: /home/nexium/ros_ws/install/rmoss_projectile_motion/share/rmoss_projectile_motion/local_setup.sh
-- Symlinking: /home/nexium/ros_ws/install/rmoss_projectile_motion/share/rmoss_projectile_motion/local_setup.zsh
-- Symlinking: /home/nexium/ros_ws/install/rmoss_projectile_motion/share/rmoss_projectile_motion/local_setup.dsv
-- Symlinking: /home/nexium/ros_ws/install/rmoss_projectile_motion/share/rmoss_projectile_motion/package.dsv
-- Symlinking: /home/nexium/ros_ws/install/rmoss_projectile_motion/share/ament_index/resource_index/packages/rmoss_projectile_motion
-- Symlinking: /home/nexium/ros_ws/install/rmoss_projectile_motion/share/rmoss_projectile_motion/cmake/ament_cmake_export_targets-extras.cmake
-- Symlinking: /home/nexium/ros_ws/install/rmoss_projectile_motion/share/rmoss_projectile_motion/cmake/ament_cmake_export_dependencies-extras.cmake
-- Symlinking: /home/nexium/ros_ws/install/rmoss_projectile_motion/share/rmoss_projectile_motion/cmake/rmoss_projectile_motionConfig.cmake
-- Symlinking: /home/nexium/ros_ws/install/rmoss_projectile_motion/share/rmoss_projectile_motion/cmake/rmoss_projectile_motionConfig-version.cmake
-- Symlinking: /home/nexium/ros_ws/install/rmoss_projectile_motion/share/rmoss_projectile_motion/package.xml
-- Installing: /home/nexium/ros_ws/install/rmoss_projectile_motion/lib/librmoss_projectile_motion.so
-- Set runtime path of "/home/nexium/ros_ws/install/rmoss_projectile_motion/lib/librmoss_projectile_motion.so" to ""
-- Installing: /home/nexium/ros_ws/install/rmoss_projectile_motion/share/rmoss_projectile_motion/cmake/rmoss_projectile_motionExport.cmake
-- Installing: /home/nexium/ros_ws/install/rmoss_projectile_motion/share/rmoss_projectile_motion/cmake/rmoss_projectile_motionExport-release.cmake
