[0.063s] Invoking command in '/home/nexium/ros_ws/build/rmoss_projectile_motion': CMAKE_PREFIX_PATH=/opt/ros/humble /usr/bin/cmake /home/nexium/ros_ws/src/rmoss_core/rmoss_projectile_motion -DCMAKE_BUILD_TYPE=release -DAMENT_CMAKE_SYMLINK_INSTALL=1 -DCMAKE_INSTALL_PREFIX=/home/nexium/ros_ws/install/rmoss_projectile_motion
[0.823s] -- The C compiler identification is GNU 11.4.0
[0.823s] -- The CXX compiler identification is GNU 11.4.0
[0.823s] -- Detecting C compiler ABI info
[0.824s] -- Detecting C compiler ABI info - done
[0.824s] -- Check for working C compiler: /usr/bin/cc - skipped
[0.824s] -- Detecting C compile features
[0.824s] -- Detecting C compile features - done
[0.824s] -- Detecting CXX compiler ABI info
[0.824s] -- Detecting CXX compiler ABI info - done
[0.824s] -- Check for working CXX compiler: /usr/bin/c++ - skipped
[0.824s] -- Detecting CXX compile features
[0.824s] -- Detecting CXX compile features - done
[0.824s] -- Found ament_cmake: 1.3.12 (/opt/ros/humble/share/ament_cmake/cmake)
[1.058s] -- Found Python3: /usr/bin/python3 (found version "3.10.12") found components: Interpreter 
[1.225s] -- Override CMake install command with custom implementation using symlinks instead of copying resources
[1.294s] -- Found rclcpp: 16.0.17 (/opt/ros/humble/share/rclcpp/cmake)
[1.383s] -- Found rosidl_generator_c: 3.1.8 (/opt/ros/humble/share/rosidl_generator_c/cmake)
[1.396s] -- Found rosidl_adapter: 3.1.8 (/opt/ros/humble/share/rosidl_adapter/cmake)
[1.422s] -- Found rosidl_generator_cpp: 3.1.8 (/opt/ros/humble/share/rosidl_generator_cpp/cmake)
[1.461s] -- Using all available rosidl_typesupport_c: rosidl_typesupport_fastrtps_c;rosidl_typesupport_introspection_c
[1.517s] -- Using all available rosidl_typesupport_cpp: rosidl_typesupport_fastrtps_cpp;rosidl_typesupport_introspection_cpp
[1.623s] -- Found rmw_implementation_cmake: 6.1.2 (/opt/ros/humble/share/rmw_implementation_cmake/cmake)
[1.629s] -- Found rmw_fastrtps_cpp: 6.2.9 (/opt/ros/humble/share/rmw_fastrtps_cpp/cmake)
[1.872s] -- Found OpenSSL: /usr/lib/x86_64-linux-gnu/libcrypto.so (found version "3.0.2")  
[1.967s] -- Found FastRTPS: /opt/ros/humble/include  
[2.099s] -- Using RMW implementation 'rmw_fastrtps_cpp' as default
[2.119s] -- Looking for pthread.h
[2.366s] -- Looking for pthread.h - found
[2.367s] -- Performing Test CMAKE_HAVE_LIBC_PTHREAD
[2.622s] -- Performing Test CMAKE_HAVE_LIBC_PTHREAD - Success
[2.629s] -- Found Threads: TRUE  
[2.855s] -- Found eigen3_cmake_module: 0.1.1 (/opt/ros/humble/share/eigen3_cmake_module/cmake)
[2.888s] -- Found Eigen3: TRUE (found version "3.4.0") 
[2.894s] -- Found geometry_msgs: 4.9.0 (/opt/ros/humble/share/geometry_msgs/cmake)
[2.977s] -- Found ament_lint_auto: 0.12.14 (/opt/ros/humble/share/ament_lint_auto/cmake)
[3.284s] -- Added test 'copyright' to check source files copyright and LICENSE
[3.291s] -- Added test 'cppcheck' to perform static code analysis on C / C++ code
[3.293s] -- Configured cppcheck include dirs: /home/nexium/ros_ws/src/rmoss_core/rmoss_projectile_motion/include
[3.297s] -- Configured cppcheck exclude dirs and/or files: 
[3.297s] -- Added test 'cpplint' to check C / C++ code against the Google style
[3.297s] -- Configured cpplint exclude dirs and/or files: 
[3.299s] -- Added test 'lint_cmake' to check CMake code style
[3.304s] -- Added test 'uncrustify' to check C / C++ code style
[3.305s] -- Configured uncrustify additional arguments: 
[3.305s] -- Added test 'xmllint' to check XML markup files
[3.315s] -- Configuring done
[3.353s] -- Generating done
[3.362s] -- Build files have been written to: /home/nexium/ros_ws/build/rmoss_projectile_motion
[3.421s] Invoked command in '/home/nexium/ros_ws/build/rmoss_projectile_motion' returned '0': CMAKE_PREFIX_PATH=/opt/ros/humble /usr/bin/cmake /home/nexium/ros_ws/src/rmoss_core/rmoss_projectile_motion -DCMAKE_BUILD_TYPE=release -DAMENT_CMAKE_SYMLINK_INSTALL=1 -DCMAKE_INSTALL_PREFIX=/home/nexium/ros_ws/install/rmoss_projectile_motion
[3.426s] Invoking command in '/home/nexium/ros_ws/build/rmoss_projectile_motion': CMAKE_PREFIX_PATH=/opt/ros/humble /usr/bin/cmake --build /home/nexium/ros_ws/build/rmoss_projectile_motion -- -j12 -l12
[11.606s] [ 20%] [32mBuilding CXX object CMakeFiles/rmoss_projectile_motion.dir/src/iterative_projectile_tool.cpp.o[0m
[11.606s] [ 40%] [32mBuilding CXX object CMakeFiles/rmoss_projectile_motion.dir/src/gaf_projectile_solver.cpp.o[0m
[11.606s] [ 60%] [32mBuilding CXX object CMakeFiles/rmoss_projectile_motion.dir/src/gravity_projectile_solver.cpp.o[0m
[11.606s] [ 80%] [32mBuilding CXX object CMakeFiles/rmoss_projectile_motion.dir/src/gimbal_transform_tool.cpp.o[0m
[11.607s] [100%] [32m[1mLinking CXX shared library librmoss_projectile_motion.so[0m
[11.607s] [100%] Built target rmoss_projectile_motion
[11.614s] Invoked command in '/home/nexium/ros_ws/build/rmoss_projectile_motion' returned '0': CMAKE_PREFIX_PATH=/opt/ros/humble /usr/bin/cmake --build /home/nexium/ros_ws/build/rmoss_projectile_motion -- -j12 -l12
[11.615s] Invoking command in '/home/nexium/ros_ws/build/rmoss_projectile_motion': CMAKE_PREFIX_PATH=/opt/ros/humble /usr/bin/cmake --install /home/nexium/ros_ws/build/rmoss_projectile_motion
[20.562s] -- Install configuration: "release"
[20.562s] -- Execute custom install script
[20.562s] -- Symlinking: /home/nexium/ros_ws/install/rmoss_projectile_motion/include/rmoss_projectile_motion/gaf_projectile_solver.hpp
[20.562s] -- Symlinking: /home/nexium/ros_ws/install/rmoss_projectile_motion/include/rmoss_projectile_motion/gimbal_transform_tool.hpp
[20.562s] -- Symlinking: /home/nexium/ros_ws/install/rmoss_projectile_motion/include/rmoss_projectile_motion/gravity_projectile_solver.hpp
[20.562s] -- Symlinking: /home/nexium/ros_ws/install/rmoss_projectile_motion/include/rmoss_projectile_motion/iterative_projectile_tool.hpp
[20.562s] -- Symlinking: /home/nexium/ros_ws/install/rmoss_projectile_motion/include/rmoss_projectile_motion/projectile_solver_interface.hpp
[20.563s] -- Symlinking: /home/nexium/ros_ws/install/rmoss_projectile_motion/share/rmoss_projectile_motion/environment/library_path.sh
[20.563s] -- Symlinking: /home/nexium/ros_ws/install/rmoss_projectile_motion/share/rmoss_projectile_motion/environment/library_path.dsv
[20.563s] -- Symlinking: /home/nexium/ros_ws/install/rmoss_projectile_motion/share/ament_index/resource_index/package_run_dependencies/rmoss_projectile_motion
[20.563s] -- Symlinking: /home/nexium/ros_ws/install/rmoss_projectile_motion/share/ament_index/resource_index/parent_prefix_path/rmoss_projectile_motion
[20.563s] -- Symlinking: /home/nexium/ros_ws/install/rmoss_projectile_motion/share/rmoss_projectile_motion/environment/ament_prefix_path.sh
[20.563s] -- Symlinking: /home/nexium/ros_ws/install/rmoss_projectile_motion/share/rmoss_projectile_motion/environment/ament_prefix_path.dsv
[20.563s] -- Symlinking: /home/nexium/ros_ws/install/rmoss_projectile_motion/share/rmoss_projectile_motion/environment/path.sh
[20.563s] -- Symlinking: /home/nexium/ros_ws/install/rmoss_projectile_motion/share/rmoss_projectile_motion/environment/path.dsv
[20.563s] -- Symlinking: /home/nexium/ros_ws/install/rmoss_projectile_motion/share/rmoss_projectile_motion/local_setup.bash
[20.563s] -- Symlinking: /home/nexium/ros_ws/install/rmoss_projectile_motion/share/rmoss_projectile_motion/local_setup.sh
[20.563s] -- Symlinking: /home/nexium/ros_ws/install/rmoss_projectile_motion/share/rmoss_projectile_motion/local_setup.zsh
[20.563s] -- Symlinking: /home/nexium/ros_ws/install/rmoss_projectile_motion/share/rmoss_projectile_motion/local_setup.dsv
[20.563s] -- Symlinking: /home/nexium/ros_ws/install/rmoss_projectile_motion/share/rmoss_projectile_motion/package.dsv
[20.563s] -- Symlinking: /home/nexium/ros_ws/install/rmoss_projectile_motion/share/ament_index/resource_index/packages/rmoss_projectile_motion
[20.563s] -- Symlinking: /home/nexium/ros_ws/install/rmoss_projectile_motion/share/rmoss_projectile_motion/cmake/ament_cmake_export_targets-extras.cmake
[20.563s] -- Symlinking: /home/nexium/ros_ws/install/rmoss_projectile_motion/share/rmoss_projectile_motion/cmake/ament_cmake_export_dependencies-extras.cmake
[20.563s] -- Symlinking: /home/nexium/ros_ws/install/rmoss_projectile_motion/share/rmoss_projectile_motion/cmake/rmoss_projectile_motionConfig.cmake
[20.564s] -- Symlinking: /home/nexium/ros_ws/install/rmoss_projectile_motion/share/rmoss_projectile_motion/cmake/rmoss_projectile_motionConfig-version.cmake
[20.564s] -- Symlinking: /home/nexium/ros_ws/install/rmoss_projectile_motion/share/rmoss_projectile_motion/package.xml
[20.564s] -- Installing: /home/nexium/ros_ws/install/rmoss_projectile_motion/lib/librmoss_projectile_motion.so
[20.564s] -- Set runtime path of "/home/nexium/ros_ws/install/rmoss_projectile_motion/lib/librmoss_projectile_motion.so" to ""
[20.564s] -- Installing: /home/nexium/ros_ws/install/rmoss_projectile_motion/share/rmoss_projectile_motion/cmake/rmoss_projectile_motionExport.cmake
[20.564s] -- Installing: /home/nexium/ros_ws/install/rmoss_projectile_motion/share/rmoss_projectile_motion/cmake/rmoss_projectile_motionExport-release.cmake
[20.564s] Invoked command in '/home/nexium/ros_ws/build/rmoss_projectile_motion' returned '0': CMAKE_PREFIX_PATH=/opt/ros/humble /usr/bin/cmake --install /home/nexium/ros_ws/build/rmoss_projectile_motion
