[0.548s] Invoking command in '/home/nexium/ros_ws/build/control_panel': PYTHONPATH=/home/nexium/ros_ws/build/control_panel/prefix_override:/usr/lib/python3/dist-packages/colcon_core/task/python/colcon_distutils_commands:/home/nexium/ros_ws/install/control_panel/lib/python3.10/site-packages:${PYTHONPATH} /usr/bin/python3 -W ignore:setup.py install is deprecated -W ignore:easy_install command is deprecated setup.py develop --editable --build-directory /home/nexium/ros_ws/build/control_panel/build --no-deps symlink_data
[0.727s] running develop
[0.825s] running egg_info
[0.825s] creating control_panel.egg-info
[0.825s] writing control_panel.egg-info/PKG-INFO
[0.825s] writing dependency_links to control_panel.egg-info/dependency_links.txt
[0.825s] writing entry points to control_panel.egg-info/entry_points.txt
[0.825s] writing requirements to control_panel.egg-info/requires.txt
[0.825s] writing top-level names to control_panel.egg-info/top_level.txt
[0.825s] writing manifest file 'control_panel.egg-info/SOURCES.txt'
[0.826s] reading manifest file 'control_panel.egg-info/SOURCES.txt'
[0.827s] writing manifest file 'control_panel.egg-info/SOURCES.txt'
[0.828s] running build_ext
[0.828s] Creating /home/nexium/ros_ws/install/control_panel/lib/python3.10/site-packages/control-panel.egg-link (link to .)
[0.828s] Installing control_panel script to /home/nexium/ros_ws/install/control_panel/lib/control_panel
[0.828s] 
[0.828s] Installed /home/nexium/ros_ws/build/control_panel
[0.828s] running symlink_data
[0.828s] creating /home/nexium/ros_ws/install/control_panel/share/ament_index
[0.829s] creating /home/nexium/ros_ws/install/control_panel/share/ament_index/resource_index
[0.829s] creating /home/nexium/ros_ws/install/control_panel/share/ament_index/resource_index/packages
[0.829s] symbolically linking /home/nexium/ros_ws/build/control_panel/resource/control_panel -> /home/nexium/ros_ws/install/control_panel/share/ament_index/resource_index/packages
[0.829s] symbolically linking /home/nexium/ros_ws/build/control_panel/package.xml -> /home/nexium/ros_ws/install/control_panel/share/control_panel
[0.850s] Invoked command in '/home/nexium/ros_ws/build/control_panel' returned '0': PYTHONPATH=/home/nexium/ros_ws/build/control_panel/prefix_override:/usr/lib/python3/dist-packages/colcon_core/task/python/colcon_distutils_commands:/home/nexium/ros_ws/install/control_panel/lib/python3.10/site-packages:${PYTHONPATH} /usr/bin/python3 -W ignore:setup.py install is deprecated -W ignore:easy_install command is deprecated setup.py develop --editable --build-directory /home/nexium/ros_ws/build/control_panel/build --no-deps symlink_data
