running develop
running egg_info
creating joint_state_publisher_gui.egg-info
writing joint_state_publisher_gui.egg-info/PKG-INFO
writing dependency_links to joint_state_publisher_gui.egg-info/dependency_links.txt
writing entry points to joint_state_publisher_gui.egg-info/entry_points.txt
writing requirements to joint_state_publisher_gui.egg-info/requires.txt
writing top-level names to joint_state_publisher_gui.egg-info/top_level.txt
writing manifest file 'joint_state_publisher_gui.egg-info/SOURCES.txt'
reading manifest file 'joint_state_publisher_gui.egg-info/SOURCES.txt'
writing manifest file 'joint_state_publisher_gui.egg-info/SOURCES.txt'
running build_ext
Creating /home/nexium/ros_ws/install/joint_state_publisher_gui/lib/python3.10/site-packages/joint-state-publisher-gui.egg-link (link to .)
Installing joint_state_publisher_gui script to /home/nexium/ros_ws/install/joint_state_publisher_gui/lib/joint_state_publisher_gui

Installed /home/nexium/ros_ws/build/joint_state_publisher_gui
running symlink_data
creating /home/nexium/ros_ws/install/joint_state_publisher_gui/share/ament_index
creating /home/nexium/ros_ws/install/joint_state_publisher_gui/share/ament_index/resource_index
creating /home/nexium/ros_ws/install/joint_state_publisher_gui/share/ament_index/resource_index/packages
symbolically linking /home/nexium/ros_ws/build/joint_state_publisher_gui/resource/joint_state_publisher_gui -> /home/nexium/ros_ws/install/joint_state_publisher_gui/share/ament_index/resource_index/packages
symbolically linking /home/nexium/ros_ws/build/joint_state_publisher_gui/package.xml -> /home/nexium/ros_ws/install/joint_state_publisher_gui/share/joint_state_publisher_gui
