[0.008s] Invoking command in '/home/nexium/ros_ws/build/pointcloud_to_laserscan': CMAKE_PREFIX_PATH=/opt/ros/humble /usr/bin/cmake /home/nexium/ros_ws/src/pb2025_sentry_nav/pointcloud_to_laserscan -DCMAKE_BUILD_TYPE=release -DAMENT_CMAKE_SYMLINK_INSTALL=1 -DCMAKE_INSTALL_PREFIX=/home/nexium/ros_ws/install/pointcloud_to_laserscan
[0.171s] -- The C compiler identification is GNU 11.4.0
[0.171s] -- The CXX compiler identification is GNU 11.4.0
[0.171s] -- Detecting C compiler ABI info
[0.260s] -- Detecting C compiler ABI info - done
[0.270s] -- Check for working C compiler: /usr/bin/cc - skipped
[0.270s] -- Detecting C compile features
[0.273s] -- Detecting C compile features - done
[0.277s] -- Detecting CXX compiler ABI info
[0.396s] -- Detecting CXX compiler ABI info - done
[0.407s] -- Check for working CXX compiler: /usr/bin/c++ - skipped
[0.408s] -- Detecting CXX compile features
[0.409s] -- Detecting CXX compile features - done
[0.414s] -- Found ament_cmake_auto: 1.3.12 (/opt/ros/humble/share/ament_cmake_auto/cmake)
[0.665s] -- Found Python3: /usr/bin/python3 (found version "3.10.12") found components: Interpreter 
[0.769s] -- Override CMake install command with custom implementation using symlinks instead of copying resources
[1.170s] -- Found rosidl_generator_c: 3.1.8 (/opt/ros/humble/share/rosidl_generator_c/cmake)
[1.184s] -- Found rosidl_adapter: 3.1.8 (/opt/ros/humble/share/rosidl_adapter/cmake)
[1.212s] -- Found rosidl_generator_cpp: 3.1.8 (/opt/ros/humble/share/rosidl_generator_cpp/cmake)
[1.255s] -- Using all available rosidl_typesupport_c: rosidl_typesupport_fastrtps_c;rosidl_typesupport_introspection_c
[1.304s] -- Using all available rosidl_typesupport_cpp: rosidl_typesupport_fastrtps_cpp;rosidl_typesupport_introspection_cpp
[1.389s] -- Found rmw_implementation_cmake: 6.1.2 (/opt/ros/humble/share/rmw_implementation_cmake/cmake)
[1.393s] -- Found rmw_fastrtps_cpp: 6.2.9 (/opt/ros/humble/share/rmw_fastrtps_cpp/cmake)
[1.539s] -- Found OpenSSL: /usr/lib/x86_64-linux-gnu/libcrypto.so (found version "3.0.2")  
[1.588s] -- Found FastRTPS: /opt/ros/humble/include  
[1.647s] -- Using RMW implementation 'rmw_fastrtps_cpp' as default
[1.658s] -- Looking for pthread.h
[1.765s] -- Looking for pthread.h - found
[1.768s] -- Performing Test CMAKE_HAVE_LIBC_PTHREAD
[1.887s] -- Performing Test CMAKE_HAVE_LIBC_PTHREAD - Success
[1.890s] -- Found Threads: TRUE  
[2.200s] -- Found ament_lint_auto: 0.12.14 (/opt/ros/humble/share/ament_lint_auto/cmake)
[2.220s] [0mIn this package, headers install destination is set to `include` by ament_auto_package. It is recommended to install `include/pointcloud_to_laserscan` instead and will be the default behavior of ament_auto_package from ROS 2 Kilted Kaiju. On distributions before Kilted, ament_auto_package behaves the same way when you use USE_SCOPED_HEADER_INSTALL_DIR option.[0m
[2.227s] -- Added test 'cppcheck' to perform static code analysis on C / C++ code
[2.231s] -- Configured cppcheck include dirs: /home/nexium/ros_ws/src/pb2025_sentry_nav/pointcloud_to_laserscan/include
[2.231s] -- Configured cppcheck exclude dirs and/or files: 
[2.231s] -- Added test 'cpplint' to check C / C++ code against the Google style
[2.231s] -- Configured cpplint exclude dirs and/or files: 
[2.231s] -- Added test 'flake8' to check Python code syntax and style conventions
[2.232s] -- Added test 'lint_cmake' to check CMake code style
[2.233s] -- Added test 'pep257' to check Python code against some of the docstring style conventions in PEP 257
[2.235s] -- Added test 'uncrustify' to check C / C++ code style
[2.235s] -- Configured uncrustify additional arguments: 
[2.236s] -- Added test 'xmllint' to check XML markup files
[2.244s] -- Configuring done
[2.311s] -- Generating done
[2.334s] -- Build files have been written to: /home/nexium/ros_ws/build/pointcloud_to_laserscan
[2.363s] Invoked command in '/home/nexium/ros_ws/build/pointcloud_to_laserscan' returned '0': CMAKE_PREFIX_PATH=/opt/ros/humble /usr/bin/cmake /home/nexium/ros_ws/src/pb2025_sentry_nav/pointcloud_to_laserscan -DCMAKE_BUILD_TYPE=release -DAMENT_CMAKE_SYMLINK_INSTALL=1 -DCMAKE_INSTALL_PREFIX=/home/nexium/ros_ws/install/pointcloud_to_laserscan
[2.364s] Invoking command in '/home/nexium/ros_ws/build/pointcloud_to_laserscan': CMAKE_PREFIX_PATH=/opt/ros/humble /usr/bin/cmake --build /home/nexium/ros_ws/build/pointcloud_to_laserscan -- -j12 -l12
[10.628s] [ 10%] [32mBuilding CXX object CMakeFiles/laserscan_to_pointcloud.dir/src/laserscan_to_pointcloud_node.cpp.o[0m
[25.505s] [ 20%] [32m[1mLinking CXX shared library liblaserscan_to_pointcloud.so[0m
[25.814s] [ 20%] Built target laserscan_to_pointcloud
[25.835s] [ 30%] [32mBuilding CXX object CMakeFiles/pointcloud_to_laserscan_node.dir/rclcpp_components/node_main_pointcloud_to_laserscan_node.cpp.o[0m
[29.713s] [ 40%] [32m[1mLinking CXX executable pointcloud_to_laserscan_node[0m
[29.948s] [ 40%] Built target pointcloud_to_laserscan_node
[29.983s] [ 50%] [32mBuilding CXX object CMakeFiles/pointcloud_to_laserscan.dir/src/pointcloud_to_laserscan_node.cpp.o[0m
[51.925s] [ 60%] [32m[1mLinking CXX shared library libpointcloud_to_laserscan.so[0m
[52.252s] [ 60%] Built target pointcloud_to_laserscan
[52.280s] [ 70%] [32mBuilding CXX object CMakeFiles/laserscan_to_pointcloud_node.dir/rclcpp_components/node_main_laserscan_to_pointcloud_node.cpp.o[0m
[58.173s] [ 80%] [32m[1mLinking CXX executable laserscan_to_pointcloud_node[0m
[58.403s] [ 80%] Built target laserscan_to_pointcloud_node
[58.444s] [ 90%] [32mBuilding CXX object CMakeFiles/dummy_pointcloud_publisher.dir/src/dummy_pointcloud_publisher.cpp.o[0m
[67.459s] [100%] [32m[1mLinking CXX executable dummy_pointcloud_publisher[0m
[68.055s] [100%] Built target dummy_pointcloud_publisher
[68.107s] Invoked command in '/home/nexium/ros_ws/build/pointcloud_to_laserscan' returned '0': CMAKE_PREFIX_PATH=/opt/ros/humble /usr/bin/cmake --build /home/nexium/ros_ws/build/pointcloud_to_laserscan -- -j12 -l12
[68.108s] Invoking command in '/home/nexium/ros_ws/build/pointcloud_to_laserscan': CMAKE_PREFIX_PATH=/opt/ros/humble /usr/bin/cmake --install /home/nexium/ros_ws/build/pointcloud_to_laserscan
[86.240s] -- Install configuration: "release"
[86.240s] -- Execute custom install script
[86.240s] -- Symlinking: /home/nexium/ros_ws/install/pointcloud_to_laserscan/lib/pointcloud_to_laserscan/laserscan_to_pointcloud_node
[86.240s] -- Symlinking: /home/nexium/ros_ws/install/pointcloud_to_laserscan/lib/pointcloud_to_laserscan/pointcloud_to_laserscan_node
[86.240s] -- Symlinking: /home/nexium/ros_ws/install/pointcloud_to_laserscan/include/pointcloud_to_laserscan/laserscan_to_pointcloud_node.hpp
[86.240s] -- Symlinking: /home/nexium/ros_ws/install/pointcloud_to_laserscan/include/pointcloud_to_laserscan/pointcloud_to_laserscan_node.hpp
[86.240s] -- Symlinking: /home/nexium/ros_ws/install/pointcloud_to_laserscan/include/pointcloud_to_laserscan/visibility_control.h
[86.240s] -- Symlinking: /home/nexium/ros_ws/install/pointcloud_to_laserscan/share/pointcloud_to_laserscan/environment/library_path.sh
[86.240s] -- Symlinking: /home/nexium/ros_ws/install/pointcloud_to_laserscan/share/pointcloud_to_laserscan/environment/library_path.dsv
[86.241s] -- Symlinking: /home/nexium/ros_ws/install/pointcloud_to_laserscan/lib/liblaserscan_to_pointcloud.so
[86.241s] -- Symlinking: /home/nexium/ros_ws/install/pointcloud_to_laserscan/lib/libpointcloud_to_laserscan.so
[86.241s] -- Symlinking: /home/nexium/ros_ws/install/pointcloud_to_laserscan/lib/pointcloud_to_laserscan/dummy_pointcloud_publisher
[86.241s] -- Symlinking: /home/nexium/ros_ws/install/pointcloud_to_laserscan/share/pointcloud_to_laserscan/launch/sample_laserscan_to_pointcloud_launch.py
[86.241s] -- Symlinking: /home/nexium/ros_ws/install/pointcloud_to_laserscan/share/pointcloud_to_laserscan/launch/sample_pointcloud_to_laserscan_launch.py
[86.241s] -- Symlinking: /home/nexium/ros_ws/install/pointcloud_to_laserscan/share/ament_index/resource_index/package_run_dependencies/pointcloud_to_laserscan
[86.241s] -- Symlinking: /home/nexium/ros_ws/install/pointcloud_to_laserscan/share/ament_index/resource_index/parent_prefix_path/pointcloud_to_laserscan
[86.241s] -- Symlinking: /home/nexium/ros_ws/install/pointcloud_to_laserscan/share/pointcloud_to_laserscan/environment/ament_prefix_path.sh
[86.241s] -- Symlinking: /home/nexium/ros_ws/install/pointcloud_to_laserscan/share/pointcloud_to_laserscan/environment/ament_prefix_path.dsv
[86.241s] -- Symlinking: /home/nexium/ros_ws/install/pointcloud_to_laserscan/share/pointcloud_to_laserscan/environment/path.sh
[86.242s] -- Symlinking: /home/nexium/ros_ws/install/pointcloud_to_laserscan/share/pointcloud_to_laserscan/environment/path.dsv
[86.242s] -- Symlinking: /home/nexium/ros_ws/install/pointcloud_to_laserscan/share/pointcloud_to_laserscan/local_setup.bash
[86.242s] -- Symlinking: /home/nexium/ros_ws/install/pointcloud_to_laserscan/share/pointcloud_to_laserscan/local_setup.sh
[86.242s] -- Symlinking: /home/nexium/ros_ws/install/pointcloud_to_laserscan/share/pointcloud_to_laserscan/local_setup.zsh
[86.242s] -- Symlinking: /home/nexium/ros_ws/install/pointcloud_to_laserscan/share/pointcloud_to_laserscan/local_setup.dsv
[86.242s] -- Symlinking: /home/nexium/ros_ws/install/pointcloud_to_laserscan/share/pointcloud_to_laserscan/package.dsv
[86.242s] -- Symlinking: /home/nexium/ros_ws/install/pointcloud_to_laserscan/share/ament_index/resource_index/packages/pointcloud_to_laserscan
[86.242s] -- Symlinking: /home/nexium/ros_ws/install/pointcloud_to_laserscan/share/ament_index/resource_index/rclcpp_components/pointcloud_to_laserscan
[86.242s] -- Symlinking: /home/nexium/ros_ws/install/pointcloud_to_laserscan/share/pointcloud_to_laserscan/cmake/ament_cmake_export_dependencies-extras.cmake
[86.242s] -- Symlinking: /home/nexium/ros_ws/install/pointcloud_to_laserscan/share/pointcloud_to_laserscan/cmake/ament_cmake_export_include_directories-extras.cmake
[86.242s] -- Symlinking: /home/nexium/ros_ws/install/pointcloud_to_laserscan/share/pointcloud_to_laserscan/cmake/ament_cmake_export_libraries-extras.cmake
[86.242s] -- Symlinking: /home/nexium/ros_ws/install/pointcloud_to_laserscan/share/pointcloud_to_laserscan/cmake/pointcloud_to_laserscanConfig.cmake
[86.242s] -- Symlinking: /home/nexium/ros_ws/install/pointcloud_to_laserscan/share/pointcloud_to_laserscan/cmake/pointcloud_to_laserscanConfig-version.cmake
[86.243s] -- Symlinking: /home/nexium/ros_ws/install/pointcloud_to_laserscan/share/pointcloud_to_laserscan/package.xml
[86.248s] Invoked command in '/home/nexium/ros_ws/build/pointcloud_to_laserscan' returned '0': CMAKE_PREFIX_PATH=/opt/ros/humble /usr/bin/cmake --install /home/nexium/ros_ws/build/pointcloud_to_laserscan
