-- The C compiler identification is GNU 11.4.0
-- The CXX compiler identification is GNU 11.4.0
-- Detecting C compiler ABI info
-- Detecting C compiler ABI info - done
-- Check for working C compiler: /usr/bin/cc - skipped
-- Detecting C compile features
-- Detecting C compile features - done
-- Detecting CXX compiler ABI info
-- Detecting CXX compiler ABI info - done
-- Check for working CXX compiler: /usr/bin/c++ - skipped
-- Detecting CXX compile features
-- Detecting CXX compile features - done
-- Found ament_cmake: 1.3.12 (/opt/ros/humble/share/ament_cmake/cmake)
-- Found Python3: /usr/bin/python3 (found version "3.10.12") found components: Interpreter 
-- Override CMake install command with custom implementation using symlinks instead of copying resources
-- Found builtin_interfaces: 1.2.2 (/opt/ros/humble/share/builtin_interfaces/cmake)
-- Found rosidl_generator_c: 3.1.8 (/opt/ros/humble/share/rosidl_generator_c/cmake)
-- Found rosidl_adapter: 3.1.8 (/opt/ros/humble/share/rosidl_adapter/cmake)
-- Found rosidl_generator_cpp: 3.1.8 (/opt/ros/humble/share/rosidl_generator_cpp/cmake)
-- Using all available rosidl_typesupport_c: rosidl_typesupport_fastrtps_c;rosidl_typesupport_introspection_c
-- Using all available rosidl_typesupport_cpp: rosidl_typesupport_fastrtps_cpp;rosidl_typesupport_introspection_cpp
-- Found geometry_msgs: 4.9.0 (/opt/ros/humble/share/geometry_msgs/cmake)
-- Found sensor_msgs: 4.9.0 (/opt/ros/humble/share/sensor_msgs/cmake)
-- Found rosidl_default_generators: 1.2.0 (/opt/ros/humble/share/rosidl_default_generators/cmake)
-- Found ament_cmake_ros: 0.10.0 (/opt/ros/humble/share/ament_cmake_ros/cmake)
-- Using all available rosidl_typesupport_c: rosidl_typesupport_fastrtps_c;rosidl_typesupport_introspection_c
-- Using all available rosidl_typesupport_cpp: rosidl_typesupport_fastrtps_cpp;rosidl_typesupport_introspection_cpp
-- Found PythonInterp: /usr/bin/python3 (found suitable version "3.10.12", minimum required is "3.6") 
-- Found python_cmake_module: 0.10.0 (/opt/ros/humble/share/python_cmake_module/cmake)
-- Found PythonLibs: /usr/lib/x86_64-linux-gnu/libpython3.10.so (found suitable version "3.10.12", minimum required is "3.5") 
-- Using PYTHON_EXECUTABLE: /usr/bin/python3
-- Using PYTHON_INCLUDE_DIRS: /usr/include/python3.10
-- Using PYTHON_LIBRARIES: /usr/lib/x86_64-linux-gnu/libpython3.10.so
-- Found PythonExtra: .so  
-- Configuring done
-- Generating done
-- Build files have been written to: /home/nexium/ros_ws/build/rmoss_interfaces
[  0%] [34m[1mGenerating C code for ROS interfaces[0m
[  0%] [34m[1mGenerating C++ code for ROS interfaces[0m
[  0%] Built target ament_cmake_python_symlink_rmoss_interfaces
running egg_info
creating rmoss_interfaces.egg-info
writing rmoss_interfaces.egg-info/PKG-INFO
writing dependency_links to rmoss_interfaces.egg-info/dependency_links.txt
writing top-level names to rmoss_interfaces.egg-info/top_level.txt
writing manifest file 'rmoss_interfaces.egg-info/SOURCES.txt'
reading manifest file 'rmoss_interfaces.egg-info/SOURCES.txt'
writing manifest file 'rmoss_interfaces.egg-info/SOURCES.txt'
[  0%] Built target ament_cmake_python_build_rmoss_interfaces_egg
[  1%] [32mBuilding C object CMakeFiles/rmoss_interfaces__rosidl_generator_c.dir/rosidl_generator_c/rmoss_interfaces/msg/detail/game_status__functions.c.o[0m
[  2%] [32mBuilding C object CMakeFiles/rmoss_interfaces__rosidl_generator_c.dir/rosidl_generator_c/rmoss_interfaces/msg/detail/referee_cmd__functions.c.o[0m
[  2%] [32mBuilding C object CMakeFiles/rmoss_interfaces__rosidl_generator_c.dir/rosidl_generator_c/rmoss_interfaces/msg/detail/robot_status__functions.c.o[0m
[  3%] [32mBuilding C object CMakeFiles/rmoss_interfaces__rosidl_generator_c.dir/rosidl_generator_c/rmoss_interfaces/msg/detail/rfid_status__functions.c.o[0m
[  4%] [32mBuilding C object CMakeFiles/rmoss_interfaces__rosidl_generator_c.dir/rosidl_generator_c/rmoss_interfaces/msg/detail/rfid_status_array__functions.c.o[0m
[  4%] [32mBuilding C object CMakeFiles/rmoss_interfaces__rosidl_generator_c.dir/rosidl_generator_c/rmoss_interfaces/msg/detail/exchange_ammon__functions.c.o[0m
[  5%] [32mBuilding C object CMakeFiles/rmoss_interfaces__rosidl_generator_c.dir/rosidl_generator_c/rmoss_interfaces/msg/detail/gimbal_cmd__functions.c.o[0m
[  5%] [32mBuilding C object CMakeFiles/rmoss_interfaces__rosidl_generator_c.dir/rosidl_generator_c/rmoss_interfaces/msg/detail/gimbal__functions.c.o[0m
[  6%] [32mBuilding C object CMakeFiles/rmoss_interfaces__rosidl_generator_c.dir/rosidl_generator_c/rmoss_interfaces/msg/detail/shoot_cmd__functions.c.o[0m
[  7%] [32mBuilding C object CMakeFiles/rmoss_interfaces__rosidl_generator_c.dir/rosidl_generator_c/rmoss_interfaces/msg/detail/chassis_cmd__functions.c.o[0m
[  7%] [32mBuilding C object CMakeFiles/rmoss_interfaces__rosidl_generator_c.dir/rosidl_generator_c/rmoss_interfaces/srv/detail/set_color__functions.c.o[0m
[  8%] [32mBuilding C object CMakeFiles/rmoss_interfaces__rosidl_generator_c.dir/rosidl_generator_c/rmoss_interfaces/srv/detail/set_mode__functions.c.o[0m
[  9%] [32mBuilding C object CMakeFiles/rmoss_interfaces__rosidl_generator_c.dir/rosidl_generator_c/rmoss_interfaces/srv/detail/get_mode__functions.c.o[0m
[  9%] [32mBuilding C object CMakeFiles/rmoss_interfaces__rosidl_generator_c.dir/rosidl_generator_c/rmoss_interfaces/srv/detail/get_camera_info__functions.c.o[0m
[ 10%] [32mBuilding C object CMakeFiles/rmoss_interfaces__rosidl_generator_c.dir/rosidl_generator_c/rmoss_interfaces/srv/detail/get_task_status__functions.c.o[0m
[ 11%] [32mBuilding C object CMakeFiles/rmoss_interfaces__rosidl_generator_c.dir/rosidl_generator_c/rmoss_interfaces/srv/detail/exchange_ammon__functions.c.o[0m
[ 11%] [32mBuilding C object CMakeFiles/rmoss_interfaces__rosidl_generator_c.dir/rosidl_generator_c/rmoss_interfaces/srv/detail/control_task__functions.c.o[0m
[ 11%] Built target rmoss_interfaces__cpp
[ 12%] [34m[1mGenerating C++ type support for eProsima Fast-RTPS[0m
[ 12%] [34m[1mGenerating C++ introspection for ROS interfaces[0m
[ 13%] [34m[1mGenerating C++ type support dispatch for ROS interfaces[0m
[ 14%] [32m[1mLinking C shared library librmoss_interfaces__rosidl_generator_c.so[0m
[ 14%] Built target rmoss_interfaces__rosidl_generator_c
[ 15%] [34m[1mGenerating C type support for eProsima Fast-RTPS[0m
[ 16%] [34m[1mGenerating C introspection for ROS interfaces[0m
[ 17%] [34m[1mGenerating C type support dispatch for ROS interfaces[0m
[ 18%] [32mBuilding CXX object CMakeFiles/rmoss_interfaces__rosidl_typesupport_fastrtps_cpp.dir/rosidl_typesupport_fastrtps_cpp/rmoss_interfaces/msg/detail/dds_fastrtps/referee_cmd__type_support.cpp.o[0m
[ 19%] [32mBuilding CXX object CMakeFiles/rmoss_interfaces__rosidl_typesupport_fastrtps_cpp.dir/rosidl_typesupport_fastrtps_cpp/rmoss_interfaces/msg/detail/dds_fastrtps/robot_status__type_support.cpp.o[0m
[ 19%] [32mBuilding CXX object CMakeFiles/rmoss_interfaces__rosidl_typesupport_fastrtps_cpp.dir/rosidl_typesupport_fastrtps_cpp/rmoss_interfaces/msg/detail/dds_fastrtps/game_status__type_support.cpp.o[0m
[ 19%] [32mBuilding CXX object CMakeFiles/rmoss_interfaces__rosidl_typesupport_fastrtps_cpp.dir/rosidl_typesupport_fastrtps_cpp/rmoss_interfaces/msg/detail/dds_fastrtps/rfid_status_array__type_support.cpp.o[0m
[ 21%] [32mBuilding CXX object CMakeFiles/rmoss_interfaces__rosidl_typesupport_fastrtps_cpp.dir/rosidl_typesupport_fastrtps_cpp/rmoss_interfaces/msg/detail/dds_fastrtps/rfid_status__type_support.cpp.o[0m
[ 20%] [32mBuilding CXX object CMakeFiles/rmoss_interfaces__rosidl_typesupport_fastrtps_cpp.dir/rosidl_typesupport_fastrtps_cpp/rmoss_interfaces/msg/detail/dds_fastrtps/exchange_ammon__type_support.cpp.o[0m
[ 21%] [32mBuilding CXX object CMakeFiles/rmoss_interfaces__rosidl_typesupport_fastrtps_cpp.dir/rosidl_typesupport_fastrtps_cpp/rmoss_interfaces/msg/detail/dds_fastrtps/gimbal__type_support.cpp.o[0m
[ 22%] [32mBuilding CXX object CMakeFiles/rmoss_interfaces__rosidl_typesupport_fastrtps_cpp.dir/rosidl_typesupport_fastrtps_cpp/rmoss_interfaces/msg/detail/dds_fastrtps/gimbal_cmd__type_support.cpp.o[0m
[ 22%] [32mBuilding CXX object CMakeFiles/rmoss_interfaces__rosidl_typesupport_cpp.dir/rosidl_typesupport_cpp/rmoss_interfaces/msg/referee_cmd__type_support.cpp.o[0m
[ 22%] [32mBuilding CXX object CMakeFiles/rmoss_interfaces__rosidl_typesupport_c.dir/rosidl_typesupport_c/rmoss_interfaces/msg/referee_cmd__type_support.cpp.o[0m
[ 23%] [32mBuilding CXX object CMakeFiles/rmoss_interfaces__rosidl_typesupport_fastrtps_cpp.dir/rosidl_typesupport_fastrtps_cpp/rmoss_interfaces/msg/detail/dds_fastrtps/shoot_cmd__type_support.cpp.o[0m
[ 24%] [32mBuilding CXX object CMakeFiles/rmoss_interfaces__rosidl_typesupport_c.dir/rosidl_typesupport_c/rmoss_interfaces/msg/game_status__type_support.cpp.o[0m
[ 25%] [32mBuilding CXX object CMakeFiles/rmoss_interfaces__rosidl_typesupport_c.dir/rosidl_typesupport_c/rmoss_interfaces/msg/robot_status__type_support.cpp.o[0m
[ 25%] [32mBuilding CXX object CMakeFiles/rmoss_interfaces__rosidl_typesupport_c.dir/rosidl_typesupport_c/rmoss_interfaces/msg/rfid_status__type_support.cpp.o[0m
[ 25%] [32mBuilding CXX object CMakeFiles/rmoss_interfaces__rosidl_typesupport_fastrtps_cpp.dir/rosidl_typesupport_fastrtps_cpp/rmoss_interfaces/msg/detail/dds_fastrtps/chassis_cmd__type_support.cpp.o[0m
[ 26%] [32mBuilding CXX object CMakeFiles/rmoss_interfaces__rosidl_typesupport_c.dir/rosidl_typesupport_c/rmoss_interfaces/msg/rfid_status_array__type_support.cpp.o[0m
[ 26%] [32mBuilding CXX object CMakeFiles/rmoss_interfaces__rosidl_typesupport_c.dir/rosidl_typesupport_c/rmoss_interfaces/msg/exchange_ammon__type_support.cpp.o[0m
[ 27%] [32mBuilding CXX object CMakeFiles/rmoss_interfaces__rosidl_typesupport_fastrtps_cpp.dir/rosidl_typesupport_fastrtps_cpp/rmoss_interfaces/srv/detail/dds_fastrtps/set_color__type_support.cpp.o[0m
[ 28%] [32mBuilding CXX object CMakeFiles/rmoss_interfaces__rosidl_typesupport_fastrtps_cpp.dir/rosidl_typesupport_fastrtps_cpp/rmoss_interfaces/srv/detail/dds_fastrtps/set_mode__type_support.cpp.o[0m
[ 28%] [32mBuilding CXX object CMakeFiles/rmoss_interfaces__rosidl_typesupport_fastrtps_cpp.dir/rosidl_typesupport_fastrtps_cpp/rmoss_interfaces/srv/detail/dds_fastrtps/get_mode__type_support.cpp.o[0m
[ 29%] [32mBuilding CXX object CMakeFiles/rmoss_interfaces__rosidl_typesupport_c.dir/rosidl_typesupport_c/rmoss_interfaces/msg/gimbal__type_support.cpp.o[0m
[ 30%] [32mBuilding CXX object CMakeFiles/rmoss_interfaces__rosidl_typesupport_fastrtps_cpp.dir/rosidl_typesupport_fastrtps_cpp/rmoss_interfaces/srv/detail/dds_fastrtps/get_camera_info__type_support.cpp.o[0m
[ 31%] [32mBuilding CXX object CMakeFiles/rmoss_interfaces__rosidl_typesupport_c.dir/rosidl_typesupport_c/rmoss_interfaces/msg/gimbal_cmd__type_support.cpp.o[0m
[ 31%] [32mBuilding CXX object CMakeFiles/rmoss_interfaces__rosidl_typesupport_c.dir/rosidl_typesupport_c/rmoss_interfaces/msg/shoot_cmd__type_support.cpp.o[0m
[ 32%] [32mBuilding CXX object CMakeFiles/rmoss_interfaces__rosidl_typesupport_c.dir/rosidl_typesupport_c/rmoss_interfaces/msg/chassis_cmd__type_support.cpp.o[0m
[ 33%] [32mBuilding CXX object CMakeFiles/rmoss_interfaces__rosidl_typesupport_cpp.dir/rosidl_typesupport_cpp/rmoss_interfaces/msg/game_status__type_support.cpp.o[0m
[ 34%] [32mBuilding CXX object CMakeFiles/rmoss_interfaces__rosidl_typesupport_c.dir/rosidl_typesupport_c/rmoss_interfaces/srv/set_color__type_support.cpp.o[0m
[ 35%] [32mBuilding CXX object CMakeFiles/rmoss_interfaces__rosidl_typesupport_cpp.dir/rosidl_typesupport_cpp/rmoss_interfaces/msg/robot_status__type_support.cpp.o[0m
[ 35%] [32mBuilding CXX object CMakeFiles/rmoss_interfaces__rosidl_typesupport_c.dir/rosidl_typesupport_c/rmoss_interfaces/srv/set_mode__type_support.cpp.o[0m
[ 36%] [32mBuilding CXX object CMakeFiles/rmoss_interfaces__rosidl_typesupport_c.dir/rosidl_typesupport_c/rmoss_interfaces/srv/get_mode__type_support.cpp.o[0m
[ 36%] [32mBuilding CXX object CMakeFiles/rmoss_interfaces__rosidl_typesupport_cpp.dir/rosidl_typesupport_cpp/rmoss_interfaces/msg/rfid_status__type_support.cpp.o[0m
[ 36%] [32mBuilding CXX object CMakeFiles/rmoss_interfaces__rosidl_typesupport_c.dir/rosidl_typesupport_c/rmoss_interfaces/srv/get_camera_info__type_support.cpp.o[0m
[ 37%] [32mBuilding CXX object CMakeFiles/rmoss_interfaces__rosidl_typesupport_c.dir/rosidl_typesupport_c/rmoss_interfaces/srv/get_task_status__type_support.cpp.o[0m
[ 38%] [32mBuilding CXX object CMakeFiles/rmoss_interfaces__rosidl_typesupport_cpp.dir/rosidl_typesupport_cpp/rmoss_interfaces/msg/rfid_status_array__type_support.cpp.o[0m
[ 39%] [32mBuilding CXX object CMakeFiles/rmoss_interfaces__rosidl_typesupport_c.dir/rosidl_typesupport_c/rmoss_interfaces/srv/control_task__type_support.cpp.o[0m
[ 39%] [32mBuilding CXX object CMakeFiles/rmoss_interfaces__rosidl_typesupport_c.dir/rosidl_typesupport_c/rmoss_interfaces/srv/exchange_ammon__type_support.cpp.o[0m
[ 40%] [32mBuilding CXX object CMakeFiles/rmoss_interfaces__rosidl_typesupport_cpp.dir/rosidl_typesupport_cpp/rmoss_interfaces/msg/exchange_ammon__type_support.cpp.o[0m
[ 40%] [32mBuilding CXX object CMakeFiles/rmoss_interfaces__rosidl_typesupport_fastrtps_cpp.dir/rosidl_typesupport_fastrtps_cpp/rmoss_interfaces/srv/detail/dds_fastrtps/get_task_status__type_support.cpp.o[0m
[ 41%] [32m[1mLinking CXX shared library librmoss_interfaces__rosidl_typesupport_c.so[0m
[ 41%] Built target rmoss_interfaces__rosidl_typesupport_c
[ 42%] [32mBuilding CXX object CMakeFiles/rmoss_interfaces__rosidl_typesupport_fastrtps_cpp.dir/rosidl_typesupport_fastrtps_cpp/rmoss_interfaces/srv/detail/dds_fastrtps/control_task__type_support.cpp.o[0m
[ 43%] [32mBuilding C object CMakeFiles/rmoss_interfaces__rosidl_typesupport_introspection_c.dir/rosidl_typesupport_introspection_c/rmoss_interfaces/msg/detail/referee_cmd__type_support.c.o[0m
[ 43%] [32mBuilding CXX object CMakeFiles/rmoss_interfaces__rosidl_typesupport_fastrtps_c.dir/rosidl_typesupport_fastrtps_c/rmoss_interfaces/msg/detail/referee_cmd__type_support_c.cpp.o[0m
[ 43%] [32mBuilding CXX object CMakeFiles/rmoss_interfaces__rosidl_typesupport_cpp.dir/rosidl_typesupport_cpp/rmoss_interfaces/msg/gimbal__type_support.cpp.o[0m
[ 44%] [32mBuilding CXX object CMakeFiles/rmoss_interfaces__rosidl_typesupport_fastrtps_c.dir/rosidl_typesupport_fastrtps_c/rmoss_interfaces/msg/detail/game_status__type_support_c.cpp.o[0m
[ 44%] [32mBuilding C object CMakeFiles/rmoss_interfaces__rosidl_typesupport_introspection_c.dir/rosidl_typesupport_introspection_c/rmoss_interfaces/msg/detail/game_status__type_support.c.o[0m
[ 45%] [32mBuilding C object CMakeFiles/rmoss_interfaces__rosidl_typesupport_introspection_c.dir/rosidl_typesupport_introspection_c/rmoss_interfaces/msg/detail/robot_status__type_support.c.o[0m
[ 46%] [32mBuilding CXX object CMakeFiles/rmoss_interfaces__rosidl_typesupport_cpp.dir/rosidl_typesupport_cpp/rmoss_interfaces/msg/gimbal_cmd__type_support.cpp.o[0m
[ 47%] [32mBuilding CXX object CMakeFiles/rmoss_interfaces__rosidl_typesupport_introspection_cpp.dir/rosidl_typesupport_introspection_cpp/rmoss_interfaces/msg/detail/referee_cmd__type_support.cpp.o[0m
[ 48%] [32mBuilding CXX object CMakeFiles/rmoss_interfaces__rosidl_typesupport_fastrtps_cpp.dir/rosidl_typesupport_fastrtps_cpp/rmoss_interfaces/srv/detail/dds_fastrtps/exchange_ammon__type_support.cpp.o[0m
[ 48%] [32mBuilding C object CMakeFiles/rmoss_interfaces__rosidl_typesupport_introspection_c.dir/rosidl_typesupport_introspection_c/rmoss_interfaces/msg/detail/rfid_status__type_support.c.o[0m
[ 49%] [32mBuilding C object CMakeFiles/rmoss_interfaces__rosidl_typesupport_introspection_c.dir/rosidl_typesupport_introspection_c/rmoss_interfaces/msg/detail/rfid_status_array__type_support.c.o[0m
[ 50%] [32mBuilding CXX object CMakeFiles/rmoss_interfaces__rosidl_typesupport_cpp.dir/rosidl_typesupport_cpp/rmoss_interfaces/msg/shoot_cmd__type_support.cpp.o[0m
[ 51%] [32mBuilding CXX object CMakeFiles/rmoss_interfaces__rosidl_typesupport_fastrtps_c.dir/rosidl_typesupport_fastrtps_c/rmoss_interfaces/msg/detail/robot_status__type_support_c.cpp.o[0m
[ 52%] [32mBuilding C object CMakeFiles/rmoss_interfaces__rosidl_typesupport_introspection_c.dir/rosidl_typesupport_introspection_c/rmoss_interfaces/msg/detail/exchange_ammon__type_support.c.o[0m
[ 52%] [32mBuilding CXX object CMakeFiles/rmoss_interfaces__rosidl_typesupport_introspection_cpp.dir/rosidl_typesupport_introspection_cpp/rmoss_interfaces/msg/detail/game_status__type_support.cpp.o[0m
[ 52%] [32mBuilding C object CMakeFiles/rmoss_interfaces__rosidl_typesupport_introspection_c.dir/rosidl_typesupport_introspection_c/rmoss_interfaces/msg/detail/gimbal__type_support.c.o[0m
[ 53%] [32mBuilding C object CMakeFiles/rmoss_interfaces__rosidl_typesupport_introspection_c.dir/rosidl_typesupport_introspection_c/rmoss_interfaces/msg/detail/gimbal_cmd__type_support.c.o[0m
[ 54%] [32mBuilding C object CMakeFiles/rmoss_interfaces__rosidl_typesupport_introspection_c.dir/rosidl_typesupport_introspection_c/rmoss_interfaces/msg/detail/shoot_cmd__type_support.c.o[0m
[ 54%] [32mBuilding CXX object CMakeFiles/rmoss_interfaces__rosidl_typesupport_cpp.dir/rosidl_typesupport_cpp/rmoss_interfaces/msg/chassis_cmd__type_support.cpp.o[0m
[ 54%] [32mBuilding C object CMakeFiles/rmoss_interfaces__rosidl_typesupport_introspection_c.dir/rosidl_typesupport_introspection_c/rmoss_interfaces/msg/detail/chassis_cmd__type_support.c.o[0m
[ 55%] [32mBuilding CXX object CMakeFiles/rmoss_interfaces__rosidl_typesupport_cpp.dir/rosidl_typesupport_cpp/rmoss_interfaces/srv/set_color__type_support.cpp.o[0m
[ 56%] [32mBuilding C object CMakeFiles/rmoss_interfaces__rosidl_typesupport_introspection_c.dir/rosidl_typesupport_introspection_c/rmoss_interfaces/srv/detail/set_color__type_support.c.o[0m
[ 57%] [32mBuilding C object CMakeFiles/rmoss_interfaces__rosidl_typesupport_introspection_c.dir/rosidl_typesupport_introspection_c/rmoss_interfaces/srv/detail/set_mode__type_support.c.o[0m
[ 57%] [32mBuilding C object CMakeFiles/rmoss_interfaces__rosidl_typesupport_introspection_c.dir/rosidl_typesupport_introspection_c/rmoss_interfaces/srv/detail/get_mode__type_support.c.o[0m
[ 58%] [32mBuilding CXX object CMakeFiles/rmoss_interfaces__rosidl_typesupport_introspection_cpp.dir/rosidl_typesupport_introspection_cpp/rmoss_interfaces/msg/detail/robot_status__type_support.cpp.o[0m
[ 59%] [32mBuilding C object CMakeFiles/rmoss_interfaces__rosidl_typesupport_introspection_c.dir/rosidl_typesupport_introspection_c/rmoss_interfaces/srv/detail/get_camera_info__type_support.c.o[0m
[ 59%] [32mBuilding CXX object CMakeFiles/rmoss_interfaces__rosidl_typesupport_cpp.dir/rosidl_typesupport_cpp/rmoss_interfaces/srv/set_mode__type_support.cpp.o[0m
[ 60%] [32mBuilding CXX object CMakeFiles/rmoss_interfaces__rosidl_typesupport_introspection_cpp.dir/rosidl_typesupport_introspection_cpp/rmoss_interfaces/msg/detail/rfid_status__type_support.cpp.o[0m
[ 61%] [32mBuilding C object CMakeFiles/rmoss_interfaces__rosidl_typesupport_introspection_c.dir/rosidl_typesupport_introspection_c/rmoss_interfaces/srv/detail/control_task__type_support.c.o[0m
[ 61%] [32mBuilding C object CMakeFiles/rmoss_interfaces__rosidl_typesupport_introspection_c.dir/rosidl_typesupport_introspection_c/rmoss_interfaces/srv/detail/get_task_status__type_support.c.o[0m
[ 61%] [32mBuilding CXX object CMakeFiles/rmoss_interfaces__rosidl_typesupport_fastrtps_c.dir/rosidl_typesupport_fastrtps_c/rmoss_interfaces/msg/detail/rfid_status__type_support_c.cpp.o[0m
[ 62%] [32mBuilding C object CMakeFiles/rmoss_interfaces__rosidl_typesupport_introspection_c.dir/rosidl_typesupport_introspection_c/rmoss_interfaces/srv/detail/exchange_ammon__type_support.c.o[0m
[ 62%] [32mBuilding CXX object CMakeFiles/rmoss_interfaces__rosidl_typesupport_introspection_cpp.dir/rosidl_typesupport_introspection_cpp/rmoss_interfaces/msg/detail/rfid_status_array__type_support.cpp.o[0m
[ 62%] [32m[1mLinking CXX shared library librmoss_interfaces__rosidl_typesupport_fastrtps_cpp.so[0m
[ 63%] [32mBuilding CXX object CMakeFiles/rmoss_interfaces__rosidl_typesupport_cpp.dir/rosidl_typesupport_cpp/rmoss_interfaces/srv/get_mode__type_support.cpp.o[0m
[ 64%] [32mBuilding CXX object CMakeFiles/rmoss_interfaces__rosidl_typesupport_introspection_cpp.dir/rosidl_typesupport_introspection_cpp/rmoss_interfaces/msg/detail/exchange_ammon__type_support.cpp.o[0m
[ 64%] [32m[1mLinking C shared library librmoss_interfaces__rosidl_typesupport_introspection_c.so[0m
[ 65%] [32mBuilding CXX object CMakeFiles/rmoss_interfaces__rosidl_typesupport_fastrtps_c.dir/rosidl_typesupport_fastrtps_c/rmoss_interfaces/msg/detail/rfid_status_array__type_support_c.cpp.o[0m
[ 66%] [32mBuilding CXX object CMakeFiles/rmoss_interfaces__rosidl_typesupport_fastrtps_c.dir/rosidl_typesupport_fastrtps_c/rmoss_interfaces/msg/detail/exchange_ammon__type_support_c.cpp.o[0m
[ 66%] Built target rmoss_interfaces__rosidl_typesupport_introspection_c
[ 67%] [32mBuilding CXX object CMakeFiles/rmoss_interfaces__rosidl_typesupport_cpp.dir/rosidl_typesupport_cpp/rmoss_interfaces/srv/get_camera_info__type_support.cpp.o[0m
[ 68%] [32mBuilding CXX object CMakeFiles/rmoss_interfaces__rosidl_typesupport_introspection_cpp.dir/rosidl_typesupport_introspection_cpp/rmoss_interfaces/msg/detail/gimbal__type_support.cpp.o[0m
[ 68%] Built target rmoss_interfaces__rosidl_typesupport_fastrtps_cpp
[ 68%] [32mBuilding CXX object CMakeFiles/rmoss_interfaces__rosidl_typesupport_fastrtps_c.dir/rosidl_typesupport_fastrtps_c/rmoss_interfaces/msg/detail/gimbal__type_support_c.cpp.o[0m
[ 68%] [32mBuilding CXX object CMakeFiles/rmoss_interfaces__rosidl_typesupport_introspection_cpp.dir/rosidl_typesupport_introspection_cpp/rmoss_interfaces/msg/detail/gimbal_cmd__type_support.cpp.o[0m
[ 68%] [32mBuilding CXX object CMakeFiles/rmoss_interfaces__rosidl_typesupport_cpp.dir/rosidl_typesupport_cpp/rmoss_interfaces/srv/get_task_status__type_support.cpp.o[0m
[ 69%] [32mBuilding CXX object CMakeFiles/rmoss_interfaces__rosidl_typesupport_fastrtps_c.dir/rosidl_typesupport_fastrtps_c/rmoss_interfaces/msg/detail/gimbal_cmd__type_support_c.cpp.o[0m
[ 70%] [32mBuilding CXX object CMakeFiles/rmoss_interfaces__rosidl_typesupport_cpp.dir/rosidl_typesupport_cpp/rmoss_interfaces/srv/control_task__type_support.cpp.o[0m
[ 70%] [32mBuilding CXX object CMakeFiles/rmoss_interfaces__rosidl_typesupport_fastrtps_c.dir/rosidl_typesupport_fastrtps_c/rmoss_interfaces/msg/detail/shoot_cmd__type_support_c.cpp.o[0m
[ 71%] [32mBuilding CXX object CMakeFiles/rmoss_interfaces__rosidl_typesupport_introspection_cpp.dir/rosidl_typesupport_introspection_cpp/rmoss_interfaces/msg/detail/shoot_cmd__type_support.cpp.o[0m
[ 72%] [32mBuilding CXX object CMakeFiles/rmoss_interfaces__rosidl_typesupport_cpp.dir/rosidl_typesupport_cpp/rmoss_interfaces/srv/exchange_ammon__type_support.cpp.o[0m
[ 73%] [32mBuilding CXX object CMakeFiles/rmoss_interfaces__rosidl_typesupport_fastrtps_c.dir/rosidl_typesupport_fastrtps_c/rmoss_interfaces/msg/detail/chassis_cmd__type_support_c.cpp.o[0m
[ 74%] [32mBuilding CXX object CMakeFiles/rmoss_interfaces__rosidl_typesupport_introspection_cpp.dir/rosidl_typesupport_introspection_cpp/rmoss_interfaces/srv/detail/set_color__type_support.cpp.o[0m
[ 74%] [32mBuilding CXX object CMakeFiles/rmoss_interfaces__rosidl_typesupport_introspection_cpp.dir/rosidl_typesupport_introspection_cpp/rmoss_interfaces/msg/detail/chassis_cmd__type_support.cpp.o[0m
[ 76%] [32mBuilding CXX object CMakeFiles/rmoss_interfaces__rosidl_typesupport_fastrtps_c.dir/rosidl_typesupport_fastrtps_c/rmoss_interfaces/srv/detail/set_color__type_support_c.cpp.o[0m
[ 76%] [32mBuilding CXX object CMakeFiles/rmoss_interfaces__rosidl_typesupport_introspection_cpp.dir/rosidl_typesupport_introspection_cpp/rmoss_interfaces/srv/detail/set_mode__type_support.cpp.o[0m
[ 76%] [32mBuilding CXX object CMakeFiles/rmoss_interfaces__rosidl_typesupport_fastrtps_c.dir/rosidl_typesupport_fastrtps_c/rmoss_interfaces/srv/detail/set_mode__type_support_c.cpp.o[0m
[ 77%] [32mBuilding CXX object CMakeFiles/rmoss_interfaces__rosidl_typesupport_fastrtps_c.dir/rosidl_typesupport_fastrtps_c/rmoss_interfaces/srv/detail/get_mode__type_support_c.cpp.o[0m
[ 78%] [32mBuilding CXX object CMakeFiles/rmoss_interfaces__rosidl_typesupport_fastrtps_c.dir/rosidl_typesupport_fastrtps_c/rmoss_interfaces/srv/detail/get_camera_info__type_support_c.cpp.o[0m
[ 78%] [32mBuilding CXX object CMakeFiles/rmoss_interfaces__rosidl_typesupport_introspection_cpp.dir/rosidl_typesupport_introspection_cpp/rmoss_interfaces/srv/detail/get_mode__type_support.cpp.o[0m
[ 78%] [32m[1mLinking CXX shared library librmoss_interfaces__rosidl_typesupport_cpp.so[0m
[ 78%] Built target rmoss_interfaces__rosidl_typesupport_cpp
[ 79%] [32mBuilding CXX object CMakeFiles/rmoss_interfaces__rosidl_typesupport_fastrtps_c.dir/rosidl_typesupport_fastrtps_c/rmoss_interfaces/srv/detail/exchange_ammon__type_support_c.cpp.o[0m
[ 80%] [32mBuilding CXX object CMakeFiles/rmoss_interfaces__rosidl_typesupport_introspection_cpp.dir/rosidl_typesupport_introspection_cpp/rmoss_interfaces/srv/detail/exchange_ammon__type_support.cpp.o[0m
[ 81%] [32mBuilding CXX object CMakeFiles/rmoss_interfaces__rosidl_typesupport_fastrtps_c.dir/rosidl_typesupport_fastrtps_c/rmoss_interfaces/srv/detail/control_task__type_support_c.cpp.o[0m
[ 81%] [32mBuilding CXX object CMakeFiles/rmoss_interfaces__rosidl_typesupport_introspection_cpp.dir/rosidl_typesupport_introspection_cpp/rmoss_interfaces/srv/detail/control_task__type_support.cpp.o[0m
[ 81%] [32mBuilding CXX object CMakeFiles/rmoss_interfaces__rosidl_typesupport_fastrtps_c.dir/rosidl_typesupport_fastrtps_c/rmoss_interfaces/srv/detail/get_task_status__type_support_c.cpp.o[0m
[ 82%] [32mBuilding CXX object CMakeFiles/rmoss_interfaces__rosidl_typesupport_introspection_cpp.dir/rosidl_typesupport_introspection_cpp/rmoss_interfaces/srv/detail/get_task_status__type_support.cpp.o[0m
[ 82%] [32m[1mLinking CXX shared library librmoss_interfaces__rosidl_typesupport_fastrtps_c.so[0m
[ 82%] Built target rmoss_interfaces__rosidl_typesupport_fastrtps_c
[ 83%] [32mBuilding CXX object CMakeFiles/rmoss_interfaces__rosidl_typesupport_introspection_cpp.dir/rosidl_typesupport_introspection_cpp/rmoss_interfaces/srv/detail/get_camera_info__type_support.cpp.o[0m
[ 84%] [32m[1mLinking CXX shared library librmoss_interfaces__rosidl_typesupport_introspection_cpp.so[0m
[ 84%] Built target rmoss_interfaces__rosidl_typesupport_introspection_cpp
[ 84%] Built target rmoss_interfaces
[ 85%] [34m[1mGenerating Python code for ROS interfaces[0m
[ 85%] Built target rmoss_interfaces__py
[ 85%] [32mBuilding C object CMakeFiles/rmoss_interfaces__rosidl_generator_py.dir/rosidl_generator_py/rmoss_interfaces/msg/_referee_cmd_s.c.o[0m
[ 85%] [32mBuilding C object CMakeFiles/rmoss_interfaces__rosidl_generator_py.dir/rosidl_generator_py/rmoss_interfaces/srv/_set_mode_s.c.o[0m
[ 86%] [32mBuilding C object CMakeFiles/rmoss_interfaces__rosidl_generator_py.dir/rosidl_generator_py/rmoss_interfaces/srv/_get_mode_s.c.o[0m
[ 87%] [32mBuilding C object CMakeFiles/rmoss_interfaces__rosidl_generator_py.dir/rosidl_generator_py/rmoss_interfaces/srv/_get_camera_info_s.c.o[0m
[ 87%] [32mBuilding C object CMakeFiles/rmoss_interfaces__rosidl_generator_py.dir/rosidl_generator_py/rmoss_interfaces/srv/_get_task_status_s.c.o[0m
[ 88%] [32mBuilding C object CMakeFiles/rmoss_interfaces__rosidl_generator_py.dir/rosidl_generator_py/rmoss_interfaces/srv/_control_task_s.c.o[0m
[ 88%] [32mBuilding C object CMakeFiles/rmoss_interfaces__rosidl_generator_py.dir/rosidl_generator_py/rmoss_interfaces/srv/_exchange_ammon_s.c.o[0m
[ 89%] [32mBuilding C object CMakeFiles/rmoss_interfaces__rosidl_generator_py.dir/rosidl_generator_py/rmoss_interfaces/srv/_set_color_s.c.o[0m
[ 90%] [32mBuilding C object CMakeFiles/rmoss_interfaces__rosidl_generator_py.dir/rosidl_generator_py/rmoss_interfaces/msg/_chassis_cmd_s.c.o[0m
[ 90%] [32mBuilding C object CMakeFiles/rmoss_interfaces__rosidl_generator_py.dir/rosidl_generator_py/rmoss_interfaces/msg/_shoot_cmd_s.c.o[0m
[ 91%] [32mBuilding C object CMakeFiles/rmoss_interfaces__rosidl_generator_py.dir/rosidl_generator_py/rmoss_interfaces/msg/_gimbal_cmd_s.c.o[0m
[ 92%] [32mBuilding C object CMakeFiles/rmoss_interfaces__rosidl_generator_py.dir/rosidl_generator_py/rmoss_interfaces/msg/_gimbal_s.c.o[0m
[ 92%] [32mBuilding C object CMakeFiles/rmoss_interfaces__rosidl_generator_py.dir/rosidl_generator_py/rmoss_interfaces/msg/_exchange_ammon_s.c.o[0m
[ 93%] [32mBuilding C object CMakeFiles/rmoss_interfaces__rosidl_generator_py.dir/rosidl_generator_py/rmoss_interfaces/msg/_rfid_status_array_s.c.o[0m
[ 93%] [32mBuilding C object CMakeFiles/rmoss_interfaces__rosidl_generator_py.dir/rosidl_generator_py/rmoss_interfaces/msg/_rfid_status_s.c.o[0m
[ 94%] [32mBuilding C object CMakeFiles/rmoss_interfaces__rosidl_generator_py.dir/rosidl_generator_py/rmoss_interfaces/msg/_robot_status_s.c.o[0m
[ 95%] [32mBuilding C object CMakeFiles/rmoss_interfaces__rosidl_generator_py.dir/rosidl_generator_py/rmoss_interfaces/msg/_game_status_s.c.o[0m
[ 96%] [32m[1mLinking C shared library rosidl_generator_py/rmoss_interfaces/librmoss_interfaces__rosidl_generator_py.so[0m
[ 96%] Built target rmoss_interfaces__rosidl_generator_py
[ 97%] [32mBuilding C object CMakeFiles/rmoss_interfaces__rosidl_typesupport_fastrtps_c__pyext.dir/rosidl_generator_py/rmoss_interfaces/_rmoss_interfaces_s.ep.rosidl_typesupport_fastrtps_c.c.o[0m
[ 97%] [32m[1mLinking C shared library rosidl_generator_py/rmoss_interfaces/rmoss_interfaces_s__rosidl_typesupport_fastrtps_c.cpython-310-x86_64-linux-gnu.so[0m
[ 97%] Built target rmoss_interfaces__rosidl_typesupport_fastrtps_c__pyext
[ 98%] [32mBuilding C object CMakeFiles/rmoss_interfaces__rosidl_typesupport_c__pyext.dir/rosidl_generator_py/rmoss_interfaces/_rmoss_interfaces_s.ep.rosidl_typesupport_c.c.o[0m
[ 98%] [32m[1mLinking C shared library rosidl_generator_py/rmoss_interfaces/rmoss_interfaces_s__rosidl_typesupport_c.cpython-310-x86_64-linux-gnu.so[0m
[ 98%] Built target rmoss_interfaces__rosidl_typesupport_c__pyext
[ 99%] [32mBuilding C object CMakeFiles/rmoss_interfaces__rosidl_typesupport_introspection_c__pyext.dir/rosidl_generator_py/rmoss_interfaces/_rmoss_interfaces_s.ep.rosidl_typesupport_introspection_c.c.o[0m
[100%] [32m[1mLinking C shared library rosidl_generator_py/rmoss_interfaces/rmoss_interfaces_s__rosidl_typesupport_introspection_c.cpython-310-x86_64-linux-gnu.so[0m
[100%] Built target rmoss_interfaces__rosidl_typesupport_introspection_c__pyext
-- Install configuration: "release"
-- Execute custom install script
-- Symlinking: /home/nexium/ros_ws/install/rmoss_interfaces/share/ament_index/resource_index/rosidl_interfaces/rmoss_interfaces
-- Symlinking: /home/nexium/ros_ws/install/rmoss_interfaces/include/rmoss_interfaces/rmoss_interfaces/msg/chassis_cmd.h
-- Symlinking: /home/nexium/ros_ws/install/rmoss_interfaces/include/rmoss_interfaces/rmoss_interfaces/msg/detail/chassis_cmd__functions.h
-- Symlinking: /home/nexium/ros_ws/install/rmoss_interfaces/include/rmoss_interfaces/rmoss_interfaces/msg/detail/chassis_cmd__struct.h
-- Symlinking: /home/nexium/ros_ws/install/rmoss_interfaces/include/rmoss_interfaces/rmoss_interfaces/msg/detail/chassis_cmd__type_support.h
-- Symlinking: /home/nexium/ros_ws/install/rmoss_interfaces/include/rmoss_interfaces/rmoss_interfaces/msg/detail/exchange_ammon__functions.h
-- Symlinking: /home/nexium/ros_ws/install/rmoss_interfaces/include/rmoss_interfaces/rmoss_interfaces/msg/detail/exchange_ammon__struct.h
-- Symlinking: /home/nexium/ros_ws/install/rmoss_interfaces/include/rmoss_interfaces/rmoss_interfaces/msg/detail/exchange_ammon__type_support.h
-- Symlinking: /home/nexium/ros_ws/install/rmoss_interfaces/include/rmoss_interfaces/rmoss_interfaces/msg/detail/game_status__functions.h
-- Symlinking: /home/nexium/ros_ws/install/rmoss_interfaces/include/rmoss_interfaces/rmoss_interfaces/msg/detail/game_status__struct.h
-- Symlinking: /home/nexium/ros_ws/install/rmoss_interfaces/include/rmoss_interfaces/rmoss_interfaces/msg/detail/game_status__type_support.h
-- Symlinking: /home/nexium/ros_ws/install/rmoss_interfaces/include/rmoss_interfaces/rmoss_interfaces/msg/detail/gimbal__functions.h
-- Symlinking: /home/nexium/ros_ws/install/rmoss_interfaces/include/rmoss_interfaces/rmoss_interfaces/msg/detail/gimbal__struct.h
-- Symlinking: /home/nexium/ros_ws/install/rmoss_interfaces/include/rmoss_interfaces/rmoss_interfaces/msg/detail/gimbal__type_support.h
-- Symlinking: /home/nexium/ros_ws/install/rmoss_interfaces/include/rmoss_interfaces/rmoss_interfaces/msg/detail/gimbal_cmd__functions.h
-- Symlinking: /home/nexium/ros_ws/install/rmoss_interfaces/include/rmoss_interfaces/rmoss_interfaces/msg/detail/gimbal_cmd__struct.h
-- Symlinking: /home/nexium/ros_ws/install/rmoss_interfaces/include/rmoss_interfaces/rmoss_interfaces/msg/detail/gimbal_cmd__type_support.h
-- Symlinking: /home/nexium/ros_ws/install/rmoss_interfaces/include/rmoss_interfaces/rmoss_interfaces/msg/detail/referee_cmd__functions.h
-- Symlinking: /home/nexium/ros_ws/install/rmoss_interfaces/include/rmoss_interfaces/rmoss_interfaces/msg/detail/referee_cmd__struct.h
-- Symlinking: /home/nexium/ros_ws/install/rmoss_interfaces/include/rmoss_interfaces/rmoss_interfaces/msg/detail/referee_cmd__type_support.h
-- Symlinking: /home/nexium/ros_ws/install/rmoss_interfaces/include/rmoss_interfaces/rmoss_interfaces/msg/detail/rfid_status__functions.h
-- Symlinking: /home/nexium/ros_ws/install/rmoss_interfaces/include/rmoss_interfaces/rmoss_interfaces/msg/detail/rfid_status__struct.h
-- Symlinking: /home/nexium/ros_ws/install/rmoss_interfaces/include/rmoss_interfaces/rmoss_interfaces/msg/detail/rfid_status__type_support.h
-- Symlinking: /home/nexium/ros_ws/install/rmoss_interfaces/include/rmoss_interfaces/rmoss_interfaces/msg/detail/rfid_status_array__functions.h
-- Symlinking: /home/nexium/ros_ws/install/rmoss_interfaces/include/rmoss_interfaces/rmoss_interfaces/msg/detail/rfid_status_array__struct.h
-- Symlinking: /home/nexium/ros_ws/install/rmoss_interfaces/include/rmoss_interfaces/rmoss_interfaces/msg/detail/rfid_status_array__type_support.h
-- Symlinking: /home/nexium/ros_ws/install/rmoss_interfaces/include/rmoss_interfaces/rmoss_interfaces/msg/detail/robot_status__functions.h
-- Symlinking: /home/nexium/ros_ws/install/rmoss_interfaces/include/rmoss_interfaces/rmoss_interfaces/msg/detail/robot_status__struct.h
-- Symlinking: /home/nexium/ros_ws/install/rmoss_interfaces/include/rmoss_interfaces/rmoss_interfaces/msg/detail/robot_status__type_support.h
-- Symlinking: /home/nexium/ros_ws/install/rmoss_interfaces/include/rmoss_interfaces/rmoss_interfaces/msg/detail/shoot_cmd__functions.h
-- Symlinking: /home/nexium/ros_ws/install/rmoss_interfaces/include/rmoss_interfaces/rmoss_interfaces/msg/detail/shoot_cmd__struct.h
-- Symlinking: /home/nexium/ros_ws/install/rmoss_interfaces/include/rmoss_interfaces/rmoss_interfaces/msg/detail/shoot_cmd__type_support.h
-- Symlinking: /home/nexium/ros_ws/install/rmoss_interfaces/include/rmoss_interfaces/rmoss_interfaces/msg/exchange_ammon.h
-- Symlinking: /home/nexium/ros_ws/install/rmoss_interfaces/include/rmoss_interfaces/rmoss_interfaces/msg/game_status.h
-- Symlinking: /home/nexium/ros_ws/install/rmoss_interfaces/include/rmoss_interfaces/rmoss_interfaces/msg/gimbal.h
-- Symlinking: /home/nexium/ros_ws/install/rmoss_interfaces/include/rmoss_interfaces/rmoss_interfaces/msg/gimbal_cmd.h
-- Symlinking: /home/nexium/ros_ws/install/rmoss_interfaces/include/rmoss_interfaces/rmoss_interfaces/msg/referee_cmd.h
-- Symlinking: /home/nexium/ros_ws/install/rmoss_interfaces/include/rmoss_interfaces/rmoss_interfaces/msg/rfid_status.h
-- Symlinking: /home/nexium/ros_ws/install/rmoss_interfaces/include/rmoss_interfaces/rmoss_interfaces/msg/rfid_status_array.h
-- Symlinking: /home/nexium/ros_ws/install/rmoss_interfaces/include/rmoss_interfaces/rmoss_interfaces/msg/robot_status.h
-- Symlinking: /home/nexium/ros_ws/install/rmoss_interfaces/include/rmoss_interfaces/rmoss_interfaces/msg/rosidl_generator_c__visibility_control.h
-- Symlinking: /home/nexium/ros_ws/install/rmoss_interfaces/include/rmoss_interfaces/rmoss_interfaces/msg/shoot_cmd.h
-- Symlinking: /home/nexium/ros_ws/install/rmoss_interfaces/include/rmoss_interfaces/rmoss_interfaces/srv/control_task.h
-- Symlinking: /home/nexium/ros_ws/install/rmoss_interfaces/include/rmoss_interfaces/rmoss_interfaces/srv/detail/control_task__functions.h
-- Symlinking: /home/nexium/ros_ws/install/rmoss_interfaces/include/rmoss_interfaces/rmoss_interfaces/srv/detail/control_task__struct.h
-- Symlinking: /home/nexium/ros_ws/install/rmoss_interfaces/include/rmoss_interfaces/rmoss_interfaces/srv/detail/control_task__type_support.h
-- Symlinking: /home/nexium/ros_ws/install/rmoss_interfaces/include/rmoss_interfaces/rmoss_interfaces/srv/detail/exchange_ammon__functions.h
-- Symlinking: /home/nexium/ros_ws/install/rmoss_interfaces/include/rmoss_interfaces/rmoss_interfaces/srv/detail/exchange_ammon__struct.h
-- Symlinking: /home/nexium/ros_ws/install/rmoss_interfaces/include/rmoss_interfaces/rmoss_interfaces/srv/detail/exchange_ammon__type_support.h
-- Symlinking: /home/nexium/ros_ws/install/rmoss_interfaces/include/rmoss_interfaces/rmoss_interfaces/srv/detail/get_camera_info__functions.h
-- Symlinking: /home/nexium/ros_ws/install/rmoss_interfaces/include/rmoss_interfaces/rmoss_interfaces/srv/detail/get_camera_info__struct.h
-- Symlinking: /home/nexium/ros_ws/install/rmoss_interfaces/include/rmoss_interfaces/rmoss_interfaces/srv/detail/get_camera_info__type_support.h
-- Symlinking: /home/nexium/ros_ws/install/rmoss_interfaces/include/rmoss_interfaces/rmoss_interfaces/srv/detail/get_mode__functions.h
-- Symlinking: /home/nexium/ros_ws/install/rmoss_interfaces/include/rmoss_interfaces/rmoss_interfaces/srv/detail/get_mode__struct.h
-- Symlinking: /home/nexium/ros_ws/install/rmoss_interfaces/include/rmoss_interfaces/rmoss_interfaces/srv/detail/get_mode__type_support.h
-- Symlinking: /home/nexium/ros_ws/install/rmoss_interfaces/include/rmoss_interfaces/rmoss_interfaces/srv/detail/get_task_status__functions.h
-- Symlinking: /home/nexium/ros_ws/install/rmoss_interfaces/include/rmoss_interfaces/rmoss_interfaces/srv/detail/get_task_status__struct.h
-- Symlinking: /home/nexium/ros_ws/install/rmoss_interfaces/include/rmoss_interfaces/rmoss_interfaces/srv/detail/get_task_status__type_support.h
-- Symlinking: /home/nexium/ros_ws/install/rmoss_interfaces/include/rmoss_interfaces/rmoss_interfaces/srv/detail/set_color__functions.h
-- Symlinking: /home/nexium/ros_ws/install/rmoss_interfaces/include/rmoss_interfaces/rmoss_interfaces/srv/detail/set_color__struct.h
-- Symlinking: /home/nexium/ros_ws/install/rmoss_interfaces/include/rmoss_interfaces/rmoss_interfaces/srv/detail/set_color__type_support.h
-- Symlinking: /home/nexium/ros_ws/install/rmoss_interfaces/include/rmoss_interfaces/rmoss_interfaces/srv/detail/set_mode__functions.h
-- Symlinking: /home/nexium/ros_ws/install/rmoss_interfaces/include/rmoss_interfaces/rmoss_interfaces/srv/detail/set_mode__struct.h
-- Symlinking: /home/nexium/ros_ws/install/rmoss_interfaces/include/rmoss_interfaces/rmoss_interfaces/srv/detail/set_mode__type_support.h
-- Symlinking: /home/nexium/ros_ws/install/rmoss_interfaces/include/rmoss_interfaces/rmoss_interfaces/srv/exchange_ammon.h
-- Symlinking: /home/nexium/ros_ws/install/rmoss_interfaces/include/rmoss_interfaces/rmoss_interfaces/srv/get_camera_info.h
-- Symlinking: /home/nexium/ros_ws/install/rmoss_interfaces/include/rmoss_interfaces/rmoss_interfaces/srv/get_mode.h
-- Symlinking: /home/nexium/ros_ws/install/rmoss_interfaces/include/rmoss_interfaces/rmoss_interfaces/srv/get_task_status.h
-- Symlinking: /home/nexium/ros_ws/install/rmoss_interfaces/include/rmoss_interfaces/rmoss_interfaces/srv/set_color.h
-- Symlinking: /home/nexium/ros_ws/install/rmoss_interfaces/include/rmoss_interfaces/rmoss_interfaces/srv/set_mode.h
-- Symlinking: /home/nexium/ros_ws/install/rmoss_interfaces/share/rmoss_interfaces/environment/library_path.sh
-- Symlinking: /home/nexium/ros_ws/install/rmoss_interfaces/share/rmoss_interfaces/environment/library_path.dsv
-- Symlinking: /home/nexium/ros_ws/install/rmoss_interfaces/include/rmoss_interfaces/rmoss_interfaces/msg/detail/chassis_cmd__rosidl_typesupport_fastrtps_c.h
-- Symlinking: /home/nexium/ros_ws/install/rmoss_interfaces/include/rmoss_interfaces/rmoss_interfaces/msg/detail/exchange_ammon__rosidl_typesupport_fastrtps_c.h
-- Symlinking: /home/nexium/ros_ws/install/rmoss_interfaces/include/rmoss_interfaces/rmoss_interfaces/msg/detail/game_status__rosidl_typesupport_fastrtps_c.h
-- Symlinking: /home/nexium/ros_ws/install/rmoss_interfaces/include/rmoss_interfaces/rmoss_interfaces/msg/detail/gimbal__rosidl_typesupport_fastrtps_c.h
-- Symlinking: /home/nexium/ros_ws/install/rmoss_interfaces/include/rmoss_interfaces/rmoss_interfaces/msg/detail/gimbal_cmd__rosidl_typesupport_fastrtps_c.h
-- Symlinking: /home/nexium/ros_ws/install/rmoss_interfaces/include/rmoss_interfaces/rmoss_interfaces/msg/detail/referee_cmd__rosidl_typesupport_fastrtps_c.h
-- Symlinking: /home/nexium/ros_ws/install/rmoss_interfaces/include/rmoss_interfaces/rmoss_interfaces/msg/detail/rfid_status__rosidl_typesupport_fastrtps_c.h
-- Symlinking: /home/nexium/ros_ws/install/rmoss_interfaces/include/rmoss_interfaces/rmoss_interfaces/msg/detail/rfid_status_array__rosidl_typesupport_fastrtps_c.h
-- Symlinking: /home/nexium/ros_ws/install/rmoss_interfaces/include/rmoss_interfaces/rmoss_interfaces/msg/detail/robot_status__rosidl_typesupport_fastrtps_c.h
-- Symlinking: /home/nexium/ros_ws/install/rmoss_interfaces/include/rmoss_interfaces/rmoss_interfaces/msg/detail/shoot_cmd__rosidl_typesupport_fastrtps_c.h
-- Symlinking: /home/nexium/ros_ws/install/rmoss_interfaces/include/rmoss_interfaces/rmoss_interfaces/msg/rosidl_typesupport_fastrtps_c__visibility_control.h
-- Symlinking: /home/nexium/ros_ws/install/rmoss_interfaces/include/rmoss_interfaces/rmoss_interfaces/srv/detail/control_task__rosidl_typesupport_fastrtps_c.h
-- Symlinking: /home/nexium/ros_ws/install/rmoss_interfaces/include/rmoss_interfaces/rmoss_interfaces/srv/detail/exchange_ammon__rosidl_typesupport_fastrtps_c.h
-- Symlinking: /home/nexium/ros_ws/install/rmoss_interfaces/include/rmoss_interfaces/rmoss_interfaces/srv/detail/get_camera_info__rosidl_typesupport_fastrtps_c.h
-- Symlinking: /home/nexium/ros_ws/install/rmoss_interfaces/include/rmoss_interfaces/rmoss_interfaces/srv/detail/get_mode__rosidl_typesupport_fastrtps_c.h
-- Symlinking: /home/nexium/ros_ws/install/rmoss_interfaces/include/rmoss_interfaces/rmoss_interfaces/srv/detail/get_task_status__rosidl_typesupport_fastrtps_c.h
-- Symlinking: /home/nexium/ros_ws/install/rmoss_interfaces/include/rmoss_interfaces/rmoss_interfaces/srv/detail/set_color__rosidl_typesupport_fastrtps_c.h
-- Symlinking: /home/nexium/ros_ws/install/rmoss_interfaces/include/rmoss_interfaces/rmoss_interfaces/srv/detail/set_mode__rosidl_typesupport_fastrtps_c.h
-- Symlinking: /home/nexium/ros_ws/install/rmoss_interfaces/include/rmoss_interfaces/rmoss_interfaces/msg/chassis_cmd.hpp
-- Symlinking: /home/nexium/ros_ws/install/rmoss_interfaces/include/rmoss_interfaces/rmoss_interfaces/msg/detail/chassis_cmd__builder.hpp
-- Symlinking: /home/nexium/ros_ws/install/rmoss_interfaces/include/rmoss_interfaces/rmoss_interfaces/msg/detail/chassis_cmd__struct.hpp
-- Symlinking: /home/nexium/ros_ws/install/rmoss_interfaces/include/rmoss_interfaces/rmoss_interfaces/msg/detail/chassis_cmd__traits.hpp
-- Symlinking: /home/nexium/ros_ws/install/rmoss_interfaces/include/rmoss_interfaces/rmoss_interfaces/msg/detail/chassis_cmd__type_support.hpp
-- Symlinking: /home/nexium/ros_ws/install/rmoss_interfaces/include/rmoss_interfaces/rmoss_interfaces/msg/detail/exchange_ammon__builder.hpp
-- Symlinking: /home/nexium/ros_ws/install/rmoss_interfaces/include/rmoss_interfaces/rmoss_interfaces/msg/detail/exchange_ammon__struct.hpp
-- Symlinking: /home/nexium/ros_ws/install/rmoss_interfaces/include/rmoss_interfaces/rmoss_interfaces/msg/detail/exchange_ammon__traits.hpp
-- Symlinking: /home/nexium/ros_ws/install/rmoss_interfaces/include/rmoss_interfaces/rmoss_interfaces/msg/detail/exchange_ammon__type_support.hpp
-- Symlinking: /home/nexium/ros_ws/install/rmoss_interfaces/include/rmoss_interfaces/rmoss_interfaces/msg/detail/game_status__builder.hpp
-- Symlinking: /home/nexium/ros_ws/install/rmoss_interfaces/include/rmoss_interfaces/rmoss_interfaces/msg/detail/game_status__struct.hpp
-- Symlinking: /home/nexium/ros_ws/install/rmoss_interfaces/include/rmoss_interfaces/rmoss_interfaces/msg/detail/game_status__traits.hpp
-- Symlinking: /home/nexium/ros_ws/install/rmoss_interfaces/include/rmoss_interfaces/rmoss_interfaces/msg/detail/game_status__type_support.hpp
-- Symlinking: /home/nexium/ros_ws/install/rmoss_interfaces/include/rmoss_interfaces/rmoss_interfaces/msg/detail/gimbal__builder.hpp
-- Symlinking: /home/nexium/ros_ws/install/rmoss_interfaces/include/rmoss_interfaces/rmoss_interfaces/msg/detail/gimbal__struct.hpp
-- Symlinking: /home/nexium/ros_ws/install/rmoss_interfaces/include/rmoss_interfaces/rmoss_interfaces/msg/detail/gimbal__traits.hpp
-- Symlinking: /home/nexium/ros_ws/install/rmoss_interfaces/include/rmoss_interfaces/rmoss_interfaces/msg/detail/gimbal__type_support.hpp
-- Symlinking: /home/nexium/ros_ws/install/rmoss_interfaces/include/rmoss_interfaces/rmoss_interfaces/msg/detail/gimbal_cmd__builder.hpp
-- Symlinking: /home/nexium/ros_ws/install/rmoss_interfaces/include/rmoss_interfaces/rmoss_interfaces/msg/detail/gimbal_cmd__struct.hpp
-- Symlinking: /home/nexium/ros_ws/install/rmoss_interfaces/include/rmoss_interfaces/rmoss_interfaces/msg/detail/gimbal_cmd__traits.hpp
-- Symlinking: /home/nexium/ros_ws/install/rmoss_interfaces/include/rmoss_interfaces/rmoss_interfaces/msg/detail/gimbal_cmd__type_support.hpp
-- Symlinking: /home/nexium/ros_ws/install/rmoss_interfaces/include/rmoss_interfaces/rmoss_interfaces/msg/detail/referee_cmd__builder.hpp
-- Symlinking: /home/nexium/ros_ws/install/rmoss_interfaces/include/rmoss_interfaces/rmoss_interfaces/msg/detail/referee_cmd__struct.hpp
-- Symlinking: /home/nexium/ros_ws/install/rmoss_interfaces/include/rmoss_interfaces/rmoss_interfaces/msg/detail/referee_cmd__traits.hpp
-- Symlinking: /home/nexium/ros_ws/install/rmoss_interfaces/include/rmoss_interfaces/rmoss_interfaces/msg/detail/referee_cmd__type_support.hpp
-- Symlinking: /home/nexium/ros_ws/install/rmoss_interfaces/include/rmoss_interfaces/rmoss_interfaces/msg/detail/rfid_status__builder.hpp
-- Symlinking: /home/nexium/ros_ws/install/rmoss_interfaces/include/rmoss_interfaces/rmoss_interfaces/msg/detail/rfid_status__struct.hpp
-- Symlinking: /home/nexium/ros_ws/install/rmoss_interfaces/include/rmoss_interfaces/rmoss_interfaces/msg/detail/rfid_status__traits.hpp
-- Symlinking: /home/nexium/ros_ws/install/rmoss_interfaces/include/rmoss_interfaces/rmoss_interfaces/msg/detail/rfid_status__type_support.hpp
-- Symlinking: /home/nexium/ros_ws/install/rmoss_interfaces/include/rmoss_interfaces/rmoss_interfaces/msg/detail/rfid_status_array__builder.hpp
-- Symlinking: /home/nexium/ros_ws/install/rmoss_interfaces/include/rmoss_interfaces/rmoss_interfaces/msg/detail/rfid_status_array__struct.hpp
-- Symlinking: /home/nexium/ros_ws/install/rmoss_interfaces/include/rmoss_interfaces/rmoss_interfaces/msg/detail/rfid_status_array__traits.hpp
-- Symlinking: /home/nexium/ros_ws/install/rmoss_interfaces/include/rmoss_interfaces/rmoss_interfaces/msg/detail/rfid_status_array__type_support.hpp
-- Symlinking: /home/nexium/ros_ws/install/rmoss_interfaces/include/rmoss_interfaces/rmoss_interfaces/msg/detail/robot_status__builder.hpp
-- Symlinking: /home/nexium/ros_ws/install/rmoss_interfaces/include/rmoss_interfaces/rmoss_interfaces/msg/detail/robot_status__struct.hpp
-- Symlinking: /home/nexium/ros_ws/install/rmoss_interfaces/include/rmoss_interfaces/rmoss_interfaces/msg/detail/robot_status__traits.hpp
-- Symlinking: /home/nexium/ros_ws/install/rmoss_interfaces/include/rmoss_interfaces/rmoss_interfaces/msg/detail/robot_status__type_support.hpp
-- Symlinking: /home/nexium/ros_ws/install/rmoss_interfaces/include/rmoss_interfaces/rmoss_interfaces/msg/detail/shoot_cmd__builder.hpp
-- Symlinking: /home/nexium/ros_ws/install/rmoss_interfaces/include/rmoss_interfaces/rmoss_interfaces/msg/detail/shoot_cmd__struct.hpp
-- Symlinking: /home/nexium/ros_ws/install/rmoss_interfaces/include/rmoss_interfaces/rmoss_interfaces/msg/detail/shoot_cmd__traits.hpp
-- Symlinking: /home/nexium/ros_ws/install/rmoss_interfaces/include/rmoss_interfaces/rmoss_interfaces/msg/detail/shoot_cmd__type_support.hpp
-- Symlinking: /home/nexium/ros_ws/install/rmoss_interfaces/include/rmoss_interfaces/rmoss_interfaces/msg/exchange_ammon.hpp
-- Symlinking: /home/nexium/ros_ws/install/rmoss_interfaces/include/rmoss_interfaces/rmoss_interfaces/msg/game_status.hpp
-- Symlinking: /home/nexium/ros_ws/install/rmoss_interfaces/include/rmoss_interfaces/rmoss_interfaces/msg/gimbal.hpp
-- Symlinking: /home/nexium/ros_ws/install/rmoss_interfaces/include/rmoss_interfaces/rmoss_interfaces/msg/gimbal_cmd.hpp
-- Symlinking: /home/nexium/ros_ws/install/rmoss_interfaces/include/rmoss_interfaces/rmoss_interfaces/msg/referee_cmd.hpp
-- Symlinking: /home/nexium/ros_ws/install/rmoss_interfaces/include/rmoss_interfaces/rmoss_interfaces/msg/rfid_status.hpp
-- Symlinking: /home/nexium/ros_ws/install/rmoss_interfaces/include/rmoss_interfaces/rmoss_interfaces/msg/rfid_status_array.hpp
-- Symlinking: /home/nexium/ros_ws/install/rmoss_interfaces/include/rmoss_interfaces/rmoss_interfaces/msg/robot_status.hpp
-- Symlinking: /home/nexium/ros_ws/install/rmoss_interfaces/include/rmoss_interfaces/rmoss_interfaces/msg/rosidl_generator_cpp__visibility_control.hpp
-- Symlinking: /home/nexium/ros_ws/install/rmoss_interfaces/include/rmoss_interfaces/rmoss_interfaces/msg/shoot_cmd.hpp
-- Symlinking: /home/nexium/ros_ws/install/rmoss_interfaces/include/rmoss_interfaces/rmoss_interfaces/srv/control_task.hpp
-- Symlinking: /home/nexium/ros_ws/install/rmoss_interfaces/include/rmoss_interfaces/rmoss_interfaces/srv/detail/control_task__builder.hpp
-- Symlinking: /home/nexium/ros_ws/install/rmoss_interfaces/include/rmoss_interfaces/rmoss_interfaces/srv/detail/control_task__struct.hpp
-- Symlinking: /home/nexium/ros_ws/install/rmoss_interfaces/include/rmoss_interfaces/rmoss_interfaces/srv/detail/control_task__traits.hpp
-- Symlinking: /home/nexium/ros_ws/install/rmoss_interfaces/include/rmoss_interfaces/rmoss_interfaces/srv/detail/control_task__type_support.hpp
-- Symlinking: /home/nexium/ros_ws/install/rmoss_interfaces/include/rmoss_interfaces/rmoss_interfaces/srv/detail/exchange_ammon__builder.hpp
-- Symlinking: /home/nexium/ros_ws/install/rmoss_interfaces/include/rmoss_interfaces/rmoss_interfaces/srv/detail/exchange_ammon__struct.hpp
-- Symlinking: /home/nexium/ros_ws/install/rmoss_interfaces/include/rmoss_interfaces/rmoss_interfaces/srv/detail/exchange_ammon__traits.hpp
-- Symlinking: /home/nexium/ros_ws/install/rmoss_interfaces/include/rmoss_interfaces/rmoss_interfaces/srv/detail/exchange_ammon__type_support.hpp
-- Symlinking: /home/nexium/ros_ws/install/rmoss_interfaces/include/rmoss_interfaces/rmoss_interfaces/srv/detail/get_camera_info__builder.hpp
-- Symlinking: /home/nexium/ros_ws/install/rmoss_interfaces/include/rmoss_interfaces/rmoss_interfaces/srv/detail/get_camera_info__struct.hpp
-- Symlinking: /home/nexium/ros_ws/install/rmoss_interfaces/include/rmoss_interfaces/rmoss_interfaces/srv/detail/get_camera_info__traits.hpp
-- Symlinking: /home/nexium/ros_ws/install/rmoss_interfaces/include/rmoss_interfaces/rmoss_interfaces/srv/detail/get_camera_info__type_support.hpp
-- Symlinking: /home/nexium/ros_ws/install/rmoss_interfaces/include/rmoss_interfaces/rmoss_interfaces/srv/detail/get_mode__builder.hpp
-- Symlinking: /home/nexium/ros_ws/install/rmoss_interfaces/include/rmoss_interfaces/rmoss_interfaces/srv/detail/get_mode__struct.hpp
-- Symlinking: /home/nexium/ros_ws/install/rmoss_interfaces/include/rmoss_interfaces/rmoss_interfaces/srv/detail/get_mode__traits.hpp
-- Symlinking: /home/nexium/ros_ws/install/rmoss_interfaces/include/rmoss_interfaces/rmoss_interfaces/srv/detail/get_mode__type_support.hpp
-- Symlinking: /home/nexium/ros_ws/install/rmoss_interfaces/include/rmoss_interfaces/rmoss_interfaces/srv/detail/get_task_status__builder.hpp
-- Symlinking: /home/nexium/ros_ws/install/rmoss_interfaces/include/rmoss_interfaces/rmoss_interfaces/srv/detail/get_task_status__struct.hpp
-- Symlinking: /home/nexium/ros_ws/install/rmoss_interfaces/include/rmoss_interfaces/rmoss_interfaces/srv/detail/get_task_status__traits.hpp
-- Symlinking: /home/nexium/ros_ws/install/rmoss_interfaces/include/rmoss_interfaces/rmoss_interfaces/srv/detail/get_task_status__type_support.hpp
-- Symlinking: /home/nexium/ros_ws/install/rmoss_interfaces/include/rmoss_interfaces/rmoss_interfaces/srv/detail/set_color__builder.hpp
-- Symlinking: /home/nexium/ros_ws/install/rmoss_interfaces/include/rmoss_interfaces/rmoss_interfaces/srv/detail/set_color__struct.hpp
-- Symlinking: /home/nexium/ros_ws/install/rmoss_interfaces/include/rmoss_interfaces/rmoss_interfaces/srv/detail/set_color__traits.hpp
-- Symlinking: /home/nexium/ros_ws/install/rmoss_interfaces/include/rmoss_interfaces/rmoss_interfaces/srv/detail/set_color__type_support.hpp
-- Symlinking: /home/nexium/ros_ws/install/rmoss_interfaces/include/rmoss_interfaces/rmoss_interfaces/srv/detail/set_mode__builder.hpp
-- Symlinking: /home/nexium/ros_ws/install/rmoss_interfaces/include/rmoss_interfaces/rmoss_interfaces/srv/detail/set_mode__struct.hpp
-- Symlinking: /home/nexium/ros_ws/install/rmoss_interfaces/include/rmoss_interfaces/rmoss_interfaces/srv/detail/set_mode__traits.hpp
-- Symlinking: /home/nexium/ros_ws/install/rmoss_interfaces/include/rmoss_interfaces/rmoss_interfaces/srv/detail/set_mode__type_support.hpp
-- Symlinking: /home/nexium/ros_ws/install/rmoss_interfaces/include/rmoss_interfaces/rmoss_interfaces/srv/exchange_ammon.hpp
-- Symlinking: /home/nexium/ros_ws/install/rmoss_interfaces/include/rmoss_interfaces/rmoss_interfaces/srv/get_camera_info.hpp
-- Symlinking: /home/nexium/ros_ws/install/rmoss_interfaces/include/rmoss_interfaces/rmoss_interfaces/srv/get_mode.hpp
-- Symlinking: /home/nexium/ros_ws/install/rmoss_interfaces/include/rmoss_interfaces/rmoss_interfaces/srv/get_task_status.hpp
-- Symlinking: /home/nexium/ros_ws/install/rmoss_interfaces/include/rmoss_interfaces/rmoss_interfaces/srv/set_color.hpp
-- Symlinking: /home/nexium/ros_ws/install/rmoss_interfaces/include/rmoss_interfaces/rmoss_interfaces/srv/set_mode.hpp
-- Symlinking: /home/nexium/ros_ws/install/rmoss_interfaces/include/rmoss_interfaces/rmoss_interfaces/msg/detail/chassis_cmd__rosidl_typesupport_fastrtps_cpp.hpp
-- Symlinking: /home/nexium/ros_ws/install/rmoss_interfaces/include/rmoss_interfaces/rmoss_interfaces/msg/detail/exchange_ammon__rosidl_typesupport_fastrtps_cpp.hpp
-- Symlinking: /home/nexium/ros_ws/install/rmoss_interfaces/include/rmoss_interfaces/rmoss_interfaces/msg/detail/game_status__rosidl_typesupport_fastrtps_cpp.hpp
-- Symlinking: /home/nexium/ros_ws/install/rmoss_interfaces/include/rmoss_interfaces/rmoss_interfaces/msg/detail/gimbal__rosidl_typesupport_fastrtps_cpp.hpp
-- Symlinking: /home/nexium/ros_ws/install/rmoss_interfaces/include/rmoss_interfaces/rmoss_interfaces/msg/detail/gimbal_cmd__rosidl_typesupport_fastrtps_cpp.hpp
-- Symlinking: /home/nexium/ros_ws/install/rmoss_interfaces/include/rmoss_interfaces/rmoss_interfaces/msg/detail/referee_cmd__rosidl_typesupport_fastrtps_cpp.hpp
-- Symlinking: /home/nexium/ros_ws/install/rmoss_interfaces/include/rmoss_interfaces/rmoss_interfaces/msg/detail/rfid_status__rosidl_typesupport_fastrtps_cpp.hpp
-- Symlinking: /home/nexium/ros_ws/install/rmoss_interfaces/include/rmoss_interfaces/rmoss_interfaces/msg/detail/rfid_status_array__rosidl_typesupport_fastrtps_cpp.hpp
-- Symlinking: /home/nexium/ros_ws/install/rmoss_interfaces/include/rmoss_interfaces/rmoss_interfaces/msg/detail/robot_status__rosidl_typesupport_fastrtps_cpp.hpp
-- Symlinking: /home/nexium/ros_ws/install/rmoss_interfaces/include/rmoss_interfaces/rmoss_interfaces/msg/detail/shoot_cmd__rosidl_typesupport_fastrtps_cpp.hpp
-- Symlinking: /home/nexium/ros_ws/install/rmoss_interfaces/include/rmoss_interfaces/rmoss_interfaces/msg/rosidl_typesupport_fastrtps_cpp__visibility_control.h
-- Symlinking: /home/nexium/ros_ws/install/rmoss_interfaces/include/rmoss_interfaces/rmoss_interfaces/srv/detail/control_task__rosidl_typesupport_fastrtps_cpp.hpp
-- Symlinking: /home/nexium/ros_ws/install/rmoss_interfaces/include/rmoss_interfaces/rmoss_interfaces/srv/detail/exchange_ammon__rosidl_typesupport_fastrtps_cpp.hpp
-- Symlinking: /home/nexium/ros_ws/install/rmoss_interfaces/include/rmoss_interfaces/rmoss_interfaces/srv/detail/get_camera_info__rosidl_typesupport_fastrtps_cpp.hpp
-- Symlinking: /home/nexium/ros_ws/install/rmoss_interfaces/include/rmoss_interfaces/rmoss_interfaces/srv/detail/get_mode__rosidl_typesupport_fastrtps_cpp.hpp
-- Symlinking: /home/nexium/ros_ws/install/rmoss_interfaces/include/rmoss_interfaces/rmoss_interfaces/srv/detail/get_task_status__rosidl_typesupport_fastrtps_cpp.hpp
-- Symlinking: /home/nexium/ros_ws/install/rmoss_interfaces/include/rmoss_interfaces/rmoss_interfaces/srv/detail/set_color__rosidl_typesupport_fastrtps_cpp.hpp
-- Symlinking: /home/nexium/ros_ws/install/rmoss_interfaces/include/rmoss_interfaces/rmoss_interfaces/srv/detail/set_mode__rosidl_typesupport_fastrtps_cpp.hpp
-- Symlinking: /home/nexium/ros_ws/install/rmoss_interfaces/include/rmoss_interfaces/rmoss_interfaces/msg/detail/chassis_cmd__rosidl_typesupport_introspection_c.h
-- Symlinking: /home/nexium/ros_ws/install/rmoss_interfaces/include/rmoss_interfaces/rmoss_interfaces/msg/detail/exchange_ammon__rosidl_typesupport_introspection_c.h
-- Symlinking: /home/nexium/ros_ws/install/rmoss_interfaces/include/rmoss_interfaces/rmoss_interfaces/msg/detail/game_status__rosidl_typesupport_introspection_c.h
-- Symlinking: /home/nexium/ros_ws/install/rmoss_interfaces/include/rmoss_interfaces/rmoss_interfaces/msg/detail/gimbal__rosidl_typesupport_introspection_c.h
-- Symlinking: /home/nexium/ros_ws/install/rmoss_interfaces/include/rmoss_interfaces/rmoss_interfaces/msg/detail/gimbal_cmd__rosidl_typesupport_introspection_c.h
-- Symlinking: /home/nexium/ros_ws/install/rmoss_interfaces/include/rmoss_interfaces/rmoss_interfaces/msg/detail/referee_cmd__rosidl_typesupport_introspection_c.h
-- Symlinking: /home/nexium/ros_ws/install/rmoss_interfaces/include/rmoss_interfaces/rmoss_interfaces/msg/detail/rfid_status__rosidl_typesupport_introspection_c.h
-- Symlinking: /home/nexium/ros_ws/install/rmoss_interfaces/include/rmoss_interfaces/rmoss_interfaces/msg/detail/rfid_status_array__rosidl_typesupport_introspection_c.h
-- Symlinking: /home/nexium/ros_ws/install/rmoss_interfaces/include/rmoss_interfaces/rmoss_interfaces/msg/detail/robot_status__rosidl_typesupport_introspection_c.h
-- Symlinking: /home/nexium/ros_ws/install/rmoss_interfaces/include/rmoss_interfaces/rmoss_interfaces/msg/detail/shoot_cmd__rosidl_typesupport_introspection_c.h
-- Symlinking: /home/nexium/ros_ws/install/rmoss_interfaces/include/rmoss_interfaces/rmoss_interfaces/msg/rosidl_typesupport_introspection_c__visibility_control.h
-- Symlinking: /home/nexium/ros_ws/install/rmoss_interfaces/include/rmoss_interfaces/rmoss_interfaces/srv/detail/control_task__rosidl_typesupport_introspection_c.h
-- Symlinking: /home/nexium/ros_ws/install/rmoss_interfaces/include/rmoss_interfaces/rmoss_interfaces/srv/detail/exchange_ammon__rosidl_typesupport_introspection_c.h
-- Symlinking: /home/nexium/ros_ws/install/rmoss_interfaces/include/rmoss_interfaces/rmoss_interfaces/srv/detail/get_camera_info__rosidl_typesupport_introspection_c.h
-- Symlinking: /home/nexium/ros_ws/install/rmoss_interfaces/include/rmoss_interfaces/rmoss_interfaces/srv/detail/get_mode__rosidl_typesupport_introspection_c.h
-- Symlinking: /home/nexium/ros_ws/install/rmoss_interfaces/include/rmoss_interfaces/rmoss_interfaces/srv/detail/get_task_status__rosidl_typesupport_introspection_c.h
-- Symlinking: /home/nexium/ros_ws/install/rmoss_interfaces/include/rmoss_interfaces/rmoss_interfaces/srv/detail/set_color__rosidl_typesupport_introspection_c.h
-- Symlinking: /home/nexium/ros_ws/install/rmoss_interfaces/include/rmoss_interfaces/rmoss_interfaces/srv/detail/set_mode__rosidl_typesupport_introspection_c.h
-- Symlinking: /home/nexium/ros_ws/install/rmoss_interfaces/include/rmoss_interfaces/rmoss_interfaces/msg/detail/chassis_cmd__rosidl_typesupport_introspection_cpp.hpp
-- Symlinking: /home/nexium/ros_ws/install/rmoss_interfaces/include/rmoss_interfaces/rmoss_interfaces/msg/detail/exchange_ammon__rosidl_typesupport_introspection_cpp.hpp
-- Symlinking: /home/nexium/ros_ws/install/rmoss_interfaces/include/rmoss_interfaces/rmoss_interfaces/msg/detail/game_status__rosidl_typesupport_introspection_cpp.hpp
-- Symlinking: /home/nexium/ros_ws/install/rmoss_interfaces/include/rmoss_interfaces/rmoss_interfaces/msg/detail/gimbal__rosidl_typesupport_introspection_cpp.hpp
-- Symlinking: /home/nexium/ros_ws/install/rmoss_interfaces/include/rmoss_interfaces/rmoss_interfaces/msg/detail/gimbal_cmd__rosidl_typesupport_introspection_cpp.hpp
-- Symlinking: /home/nexium/ros_ws/install/rmoss_interfaces/include/rmoss_interfaces/rmoss_interfaces/msg/detail/referee_cmd__rosidl_typesupport_introspection_cpp.hpp
-- Symlinking: /home/nexium/ros_ws/install/rmoss_interfaces/include/rmoss_interfaces/rmoss_interfaces/msg/detail/rfid_status__rosidl_typesupport_introspection_cpp.hpp
-- Symlinking: /home/nexium/ros_ws/install/rmoss_interfaces/include/rmoss_interfaces/rmoss_interfaces/msg/detail/rfid_status_array__rosidl_typesupport_introspection_cpp.hpp
-- Symlinking: /home/nexium/ros_ws/install/rmoss_interfaces/include/rmoss_interfaces/rmoss_interfaces/msg/detail/robot_status__rosidl_typesupport_introspection_cpp.hpp
-- Symlinking: /home/nexium/ros_ws/install/rmoss_interfaces/include/rmoss_interfaces/rmoss_interfaces/msg/detail/shoot_cmd__rosidl_typesupport_introspection_cpp.hpp
-- Symlinking: /home/nexium/ros_ws/install/rmoss_interfaces/include/rmoss_interfaces/rmoss_interfaces/srv/detail/control_task__rosidl_typesupport_introspection_cpp.hpp
-- Symlinking: /home/nexium/ros_ws/install/rmoss_interfaces/include/rmoss_interfaces/rmoss_interfaces/srv/detail/exchange_ammon__rosidl_typesupport_introspection_cpp.hpp
-- Symlinking: /home/nexium/ros_ws/install/rmoss_interfaces/include/rmoss_interfaces/rmoss_interfaces/srv/detail/get_camera_info__rosidl_typesupport_introspection_cpp.hpp
-- Symlinking: /home/nexium/ros_ws/install/rmoss_interfaces/include/rmoss_interfaces/rmoss_interfaces/srv/detail/get_mode__rosidl_typesupport_introspection_cpp.hpp
-- Symlinking: /home/nexium/ros_ws/install/rmoss_interfaces/include/rmoss_interfaces/rmoss_interfaces/srv/detail/get_task_status__rosidl_typesupport_introspection_cpp.hpp
-- Symlinking: /home/nexium/ros_ws/install/rmoss_interfaces/include/rmoss_interfaces/rmoss_interfaces/srv/detail/set_color__rosidl_typesupport_introspection_cpp.hpp
-- Symlinking: /home/nexium/ros_ws/install/rmoss_interfaces/include/rmoss_interfaces/rmoss_interfaces/srv/detail/set_mode__rosidl_typesupport_introspection_cpp.hpp
-- Symlinking: /home/nexium/ros_ws/install/rmoss_interfaces/share/rmoss_interfaces/environment/pythonpath.sh
-- Symlinking: /home/nexium/ros_ws/install/rmoss_interfaces/share/rmoss_interfaces/environment/pythonpath.dsv
-- Symlinking: /home/nexium/ros_ws/install/rmoss_interfaces/local/lib/python3.10/dist-packages/rmoss_interfaces-0.9.0-py3.10.egg-info/PKG-INFO
-- Symlinking: /home/nexium/ros_ws/install/rmoss_interfaces/local/lib/python3.10/dist-packages/rmoss_interfaces-0.9.0-py3.10.egg-info/SOURCES.txt
-- Symlinking: /home/nexium/ros_ws/install/rmoss_interfaces/local/lib/python3.10/dist-packages/rmoss_interfaces-0.9.0-py3.10.egg-info/dependency_links.txt
-- Symlinking: /home/nexium/ros_ws/install/rmoss_interfaces/local/lib/python3.10/dist-packages/rmoss_interfaces-0.9.0-py3.10.egg-info/top_level.txt
-- Symlinking: /home/nexium/ros_ws/install/rmoss_interfaces/local/lib/python3.10/dist-packages/rmoss_interfaces/__init__.py
-- Symlinking: /home/nexium/ros_ws/install/rmoss_interfaces/local/lib/python3.10/dist-packages/rmoss_interfaces/_rmoss_interfaces_s.ep.rosidl_typesupport_c.c
-- Symlinking: /home/nexium/ros_ws/install/rmoss_interfaces/local/lib/python3.10/dist-packages/rmoss_interfaces/_rmoss_interfaces_s.ep.rosidl_typesupport_fastrtps_c.c
-- Symlinking: /home/nexium/ros_ws/install/rmoss_interfaces/local/lib/python3.10/dist-packages/rmoss_interfaces/_rmoss_interfaces_s.ep.rosidl_typesupport_introspection_c.c
-- Symlinking: /home/nexium/ros_ws/install/rmoss_interfaces/local/lib/python3.10/dist-packages/rmoss_interfaces/librmoss_interfaces__rosidl_generator_py.so
-- Symlinking: /home/nexium/ros_ws/install/rmoss_interfaces/local/lib/python3.10/dist-packages/rmoss_interfaces/msg/__init__.py
-- Symlinking: /home/nexium/ros_ws/install/rmoss_interfaces/local/lib/python3.10/dist-packages/rmoss_interfaces/msg/_chassis_cmd.py
-- Symlinking: /home/nexium/ros_ws/install/rmoss_interfaces/local/lib/python3.10/dist-packages/rmoss_interfaces/msg/_chassis_cmd_s.c
-- Symlinking: /home/nexium/ros_ws/install/rmoss_interfaces/local/lib/python3.10/dist-packages/rmoss_interfaces/msg/_exchange_ammon.py
-- Symlinking: /home/nexium/ros_ws/install/rmoss_interfaces/local/lib/python3.10/dist-packages/rmoss_interfaces/msg/_exchange_ammon_s.c
-- Symlinking: /home/nexium/ros_ws/install/rmoss_interfaces/local/lib/python3.10/dist-packages/rmoss_interfaces/msg/_game_status.py
-- Symlinking: /home/nexium/ros_ws/install/rmoss_interfaces/local/lib/python3.10/dist-packages/rmoss_interfaces/msg/_game_status_s.c
-- Symlinking: /home/nexium/ros_ws/install/rmoss_interfaces/local/lib/python3.10/dist-packages/rmoss_interfaces/msg/_gimbal.py
-- Symlinking: /home/nexium/ros_ws/install/rmoss_interfaces/local/lib/python3.10/dist-packages/rmoss_interfaces/msg/_gimbal_cmd.py
-- Symlinking: /home/nexium/ros_ws/install/rmoss_interfaces/local/lib/python3.10/dist-packages/rmoss_interfaces/msg/_gimbal_cmd_s.c
-- Symlinking: /home/nexium/ros_ws/install/rmoss_interfaces/local/lib/python3.10/dist-packages/rmoss_interfaces/msg/_gimbal_s.c
-- Symlinking: /home/nexium/ros_ws/install/rmoss_interfaces/local/lib/python3.10/dist-packages/rmoss_interfaces/msg/_referee_cmd.py
-- Symlinking: /home/nexium/ros_ws/install/rmoss_interfaces/local/lib/python3.10/dist-packages/rmoss_interfaces/msg/_referee_cmd_s.c
-- Symlinking: /home/nexium/ros_ws/install/rmoss_interfaces/local/lib/python3.10/dist-packages/rmoss_interfaces/msg/_rfid_status.py
-- Symlinking: /home/nexium/ros_ws/install/rmoss_interfaces/local/lib/python3.10/dist-packages/rmoss_interfaces/msg/_rfid_status_array.py
-- Symlinking: /home/nexium/ros_ws/install/rmoss_interfaces/local/lib/python3.10/dist-packages/rmoss_interfaces/msg/_rfid_status_array_s.c
-- Symlinking: /home/nexium/ros_ws/install/rmoss_interfaces/local/lib/python3.10/dist-packages/rmoss_interfaces/msg/_rfid_status_s.c
-- Symlinking: /home/nexium/ros_ws/install/rmoss_interfaces/local/lib/python3.10/dist-packages/rmoss_interfaces/msg/_robot_status.py
-- Symlinking: /home/nexium/ros_ws/install/rmoss_interfaces/local/lib/python3.10/dist-packages/rmoss_interfaces/msg/_robot_status_s.c
-- Symlinking: /home/nexium/ros_ws/install/rmoss_interfaces/local/lib/python3.10/dist-packages/rmoss_interfaces/msg/_shoot_cmd.py
-- Symlinking: /home/nexium/ros_ws/install/rmoss_interfaces/local/lib/python3.10/dist-packages/rmoss_interfaces/msg/_shoot_cmd_s.c
-- Symlinking: /home/nexium/ros_ws/install/rmoss_interfaces/local/lib/python3.10/dist-packages/rmoss_interfaces/rmoss_interfaces_s__rosidl_typesupport_c.cpython-310-x86_64-linux-gnu.so
-- Symlinking: /home/nexium/ros_ws/install/rmoss_interfaces/local/lib/python3.10/dist-packages/rmoss_interfaces/rmoss_interfaces_s__rosidl_typesupport_fastrtps_c.cpython-310-x86_64-linux-gnu.so
-- Symlinking: /home/nexium/ros_ws/install/rmoss_interfaces/local/lib/python3.10/dist-packages/rmoss_interfaces/rmoss_interfaces_s__rosidl_typesupport_introspection_c.cpython-310-x86_64-linux-gnu.so
-- Symlinking: /home/nexium/ros_ws/install/rmoss_interfaces/local/lib/python3.10/dist-packages/rmoss_interfaces/srv/__init__.py
-- Symlinking: /home/nexium/ros_ws/install/rmoss_interfaces/local/lib/python3.10/dist-packages/rmoss_interfaces/srv/_control_task.py
-- Symlinking: /home/nexium/ros_ws/install/rmoss_interfaces/local/lib/python3.10/dist-packages/rmoss_interfaces/srv/_control_task_s.c
-- Symlinking: /home/nexium/ros_ws/install/rmoss_interfaces/local/lib/python3.10/dist-packages/rmoss_interfaces/srv/_exchange_ammon.py
-- Symlinking: /home/nexium/ros_ws/install/rmoss_interfaces/local/lib/python3.10/dist-packages/rmoss_interfaces/srv/_exchange_ammon_s.c
-- Symlinking: /home/nexium/ros_ws/install/rmoss_interfaces/local/lib/python3.10/dist-packages/rmoss_interfaces/srv/_get_camera_info.py
-- Symlinking: /home/nexium/ros_ws/install/rmoss_interfaces/local/lib/python3.10/dist-packages/rmoss_interfaces/srv/_get_camera_info_s.c
-- Symlinking: /home/nexium/ros_ws/install/rmoss_interfaces/local/lib/python3.10/dist-packages/rmoss_interfaces/srv/_get_mode.py
-- Symlinking: /home/nexium/ros_ws/install/rmoss_interfaces/local/lib/python3.10/dist-packages/rmoss_interfaces/srv/_get_mode_s.c
-- Symlinking: /home/nexium/ros_ws/install/rmoss_interfaces/local/lib/python3.10/dist-packages/rmoss_interfaces/srv/_get_task_status.py
-- Symlinking: /home/nexium/ros_ws/install/rmoss_interfaces/local/lib/python3.10/dist-packages/rmoss_interfaces/srv/_get_task_status_s.c
-- Symlinking: /home/nexium/ros_ws/install/rmoss_interfaces/local/lib/python3.10/dist-packages/rmoss_interfaces/srv/_set_color.py
-- Symlinking: /home/nexium/ros_ws/install/rmoss_interfaces/local/lib/python3.10/dist-packages/rmoss_interfaces/srv/_set_color_s.c
-- Symlinking: /home/nexium/ros_ws/install/rmoss_interfaces/local/lib/python3.10/dist-packages/rmoss_interfaces/srv/_set_mode.py
-- Symlinking: /home/nexium/ros_ws/install/rmoss_interfaces/local/lib/python3.10/dist-packages/rmoss_interfaces/srv/_set_mode_s.c
-- Up-to-date symlink: /home/nexium/ros_ws/install/rmoss_interfaces/local/lib/python3.10/dist-packages/rmoss_interfaces/rmoss_interfaces_s__rosidl_typesupport_fastrtps_c.cpython-310-x86_64-linux-gnu.so
-- Up-to-date symlink: /home/nexium/ros_ws/install/rmoss_interfaces/local/lib/python3.10/dist-packages/rmoss_interfaces/rmoss_interfaces_s__rosidl_typesupport_introspection_c.cpython-310-x86_64-linux-gnu.so
-- Up-to-date symlink: /home/nexium/ros_ws/install/rmoss_interfaces/local/lib/python3.10/dist-packages/rmoss_interfaces/rmoss_interfaces_s__rosidl_typesupport_c.cpython-310-x86_64-linux-gnu.so
-- Symlinking: /home/nexium/ros_ws/install/rmoss_interfaces/share/rmoss_interfaces/msg/RefereeCmd.idl
-- Symlinking: /home/nexium/ros_ws/install/rmoss_interfaces/share/rmoss_interfaces/msg/GameStatus.idl
-- Symlinking: /home/nexium/ros_ws/install/rmoss_interfaces/share/rmoss_interfaces/msg/RobotStatus.idl
-- Symlinking: /home/nexium/ros_ws/install/rmoss_interfaces/share/rmoss_interfaces/msg/RfidStatus.idl
-- Symlinking: /home/nexium/ros_ws/install/rmoss_interfaces/share/rmoss_interfaces/msg/RfidStatusArray.idl
-- Symlinking: /home/nexium/ros_ws/install/rmoss_interfaces/share/rmoss_interfaces/msg/ExchangeAmmon.idl
-- Symlinking: /home/nexium/ros_ws/install/rmoss_interfaces/share/rmoss_interfaces/msg/Gimbal.idl
-- Symlinking: /home/nexium/ros_ws/install/rmoss_interfaces/share/rmoss_interfaces/msg/GimbalCmd.idl
-- Symlinking: /home/nexium/ros_ws/install/rmoss_interfaces/share/rmoss_interfaces/msg/ShootCmd.idl
-- Symlinking: /home/nexium/ros_ws/install/rmoss_interfaces/share/rmoss_interfaces/msg/ChassisCmd.idl
-- Symlinking: /home/nexium/ros_ws/install/rmoss_interfaces/share/rmoss_interfaces/srv/SetColor.idl
-- Symlinking: /home/nexium/ros_ws/install/rmoss_interfaces/share/rmoss_interfaces/srv/SetMode.idl
-- Symlinking: /home/nexium/ros_ws/install/rmoss_interfaces/share/rmoss_interfaces/srv/GetMode.idl
-- Symlinking: /home/nexium/ros_ws/install/rmoss_interfaces/share/rmoss_interfaces/srv/GetCameraInfo.idl
-- Symlinking: /home/nexium/ros_ws/install/rmoss_interfaces/share/rmoss_interfaces/srv/GetTaskStatus.idl
-- Symlinking: /home/nexium/ros_ws/install/rmoss_interfaces/share/rmoss_interfaces/srv/ControlTask.idl
-- Symlinking: /home/nexium/ros_ws/install/rmoss_interfaces/share/rmoss_interfaces/srv/ExchangeAmmon.idl
-- Symlinking: /home/nexium/ros_ws/install/rmoss_interfaces/share/rmoss_interfaces/referee/RefereeCmd.msg
-- Symlinking: /home/nexium/ros_ws/install/rmoss_interfaces/share/rmoss_interfaces/referee/GameStatus.msg
-- Symlinking: /home/nexium/ros_ws/install/rmoss_interfaces/share/rmoss_interfaces/referee/RobotStatus.msg
-- Symlinking: /home/nexium/ros_ws/install/rmoss_interfaces/share/rmoss_interfaces/referee/RfidStatus.msg
-- Symlinking: /home/nexium/ros_ws/install/rmoss_interfaces/share/rmoss_interfaces/referee/RfidStatusArray.msg
-- Symlinking: /home/nexium/ros_ws/install/rmoss_interfaces/share/rmoss_interfaces/referee/ExchangeAmmon.msg
-- Symlinking: /home/nexium/ros_ws/install/rmoss_interfaces/share/rmoss_interfaces/msg/Gimbal.msg
-- Symlinking: /home/nexium/ros_ws/install/rmoss_interfaces/share/rmoss_interfaces/msg/GimbalCmd.msg
-- Symlinking: /home/nexium/ros_ws/install/rmoss_interfaces/share/rmoss_interfaces/msg/ShootCmd.msg
-- Symlinking: /home/nexium/ros_ws/install/rmoss_interfaces/share/rmoss_interfaces/msg/ChassisCmd.msg
-- Symlinking: /home/nexium/ros_ws/install/rmoss_interfaces/share/rmoss_interfaces/srv/SetColor.srv
-- Symlinking: /home/nexium/ros_ws/install/rmoss_interfaces/share/rmoss_interfaces/srv/SetColor_Request.msg
-- Symlinking: /home/nexium/ros_ws/install/rmoss_interfaces/share/rmoss_interfaces/srv/SetColor_Response.msg
-- Symlinking: /home/nexium/ros_ws/install/rmoss_interfaces/share/rmoss_interfaces/srv/SetMode.srv
-- Symlinking: /home/nexium/ros_ws/install/rmoss_interfaces/share/rmoss_interfaces/srv/SetMode_Request.msg
-- Symlinking: /home/nexium/ros_ws/install/rmoss_interfaces/share/rmoss_interfaces/srv/SetMode_Response.msg
-- Symlinking: /home/nexium/ros_ws/install/rmoss_interfaces/share/rmoss_interfaces/srv/GetMode.srv
-- Symlinking: /home/nexium/ros_ws/install/rmoss_interfaces/share/rmoss_interfaces/srv/GetMode_Request.msg
-- Symlinking: /home/nexium/ros_ws/install/rmoss_interfaces/share/rmoss_interfaces/srv/GetMode_Response.msg
-- Symlinking: /home/nexium/ros_ws/install/rmoss_interfaces/share/rmoss_interfaces/srv/GetCameraInfo.srv
-- Symlinking: /home/nexium/ros_ws/install/rmoss_interfaces/share/rmoss_interfaces/srv/GetCameraInfo_Request.msg
-- Symlinking: /home/nexium/ros_ws/install/rmoss_interfaces/share/rmoss_interfaces/srv/GetCameraInfo_Response.msg
-- Symlinking: /home/nexium/ros_ws/install/rmoss_interfaces/share/rmoss_interfaces/srv/GetTaskStatus.srv
-- Symlinking: /home/nexium/ros_ws/install/rmoss_interfaces/share/rmoss_interfaces/srv/GetTaskStatus_Request.msg
-- Symlinking: /home/nexium/ros_ws/install/rmoss_interfaces/share/rmoss_interfaces/srv/GetTaskStatus_Response.msg
-- Symlinking: /home/nexium/ros_ws/install/rmoss_interfaces/share/rmoss_interfaces/srv/ControlTask.srv
-- Symlinking: /home/nexium/ros_ws/install/rmoss_interfaces/share/rmoss_interfaces/srv/ControlTask_Request.msg
-- Symlinking: /home/nexium/ros_ws/install/rmoss_interfaces/share/rmoss_interfaces/srv/ControlTask_Response.msg
-- Symlinking: /home/nexium/ros_ws/install/rmoss_interfaces/share/rmoss_interfaces/srv/ExchangeAmmon.srv
-- Symlinking: /home/nexium/ros_ws/install/rmoss_interfaces/share/rmoss_interfaces/srv/ExchangeAmmon_Request.msg
-- Symlinking: /home/nexium/ros_ws/install/rmoss_interfaces/share/rmoss_interfaces/srv/ExchangeAmmon_Response.msg
-- Symlinking: /home/nexium/ros_ws/install/rmoss_interfaces/share/ament_index/resource_index/package_run_dependencies/rmoss_interfaces
-- Symlinking: /home/nexium/ros_ws/install/rmoss_interfaces/share/ament_index/resource_index/parent_prefix_path/rmoss_interfaces
-- Symlinking: /home/nexium/ros_ws/install/rmoss_interfaces/share/rmoss_interfaces/environment/ament_prefix_path.sh
-- Symlinking: /home/nexium/ros_ws/install/rmoss_interfaces/share/rmoss_interfaces/environment/ament_prefix_path.dsv
-- Symlinking: /home/nexium/ros_ws/install/rmoss_interfaces/share/rmoss_interfaces/environment/path.sh
-- Symlinking: /home/nexium/ros_ws/install/rmoss_interfaces/share/rmoss_interfaces/environment/path.dsv
-- Symlinking: /home/nexium/ros_ws/install/rmoss_interfaces/share/rmoss_interfaces/local_setup.bash
-- Symlinking: /home/nexium/ros_ws/install/rmoss_interfaces/share/rmoss_interfaces/local_setup.sh
-- Symlinking: /home/nexium/ros_ws/install/rmoss_interfaces/share/rmoss_interfaces/local_setup.zsh
-- Symlinking: /home/nexium/ros_ws/install/rmoss_interfaces/share/rmoss_interfaces/local_setup.dsv
-- Symlinking: /home/nexium/ros_ws/install/rmoss_interfaces/share/rmoss_interfaces/package.dsv
-- Symlinking: /home/nexium/ros_ws/install/rmoss_interfaces/share/ament_index/resource_index/packages/rmoss_interfaces
-- Symlinking: /home/nexium/ros_ws/install/rmoss_interfaces/share/rmoss_interfaces/cmake/rosidl_cmake-extras.cmake
-- Symlinking: /home/nexium/ros_ws/install/rmoss_interfaces/share/rmoss_interfaces/cmake/ament_cmake_export_dependencies-extras.cmake
-- Symlinking: /home/nexium/ros_ws/install/rmoss_interfaces/share/rmoss_interfaces/cmake/ament_cmake_export_include_directories-extras.cmake
-- Symlinking: /home/nexium/ros_ws/install/rmoss_interfaces/share/rmoss_interfaces/cmake/ament_cmake_export_libraries-extras.cmake
-- Symlinking: /home/nexium/ros_ws/install/rmoss_interfaces/share/rmoss_interfaces/cmake/ament_cmake_export_targets-extras.cmake
-- Symlinking: /home/nexium/ros_ws/install/rmoss_interfaces/share/rmoss_interfaces/cmake/rosidl_cmake_export_typesupport_targets-extras.cmake
-- Symlinking: /home/nexium/ros_ws/install/rmoss_interfaces/share/rmoss_interfaces/cmake/rosidl_cmake_export_typesupport_libraries-extras.cmake
-- Symlinking: /home/nexium/ros_ws/install/rmoss_interfaces/share/rmoss_interfaces/cmake/rmoss_interfacesConfig.cmake
-- Symlinking: /home/nexium/ros_ws/install/rmoss_interfaces/share/rmoss_interfaces/cmake/rmoss_interfacesConfig-version.cmake
-- Symlinking: /home/nexium/ros_ws/install/rmoss_interfaces/share/rmoss_interfaces/package.xml
-- Installing: /home/nexium/ros_ws/install/rmoss_interfaces/lib/librmoss_interfaces__rosidl_generator_c.so
-- Set runtime path of "/home/nexium/ros_ws/install/rmoss_interfaces/lib/librmoss_interfaces__rosidl_generator_c.so" to ""
-- Installing: /home/nexium/ros_ws/install/rmoss_interfaces/lib/librmoss_interfaces__rosidl_typesupport_fastrtps_c.so
-- Set runtime path of "/home/nexium/ros_ws/install/rmoss_interfaces/lib/librmoss_interfaces__rosidl_typesupport_fastrtps_c.so" to ""
-- Installing: /home/nexium/ros_ws/install/rmoss_interfaces/lib/librmoss_interfaces__rosidl_typesupport_fastrtps_cpp.so
-- Set runtime path of "/home/nexium/ros_ws/install/rmoss_interfaces/lib/librmoss_interfaces__rosidl_typesupport_fastrtps_cpp.so" to ""
-- Installing: /home/nexium/ros_ws/install/rmoss_interfaces/lib/librmoss_interfaces__rosidl_typesupport_introspection_c.so
-- Set runtime path of "/home/nexium/ros_ws/install/rmoss_interfaces/lib/librmoss_interfaces__rosidl_typesupport_introspection_c.so" to ""
-- Installing: /home/nexium/ros_ws/install/rmoss_interfaces/lib/librmoss_interfaces__rosidl_typesupport_c.so
-- Set runtime path of "/home/nexium/ros_ws/install/rmoss_interfaces/lib/librmoss_interfaces__rosidl_typesupport_c.so" to ""
-- Installing: /home/nexium/ros_ws/install/rmoss_interfaces/lib/librmoss_interfaces__rosidl_typesupport_introspection_cpp.so
-- Set runtime path of "/home/nexium/ros_ws/install/rmoss_interfaces/lib/librmoss_interfaces__rosidl_typesupport_introspection_cpp.so" to ""
-- Installing: /home/nexium/ros_ws/install/rmoss_interfaces/lib/librmoss_interfaces__rosidl_typesupport_cpp.so
-- Set runtime path of "/home/nexium/ros_ws/install/rmoss_interfaces/lib/librmoss_interfaces__rosidl_typesupport_cpp.so" to ""
Listing '/home/nexium/ros_ws/install/rmoss_interfaces/local/lib/python3.10/dist-packages/rmoss_interfaces'...
Compiling '/home/nexium/ros_ws/install/rmoss_interfaces/local/lib/python3.10/dist-packages/rmoss_interfaces/__init__.py'...
Listing '/home/nexium/ros_ws/install/rmoss_interfaces/local/lib/python3.10/dist-packages/rmoss_interfaces/msg'...
Compiling '/home/nexium/ros_ws/install/rmoss_interfaces/local/lib/python3.10/dist-packages/rmoss_interfaces/msg/__init__.py'...
Compiling '/home/nexium/ros_ws/install/rmoss_interfaces/local/lib/python3.10/dist-packages/rmoss_interfaces/msg/_chassis_cmd.py'...
Compiling '/home/nexium/ros_ws/install/rmoss_interfaces/local/lib/python3.10/dist-packages/rmoss_interfaces/msg/_exchange_ammon.py'...
Compiling '/home/nexium/ros_ws/install/rmoss_interfaces/local/lib/python3.10/dist-packages/rmoss_interfaces/msg/_game_status.py'...
Compiling '/home/nexium/ros_ws/install/rmoss_interfaces/local/lib/python3.10/dist-packages/rmoss_interfaces/msg/_gimbal.py'...
Compiling '/home/nexium/ros_ws/install/rmoss_interfaces/local/lib/python3.10/dist-packages/rmoss_interfaces/msg/_gimbal_cmd.py'...
Compiling '/home/nexium/ros_ws/install/rmoss_interfaces/local/lib/python3.10/dist-packages/rmoss_interfaces/msg/_referee_cmd.py'...
Compiling '/home/nexium/ros_ws/install/rmoss_interfaces/local/lib/python3.10/dist-packages/rmoss_interfaces/msg/_rfid_status.py'...
Compiling '/home/nexium/ros_ws/install/rmoss_interfaces/local/lib/python3.10/dist-packages/rmoss_interfaces/msg/_rfid_status_array.py'...
Compiling '/home/nexium/ros_ws/install/rmoss_interfaces/local/lib/python3.10/dist-packages/rmoss_interfaces/msg/_robot_status.py'...
Compiling '/home/nexium/ros_ws/install/rmoss_interfaces/local/lib/python3.10/dist-packages/rmoss_interfaces/msg/_shoot_cmd.py'...
Listing '/home/nexium/ros_ws/install/rmoss_interfaces/local/lib/python3.10/dist-packages/rmoss_interfaces/srv'...
Compiling '/home/nexium/ros_ws/install/rmoss_interfaces/local/lib/python3.10/dist-packages/rmoss_interfaces/srv/__init__.py'...
Compiling '/home/nexium/ros_ws/install/rmoss_interfaces/local/lib/python3.10/dist-packages/rmoss_interfaces/srv/_control_task.py'...
Compiling '/home/nexium/ros_ws/install/rmoss_interfaces/local/lib/python3.10/dist-packages/rmoss_interfaces/srv/_exchange_ammon.py'...
Compiling '/home/nexium/ros_ws/install/rmoss_interfaces/local/lib/python3.10/dist-packages/rmoss_interfaces/srv/_get_camera_info.py'...
Compiling '/home/nexium/ros_ws/install/rmoss_interfaces/local/lib/python3.10/dist-packages/rmoss_interfaces/srv/_get_mode.py'...
Compiling '/home/nexium/ros_ws/install/rmoss_interfaces/local/lib/python3.10/dist-packages/rmoss_interfaces/srv/_get_task_status.py'...
Compiling '/home/nexium/ros_ws/install/rmoss_interfaces/local/lib/python3.10/dist-packages/rmoss_interfaces/srv/_set_color.py'...
Compiling '/home/nexium/ros_ws/install/rmoss_interfaces/local/lib/python3.10/dist-packages/rmoss_interfaces/srv/_set_mode.py'...
-- Installing: /home/nexium/ros_ws/install/rmoss_interfaces/lib/librmoss_interfaces__rosidl_generator_py.so
-- Set runtime path of "/home/nexium/ros_ws/install/rmoss_interfaces/lib/librmoss_interfaces__rosidl_generator_py.so" to ""
-- Installing: /home/nexium/ros_ws/install/rmoss_interfaces/share/rmoss_interfaces/cmake/export_rmoss_interfaces__rosidl_generator_cExport.cmake
-- Installing: /home/nexium/ros_ws/install/rmoss_interfaces/share/rmoss_interfaces/cmake/export_rmoss_interfaces__rosidl_generator_cExport-release.cmake
-- Installing: /home/nexium/ros_ws/install/rmoss_interfaces/share/rmoss_interfaces/cmake/export_rmoss_interfaces__rosidl_typesupport_fastrtps_cExport.cmake
-- Installing: /home/nexium/ros_ws/install/rmoss_interfaces/share/rmoss_interfaces/cmake/export_rmoss_interfaces__rosidl_typesupport_fastrtps_cExport-release.cmake
-- Installing: /home/nexium/ros_ws/install/rmoss_interfaces/share/rmoss_interfaces/cmake/export_rmoss_interfaces__rosidl_generator_cppExport.cmake
-- Installing: /home/nexium/ros_ws/install/rmoss_interfaces/share/rmoss_interfaces/cmake/export_rmoss_interfaces__rosidl_typesupport_fastrtps_cppExport.cmake
-- Installing: /home/nexium/ros_ws/install/rmoss_interfaces/share/rmoss_interfaces/cmake/export_rmoss_interfaces__rosidl_typesupport_fastrtps_cppExport-release.cmake
-- Installing: /home/nexium/ros_ws/install/rmoss_interfaces/share/rmoss_interfaces/cmake/rmoss_interfaces__rosidl_typesupport_introspection_cExport.cmake
-- Installing: /home/nexium/ros_ws/install/rmoss_interfaces/share/rmoss_interfaces/cmake/rmoss_interfaces__rosidl_typesupport_introspection_cExport-release.cmake
-- Installing: /home/nexium/ros_ws/install/rmoss_interfaces/share/rmoss_interfaces/cmake/rmoss_interfaces__rosidl_typesupport_cExport.cmake
-- Installing: /home/nexium/ros_ws/install/rmoss_interfaces/share/rmoss_interfaces/cmake/rmoss_interfaces__rosidl_typesupport_cExport-release.cmake
-- Installing: /home/nexium/ros_ws/install/rmoss_interfaces/share/rmoss_interfaces/cmake/rmoss_interfaces__rosidl_typesupport_introspection_cppExport.cmake
-- Installing: /home/nexium/ros_ws/install/rmoss_interfaces/share/rmoss_interfaces/cmake/rmoss_interfaces__rosidl_typesupport_introspection_cppExport-release.cmake
-- Installing: /home/nexium/ros_ws/install/rmoss_interfaces/share/rmoss_interfaces/cmake/rmoss_interfaces__rosidl_typesupport_cppExport.cmake
-- Installing: /home/nexium/ros_ws/install/rmoss_interfaces/share/rmoss_interfaces/cmake/rmoss_interfaces__rosidl_typesupport_cppExport-release.cmake
-- Installing: /home/nexium/ros_ws/install/rmoss_interfaces/share/rmoss_interfaces/cmake/export_rmoss_interfaces__rosidl_generator_pyExport.cmake
-- Installing: /home/nexium/ros_ws/install/rmoss_interfaces/share/rmoss_interfaces/cmake/export_rmoss_interfaces__rosidl_generator_pyExport-release.cmake
