[0.026s] Invoking command in '/home/nexium/ros_ws/build/rmoss_interfaces': CMAKE_PREFIX_PATH=/opt/ros/humble /usr/bin/cmake /home/nexium/ros_ws/src/rmoss_interfaces -DCMAKE_BUILD_TYPE=release -DAMENT_CMAKE_SYMLINK_INSTALL=1 -DCMAKE_INSTALL_PREFIX=/home/nexium/ros_ws/install/rmoss_interfaces
[0.565s] -- The C compiler identification is GNU 11.4.0
[0.566s] -- The CXX compiler identification is GNU 11.4.0
[0.566s] -- Detecting C compiler ABI info
[0.566s] -- Detecting C compiler ABI info - done
[0.566s] -- Check for working C compiler: /usr/bin/cc - skipped
[0.566s] -- Detecting C compile features
[0.566s] -- Detecting C compile features - done
[0.566s] -- Detecting CXX compiler ABI info
[0.566s] -- Detecting CXX compiler ABI info - done
[0.566s] -- Check for working CXX compiler: /usr/bin/c++ - skipped
[0.567s] -- Detecting CXX compile features
[0.567s] -- Detecting CXX compile features - done
[0.567s] -- Found ament_cmake: 1.3.12 (/opt/ros/humble/share/ament_cmake/cmake)
[0.567s] -- Found Python3: /usr/bin/python3 (found version "3.10.12") found components: Interpreter 
[0.567s] -- Override CMake install command with custom implementation using symlinks instead of copying resources
[0.567s] -- Found builtin_interfaces: 1.2.2 (/opt/ros/humble/share/builtin_interfaces/cmake)
[0.567s] -- Found rosidl_generator_c: 3.1.8 (/opt/ros/humble/share/rosidl_generator_c/cmake)
[0.567s] -- Found rosidl_adapter: 3.1.8 (/opt/ros/humble/share/rosidl_adapter/cmake)
[0.567s] -- Found rosidl_generator_cpp: 3.1.8 (/opt/ros/humble/share/rosidl_generator_cpp/cmake)
[0.567s] -- Using all available rosidl_typesupport_c: rosidl_typesupport_fastrtps_c;rosidl_typesupport_introspection_c
[0.567s] -- Using all available rosidl_typesupport_cpp: rosidl_typesupport_fastrtps_cpp;rosidl_typesupport_introspection_cpp
[0.567s] -- Found geometry_msgs: 4.9.0 (/opt/ros/humble/share/geometry_msgs/cmake)
[0.574s] -- Found sensor_msgs: 4.9.0 (/opt/ros/humble/share/sensor_msgs/cmake)
[0.597s] -- Found rosidl_default_generators: 1.2.0 (/opt/ros/humble/share/rosidl_default_generators/cmake)
[1.181s] -- Found ament_cmake_ros: 0.10.0 (/opt/ros/humble/share/ament_cmake_ros/cmake)
[1.743s] -- Using all available rosidl_typesupport_c: rosidl_typesupport_fastrtps_c;rosidl_typesupport_introspection_c
[2.098s] -- Using all available rosidl_typesupport_cpp: rosidl_typesupport_fastrtps_cpp;rosidl_typesupport_introspection_cpp
[2.157s] -- Found PythonInterp: /usr/bin/python3 (found suitable version "3.10.12", minimum required is "3.6") 
[2.160s] -- Found python_cmake_module: 0.10.0 (/opt/ros/humble/share/python_cmake_module/cmake)
[2.218s] -- Found PythonLibs: /usr/lib/x86_64-linux-gnu/libpython3.10.so (found suitable version "3.10.12", minimum required is "3.5") 
[2.222s] -- Using PYTHON_EXECUTABLE: /usr/bin/python3
[2.223s] -- Using PYTHON_INCLUDE_DIRS: /usr/include/python3.10
[2.223s] -- Using PYTHON_LIBRARIES: /usr/lib/x86_64-linux-gnu/libpython3.10.so
[2.264s] -- Found PythonExtra: .so  
[2.412s] -- Configuring done
[2.515s] -- Generating done
[2.539s] -- Build files have been written to: /home/nexium/ros_ws/build/rmoss_interfaces
[2.572s] Invoked command in '/home/nexium/ros_ws/build/rmoss_interfaces' returned '0': CMAKE_PREFIX_PATH=/opt/ros/humble /usr/bin/cmake /home/nexium/ros_ws/src/rmoss_interfaces -DCMAKE_BUILD_TYPE=release -DAMENT_CMAKE_SYMLINK_INSTALL=1 -DCMAKE_INSTALL_PREFIX=/home/nexium/ros_ws/install/rmoss_interfaces
[2.580s] Invoking command in '/home/nexium/ros_ws/build/rmoss_interfaces': CMAKE_PREFIX_PATH=/opt/ros/humble /usr/bin/cmake --build /home/nexium/ros_ws/build/rmoss_interfaces -- -j12 -l12
[5.203s] [  0%] [34m[1mGenerating C code for ROS interfaces[0m
[5.203s] [  0%] [34m[1mGenerating C++ code for ROS interfaces[0m
[5.204s] [  0%] Built target ament_cmake_python_symlink_rmoss_interfaces
[5.204s] running egg_info
[5.204s] creating rmoss_interfaces.egg-info
[5.204s] writing rmoss_interfaces.egg-info/PKG-INFO
[5.204s] writing dependency_links to rmoss_interfaces.egg-info/dependency_links.txt
[5.204s] writing top-level names to rmoss_interfaces.egg-info/top_level.txt
[5.204s] writing manifest file 'rmoss_interfaces.egg-info/SOURCES.txt'
[5.204s] reading manifest file 'rmoss_interfaces.egg-info/SOURCES.txt'
[5.204s] writing manifest file 'rmoss_interfaces.egg-info/SOURCES.txt'
[5.204s] [  0%] Built target ament_cmake_python_build_rmoss_interfaces_egg
[10.193s] [  1%] [32mBuilding C object CMakeFiles/rmoss_interfaces__rosidl_generator_c.dir/rosidl_generator_c/rmoss_interfaces/msg/detail/game_status__functions.c.o[0m
[10.193s] [  2%] [32mBuilding C object CMakeFiles/rmoss_interfaces__rosidl_generator_c.dir/rosidl_generator_c/rmoss_interfaces/msg/detail/referee_cmd__functions.c.o[0m
[10.201s] [  2%] [32mBuilding C object CMakeFiles/rmoss_interfaces__rosidl_generator_c.dir/rosidl_generator_c/rmoss_interfaces/msg/detail/robot_status__functions.c.o[0m
[10.211s] [  3%] [32mBuilding C object CMakeFiles/rmoss_interfaces__rosidl_generator_c.dir/rosidl_generator_c/rmoss_interfaces/msg/detail/rfid_status__functions.c.o[0m
[10.234s] [  4%] [32mBuilding C object CMakeFiles/rmoss_interfaces__rosidl_generator_c.dir/rosidl_generator_c/rmoss_interfaces/msg/detail/rfid_status_array__functions.c.o[0m
[10.238s] [  4%] [32mBuilding C object CMakeFiles/rmoss_interfaces__rosidl_generator_c.dir/rosidl_generator_c/rmoss_interfaces/msg/detail/exchange_ammon__functions.c.o[0m
[10.246s] [  5%] [32mBuilding C object CMakeFiles/rmoss_interfaces__rosidl_generator_c.dir/rosidl_generator_c/rmoss_interfaces/msg/detail/gimbal_cmd__functions.c.o[0m
[10.248s] [  5%] [32mBuilding C object CMakeFiles/rmoss_interfaces__rosidl_generator_c.dir/rosidl_generator_c/rmoss_interfaces/msg/detail/gimbal__functions.c.o[0m
[10.260s] [  6%] [32mBuilding C object CMakeFiles/rmoss_interfaces__rosidl_generator_c.dir/rosidl_generator_c/rmoss_interfaces/msg/detail/shoot_cmd__functions.c.o[0m
[10.275s] [  7%] [32mBuilding C object CMakeFiles/rmoss_interfaces__rosidl_generator_c.dir/rosidl_generator_c/rmoss_interfaces/msg/detail/chassis_cmd__functions.c.o[0m
[10.275s] [  7%] [32mBuilding C object CMakeFiles/rmoss_interfaces__rosidl_generator_c.dir/rosidl_generator_c/rmoss_interfaces/srv/detail/set_color__functions.c.o[0m
[10.541s] [  8%] [32mBuilding C object CMakeFiles/rmoss_interfaces__rosidl_generator_c.dir/rosidl_generator_c/rmoss_interfaces/srv/detail/set_mode__functions.c.o[0m
[10.614s] [  9%] [32mBuilding C object CMakeFiles/rmoss_interfaces__rosidl_generator_c.dir/rosidl_generator_c/rmoss_interfaces/srv/detail/get_mode__functions.c.o[0m
[10.671s] [  9%] [32mBuilding C object CMakeFiles/rmoss_interfaces__rosidl_generator_c.dir/rosidl_generator_c/rmoss_interfaces/srv/detail/get_camera_info__functions.c.o[0m
[10.692s] [ 10%] [32mBuilding C object CMakeFiles/rmoss_interfaces__rosidl_generator_c.dir/rosidl_generator_c/rmoss_interfaces/srv/detail/get_task_status__functions.c.o[0m
[10.726s] [ 11%] [32mBuilding C object CMakeFiles/rmoss_interfaces__rosidl_generator_c.dir/rosidl_generator_c/rmoss_interfaces/srv/detail/exchange_ammon__functions.c.o[0m
[10.740s] [ 11%] [32mBuilding C object CMakeFiles/rmoss_interfaces__rosidl_generator_c.dir/rosidl_generator_c/rmoss_interfaces/srv/detail/control_task__functions.c.o[0m
[11.245s] [ 11%] Built target rmoss_interfaces__cpp
[11.279s] [ 12%] [34m[1mGenerating C++ type support for eProsima Fast-RTPS[0m
[11.284s] [ 12%] [34m[1mGenerating C++ introspection for ROS interfaces[0m
[11.286s] [ 13%] [34m[1mGenerating C++ type support dispatch for ROS interfaces[0m
[11.333s] [ 14%] [32m[1mLinking C shared library librmoss_interfaces__rosidl_generator_c.so[0m
[11.460s] [ 14%] Built target rmoss_interfaces__rosidl_generator_c
[11.494s] [ 15%] [34m[1mGenerating C type support for eProsima Fast-RTPS[0m
[11.494s] [ 16%] [34m[1mGenerating C introspection for ROS interfaces[0m
[11.515s] [ 17%] [34m[1mGenerating C type support dispatch for ROS interfaces[0m
[14.340s] [ 18%] [32mBuilding CXX object CMakeFiles/rmoss_interfaces__rosidl_typesupport_fastrtps_cpp.dir/rosidl_typesupport_fastrtps_cpp/rmoss_interfaces/msg/detail/dds_fastrtps/referee_cmd__type_support.cpp.o[0m
[14.350s] [ 19%] [32mBuilding CXX object CMakeFiles/rmoss_interfaces__rosidl_typesupport_fastrtps_cpp.dir/rosidl_typesupport_fastrtps_cpp/rmoss_interfaces/msg/detail/dds_fastrtps/robot_status__type_support.cpp.o[0m
[14.354s] [ 19%] [32mBuilding CXX object CMakeFiles/rmoss_interfaces__rosidl_typesupport_fastrtps_cpp.dir/rosidl_typesupport_fastrtps_cpp/rmoss_interfaces/msg/detail/dds_fastrtps/game_status__type_support.cpp.o[0m
[14.371s] [ 19%] [32mBuilding CXX object CMakeFiles/rmoss_interfaces__rosidl_typesupport_fastrtps_cpp.dir/rosidl_typesupport_fastrtps_cpp/rmoss_interfaces/msg/detail/dds_fastrtps/rfid_status_array__type_support.cpp.o[0m
[14.371s] [ 21%] [32mBuilding CXX object CMakeFiles/rmoss_interfaces__rosidl_typesupport_fastrtps_cpp.dir/rosidl_typesupport_fastrtps_cpp/rmoss_interfaces/msg/detail/dds_fastrtps/rfid_status__type_support.cpp.o[0m
[14.374s] [ 20%] [32mBuilding CXX object CMakeFiles/rmoss_interfaces__rosidl_typesupport_fastrtps_cpp.dir/rosidl_typesupport_fastrtps_cpp/rmoss_interfaces/msg/detail/dds_fastrtps/exchange_ammon__type_support.cpp.o[0m
[14.396s] [ 21%] [32mBuilding CXX object CMakeFiles/rmoss_interfaces__rosidl_typesupport_fastrtps_cpp.dir/rosidl_typesupport_fastrtps_cpp/rmoss_interfaces/msg/detail/dds_fastrtps/gimbal__type_support.cpp.o[0m
[15.045s] [ 22%] [32mBuilding CXX object CMakeFiles/rmoss_interfaces__rosidl_typesupport_fastrtps_cpp.dir/rosidl_typesupport_fastrtps_cpp/rmoss_interfaces/msg/detail/dds_fastrtps/gimbal_cmd__type_support.cpp.o[0m
[15.625s] [ 22%] [32mBuilding CXX object CMakeFiles/rmoss_interfaces__rosidl_typesupport_cpp.dir/rosidl_typesupport_cpp/rmoss_interfaces/msg/referee_cmd__type_support.cpp.o[0m
[16.132s] [ 22%] [32mBuilding CXX object CMakeFiles/rmoss_interfaces__rosidl_typesupport_c.dir/rosidl_typesupport_c/rmoss_interfaces/msg/referee_cmd__type_support.cpp.o[0m
[16.178s] [ 23%] [32mBuilding CXX object CMakeFiles/rmoss_interfaces__rosidl_typesupport_fastrtps_cpp.dir/rosidl_typesupport_fastrtps_cpp/rmoss_interfaces/msg/detail/dds_fastrtps/shoot_cmd__type_support.cpp.o[0m
[16.254s] [ 24%] [32mBuilding CXX object CMakeFiles/rmoss_interfaces__rosidl_typesupport_c.dir/rosidl_typesupport_c/rmoss_interfaces/msg/game_status__type_support.cpp.o[0m
[16.302s] [ 25%] [32mBuilding CXX object CMakeFiles/rmoss_interfaces__rosidl_typesupport_c.dir/rosidl_typesupport_c/rmoss_interfaces/msg/robot_status__type_support.cpp.o[0m
[16.386s] [ 25%] [32mBuilding CXX object CMakeFiles/rmoss_interfaces__rosidl_typesupport_c.dir/rosidl_typesupport_c/rmoss_interfaces/msg/rfid_status__type_support.cpp.o[0m
[16.442s] [ 25%] [32mBuilding CXX object CMakeFiles/rmoss_interfaces__rosidl_typesupport_fastrtps_cpp.dir/rosidl_typesupport_fastrtps_cpp/rmoss_interfaces/msg/detail/dds_fastrtps/chassis_cmd__type_support.cpp.o[0m
[16.488s] [ 26%] [32mBuilding CXX object CMakeFiles/rmoss_interfaces__rosidl_typesupport_c.dir/rosidl_typesupport_c/rmoss_interfaces/msg/rfid_status_array__type_support.cpp.o[0m
[16.508s] [ 26%] [32mBuilding CXX object CMakeFiles/rmoss_interfaces__rosidl_typesupport_c.dir/rosidl_typesupport_c/rmoss_interfaces/msg/exchange_ammon__type_support.cpp.o[0m
[16.577s] [ 27%] [32mBuilding CXX object CMakeFiles/rmoss_interfaces__rosidl_typesupport_fastrtps_cpp.dir/rosidl_typesupport_fastrtps_cpp/rmoss_interfaces/srv/detail/dds_fastrtps/set_color__type_support.cpp.o[0m
[16.579s] [ 28%] [32mBuilding CXX object CMakeFiles/rmoss_interfaces__rosidl_typesupport_fastrtps_cpp.dir/rosidl_typesupport_fastrtps_cpp/rmoss_interfaces/srv/detail/dds_fastrtps/set_mode__type_support.cpp.o[0m
[16.614s] [ 28%] [32mBuilding CXX object CMakeFiles/rmoss_interfaces__rosidl_typesupport_fastrtps_cpp.dir/rosidl_typesupport_fastrtps_cpp/rmoss_interfaces/srv/detail/dds_fastrtps/get_mode__type_support.cpp.o[0m
[16.640s] [ 29%] [32mBuilding CXX object CMakeFiles/rmoss_interfaces__rosidl_typesupport_c.dir/rosidl_typesupport_c/rmoss_interfaces/msg/gimbal__type_support.cpp.o[0m
[16.667s] [ 30%] [32mBuilding CXX object CMakeFiles/rmoss_interfaces__rosidl_typesupport_fastrtps_cpp.dir/rosidl_typesupport_fastrtps_cpp/rmoss_interfaces/srv/detail/dds_fastrtps/get_camera_info__type_support.cpp.o[0m
[16.856s] [ 31%] [32mBuilding CXX object CMakeFiles/rmoss_interfaces__rosidl_typesupport_c.dir/rosidl_typesupport_c/rmoss_interfaces/msg/gimbal_cmd__type_support.cpp.o[0m
[16.996s] [ 31%] [32mBuilding CXX object CMakeFiles/rmoss_interfaces__rosidl_typesupport_c.dir/rosidl_typesupport_c/rmoss_interfaces/msg/shoot_cmd__type_support.cpp.o[0m
[17.183s] [ 32%] [32mBuilding CXX object CMakeFiles/rmoss_interfaces__rosidl_typesupport_c.dir/rosidl_typesupport_c/rmoss_interfaces/msg/chassis_cmd__type_support.cpp.o[0m
[17.219s] [ 33%] [32mBuilding CXX object CMakeFiles/rmoss_interfaces__rosidl_typesupport_cpp.dir/rosidl_typesupport_cpp/rmoss_interfaces/msg/game_status__type_support.cpp.o[0m
[17.368s] [ 34%] [32mBuilding CXX object CMakeFiles/rmoss_interfaces__rosidl_typesupport_c.dir/rosidl_typesupport_c/rmoss_interfaces/srv/set_color__type_support.cpp.o[0m
[17.495s] [ 35%] [32mBuilding CXX object CMakeFiles/rmoss_interfaces__rosidl_typesupport_cpp.dir/rosidl_typesupport_cpp/rmoss_interfaces/msg/robot_status__type_support.cpp.o[0m
[17.596s] [ 35%] [32mBuilding CXX object CMakeFiles/rmoss_interfaces__rosidl_typesupport_c.dir/rosidl_typesupport_c/rmoss_interfaces/srv/set_mode__type_support.cpp.o[0m
[17.779s] [ 36%] [32mBuilding CXX object CMakeFiles/rmoss_interfaces__rosidl_typesupport_c.dir/rosidl_typesupport_c/rmoss_interfaces/srv/get_mode__type_support.cpp.o[0m
[17.930s] [ 36%] [32mBuilding CXX object CMakeFiles/rmoss_interfaces__rosidl_typesupport_cpp.dir/rosidl_typesupport_cpp/rmoss_interfaces/msg/rfid_status__type_support.cpp.o[0m
[17.988s] [ 36%] [32mBuilding CXX object CMakeFiles/rmoss_interfaces__rosidl_typesupport_c.dir/rosidl_typesupport_c/rmoss_interfaces/srv/get_camera_info__type_support.cpp.o[0m
[18.000s] [ 37%] [32mBuilding CXX object CMakeFiles/rmoss_interfaces__rosidl_typesupport_c.dir/rosidl_typesupport_c/rmoss_interfaces/srv/get_task_status__type_support.cpp.o[0m
[18.152s] [ 38%] [32mBuilding CXX object CMakeFiles/rmoss_interfaces__rosidl_typesupport_cpp.dir/rosidl_typesupport_cpp/rmoss_interfaces/msg/rfid_status_array__type_support.cpp.o[0m
[18.172s] [ 39%] [32mBuilding CXX object CMakeFiles/rmoss_interfaces__rosidl_typesupport_c.dir/rosidl_typesupport_c/rmoss_interfaces/srv/control_task__type_support.cpp.o[0m
[18.236s] [ 39%] [32mBuilding CXX object CMakeFiles/rmoss_interfaces__rosidl_typesupport_c.dir/rosidl_typesupport_c/rmoss_interfaces/srv/exchange_ammon__type_support.cpp.o[0m
[18.360s] [ 40%] [32mBuilding CXX object CMakeFiles/rmoss_interfaces__rosidl_typesupport_cpp.dir/rosidl_typesupport_cpp/rmoss_interfaces/msg/exchange_ammon__type_support.cpp.o[0m
[18.373s] [ 40%] [32mBuilding CXX object CMakeFiles/rmoss_interfaces__rosidl_typesupport_fastrtps_cpp.dir/rosidl_typesupport_fastrtps_cpp/rmoss_interfaces/srv/detail/dds_fastrtps/get_task_status__type_support.cpp.o[0m
[18.409s] [ 41%] [32m[1mLinking CXX shared library librmoss_interfaces__rosidl_typesupport_c.so[0m
[18.701s] [ 41%] Built target rmoss_interfaces__rosidl_typesupport_c
[18.761s] [ 42%] [32mBuilding CXX object CMakeFiles/rmoss_interfaces__rosidl_typesupport_fastrtps_cpp.dir/rosidl_typesupport_fastrtps_cpp/rmoss_interfaces/srv/detail/dds_fastrtps/control_task__type_support.cpp.o[0m
[18.784s] [ 43%] [32mBuilding C object CMakeFiles/rmoss_interfaces__rosidl_typesupport_introspection_c.dir/rosidl_typesupport_introspection_c/rmoss_interfaces/msg/detail/referee_cmd__type_support.c.o[0m
[18.850s] [ 43%] [32mBuilding CXX object CMakeFiles/rmoss_interfaces__rosidl_typesupport_fastrtps_c.dir/rosidl_typesupport_fastrtps_c/rmoss_interfaces/msg/detail/referee_cmd__type_support_c.cpp.o[0m
[18.909s] [ 43%] [32mBuilding CXX object CMakeFiles/rmoss_interfaces__rosidl_typesupport_cpp.dir/rosidl_typesupport_cpp/rmoss_interfaces/msg/gimbal__type_support.cpp.o[0m
[18.911s] [ 44%] [32mBuilding CXX object CMakeFiles/rmoss_interfaces__rosidl_typesupport_fastrtps_c.dir/rosidl_typesupport_fastrtps_c/rmoss_interfaces/msg/detail/game_status__type_support_c.cpp.o[0m
[18.981s] [ 44%] [32mBuilding C object CMakeFiles/rmoss_interfaces__rosidl_typesupport_introspection_c.dir/rosidl_typesupport_introspection_c/rmoss_interfaces/msg/detail/game_status__type_support.c.o[0m
[19.009s] [ 45%] [32mBuilding C object CMakeFiles/rmoss_interfaces__rosidl_typesupport_introspection_c.dir/rosidl_typesupport_introspection_c/rmoss_interfaces/msg/detail/robot_status__type_support.c.o[0m
[19.143s] [ 46%] [32mBuilding CXX object CMakeFiles/rmoss_interfaces__rosidl_typesupport_cpp.dir/rosidl_typesupport_cpp/rmoss_interfaces/msg/gimbal_cmd__type_support.cpp.o[0m
[19.155s] [ 47%] [32mBuilding CXX object CMakeFiles/rmoss_interfaces__rosidl_typesupport_introspection_cpp.dir/rosidl_typesupport_introspection_cpp/rmoss_interfaces/msg/detail/referee_cmd__type_support.cpp.o[0m
[19.231s] [ 48%] [32mBuilding CXX object CMakeFiles/rmoss_interfaces__rosidl_typesupport_fastrtps_cpp.dir/rosidl_typesupport_fastrtps_cpp/rmoss_interfaces/srv/detail/dds_fastrtps/exchange_ammon__type_support.cpp.o[0m
[19.354s] [ 48%] [32mBuilding C object CMakeFiles/rmoss_interfaces__rosidl_typesupport_introspection_c.dir/rosidl_typesupport_introspection_c/rmoss_interfaces/msg/detail/rfid_status__type_support.c.o[0m
[19.501s] [ 49%] [32mBuilding C object CMakeFiles/rmoss_interfaces__rosidl_typesupport_introspection_c.dir/rosidl_typesupport_introspection_c/rmoss_interfaces/msg/detail/rfid_status_array__type_support.c.o[0m
[19.554s] [ 50%] [32mBuilding CXX object CMakeFiles/rmoss_interfaces__rosidl_typesupport_cpp.dir/rosidl_typesupport_cpp/rmoss_interfaces/msg/shoot_cmd__type_support.cpp.o[0m
[19.709s] [ 51%] [32mBuilding CXX object CMakeFiles/rmoss_interfaces__rosidl_typesupport_fastrtps_c.dir/rosidl_typesupport_fastrtps_c/rmoss_interfaces/msg/detail/robot_status__type_support_c.cpp.o[0m
[19.754s] [ 52%] [32mBuilding C object CMakeFiles/rmoss_interfaces__rosidl_typesupport_introspection_c.dir/rosidl_typesupport_introspection_c/rmoss_interfaces/msg/detail/exchange_ammon__type_support.c.o[0m
[19.797s] [ 52%] [32mBuilding CXX object CMakeFiles/rmoss_interfaces__rosidl_typesupport_introspection_cpp.dir/rosidl_typesupport_introspection_cpp/rmoss_interfaces/msg/detail/game_status__type_support.cpp.o[0m
[19.957s] [ 52%] [32mBuilding C object CMakeFiles/rmoss_interfaces__rosidl_typesupport_introspection_c.dir/rosidl_typesupport_introspection_c/rmoss_interfaces/msg/detail/gimbal__type_support.c.o[0m
[20.149s] [ 53%] [32mBuilding C object CMakeFiles/rmoss_interfaces__rosidl_typesupport_introspection_c.dir/rosidl_typesupport_introspection_c/rmoss_interfaces/msg/detail/gimbal_cmd__type_support.c.o[0m
[20.285s] [ 54%] [32mBuilding C object CMakeFiles/rmoss_interfaces__rosidl_typesupport_introspection_c.dir/rosidl_typesupport_introspection_c/rmoss_interfaces/msg/detail/shoot_cmd__type_support.c.o[0m
[20.415s] [ 54%] [32mBuilding CXX object CMakeFiles/rmoss_interfaces__rosidl_typesupport_cpp.dir/rosidl_typesupport_cpp/rmoss_interfaces/msg/chassis_cmd__type_support.cpp.o[0m
[20.492s] [ 54%] [32mBuilding C object CMakeFiles/rmoss_interfaces__rosidl_typesupport_introspection_c.dir/rosidl_typesupport_introspection_c/rmoss_interfaces/msg/detail/chassis_cmd__type_support.c.o[0m
[20.604s] [ 55%] [32mBuilding CXX object CMakeFiles/rmoss_interfaces__rosidl_typesupport_cpp.dir/rosidl_typesupport_cpp/rmoss_interfaces/srv/set_color__type_support.cpp.o[0m
[20.631s] [ 56%] [32mBuilding C object CMakeFiles/rmoss_interfaces__rosidl_typesupport_introspection_c.dir/rosidl_typesupport_introspection_c/rmoss_interfaces/srv/detail/set_color__type_support.c.o[0m
[20.882s] [ 57%] [32mBuilding C object CMakeFiles/rmoss_interfaces__rosidl_typesupport_introspection_c.dir/rosidl_typesupport_introspection_c/rmoss_interfaces/srv/detail/set_mode__type_support.c.o[0m
[20.978s] [ 57%] [32mBuilding C object CMakeFiles/rmoss_interfaces__rosidl_typesupport_introspection_c.dir/rosidl_typesupport_introspection_c/rmoss_interfaces/srv/detail/get_mode__type_support.c.o[0m
[21.043s] [ 58%] [32mBuilding CXX object CMakeFiles/rmoss_interfaces__rosidl_typesupport_introspection_cpp.dir/rosidl_typesupport_introspection_cpp/rmoss_interfaces/msg/detail/robot_status__type_support.cpp.o[0m
[21.114s] [ 59%] [32mBuilding C object CMakeFiles/rmoss_interfaces__rosidl_typesupport_introspection_c.dir/rosidl_typesupport_introspection_c/rmoss_interfaces/srv/detail/get_camera_info__type_support.c.o[0m
[21.208s] [ 59%] [32mBuilding CXX object CMakeFiles/rmoss_interfaces__rosidl_typesupport_cpp.dir/rosidl_typesupport_cpp/rmoss_interfaces/srv/set_mode__type_support.cpp.o[0m
[21.396s] [ 60%] [32mBuilding CXX object CMakeFiles/rmoss_interfaces__rosidl_typesupport_introspection_cpp.dir/rosidl_typesupport_introspection_cpp/rmoss_interfaces/msg/detail/rfid_status__type_support.cpp.o[0m
[21.445s] [ 61%] [32mBuilding C object CMakeFiles/rmoss_interfaces__rosidl_typesupport_introspection_c.dir/rosidl_typesupport_introspection_c/rmoss_interfaces/srv/detail/control_task__type_support.c.o[0m
[21.461s] [ 61%] [32mBuilding C object CMakeFiles/rmoss_interfaces__rosidl_typesupport_introspection_c.dir/rosidl_typesupport_introspection_c/rmoss_interfaces/srv/detail/get_task_status__type_support.c.o[0m
[21.525s] [ 61%] [32mBuilding CXX object CMakeFiles/rmoss_interfaces__rosidl_typesupport_fastrtps_c.dir/rosidl_typesupport_fastrtps_c/rmoss_interfaces/msg/detail/rfid_status__type_support_c.cpp.o[0m
[21.721s] [ 62%] [32mBuilding C object CMakeFiles/rmoss_interfaces__rosidl_typesupport_introspection_c.dir/rosidl_typesupport_introspection_c/rmoss_interfaces/srv/detail/exchange_ammon__type_support.c.o[0m
[21.744s] [ 62%] [32mBuilding CXX object CMakeFiles/rmoss_interfaces__rosidl_typesupport_introspection_cpp.dir/rosidl_typesupport_introspection_cpp/rmoss_interfaces/msg/detail/rfid_status_array__type_support.cpp.o[0m
[21.763s] [ 62%] [32m[1mLinking CXX shared library librmoss_interfaces__rosidl_typesupport_fastrtps_cpp.so[0m
[21.798s] [ 63%] [32mBuilding CXX object CMakeFiles/rmoss_interfaces__rosidl_typesupport_cpp.dir/rosidl_typesupport_cpp/rmoss_interfaces/srv/get_mode__type_support.cpp.o[0m
[21.808s] [ 64%] [32mBuilding CXX object CMakeFiles/rmoss_interfaces__rosidl_typesupport_introspection_cpp.dir/rosidl_typesupport_introspection_cpp/rmoss_interfaces/msg/detail/exchange_ammon__type_support.cpp.o[0m
[22.069s] [ 64%] [32m[1mLinking C shared library librmoss_interfaces__rosidl_typesupport_introspection_c.so[0m
[22.137s] [ 65%] [32mBuilding CXX object CMakeFiles/rmoss_interfaces__rosidl_typesupport_fastrtps_c.dir/rosidl_typesupport_fastrtps_c/rmoss_interfaces/msg/detail/rfid_status_array__type_support_c.cpp.o[0m
[22.236s] [ 66%] [32mBuilding CXX object CMakeFiles/rmoss_interfaces__rosidl_typesupport_fastrtps_c.dir/rosidl_typesupport_fastrtps_c/rmoss_interfaces/msg/detail/exchange_ammon__type_support_c.cpp.o[0m
[22.294s] [ 66%] Built target rmoss_interfaces__rosidl_typesupport_introspection_c
[22.365s] [ 67%] [32mBuilding CXX object CMakeFiles/rmoss_interfaces__rosidl_typesupport_cpp.dir/rosidl_typesupport_cpp/rmoss_interfaces/srv/get_camera_info__type_support.cpp.o[0m
[22.365s] [ 68%] [32mBuilding CXX object CMakeFiles/rmoss_interfaces__rosidl_typesupport_introspection_cpp.dir/rosidl_typesupport_introspection_cpp/rmoss_interfaces/msg/detail/gimbal__type_support.cpp.o[0m
[22.398s] [ 68%] Built target rmoss_interfaces__rosidl_typesupport_fastrtps_cpp
[22.448s] [ 68%] [32mBuilding CXX object CMakeFiles/rmoss_interfaces__rosidl_typesupport_fastrtps_c.dir/rosidl_typesupport_fastrtps_c/rmoss_interfaces/msg/detail/gimbal__type_support_c.cpp.o[0m
[22.633s] [ 68%] [32mBuilding CXX object CMakeFiles/rmoss_interfaces__rosidl_typesupport_introspection_cpp.dir/rosidl_typesupport_introspection_cpp/rmoss_interfaces/msg/detail/gimbal_cmd__type_support.cpp.o[0m
[23.093s] [ 68%] [32mBuilding CXX object CMakeFiles/rmoss_interfaces__rosidl_typesupport_cpp.dir/rosidl_typesupport_cpp/rmoss_interfaces/srv/get_task_status__type_support.cpp.o[0m
[23.448s] [ 69%] [32mBuilding CXX object CMakeFiles/rmoss_interfaces__rosidl_typesupport_fastrtps_c.dir/rosidl_typesupport_fastrtps_c/rmoss_interfaces/msg/detail/gimbal_cmd__type_support_c.cpp.o[0m
[23.638s] [ 70%] [32mBuilding CXX object CMakeFiles/rmoss_interfaces__rosidl_typesupport_cpp.dir/rosidl_typesupport_cpp/rmoss_interfaces/srv/control_task__type_support.cpp.o[0m
[23.968s] [ 70%] [32mBuilding CXX object CMakeFiles/rmoss_interfaces__rosidl_typesupport_fastrtps_c.dir/rosidl_typesupport_fastrtps_c/rmoss_interfaces/msg/detail/shoot_cmd__type_support_c.cpp.o[0m
[24.061s] [ 71%] [32mBuilding CXX object CMakeFiles/rmoss_interfaces__rosidl_typesupport_introspection_cpp.dir/rosidl_typesupport_introspection_cpp/rmoss_interfaces/msg/detail/shoot_cmd__type_support.cpp.o[0m
[24.261s] [ 72%] [32mBuilding CXX object CMakeFiles/rmoss_interfaces__rosidl_typesupport_cpp.dir/rosidl_typesupport_cpp/rmoss_interfaces/srv/exchange_ammon__type_support.cpp.o[0m
[24.492s] [ 73%] [32mBuilding CXX object CMakeFiles/rmoss_interfaces__rosidl_typesupport_fastrtps_c.dir/rosidl_typesupport_fastrtps_c/rmoss_interfaces/msg/detail/chassis_cmd__type_support_c.cpp.o[0m
[24.527s] [ 74%] [32mBuilding CXX object CMakeFiles/rmoss_interfaces__rosidl_typesupport_introspection_cpp.dir/rosidl_typesupport_introspection_cpp/rmoss_interfaces/srv/detail/set_color__type_support.cpp.o[0m
[24.531s] [ 74%] [32mBuilding CXX object CMakeFiles/rmoss_interfaces__rosidl_typesupport_introspection_cpp.dir/rosidl_typesupport_introspection_cpp/rmoss_interfaces/msg/detail/chassis_cmd__type_support.cpp.o[0m
[24.559s] [ 76%] [32mBuilding CXX object CMakeFiles/rmoss_interfaces__rosidl_typesupport_fastrtps_c.dir/rosidl_typesupport_fastrtps_c/rmoss_interfaces/srv/detail/set_color__type_support_c.cpp.o[0m
[24.559s] [ 76%] [32mBuilding CXX object CMakeFiles/rmoss_interfaces__rosidl_typesupport_introspection_cpp.dir/rosidl_typesupport_introspection_cpp/rmoss_interfaces/srv/detail/set_mode__type_support.cpp.o[0m
[24.617s] [ 76%] [32mBuilding CXX object CMakeFiles/rmoss_interfaces__rosidl_typesupport_fastrtps_c.dir/rosidl_typesupport_fastrtps_c/rmoss_interfaces/srv/detail/set_mode__type_support_c.cpp.o[0m
[24.644s] [ 77%] [32mBuilding CXX object CMakeFiles/rmoss_interfaces__rosidl_typesupport_fastrtps_c.dir/rosidl_typesupport_fastrtps_c/rmoss_interfaces/srv/detail/get_mode__type_support_c.cpp.o[0m
[25.088s] [ 78%] [32mBuilding CXX object CMakeFiles/rmoss_interfaces__rosidl_typesupport_fastrtps_c.dir/rosidl_typesupport_fastrtps_c/rmoss_interfaces/srv/detail/get_camera_info__type_support_c.cpp.o[0m
[25.182s] [ 78%] [32mBuilding CXX object CMakeFiles/rmoss_interfaces__rosidl_typesupport_introspection_cpp.dir/rosidl_typesupport_introspection_cpp/rmoss_interfaces/srv/detail/get_mode__type_support.cpp.o[0m
[26.153s] [ 78%] [32m[1mLinking CXX shared library librmoss_interfaces__rosidl_typesupport_cpp.so[0m
[26.390s] [ 78%] Built target rmoss_interfaces__rosidl_typesupport_cpp
[27.001s] [ 79%] [32mBuilding CXX object CMakeFiles/rmoss_interfaces__rosidl_typesupport_fastrtps_c.dir/rosidl_typesupport_fastrtps_c/rmoss_interfaces/srv/detail/exchange_ammon__type_support_c.cpp.o[0m
[27.283s] [ 80%] [32mBuilding CXX object CMakeFiles/rmoss_interfaces__rosidl_typesupport_introspection_cpp.dir/rosidl_typesupport_introspection_cpp/rmoss_interfaces/srv/detail/exchange_ammon__type_support.cpp.o[0m
[28.176s] [ 81%] [32mBuilding CXX object CMakeFiles/rmoss_interfaces__rosidl_typesupport_fastrtps_c.dir/rosidl_typesupport_fastrtps_c/rmoss_interfaces/srv/detail/control_task__type_support_c.cpp.o[0m
[28.265s] [ 81%] [32mBuilding CXX object CMakeFiles/rmoss_interfaces__rosidl_typesupport_introspection_cpp.dir/rosidl_typesupport_introspection_cpp/rmoss_interfaces/srv/detail/control_task__type_support.cpp.o[0m
[28.785s] [ 81%] [32mBuilding CXX object CMakeFiles/rmoss_interfaces__rosidl_typesupport_fastrtps_c.dir/rosidl_typesupport_fastrtps_c/rmoss_interfaces/srv/detail/get_task_status__type_support_c.cpp.o[0m
[28.841s] [ 82%] [32mBuilding CXX object CMakeFiles/rmoss_interfaces__rosidl_typesupport_introspection_cpp.dir/rosidl_typesupport_introspection_cpp/rmoss_interfaces/srv/detail/get_task_status__type_support.cpp.o[0m
[29.415s] [ 82%] [32m[1mLinking CXX shared library librmoss_interfaces__rosidl_typesupport_fastrtps_c.so[0m
[29.585s] [ 82%] Built target rmoss_interfaces__rosidl_typesupport_fastrtps_c
[29.749s] [ 83%] [32mBuilding CXX object CMakeFiles/rmoss_interfaces__rosidl_typesupport_introspection_cpp.dir/rosidl_typesupport_introspection_cpp/rmoss_interfaces/srv/detail/get_camera_info__type_support.cpp.o[0m
[30.352s] [ 84%] [32m[1mLinking CXX shared library librmoss_interfaces__rosidl_typesupport_introspection_cpp.so[0m
[30.536s] [ 84%] Built target rmoss_interfaces__rosidl_typesupport_introspection_cpp
[30.601s] [ 84%] Built target rmoss_interfaces
[30.671s] [ 85%] [34m[1mGenerating Python code for ROS interfaces[0m
[35.868s] [ 85%] Built target rmoss_interfaces__py
[35.901s] [ 85%] [32mBuilding C object CMakeFiles/rmoss_interfaces__rosidl_generator_py.dir/rosidl_generator_py/rmoss_interfaces/msg/_referee_cmd_s.c.o[0m
[36.077s] [ 85%] [32mBuilding C object CMakeFiles/rmoss_interfaces__rosidl_generator_py.dir/rosidl_generator_py/rmoss_interfaces/srv/_set_mode_s.c.o[0m
[36.270s] [ 86%] [32mBuilding C object CMakeFiles/rmoss_interfaces__rosidl_generator_py.dir/rosidl_generator_py/rmoss_interfaces/srv/_get_mode_s.c.o[0m
[36.461s] [ 87%] [32mBuilding C object CMakeFiles/rmoss_interfaces__rosidl_generator_py.dir/rosidl_generator_py/rmoss_interfaces/srv/_get_camera_info_s.c.o[0m
[36.649s] [ 87%] [32mBuilding C object CMakeFiles/rmoss_interfaces__rosidl_generator_py.dir/rosidl_generator_py/rmoss_interfaces/srv/_get_task_status_s.c.o[0m
[36.838s] [ 88%] [32mBuilding C object CMakeFiles/rmoss_interfaces__rosidl_generator_py.dir/rosidl_generator_py/rmoss_interfaces/srv/_control_task_s.c.o[0m
[37.025s] [ 88%] [32mBuilding C object CMakeFiles/rmoss_interfaces__rosidl_generator_py.dir/rosidl_generator_py/rmoss_interfaces/srv/_exchange_ammon_s.c.o[0m
[37.226s] [ 89%] [32mBuilding C object CMakeFiles/rmoss_interfaces__rosidl_generator_py.dir/rosidl_generator_py/rmoss_interfaces/srv/_set_color_s.c.o[0m
[37.413s] [ 90%] [32mBuilding C object CMakeFiles/rmoss_interfaces__rosidl_generator_py.dir/rosidl_generator_py/rmoss_interfaces/msg/_chassis_cmd_s.c.o[0m
[37.599s] [ 90%] [32mBuilding C object CMakeFiles/rmoss_interfaces__rosidl_generator_py.dir/rosidl_generator_py/rmoss_interfaces/msg/_shoot_cmd_s.c.o[0m
[37.763s] [ 91%] [32mBuilding C object CMakeFiles/rmoss_interfaces__rosidl_generator_py.dir/rosidl_generator_py/rmoss_interfaces/msg/_gimbal_cmd_s.c.o[0m
[37.903s] [ 92%] [32mBuilding C object CMakeFiles/rmoss_interfaces__rosidl_generator_py.dir/rosidl_generator_py/rmoss_interfaces/msg/_gimbal_s.c.o[0m
[38.074s] [ 92%] [32mBuilding C object CMakeFiles/rmoss_interfaces__rosidl_generator_py.dir/rosidl_generator_py/rmoss_interfaces/msg/_exchange_ammon_s.c.o[0m
[38.219s] [ 93%] [32mBuilding C object CMakeFiles/rmoss_interfaces__rosidl_generator_py.dir/rosidl_generator_py/rmoss_interfaces/msg/_rfid_status_array_s.c.o[0m
[38.405s] [ 93%] [32mBuilding C object CMakeFiles/rmoss_interfaces__rosidl_generator_py.dir/rosidl_generator_py/rmoss_interfaces/msg/_rfid_status_s.c.o[0m
[38.557s] [ 94%] [32mBuilding C object CMakeFiles/rmoss_interfaces__rosidl_generator_py.dir/rosidl_generator_py/rmoss_interfaces/msg/_robot_status_s.c.o[0m
[38.729s] [ 95%] [32mBuilding C object CMakeFiles/rmoss_interfaces__rosidl_generator_py.dir/rosidl_generator_py/rmoss_interfaces/msg/_game_status_s.c.o[0m
[38.908s] [ 96%] [32m[1mLinking C shared library rosidl_generator_py/rmoss_interfaces/librmoss_interfaces__rosidl_generator_py.so[0m
[38.985s] [ 96%] Built target rmoss_interfaces__rosidl_generator_py
[39.014s] [ 97%] [32mBuilding C object CMakeFiles/rmoss_interfaces__rosidl_typesupport_fastrtps_c__pyext.dir/rosidl_generator_py/rmoss_interfaces/_rmoss_interfaces_s.ep.rosidl_typesupport_fastrtps_c.c.o[0m
[39.627s] [ 97%] [32m[1mLinking C shared library rosidl_generator_py/rmoss_interfaces/rmoss_interfaces_s__rosidl_typesupport_fastrtps_c.cpython-310-x86_64-linux-gnu.so[0m
[39.694s] [ 97%] Built target rmoss_interfaces__rosidl_typesupport_fastrtps_c__pyext
[39.724s] [ 98%] [32mBuilding C object CMakeFiles/rmoss_interfaces__rosidl_typesupport_c__pyext.dir/rosidl_generator_py/rmoss_interfaces/_rmoss_interfaces_s.ep.rosidl_typesupport_c.c.o[0m
[40.274s] [ 98%] [32m[1mLinking C shared library rosidl_generator_py/rmoss_interfaces/rmoss_interfaces_s__rosidl_typesupport_c.cpython-310-x86_64-linux-gnu.so[0m
[40.322s] [ 98%] Built target rmoss_interfaces__rosidl_typesupport_c__pyext
[40.349s] [ 99%] [32mBuilding C object CMakeFiles/rmoss_interfaces__rosidl_typesupport_introspection_c__pyext.dir/rosidl_generator_py/rmoss_interfaces/_rmoss_interfaces_s.ep.rosidl_typesupport_introspection_c.c.o[0m
[40.952s] [100%] [32m[1mLinking C shared library rosidl_generator_py/rmoss_interfaces/rmoss_interfaces_s__rosidl_typesupport_introspection_c.cpython-310-x86_64-linux-gnu.so[0m
[40.992s] [100%] Built target rmoss_interfaces__rosidl_typesupport_introspection_c__pyext
[41.015s] Invoked command in '/home/nexium/ros_ws/build/rmoss_interfaces' returned '0': CMAKE_PREFIX_PATH=/opt/ros/humble /usr/bin/cmake --build /home/nexium/ros_ws/build/rmoss_interfaces -- -j12 -l12
[41.023s] Invoking command in '/home/nexium/ros_ws/build/rmoss_interfaces': CMAKE_PREFIX_PATH=/opt/ros/humble /usr/bin/cmake --install /home/nexium/ros_ws/build/rmoss_interfaces
[41.078s] -- Install configuration: "release"
[41.079s] -- Execute custom install script
[41.079s] -- Symlinking: /home/nexium/ros_ws/install/rmoss_interfaces/share/ament_index/resource_index/rosidl_interfaces/rmoss_interfaces
[41.079s] -- Symlinking: /home/nexium/ros_ws/install/rmoss_interfaces/include/rmoss_interfaces/rmoss_interfaces/msg/chassis_cmd.h
[41.079s] -- Symlinking: /home/nexium/ros_ws/install/rmoss_interfaces/include/rmoss_interfaces/rmoss_interfaces/msg/detail/chassis_cmd__functions.h
[41.079s] -- Symlinking: /home/nexium/ros_ws/install/rmoss_interfaces/include/rmoss_interfaces/rmoss_interfaces/msg/detail/chassis_cmd__struct.h
[41.091s] -- Symlinking: /home/nexium/ros_ws/install/rmoss_interfaces/include/rmoss_interfaces/rmoss_interfaces/msg/detail/chassis_cmd__type_support.h
[41.102s] -- Symlinking: /home/nexium/ros_ws/install/rmoss_interfaces/include/rmoss_interfaces/rmoss_interfaces/msg/detail/exchange_ammon__functions.h
[41.115s] -- Symlinking: /home/nexium/ros_ws/install/rmoss_interfaces/include/rmoss_interfaces/rmoss_interfaces/msg/detail/exchange_ammon__struct.h
[41.128s] -- Symlinking: /home/nexium/ros_ws/install/rmoss_interfaces/include/rmoss_interfaces/rmoss_interfaces/msg/detail/exchange_ammon__type_support.h
[41.142s] -- Symlinking: /home/nexium/ros_ws/install/rmoss_interfaces/include/rmoss_interfaces/rmoss_interfaces/msg/detail/game_status__functions.h
[41.157s] -- Symlinking: /home/nexium/ros_ws/install/rmoss_interfaces/include/rmoss_interfaces/rmoss_interfaces/msg/detail/game_status__struct.h
[41.169s] -- Symlinking: /home/nexium/ros_ws/install/rmoss_interfaces/include/rmoss_interfaces/rmoss_interfaces/msg/detail/game_status__type_support.h
[41.190s] -- Symlinking: /home/nexium/ros_ws/install/rmoss_interfaces/include/rmoss_interfaces/rmoss_interfaces/msg/detail/gimbal__functions.h
[41.203s] -- Symlinking: /home/nexium/ros_ws/install/rmoss_interfaces/include/rmoss_interfaces/rmoss_interfaces/msg/detail/gimbal__struct.h
[41.218s] -- Symlinking: /home/nexium/ros_ws/install/rmoss_interfaces/include/rmoss_interfaces/rmoss_interfaces/msg/detail/gimbal__type_support.h
[41.235s] -- Symlinking: /home/nexium/ros_ws/install/rmoss_interfaces/include/rmoss_interfaces/rmoss_interfaces/msg/detail/gimbal_cmd__functions.h
[41.253s] -- Symlinking: /home/nexium/ros_ws/install/rmoss_interfaces/include/rmoss_interfaces/rmoss_interfaces/msg/detail/gimbal_cmd__struct.h
[41.261s] -- Symlinking: /home/nexium/ros_ws/install/rmoss_interfaces/include/rmoss_interfaces/rmoss_interfaces/msg/detail/gimbal_cmd__type_support.h
[41.273s] -- Symlinking: /home/nexium/ros_ws/install/rmoss_interfaces/include/rmoss_interfaces/rmoss_interfaces/msg/detail/referee_cmd__functions.h
[41.286s] -- Symlinking: /home/nexium/ros_ws/install/rmoss_interfaces/include/rmoss_interfaces/rmoss_interfaces/msg/detail/referee_cmd__struct.h
[41.301s] -- Symlinking: /home/nexium/ros_ws/install/rmoss_interfaces/include/rmoss_interfaces/rmoss_interfaces/msg/detail/referee_cmd__type_support.h
[41.317s] -- Symlinking: /home/nexium/ros_ws/install/rmoss_interfaces/include/rmoss_interfaces/rmoss_interfaces/msg/detail/rfid_status__functions.h
[41.331s] -- Symlinking: /home/nexium/ros_ws/install/rmoss_interfaces/include/rmoss_interfaces/rmoss_interfaces/msg/detail/rfid_status__struct.h
[41.344s] -- Symlinking: /home/nexium/ros_ws/install/rmoss_interfaces/include/rmoss_interfaces/rmoss_interfaces/msg/detail/rfid_status__type_support.h
[41.357s] -- Symlinking: /home/nexium/ros_ws/install/rmoss_interfaces/include/rmoss_interfaces/rmoss_interfaces/msg/detail/rfid_status_array__functions.h
[41.368s] -- Symlinking: /home/nexium/ros_ws/install/rmoss_interfaces/include/rmoss_interfaces/rmoss_interfaces/msg/detail/rfid_status_array__struct.h
[41.382s] -- Symlinking: /home/nexium/ros_ws/install/rmoss_interfaces/include/rmoss_interfaces/rmoss_interfaces/msg/detail/rfid_status_array__type_support.h
[41.396s] -- Symlinking: /home/nexium/ros_ws/install/rmoss_interfaces/include/rmoss_interfaces/rmoss_interfaces/msg/detail/robot_status__functions.h
[41.411s] -- Symlinking: /home/nexium/ros_ws/install/rmoss_interfaces/include/rmoss_interfaces/rmoss_interfaces/msg/detail/robot_status__struct.h
[41.425s] -- Symlinking: /home/nexium/ros_ws/install/rmoss_interfaces/include/rmoss_interfaces/rmoss_interfaces/msg/detail/robot_status__type_support.h
[41.436s] -- Symlinking: /home/nexium/ros_ws/install/rmoss_interfaces/include/rmoss_interfaces/rmoss_interfaces/msg/detail/shoot_cmd__functions.h
[41.449s] -- Symlinking: /home/nexium/ros_ws/install/rmoss_interfaces/include/rmoss_interfaces/rmoss_interfaces/msg/detail/shoot_cmd__struct.h
[41.463s] -- Symlinking: /home/nexium/ros_ws/install/rmoss_interfaces/include/rmoss_interfaces/rmoss_interfaces/msg/detail/shoot_cmd__type_support.h
[41.477s] -- Symlinking: /home/nexium/ros_ws/install/rmoss_interfaces/include/rmoss_interfaces/rmoss_interfaces/msg/exchange_ammon.h
[41.491s] -- Symlinking: /home/nexium/ros_ws/install/rmoss_interfaces/include/rmoss_interfaces/rmoss_interfaces/msg/game_status.h
[41.505s] -- Symlinking: /home/nexium/ros_ws/install/rmoss_interfaces/include/rmoss_interfaces/rmoss_interfaces/msg/gimbal.h
[41.519s] -- Symlinking: /home/nexium/ros_ws/install/rmoss_interfaces/include/rmoss_interfaces/rmoss_interfaces/msg/gimbal_cmd.h
[41.531s] -- Symlinking: /home/nexium/ros_ws/install/rmoss_interfaces/include/rmoss_interfaces/rmoss_interfaces/msg/referee_cmd.h
[41.543s] -- Symlinking: /home/nexium/ros_ws/install/rmoss_interfaces/include/rmoss_interfaces/rmoss_interfaces/msg/rfid_status.h
[41.556s] -- Symlinking: /home/nexium/ros_ws/install/rmoss_interfaces/include/rmoss_interfaces/rmoss_interfaces/msg/rfid_status_array.h
[41.566s] -- Symlinking: /home/nexium/ros_ws/install/rmoss_interfaces/include/rmoss_interfaces/rmoss_interfaces/msg/robot_status.h
[41.578s] -- Symlinking: /home/nexium/ros_ws/install/rmoss_interfaces/include/rmoss_interfaces/rmoss_interfaces/msg/rosidl_generator_c__visibility_control.h
[41.592s] -- Symlinking: /home/nexium/ros_ws/install/rmoss_interfaces/include/rmoss_interfaces/rmoss_interfaces/msg/shoot_cmd.h
[41.606s] -- Symlinking: /home/nexium/ros_ws/install/rmoss_interfaces/include/rmoss_interfaces/rmoss_interfaces/srv/control_task.h
[41.622s] -- Symlinking: /home/nexium/ros_ws/install/rmoss_interfaces/include/rmoss_interfaces/rmoss_interfaces/srv/detail/control_task__functions.h
[41.633s] -- Symlinking: /home/nexium/ros_ws/install/rmoss_interfaces/include/rmoss_interfaces/rmoss_interfaces/srv/detail/control_task__struct.h
[41.645s] -- Symlinking: /home/nexium/ros_ws/install/rmoss_interfaces/include/rmoss_interfaces/rmoss_interfaces/srv/detail/control_task__type_support.h
[41.659s] -- Symlinking: /home/nexium/ros_ws/install/rmoss_interfaces/include/rmoss_interfaces/rmoss_interfaces/srv/detail/exchange_ammon__functions.h
[41.672s] -- Symlinking: /home/nexium/ros_ws/install/rmoss_interfaces/include/rmoss_interfaces/rmoss_interfaces/srv/detail/exchange_ammon__struct.h
[41.684s] -- Symlinking: /home/nexium/ros_ws/install/rmoss_interfaces/include/rmoss_interfaces/rmoss_interfaces/srv/detail/exchange_ammon__type_support.h
[41.700s] -- Symlinking: /home/nexium/ros_ws/install/rmoss_interfaces/include/rmoss_interfaces/rmoss_interfaces/srv/detail/get_camera_info__functions.h
[41.715s] -- Symlinking: /home/nexium/ros_ws/install/rmoss_interfaces/include/rmoss_interfaces/rmoss_interfaces/srv/detail/get_camera_info__struct.h
[41.728s] -- Symlinking: /home/nexium/ros_ws/install/rmoss_interfaces/include/rmoss_interfaces/rmoss_interfaces/srv/detail/get_camera_info__type_support.h
[41.740s] -- Symlinking: /home/nexium/ros_ws/install/rmoss_interfaces/include/rmoss_interfaces/rmoss_interfaces/srv/detail/get_mode__functions.h
[41.755s] -- Symlinking: /home/nexium/ros_ws/install/rmoss_interfaces/include/rmoss_interfaces/rmoss_interfaces/srv/detail/get_mode__struct.h
[41.770s] -- Symlinking: /home/nexium/ros_ws/install/rmoss_interfaces/include/rmoss_interfaces/rmoss_interfaces/srv/detail/get_mode__type_support.h
[41.785s] -- Symlinking: /home/nexium/ros_ws/install/rmoss_interfaces/include/rmoss_interfaces/rmoss_interfaces/srv/detail/get_task_status__functions.h
[41.799s] -- Symlinking: /home/nexium/ros_ws/install/rmoss_interfaces/include/rmoss_interfaces/rmoss_interfaces/srv/detail/get_task_status__struct.h
[41.811s] -- Symlinking: /home/nexium/ros_ws/install/rmoss_interfaces/include/rmoss_interfaces/rmoss_interfaces/srv/detail/get_task_status__type_support.h
[41.825s] -- Symlinking: /home/nexium/ros_ws/install/rmoss_interfaces/include/rmoss_interfaces/rmoss_interfaces/srv/detail/set_color__functions.h
[41.839s] -- Symlinking: /home/nexium/ros_ws/install/rmoss_interfaces/include/rmoss_interfaces/rmoss_interfaces/srv/detail/set_color__struct.h
[41.855s] -- Symlinking: /home/nexium/ros_ws/install/rmoss_interfaces/include/rmoss_interfaces/rmoss_interfaces/srv/detail/set_color__type_support.h
[41.867s] -- Symlinking: /home/nexium/ros_ws/install/rmoss_interfaces/include/rmoss_interfaces/rmoss_interfaces/srv/detail/set_mode__functions.h
[41.879s] -- Symlinking: /home/nexium/ros_ws/install/rmoss_interfaces/include/rmoss_interfaces/rmoss_interfaces/srv/detail/set_mode__struct.h
[41.893s] -- Symlinking: /home/nexium/ros_ws/install/rmoss_interfaces/include/rmoss_interfaces/rmoss_interfaces/srv/detail/set_mode__type_support.h
[41.906s] -- Symlinking: /home/nexium/ros_ws/install/rmoss_interfaces/include/rmoss_interfaces/rmoss_interfaces/srv/exchange_ammon.h
[41.919s] -- Symlinking: /home/nexium/ros_ws/install/rmoss_interfaces/include/rmoss_interfaces/rmoss_interfaces/srv/get_camera_info.h
[41.933s] -- Symlinking: /home/nexium/ros_ws/install/rmoss_interfaces/include/rmoss_interfaces/rmoss_interfaces/srv/get_mode.h
[41.944s] -- Symlinking: /home/nexium/ros_ws/install/rmoss_interfaces/include/rmoss_interfaces/rmoss_interfaces/srv/get_task_status.h
[41.958s] -- Symlinking: /home/nexium/ros_ws/install/rmoss_interfaces/include/rmoss_interfaces/rmoss_interfaces/srv/set_color.h
[41.970s] -- Symlinking: /home/nexium/ros_ws/install/rmoss_interfaces/include/rmoss_interfaces/rmoss_interfaces/srv/set_mode.h
[41.984s] -- Symlinking: /home/nexium/ros_ws/install/rmoss_interfaces/share/rmoss_interfaces/environment/library_path.sh
[41.997s] -- Symlinking: /home/nexium/ros_ws/install/rmoss_interfaces/share/rmoss_interfaces/environment/library_path.dsv
[42.010s] -- Symlinking: /home/nexium/ros_ws/install/rmoss_interfaces/include/rmoss_interfaces/rmoss_interfaces/msg/detail/chassis_cmd__rosidl_typesupport_fastrtps_c.h
[42.024s] -- Symlinking: /home/nexium/ros_ws/install/rmoss_interfaces/include/rmoss_interfaces/rmoss_interfaces/msg/detail/exchange_ammon__rosidl_typesupport_fastrtps_c.h
[42.039s] -- Symlinking: /home/nexium/ros_ws/install/rmoss_interfaces/include/rmoss_interfaces/rmoss_interfaces/msg/detail/game_status__rosidl_typesupport_fastrtps_c.h
[42.055s] -- Symlinking: /home/nexium/ros_ws/install/rmoss_interfaces/include/rmoss_interfaces/rmoss_interfaces/msg/detail/gimbal__rosidl_typesupport_fastrtps_c.h
[42.067s] -- Symlinking: /home/nexium/ros_ws/install/rmoss_interfaces/include/rmoss_interfaces/rmoss_interfaces/msg/detail/gimbal_cmd__rosidl_typesupport_fastrtps_c.h
[42.079s] -- Symlinking: /home/nexium/ros_ws/install/rmoss_interfaces/include/rmoss_interfaces/rmoss_interfaces/msg/detail/referee_cmd__rosidl_typesupport_fastrtps_c.h
[42.091s] -- Symlinking: /home/nexium/ros_ws/install/rmoss_interfaces/include/rmoss_interfaces/rmoss_interfaces/msg/detail/rfid_status__rosidl_typesupport_fastrtps_c.h
[42.106s] -- Symlinking: /home/nexium/ros_ws/install/rmoss_interfaces/include/rmoss_interfaces/rmoss_interfaces/msg/detail/rfid_status_array__rosidl_typesupport_fastrtps_c.h
[42.122s] -- Symlinking: /home/nexium/ros_ws/install/rmoss_interfaces/include/rmoss_interfaces/rmoss_interfaces/msg/detail/robot_status__rosidl_typesupport_fastrtps_c.h
[42.136s] -- Symlinking: /home/nexium/ros_ws/install/rmoss_interfaces/include/rmoss_interfaces/rmoss_interfaces/msg/detail/shoot_cmd__rosidl_typesupport_fastrtps_c.h
[42.152s] -- Symlinking: /home/nexium/ros_ws/install/rmoss_interfaces/include/rmoss_interfaces/rmoss_interfaces/msg/rosidl_typesupport_fastrtps_c__visibility_control.h
[42.163s] -- Symlinking: /home/nexium/ros_ws/install/rmoss_interfaces/include/rmoss_interfaces/rmoss_interfaces/srv/detail/control_task__rosidl_typesupport_fastrtps_c.h
[42.181s] -- Symlinking: /home/nexium/ros_ws/install/rmoss_interfaces/include/rmoss_interfaces/rmoss_interfaces/srv/detail/exchange_ammon__rosidl_typesupport_fastrtps_c.h
[42.192s] -- Symlinking: /home/nexium/ros_ws/install/rmoss_interfaces/include/rmoss_interfaces/rmoss_interfaces/srv/detail/get_camera_info__rosidl_typesupport_fastrtps_c.h
[42.206s] -- Symlinking: /home/nexium/ros_ws/install/rmoss_interfaces/include/rmoss_interfaces/rmoss_interfaces/srv/detail/get_mode__rosidl_typesupport_fastrtps_c.h
[42.223s] -- Symlinking: /home/nexium/ros_ws/install/rmoss_interfaces/include/rmoss_interfaces/rmoss_interfaces/srv/detail/get_task_status__rosidl_typesupport_fastrtps_c.h
[42.245s] -- Symlinking: /home/nexium/ros_ws/install/rmoss_interfaces/include/rmoss_interfaces/rmoss_interfaces/srv/detail/set_color__rosidl_typesupport_fastrtps_c.h
[42.256s] -- Symlinking: /home/nexium/ros_ws/install/rmoss_interfaces/include/rmoss_interfaces/rmoss_interfaces/srv/detail/set_mode__rosidl_typesupport_fastrtps_c.h
[42.270s] -- Symlinking: /home/nexium/ros_ws/install/rmoss_interfaces/include/rmoss_interfaces/rmoss_interfaces/msg/chassis_cmd.hpp
[42.283s] -- Symlinking: /home/nexium/ros_ws/install/rmoss_interfaces/include/rmoss_interfaces/rmoss_interfaces/msg/detail/chassis_cmd__builder.hpp
[42.298s] -- Symlinking: /home/nexium/ros_ws/install/rmoss_interfaces/include/rmoss_interfaces/rmoss_interfaces/msg/detail/chassis_cmd__struct.hpp
[42.310s] -- Symlinking: /home/nexium/ros_ws/install/rmoss_interfaces/include/rmoss_interfaces/rmoss_interfaces/msg/detail/chassis_cmd__traits.hpp
[42.324s] -- Symlinking: /home/nexium/ros_ws/install/rmoss_interfaces/include/rmoss_interfaces/rmoss_interfaces/msg/detail/chassis_cmd__type_support.hpp
[42.340s] -- Symlinking: /home/nexium/ros_ws/install/rmoss_interfaces/include/rmoss_interfaces/rmoss_interfaces/msg/detail/exchange_ammon__builder.hpp
[42.357s] -- Symlinking: /home/nexium/ros_ws/install/rmoss_interfaces/include/rmoss_interfaces/rmoss_interfaces/msg/detail/exchange_ammon__struct.hpp
[42.372s] -- Symlinking: /home/nexium/ros_ws/install/rmoss_interfaces/include/rmoss_interfaces/rmoss_interfaces/msg/detail/exchange_ammon__traits.hpp
[42.387s] -- Symlinking: /home/nexium/ros_ws/install/rmoss_interfaces/include/rmoss_interfaces/rmoss_interfaces/msg/detail/exchange_ammon__type_support.hpp
[42.399s] -- Symlinking: /home/nexium/ros_ws/install/rmoss_interfaces/include/rmoss_interfaces/rmoss_interfaces/msg/detail/game_status__builder.hpp
[42.411s] -- Symlinking: /home/nexium/ros_ws/install/rmoss_interfaces/include/rmoss_interfaces/rmoss_interfaces/msg/detail/game_status__struct.hpp
[42.426s] -- Symlinking: /home/nexium/ros_ws/install/rmoss_interfaces/include/rmoss_interfaces/rmoss_interfaces/msg/detail/game_status__traits.hpp
[42.440s] -- Symlinking: /home/nexium/ros_ws/install/rmoss_interfaces/include/rmoss_interfaces/rmoss_interfaces/msg/detail/game_status__type_support.hpp
[42.454s] -- Symlinking: /home/nexium/ros_ws/install/rmoss_interfaces/include/rmoss_interfaces/rmoss_interfaces/msg/detail/gimbal__builder.hpp
[42.472s] -- Symlinking: /home/nexium/ros_ws/install/rmoss_interfaces/include/rmoss_interfaces/rmoss_interfaces/msg/detail/gimbal__struct.hpp
[42.482s] -- Symlinking: /home/nexium/ros_ws/install/rmoss_interfaces/include/rmoss_interfaces/rmoss_interfaces/msg/detail/gimbal__traits.hpp
[42.496s] -- Symlinking: /home/nexium/ros_ws/install/rmoss_interfaces/include/rmoss_interfaces/rmoss_interfaces/msg/detail/gimbal__type_support.hpp
[42.512s] -- Symlinking: /home/nexium/ros_ws/install/rmoss_interfaces/include/rmoss_interfaces/rmoss_interfaces/msg/detail/gimbal_cmd__builder.hpp
[42.526s] -- Symlinking: /home/nexium/ros_ws/install/rmoss_interfaces/include/rmoss_interfaces/rmoss_interfaces/msg/detail/gimbal_cmd__struct.hpp
[42.538s] -- Symlinking: /home/nexium/ros_ws/install/rmoss_interfaces/include/rmoss_interfaces/rmoss_interfaces/msg/detail/gimbal_cmd__traits.hpp
[42.550s] -- Symlinking: /home/nexium/ros_ws/install/rmoss_interfaces/include/rmoss_interfaces/rmoss_interfaces/msg/detail/gimbal_cmd__type_support.hpp
[42.563s] -- Symlinking: /home/nexium/ros_ws/install/rmoss_interfaces/include/rmoss_interfaces/rmoss_interfaces/msg/detail/referee_cmd__builder.hpp
[42.577s] -- Symlinking: /home/nexium/ros_ws/install/rmoss_interfaces/include/rmoss_interfaces/rmoss_interfaces/msg/detail/referee_cmd__struct.hpp
[42.590s] -- Symlinking: /home/nexium/ros_ws/install/rmoss_interfaces/include/rmoss_interfaces/rmoss_interfaces/msg/detail/referee_cmd__traits.hpp
[42.608s] -- Symlinking: /home/nexium/ros_ws/install/rmoss_interfaces/include/rmoss_interfaces/rmoss_interfaces/msg/detail/referee_cmd__type_support.hpp
[42.622s] -- Symlinking: /home/nexium/ros_ws/install/rmoss_interfaces/include/rmoss_interfaces/rmoss_interfaces/msg/detail/rfid_status__builder.hpp
[42.639s] -- Symlinking: /home/nexium/ros_ws/install/rmoss_interfaces/include/rmoss_interfaces/rmoss_interfaces/msg/detail/rfid_status__struct.hpp
[42.651s] -- Symlinking: /home/nexium/ros_ws/install/rmoss_interfaces/include/rmoss_interfaces/rmoss_interfaces/msg/detail/rfid_status__traits.hpp
[42.665s] -- Symlinking: /home/nexium/ros_ws/install/rmoss_interfaces/include/rmoss_interfaces/rmoss_interfaces/msg/detail/rfid_status__type_support.hpp
[42.681s] -- Symlinking: /home/nexium/ros_ws/install/rmoss_interfaces/include/rmoss_interfaces/rmoss_interfaces/msg/detail/rfid_status_array__builder.hpp
[42.693s] -- Symlinking: /home/nexium/ros_ws/install/rmoss_interfaces/include/rmoss_interfaces/rmoss_interfaces/msg/detail/rfid_status_array__struct.hpp
[42.707s] -- Symlinking: /home/nexium/ros_ws/install/rmoss_interfaces/include/rmoss_interfaces/rmoss_interfaces/msg/detail/rfid_status_array__traits.hpp
[42.724s] -- Symlinking: /home/nexium/ros_ws/install/rmoss_interfaces/include/rmoss_interfaces/rmoss_interfaces/msg/detail/rfid_status_array__type_support.hpp
[42.739s] -- Symlinking: /home/nexium/ros_ws/install/rmoss_interfaces/include/rmoss_interfaces/rmoss_interfaces/msg/detail/robot_status__builder.hpp
[42.752s] -- Symlinking: /home/nexium/ros_ws/install/rmoss_interfaces/include/rmoss_interfaces/rmoss_interfaces/msg/detail/robot_status__struct.hpp
[42.767s] -- Symlinking: /home/nexium/ros_ws/install/rmoss_interfaces/include/rmoss_interfaces/rmoss_interfaces/msg/detail/robot_status__traits.hpp
[42.779s] -- Symlinking: /home/nexium/ros_ws/install/rmoss_interfaces/include/rmoss_interfaces/rmoss_interfaces/msg/detail/robot_status__type_support.hpp
[42.794s] -- Symlinking: /home/nexium/ros_ws/install/rmoss_interfaces/include/rmoss_interfaces/rmoss_interfaces/msg/detail/shoot_cmd__builder.hpp
[42.808s] -- Symlinking: /home/nexium/ros_ws/install/rmoss_interfaces/include/rmoss_interfaces/rmoss_interfaces/msg/detail/shoot_cmd__struct.hpp
[42.823s] -- Symlinking: /home/nexium/ros_ws/install/rmoss_interfaces/include/rmoss_interfaces/rmoss_interfaces/msg/detail/shoot_cmd__traits.hpp
[42.835s] -- Symlinking: /home/nexium/ros_ws/install/rmoss_interfaces/include/rmoss_interfaces/rmoss_interfaces/msg/detail/shoot_cmd__type_support.hpp
[42.849s] -- Symlinking: /home/nexium/ros_ws/install/rmoss_interfaces/include/rmoss_interfaces/rmoss_interfaces/msg/exchange_ammon.hpp
[42.864s] -- Symlinking: /home/nexium/ros_ws/install/rmoss_interfaces/include/rmoss_interfaces/rmoss_interfaces/msg/game_status.hpp
[42.874s] -- Symlinking: /home/nexium/ros_ws/install/rmoss_interfaces/include/rmoss_interfaces/rmoss_interfaces/msg/gimbal.hpp
[42.887s] -- Symlinking: /home/nexium/ros_ws/install/rmoss_interfaces/include/rmoss_interfaces/rmoss_interfaces/msg/gimbal_cmd.hpp
[42.900s] -- Symlinking: /home/nexium/ros_ws/install/rmoss_interfaces/include/rmoss_interfaces/rmoss_interfaces/msg/referee_cmd.hpp
[42.914s] -- Symlinking: /home/nexium/ros_ws/install/rmoss_interfaces/include/rmoss_interfaces/rmoss_interfaces/msg/rfid_status.hpp
[42.927s] -- Symlinking: /home/nexium/ros_ws/install/rmoss_interfaces/include/rmoss_interfaces/rmoss_interfaces/msg/rfid_status_array.hpp
[42.942s] -- Symlinking: /home/nexium/ros_ws/install/rmoss_interfaces/include/rmoss_interfaces/rmoss_interfaces/msg/robot_status.hpp
[42.955s] -- Symlinking: /home/nexium/ros_ws/install/rmoss_interfaces/include/rmoss_interfaces/rmoss_interfaces/msg/rosidl_generator_cpp__visibility_control.hpp
[42.969s] -- Symlinking: /home/nexium/ros_ws/install/rmoss_interfaces/include/rmoss_interfaces/rmoss_interfaces/msg/shoot_cmd.hpp
[42.981s] -- Symlinking: /home/nexium/ros_ws/install/rmoss_interfaces/include/rmoss_interfaces/rmoss_interfaces/srv/control_task.hpp
[42.994s] -- Symlinking: /home/nexium/ros_ws/install/rmoss_interfaces/include/rmoss_interfaces/rmoss_interfaces/srv/detail/control_task__builder.hpp
[43.008s] -- Symlinking: /home/nexium/ros_ws/install/rmoss_interfaces/include/rmoss_interfaces/rmoss_interfaces/srv/detail/control_task__struct.hpp
[43.025s] -- Symlinking: /home/nexium/ros_ws/install/rmoss_interfaces/include/rmoss_interfaces/rmoss_interfaces/srv/detail/control_task__traits.hpp
[43.036s] -- Symlinking: /home/nexium/ros_ws/install/rmoss_interfaces/include/rmoss_interfaces/rmoss_interfaces/srv/detail/control_task__type_support.hpp
[43.050s] -- Symlinking: /home/nexium/ros_ws/install/rmoss_interfaces/include/rmoss_interfaces/rmoss_interfaces/srv/detail/exchange_ammon__builder.hpp
[43.064s] -- Symlinking: /home/nexium/ros_ws/install/rmoss_interfaces/include/rmoss_interfaces/rmoss_interfaces/srv/detail/exchange_ammon__struct.hpp
[43.082s] -- Symlinking: /home/nexium/ros_ws/install/rmoss_interfaces/include/rmoss_interfaces/rmoss_interfaces/srv/detail/exchange_ammon__traits.hpp
[43.095s] -- Symlinking: /home/nexium/ros_ws/install/rmoss_interfaces/include/rmoss_interfaces/rmoss_interfaces/srv/detail/exchange_ammon__type_support.hpp
[43.111s] -- Symlinking: /home/nexium/ros_ws/install/rmoss_interfaces/include/rmoss_interfaces/rmoss_interfaces/srv/detail/get_camera_info__builder.hpp
[43.126s] -- Symlinking: /home/nexium/ros_ws/install/rmoss_interfaces/include/rmoss_interfaces/rmoss_interfaces/srv/detail/get_camera_info__struct.hpp
[43.140s] -- Symlinking: /home/nexium/ros_ws/install/rmoss_interfaces/include/rmoss_interfaces/rmoss_interfaces/srv/detail/get_camera_info__traits.hpp
[43.155s] -- Symlinking: /home/nexium/ros_ws/install/rmoss_interfaces/include/rmoss_interfaces/rmoss_interfaces/srv/detail/get_camera_info__type_support.hpp
[43.167s] -- Symlinking: /home/nexium/ros_ws/install/rmoss_interfaces/include/rmoss_interfaces/rmoss_interfaces/srv/detail/get_mode__builder.hpp
[43.181s] -- Symlinking: /home/nexium/ros_ws/install/rmoss_interfaces/include/rmoss_interfaces/rmoss_interfaces/srv/detail/get_mode__struct.hpp
[43.196s] -- Symlinking: /home/nexium/ros_ws/install/rmoss_interfaces/include/rmoss_interfaces/rmoss_interfaces/srv/detail/get_mode__traits.hpp
[43.215s] -- Symlinking: /home/nexium/ros_ws/install/rmoss_interfaces/include/rmoss_interfaces/rmoss_interfaces/srv/detail/get_mode__type_support.hpp
[43.227s] -- Symlinking: /home/nexium/ros_ws/install/rmoss_interfaces/include/rmoss_interfaces/rmoss_interfaces/srv/detail/get_task_status__builder.hpp
[43.244s] -- Symlinking: /home/nexium/ros_ws/install/rmoss_interfaces/include/rmoss_interfaces/rmoss_interfaces/srv/detail/get_task_status__struct.hpp
[43.258s] -- Symlinking: /home/nexium/ros_ws/install/rmoss_interfaces/include/rmoss_interfaces/rmoss_interfaces/srv/detail/get_task_status__traits.hpp
[43.272s] -- Symlinking: /home/nexium/ros_ws/install/rmoss_interfaces/include/rmoss_interfaces/rmoss_interfaces/srv/detail/get_task_status__type_support.hpp
[43.285s] -- Symlinking: /home/nexium/ros_ws/install/rmoss_interfaces/include/rmoss_interfaces/rmoss_interfaces/srv/detail/set_color__builder.hpp
[43.300s] -- Symlinking: /home/nexium/ros_ws/install/rmoss_interfaces/include/rmoss_interfaces/rmoss_interfaces/srv/detail/set_color__struct.hpp
[43.317s] -- Symlinking: /home/nexium/ros_ws/install/rmoss_interfaces/include/rmoss_interfaces/rmoss_interfaces/srv/detail/set_color__traits.hpp
[43.338s] -- Symlinking: /home/nexium/ros_ws/install/rmoss_interfaces/include/rmoss_interfaces/rmoss_interfaces/srv/detail/set_color__type_support.hpp
[43.354s] -- Symlinking: /home/nexium/ros_ws/install/rmoss_interfaces/include/rmoss_interfaces/rmoss_interfaces/srv/detail/set_mode__builder.hpp
[43.373s] -- Symlinking: /home/nexium/ros_ws/install/rmoss_interfaces/include/rmoss_interfaces/rmoss_interfaces/srv/detail/set_mode__struct.hpp
[43.383s] -- Symlinking: /home/nexium/ros_ws/install/rmoss_interfaces/include/rmoss_interfaces/rmoss_interfaces/srv/detail/set_mode__traits.hpp
[43.398s] -- Symlinking: /home/nexium/ros_ws/install/rmoss_interfaces/include/rmoss_interfaces/rmoss_interfaces/srv/detail/set_mode__type_support.hpp
[43.412s] -- Symlinking: /home/nexium/ros_ws/install/rmoss_interfaces/include/rmoss_interfaces/rmoss_interfaces/srv/exchange_ammon.hpp
[43.426s] -- Symlinking: /home/nexium/ros_ws/install/rmoss_interfaces/include/rmoss_interfaces/rmoss_interfaces/srv/get_camera_info.hpp
[43.449s] -- Symlinking: /home/nexium/ros_ws/install/rmoss_interfaces/include/rmoss_interfaces/rmoss_interfaces/srv/get_mode.hpp
[43.458s] -- Symlinking: /home/nexium/ros_ws/install/rmoss_interfaces/include/rmoss_interfaces/rmoss_interfaces/srv/get_task_status.hpp
[43.473s] -- Symlinking: /home/nexium/ros_ws/install/rmoss_interfaces/include/rmoss_interfaces/rmoss_interfaces/srv/set_color.hpp
[43.485s] -- Symlinking: /home/nexium/ros_ws/install/rmoss_interfaces/include/rmoss_interfaces/rmoss_interfaces/srv/set_mode.hpp
[43.502s] -- Symlinking: /home/nexium/ros_ws/install/rmoss_interfaces/include/rmoss_interfaces/rmoss_interfaces/msg/detail/chassis_cmd__rosidl_typesupport_fastrtps_cpp.hpp
[43.517s] -- Symlinking: /home/nexium/ros_ws/install/rmoss_interfaces/include/rmoss_interfaces/rmoss_interfaces/msg/detail/exchange_ammon__rosidl_typesupport_fastrtps_cpp.hpp
[43.532s] -- Symlinking: /home/nexium/ros_ws/install/rmoss_interfaces/include/rmoss_interfaces/rmoss_interfaces/msg/detail/game_status__rosidl_typesupport_fastrtps_cpp.hpp
[43.547s] -- Symlinking: /home/nexium/ros_ws/install/rmoss_interfaces/include/rmoss_interfaces/rmoss_interfaces/msg/detail/gimbal__rosidl_typesupport_fastrtps_cpp.hpp
[43.561s] -- Symlinking: /home/nexium/ros_ws/install/rmoss_interfaces/include/rmoss_interfaces/rmoss_interfaces/msg/detail/gimbal_cmd__rosidl_typesupport_fastrtps_cpp.hpp
[43.574s] -- Symlinking: /home/nexium/ros_ws/install/rmoss_interfaces/include/rmoss_interfaces/rmoss_interfaces/msg/detail/referee_cmd__rosidl_typesupport_fastrtps_cpp.hpp
[43.588s] -- Symlinking: /home/nexium/ros_ws/install/rmoss_interfaces/include/rmoss_interfaces/rmoss_interfaces/msg/detail/rfid_status__rosidl_typesupport_fastrtps_cpp.hpp
[43.602s] -- Symlinking: /home/nexium/ros_ws/install/rmoss_interfaces/include/rmoss_interfaces/rmoss_interfaces/msg/detail/rfid_status_array__rosidl_typesupport_fastrtps_cpp.hpp
[43.615s] -- Symlinking: /home/nexium/ros_ws/install/rmoss_interfaces/include/rmoss_interfaces/rmoss_interfaces/msg/detail/robot_status__rosidl_typesupport_fastrtps_cpp.hpp
[43.633s] -- Symlinking: /home/nexium/ros_ws/install/rmoss_interfaces/include/rmoss_interfaces/rmoss_interfaces/msg/detail/shoot_cmd__rosidl_typesupport_fastrtps_cpp.hpp
[43.646s] -- Symlinking: /home/nexium/ros_ws/install/rmoss_interfaces/include/rmoss_interfaces/rmoss_interfaces/msg/rosidl_typesupport_fastrtps_cpp__visibility_control.h
[43.659s] -- Symlinking: /home/nexium/ros_ws/install/rmoss_interfaces/include/rmoss_interfaces/rmoss_interfaces/srv/detail/control_task__rosidl_typesupport_fastrtps_cpp.hpp
[43.675s] -- Symlinking: /home/nexium/ros_ws/install/rmoss_interfaces/include/rmoss_interfaces/rmoss_interfaces/srv/detail/exchange_ammon__rosidl_typesupport_fastrtps_cpp.hpp
[43.686s] -- Symlinking: /home/nexium/ros_ws/install/rmoss_interfaces/include/rmoss_interfaces/rmoss_interfaces/srv/detail/get_camera_info__rosidl_typesupport_fastrtps_cpp.hpp
[43.701s] -- Symlinking: /home/nexium/ros_ws/install/rmoss_interfaces/include/rmoss_interfaces/rmoss_interfaces/srv/detail/get_mode__rosidl_typesupport_fastrtps_cpp.hpp
[43.716s] -- Symlinking: /home/nexium/ros_ws/install/rmoss_interfaces/include/rmoss_interfaces/rmoss_interfaces/srv/detail/get_task_status__rosidl_typesupport_fastrtps_cpp.hpp
[43.730s] -- Symlinking: /home/nexium/ros_ws/install/rmoss_interfaces/include/rmoss_interfaces/rmoss_interfaces/srv/detail/set_color__rosidl_typesupport_fastrtps_cpp.hpp
[43.744s] -- Symlinking: /home/nexium/ros_ws/install/rmoss_interfaces/include/rmoss_interfaces/rmoss_interfaces/srv/detail/set_mode__rosidl_typesupport_fastrtps_cpp.hpp
[43.758s] -- Symlinking: /home/nexium/ros_ws/install/rmoss_interfaces/include/rmoss_interfaces/rmoss_interfaces/msg/detail/chassis_cmd__rosidl_typesupport_introspection_c.h
[43.771s] -- Symlinking: /home/nexium/ros_ws/install/rmoss_interfaces/include/rmoss_interfaces/rmoss_interfaces/msg/detail/exchange_ammon__rosidl_typesupport_introspection_c.h
[43.784s] -- Symlinking: /home/nexium/ros_ws/install/rmoss_interfaces/include/rmoss_interfaces/rmoss_interfaces/msg/detail/game_status__rosidl_typesupport_introspection_c.h
[43.797s] -- Symlinking: /home/nexium/ros_ws/install/rmoss_interfaces/include/rmoss_interfaces/rmoss_interfaces/msg/detail/gimbal__rosidl_typesupport_introspection_c.h
[43.813s] -- Symlinking: /home/nexium/ros_ws/install/rmoss_interfaces/include/rmoss_interfaces/rmoss_interfaces/msg/detail/gimbal_cmd__rosidl_typesupport_introspection_c.h
[43.828s] -- Symlinking: /home/nexium/ros_ws/install/rmoss_interfaces/include/rmoss_interfaces/rmoss_interfaces/msg/detail/referee_cmd__rosidl_typesupport_introspection_c.h
[43.842s] -- Symlinking: /home/nexium/ros_ws/install/rmoss_interfaces/include/rmoss_interfaces/rmoss_interfaces/msg/detail/rfid_status__rosidl_typesupport_introspection_c.h
[43.855s] -- Symlinking: /home/nexium/ros_ws/install/rmoss_interfaces/include/rmoss_interfaces/rmoss_interfaces/msg/detail/rfid_status_array__rosidl_typesupport_introspection_c.h
[43.871s] -- Symlinking: /home/nexium/ros_ws/install/rmoss_interfaces/include/rmoss_interfaces/rmoss_interfaces/msg/detail/robot_status__rosidl_typesupport_introspection_c.h
[43.885s] -- Symlinking: /home/nexium/ros_ws/install/rmoss_interfaces/include/rmoss_interfaces/rmoss_interfaces/msg/detail/shoot_cmd__rosidl_typesupport_introspection_c.h
[43.895s] -- Symlinking: /home/nexium/ros_ws/install/rmoss_interfaces/include/rmoss_interfaces/rmoss_interfaces/msg/rosidl_typesupport_introspection_c__visibility_control.h
[43.909s] -- Symlinking: /home/nexium/ros_ws/install/rmoss_interfaces/include/rmoss_interfaces/rmoss_interfaces/srv/detail/control_task__rosidl_typesupport_introspection_c.h
[43.924s] -- Symlinking: /home/nexium/ros_ws/install/rmoss_interfaces/include/rmoss_interfaces/rmoss_interfaces/srv/detail/exchange_ammon__rosidl_typesupport_introspection_c.h
[43.941s] -- Symlinking: /home/nexium/ros_ws/install/rmoss_interfaces/include/rmoss_interfaces/rmoss_interfaces/srv/detail/get_camera_info__rosidl_typesupport_introspection_c.h
[43.957s] -- Symlinking: /home/nexium/ros_ws/install/rmoss_interfaces/include/rmoss_interfaces/rmoss_interfaces/srv/detail/get_mode__rosidl_typesupport_introspection_c.h
[43.971s] -- Symlinking: /home/nexium/ros_ws/install/rmoss_interfaces/include/rmoss_interfaces/rmoss_interfaces/srv/detail/get_task_status__rosidl_typesupport_introspection_c.h
[43.989s] -- Symlinking: /home/nexium/ros_ws/install/rmoss_interfaces/include/rmoss_interfaces/rmoss_interfaces/srv/detail/set_color__rosidl_typesupport_introspection_c.h
[44.001s] -- Symlinking: /home/nexium/ros_ws/install/rmoss_interfaces/include/rmoss_interfaces/rmoss_interfaces/srv/detail/set_mode__rosidl_typesupport_introspection_c.h
[44.017s] -- Symlinking: /home/nexium/ros_ws/install/rmoss_interfaces/include/rmoss_interfaces/rmoss_interfaces/msg/detail/chassis_cmd__rosidl_typesupport_introspection_cpp.hpp
[44.035s] -- Symlinking: /home/nexium/ros_ws/install/rmoss_interfaces/include/rmoss_interfaces/rmoss_interfaces/msg/detail/exchange_ammon__rosidl_typesupport_introspection_cpp.hpp
[44.049s] -- Symlinking: /home/nexium/ros_ws/install/rmoss_interfaces/include/rmoss_interfaces/rmoss_interfaces/msg/detail/game_status__rosidl_typesupport_introspection_cpp.hpp
[44.064s] -- Symlinking: /home/nexium/ros_ws/install/rmoss_interfaces/include/rmoss_interfaces/rmoss_interfaces/msg/detail/gimbal__rosidl_typesupport_introspection_cpp.hpp
[44.078s] -- Symlinking: /home/nexium/ros_ws/install/rmoss_interfaces/include/rmoss_interfaces/rmoss_interfaces/msg/detail/gimbal_cmd__rosidl_typesupport_introspection_cpp.hpp
[44.108s] -- Symlinking: /home/nexium/ros_ws/install/rmoss_interfaces/include/rmoss_interfaces/rmoss_interfaces/msg/detail/referee_cmd__rosidl_typesupport_introspection_cpp.hpp
[44.127s] -- Symlinking: /home/nexium/ros_ws/install/rmoss_interfaces/include/rmoss_interfaces/rmoss_interfaces/msg/detail/rfid_status__rosidl_typesupport_introspection_cpp.hpp
[44.142s] -- Symlinking: /home/nexium/ros_ws/install/rmoss_interfaces/include/rmoss_interfaces/rmoss_interfaces/msg/detail/rfid_status_array__rosidl_typesupport_introspection_cpp.hpp
[44.155s] -- Symlinking: /home/nexium/ros_ws/install/rmoss_interfaces/include/rmoss_interfaces/rmoss_interfaces/msg/detail/robot_status__rosidl_typesupport_introspection_cpp.hpp
[44.169s] -- Symlinking: /home/nexium/ros_ws/install/rmoss_interfaces/include/rmoss_interfaces/rmoss_interfaces/msg/detail/shoot_cmd__rosidl_typesupport_introspection_cpp.hpp
[44.182s] -- Symlinking: /home/nexium/ros_ws/install/rmoss_interfaces/include/rmoss_interfaces/rmoss_interfaces/srv/detail/control_task__rosidl_typesupport_introspection_cpp.hpp
[44.200s] -- Symlinking: /home/nexium/ros_ws/install/rmoss_interfaces/include/rmoss_interfaces/rmoss_interfaces/srv/detail/exchange_ammon__rosidl_typesupport_introspection_cpp.hpp
[44.218s] -- Symlinking: /home/nexium/ros_ws/install/rmoss_interfaces/include/rmoss_interfaces/rmoss_interfaces/srv/detail/get_camera_info__rosidl_typesupport_introspection_cpp.hpp
[44.234s] -- Symlinking: /home/nexium/ros_ws/install/rmoss_interfaces/include/rmoss_interfaces/rmoss_interfaces/srv/detail/get_mode__rosidl_typesupport_introspection_cpp.hpp
[44.255s] -- Symlinking: /home/nexium/ros_ws/install/rmoss_interfaces/include/rmoss_interfaces/rmoss_interfaces/srv/detail/get_task_status__rosidl_typesupport_introspection_cpp.hpp
[44.272s] -- Symlinking: /home/nexium/ros_ws/install/rmoss_interfaces/include/rmoss_interfaces/rmoss_interfaces/srv/detail/set_color__rosidl_typesupport_introspection_cpp.hpp
[44.288s] -- Symlinking: /home/nexium/ros_ws/install/rmoss_interfaces/include/rmoss_interfaces/rmoss_interfaces/srv/detail/set_mode__rosidl_typesupport_introspection_cpp.hpp
[44.301s] -- Symlinking: /home/nexium/ros_ws/install/rmoss_interfaces/share/rmoss_interfaces/environment/pythonpath.sh
[44.317s] -- Symlinking: /home/nexium/ros_ws/install/rmoss_interfaces/share/rmoss_interfaces/environment/pythonpath.dsv
[44.335s] -- Symlinking: /home/nexium/ros_ws/install/rmoss_interfaces/local/lib/python3.10/dist-packages/rmoss_interfaces-0.9.0-py3.10.egg-info/PKG-INFO
[44.356s] -- Symlinking: /home/nexium/ros_ws/install/rmoss_interfaces/local/lib/python3.10/dist-packages/rmoss_interfaces-0.9.0-py3.10.egg-info/SOURCES.txt
[44.374s] -- Symlinking: /home/nexium/ros_ws/install/rmoss_interfaces/local/lib/python3.10/dist-packages/rmoss_interfaces-0.9.0-py3.10.egg-info/dependency_links.txt
[44.385s] -- Symlinking: /home/nexium/ros_ws/install/rmoss_interfaces/local/lib/python3.10/dist-packages/rmoss_interfaces-0.9.0-py3.10.egg-info/top_level.txt
[44.402s] -- Symlinking: /home/nexium/ros_ws/install/rmoss_interfaces/local/lib/python3.10/dist-packages/rmoss_interfaces/__init__.py
[44.419s] -- Symlinking: /home/nexium/ros_ws/install/rmoss_interfaces/local/lib/python3.10/dist-packages/rmoss_interfaces/_rmoss_interfaces_s.ep.rosidl_typesupport_c.c
[44.435s] -- Symlinking: /home/nexium/ros_ws/install/rmoss_interfaces/local/lib/python3.10/dist-packages/rmoss_interfaces/_rmoss_interfaces_s.ep.rosidl_typesupport_fastrtps_c.c
[44.455s] -- Symlinking: /home/nexium/ros_ws/install/rmoss_interfaces/local/lib/python3.10/dist-packages/rmoss_interfaces/_rmoss_interfaces_s.ep.rosidl_typesupport_introspection_c.c
[44.469s] -- Symlinking: /home/nexium/ros_ws/install/rmoss_interfaces/local/lib/python3.10/dist-packages/rmoss_interfaces/librmoss_interfaces__rosidl_generator_py.so
[44.486s] -- Symlinking: /home/nexium/ros_ws/install/rmoss_interfaces/local/lib/python3.10/dist-packages/rmoss_interfaces/msg/__init__.py
[44.497s] -- Symlinking: /home/nexium/ros_ws/install/rmoss_interfaces/local/lib/python3.10/dist-packages/rmoss_interfaces/msg/_chassis_cmd.py
[44.513s] -- Symlinking: /home/nexium/ros_ws/install/rmoss_interfaces/local/lib/python3.10/dist-packages/rmoss_interfaces/msg/_chassis_cmd_s.c
[44.529s] -- Symlinking: /home/nexium/ros_ws/install/rmoss_interfaces/local/lib/python3.10/dist-packages/rmoss_interfaces/msg/_exchange_ammon.py
[44.550s] -- Symlinking: /home/nexium/ros_ws/install/rmoss_interfaces/local/lib/python3.10/dist-packages/rmoss_interfaces/msg/_exchange_ammon_s.c
[44.560s] -- Symlinking: /home/nexium/ros_ws/install/rmoss_interfaces/local/lib/python3.10/dist-packages/rmoss_interfaces/msg/_game_status.py
[44.574s] -- Symlinking: /home/nexium/ros_ws/install/rmoss_interfaces/local/lib/python3.10/dist-packages/rmoss_interfaces/msg/_game_status_s.c
[44.588s] -- Symlinking: /home/nexium/ros_ws/install/rmoss_interfaces/local/lib/python3.10/dist-packages/rmoss_interfaces/msg/_gimbal.py
[44.602s] -- Symlinking: /home/nexium/ros_ws/install/rmoss_interfaces/local/lib/python3.10/dist-packages/rmoss_interfaces/msg/_gimbal_cmd.py
[44.618s] -- Symlinking: /home/nexium/ros_ws/install/rmoss_interfaces/local/lib/python3.10/dist-packages/rmoss_interfaces/msg/_gimbal_cmd_s.c
[44.633s] -- Symlinking: /home/nexium/ros_ws/install/rmoss_interfaces/local/lib/python3.10/dist-packages/rmoss_interfaces/msg/_gimbal_s.c
[44.650s] -- Symlinking: /home/nexium/ros_ws/install/rmoss_interfaces/local/lib/python3.10/dist-packages/rmoss_interfaces/msg/_referee_cmd.py
[44.662s] -- Symlinking: /home/nexium/ros_ws/install/rmoss_interfaces/local/lib/python3.10/dist-packages/rmoss_interfaces/msg/_referee_cmd_s.c
[44.678s] -- Symlinking: /home/nexium/ros_ws/install/rmoss_interfaces/local/lib/python3.10/dist-packages/rmoss_interfaces/msg/_rfid_status.py
[44.692s] -- Symlinking: /home/nexium/ros_ws/install/rmoss_interfaces/local/lib/python3.10/dist-packages/rmoss_interfaces/msg/_rfid_status_array.py
[44.706s] -- Symlinking: /home/nexium/ros_ws/install/rmoss_interfaces/local/lib/python3.10/dist-packages/rmoss_interfaces/msg/_rfid_status_array_s.c
[44.721s] -- Symlinking: /home/nexium/ros_ws/install/rmoss_interfaces/local/lib/python3.10/dist-packages/rmoss_interfaces/msg/_rfid_status_s.c
[44.737s] -- Symlinking: /home/nexium/ros_ws/install/rmoss_interfaces/local/lib/python3.10/dist-packages/rmoss_interfaces/msg/_robot_status.py
[44.754s] -- Symlinking: /home/nexium/ros_ws/install/rmoss_interfaces/local/lib/python3.10/dist-packages/rmoss_interfaces/msg/_robot_status_s.c
[44.769s] -- Symlinking: /home/nexium/ros_ws/install/rmoss_interfaces/local/lib/python3.10/dist-packages/rmoss_interfaces/msg/_shoot_cmd.py
[44.784s] -- Symlinking: /home/nexium/ros_ws/install/rmoss_interfaces/local/lib/python3.10/dist-packages/rmoss_interfaces/msg/_shoot_cmd_s.c
[44.800s] -- Symlinking: /home/nexium/ros_ws/install/rmoss_interfaces/local/lib/python3.10/dist-packages/rmoss_interfaces/rmoss_interfaces_s__rosidl_typesupport_c.cpython-310-x86_64-linux-gnu.so
[44.814s] -- Symlinking: /home/nexium/ros_ws/install/rmoss_interfaces/local/lib/python3.10/dist-packages/rmoss_interfaces/rmoss_interfaces_s__rosidl_typesupport_fastrtps_c.cpython-310-x86_64-linux-gnu.so
[44.829s] -- Symlinking: /home/nexium/ros_ws/install/rmoss_interfaces/local/lib/python3.10/dist-packages/rmoss_interfaces/rmoss_interfaces_s__rosidl_typesupport_introspection_c.cpython-310-x86_64-linux-gnu.so
[44.848s] -- Symlinking: /home/nexium/ros_ws/install/rmoss_interfaces/local/lib/python3.10/dist-packages/rmoss_interfaces/srv/__init__.py
[44.860s] -- Symlinking: /home/nexium/ros_ws/install/rmoss_interfaces/local/lib/python3.10/dist-packages/rmoss_interfaces/srv/_control_task.py
[44.874s] -- Symlinking: /home/nexium/ros_ws/install/rmoss_interfaces/local/lib/python3.10/dist-packages/rmoss_interfaces/srv/_control_task_s.c
[44.890s] -- Symlinking: /home/nexium/ros_ws/install/rmoss_interfaces/local/lib/python3.10/dist-packages/rmoss_interfaces/srv/_exchange_ammon.py
[44.904s] -- Symlinking: /home/nexium/ros_ws/install/rmoss_interfaces/local/lib/python3.10/dist-packages/rmoss_interfaces/srv/_exchange_ammon_s.c
[44.920s] -- Symlinking: /home/nexium/ros_ws/install/rmoss_interfaces/local/lib/python3.10/dist-packages/rmoss_interfaces/srv/_get_camera_info.py
[44.940s] -- Symlinking: /home/nexium/ros_ws/install/rmoss_interfaces/local/lib/python3.10/dist-packages/rmoss_interfaces/srv/_get_camera_info_s.c
[44.953s] -- Symlinking: /home/nexium/ros_ws/install/rmoss_interfaces/local/lib/python3.10/dist-packages/rmoss_interfaces/srv/_get_mode.py
[44.968s] -- Symlinking: /home/nexium/ros_ws/install/rmoss_interfaces/local/lib/python3.10/dist-packages/rmoss_interfaces/srv/_get_mode_s.c
[44.983s] -- Symlinking: /home/nexium/ros_ws/install/rmoss_interfaces/local/lib/python3.10/dist-packages/rmoss_interfaces/srv/_get_task_status.py
[44.996s] -- Symlinking: /home/nexium/ros_ws/install/rmoss_interfaces/local/lib/python3.10/dist-packages/rmoss_interfaces/srv/_get_task_status_s.c
[45.014s] -- Symlinking: /home/nexium/ros_ws/install/rmoss_interfaces/local/lib/python3.10/dist-packages/rmoss_interfaces/srv/_set_color.py
[45.027s] -- Symlinking: /home/nexium/ros_ws/install/rmoss_interfaces/local/lib/python3.10/dist-packages/rmoss_interfaces/srv/_set_color_s.c
[45.047s] -- Symlinking: /home/nexium/ros_ws/install/rmoss_interfaces/local/lib/python3.10/dist-packages/rmoss_interfaces/srv/_set_mode.py
[45.059s] -- Symlinking: /home/nexium/ros_ws/install/rmoss_interfaces/local/lib/python3.10/dist-packages/rmoss_interfaces/srv/_set_mode_s.c
[45.074s] -- Up-to-date symlink: /home/nexium/ros_ws/install/rmoss_interfaces/local/lib/python3.10/dist-packages/rmoss_interfaces/rmoss_interfaces_s__rosidl_typesupport_fastrtps_c.cpython-310-x86_64-linux-gnu.so
[45.075s] -- Up-to-date symlink: /home/nexium/ros_ws/install/rmoss_interfaces/local/lib/python3.10/dist-packages/rmoss_interfaces/rmoss_interfaces_s__rosidl_typesupport_introspection_c.cpython-310-x86_64-linux-gnu.so
[45.075s] -- Up-to-date symlink: /home/nexium/ros_ws/install/rmoss_interfaces/local/lib/python3.10/dist-packages/rmoss_interfaces/rmoss_interfaces_s__rosidl_typesupport_c.cpython-310-x86_64-linux-gnu.so
[45.076s] -- Symlinking: /home/nexium/ros_ws/install/rmoss_interfaces/share/rmoss_interfaces/msg/RefereeCmd.idl
[45.090s] -- Symlinking: /home/nexium/ros_ws/install/rmoss_interfaces/share/rmoss_interfaces/msg/GameStatus.idl
[45.104s] -- Symlinking: /home/nexium/ros_ws/install/rmoss_interfaces/share/rmoss_interfaces/msg/RobotStatus.idl
[45.120s] -- Symlinking: /home/nexium/ros_ws/install/rmoss_interfaces/share/rmoss_interfaces/msg/RfidStatus.idl
[45.136s] -- Symlinking: /home/nexium/ros_ws/install/rmoss_interfaces/share/rmoss_interfaces/msg/RfidStatusArray.idl
[45.152s] -- Symlinking: /home/nexium/ros_ws/install/rmoss_interfaces/share/rmoss_interfaces/msg/ExchangeAmmon.idl
[45.168s] -- Symlinking: /home/nexium/ros_ws/install/rmoss_interfaces/share/rmoss_interfaces/msg/Gimbal.idl
[45.184s] -- Symlinking: /home/nexium/ros_ws/install/rmoss_interfaces/share/rmoss_interfaces/msg/GimbalCmd.idl
[45.199s] -- Symlinking: /home/nexium/ros_ws/install/rmoss_interfaces/share/rmoss_interfaces/msg/ShootCmd.idl
[45.214s] -- Symlinking: /home/nexium/ros_ws/install/rmoss_interfaces/share/rmoss_interfaces/msg/ChassisCmd.idl
[45.230s] -- Symlinking: /home/nexium/ros_ws/install/rmoss_interfaces/share/rmoss_interfaces/srv/SetColor.idl
[45.247s] -- Symlinking: /home/nexium/ros_ws/install/rmoss_interfaces/share/rmoss_interfaces/srv/SetMode.idl
[45.264s] -- Symlinking: /home/nexium/ros_ws/install/rmoss_interfaces/share/rmoss_interfaces/srv/GetMode.idl
[45.279s] -- Symlinking: /home/nexium/ros_ws/install/rmoss_interfaces/share/rmoss_interfaces/srv/GetCameraInfo.idl
[45.295s] -- Symlinking: /home/nexium/ros_ws/install/rmoss_interfaces/share/rmoss_interfaces/srv/GetTaskStatus.idl
[45.308s] -- Symlinking: /home/nexium/ros_ws/install/rmoss_interfaces/share/rmoss_interfaces/srv/ControlTask.idl
[45.323s] -- Symlinking: /home/nexium/ros_ws/install/rmoss_interfaces/share/rmoss_interfaces/srv/ExchangeAmmon.idl
[45.340s] -- Symlinking: /home/nexium/ros_ws/install/rmoss_interfaces/share/rmoss_interfaces/referee/RefereeCmd.msg
[45.359s] -- Symlinking: /home/nexium/ros_ws/install/rmoss_interfaces/share/rmoss_interfaces/referee/GameStatus.msg
[45.370s] -- Symlinking: /home/nexium/ros_ws/install/rmoss_interfaces/share/rmoss_interfaces/referee/RobotStatus.msg
[45.386s] -- Symlinking: /home/nexium/ros_ws/install/rmoss_interfaces/share/rmoss_interfaces/referee/RfidStatus.msg
[45.398s] -- Symlinking: /home/nexium/ros_ws/install/rmoss_interfaces/share/rmoss_interfaces/referee/RfidStatusArray.msg
[45.412s] -- Symlinking: /home/nexium/ros_ws/install/rmoss_interfaces/share/rmoss_interfaces/referee/ExchangeAmmon.msg
[45.428s] -- Symlinking: /home/nexium/ros_ws/install/rmoss_interfaces/share/rmoss_interfaces/msg/Gimbal.msg
[45.442s] -- Symlinking: /home/nexium/ros_ws/install/rmoss_interfaces/share/rmoss_interfaces/msg/GimbalCmd.msg
[45.458s] -- Symlinking: /home/nexium/ros_ws/install/rmoss_interfaces/share/rmoss_interfaces/msg/ShootCmd.msg
[45.475s] -- Symlinking: /home/nexium/ros_ws/install/rmoss_interfaces/share/rmoss_interfaces/msg/ChassisCmd.msg
[45.487s] -- Symlinking: /home/nexium/ros_ws/install/rmoss_interfaces/share/rmoss_interfaces/srv/SetColor.srv
[45.502s] -- Symlinking: /home/nexium/ros_ws/install/rmoss_interfaces/share/rmoss_interfaces/srv/SetColor_Request.msg
[45.513s] -- Symlinking: /home/nexium/ros_ws/install/rmoss_interfaces/share/rmoss_interfaces/srv/SetColor_Response.msg
[45.529s] -- Symlinking: /home/nexium/ros_ws/install/rmoss_interfaces/share/rmoss_interfaces/srv/SetMode.srv
[45.543s] -- Symlinking: /home/nexium/ros_ws/install/rmoss_interfaces/share/rmoss_interfaces/srv/SetMode_Request.msg
[45.559s] -- Symlinking: /home/nexium/ros_ws/install/rmoss_interfaces/share/rmoss_interfaces/srv/SetMode_Response.msg
[45.571s] -- Symlinking: /home/nexium/ros_ws/install/rmoss_interfaces/share/rmoss_interfaces/srv/GetMode.srv
[45.585s] -- Symlinking: /home/nexium/ros_ws/install/rmoss_interfaces/share/rmoss_interfaces/srv/GetMode_Request.msg
[45.598s] -- Symlinking: /home/nexium/ros_ws/install/rmoss_interfaces/share/rmoss_interfaces/srv/GetMode_Response.msg
[45.612s] -- Symlinking: /home/nexium/ros_ws/install/rmoss_interfaces/share/rmoss_interfaces/srv/GetCameraInfo.srv
[45.628s] -- Symlinking: /home/nexium/ros_ws/install/rmoss_interfaces/share/rmoss_interfaces/srv/GetCameraInfo_Request.msg
[45.641s] -- Symlinking: /home/nexium/ros_ws/install/rmoss_interfaces/share/rmoss_interfaces/srv/GetCameraInfo_Response.msg
[45.657s] -- Symlinking: /home/nexium/ros_ws/install/rmoss_interfaces/share/rmoss_interfaces/srv/GetTaskStatus.srv
[45.671s] -- Symlinking: /home/nexium/ros_ws/install/rmoss_interfaces/share/rmoss_interfaces/srv/GetTaskStatus_Request.msg
[45.685s] -- Symlinking: /home/nexium/ros_ws/install/rmoss_interfaces/share/rmoss_interfaces/srv/GetTaskStatus_Response.msg
[45.700s] -- Symlinking: /home/nexium/ros_ws/install/rmoss_interfaces/share/rmoss_interfaces/srv/ControlTask.srv
[45.714s] -- Symlinking: /home/nexium/ros_ws/install/rmoss_interfaces/share/rmoss_interfaces/srv/ControlTask_Request.msg
[45.729s] -- Symlinking: /home/nexium/ros_ws/install/rmoss_interfaces/share/rmoss_interfaces/srv/ControlTask_Response.msg
[45.743s] -- Symlinking: /home/nexium/ros_ws/install/rmoss_interfaces/share/rmoss_interfaces/srv/ExchangeAmmon.srv
[45.758s] -- Symlinking: /home/nexium/ros_ws/install/rmoss_interfaces/share/rmoss_interfaces/srv/ExchangeAmmon_Request.msg
[45.772s] -- Symlinking: /home/nexium/ros_ws/install/rmoss_interfaces/share/rmoss_interfaces/srv/ExchangeAmmon_Response.msg
[45.786s] -- Symlinking: /home/nexium/ros_ws/install/rmoss_interfaces/share/ament_index/resource_index/package_run_dependencies/rmoss_interfaces
[45.800s] -- Symlinking: /home/nexium/ros_ws/install/rmoss_interfaces/share/ament_index/resource_index/parent_prefix_path/rmoss_interfaces
[45.813s] -- Symlinking: /home/nexium/ros_ws/install/rmoss_interfaces/share/rmoss_interfaces/environment/ament_prefix_path.sh
[45.827s] -- Symlinking: /home/nexium/ros_ws/install/rmoss_interfaces/share/rmoss_interfaces/environment/ament_prefix_path.dsv
[45.846s] -- Symlinking: /home/nexium/ros_ws/install/rmoss_interfaces/share/rmoss_interfaces/environment/path.sh
[45.856s] -- Symlinking: /home/nexium/ros_ws/install/rmoss_interfaces/share/rmoss_interfaces/environment/path.dsv
[45.871s] -- Symlinking: /home/nexium/ros_ws/install/rmoss_interfaces/share/rmoss_interfaces/local_setup.bash
[45.887s] -- Symlinking: /home/nexium/ros_ws/install/rmoss_interfaces/share/rmoss_interfaces/local_setup.sh
[45.901s] -- Symlinking: /home/nexium/ros_ws/install/rmoss_interfaces/share/rmoss_interfaces/local_setup.zsh
[45.917s] -- Symlinking: /home/nexium/ros_ws/install/rmoss_interfaces/share/rmoss_interfaces/local_setup.dsv
[45.936s] -- Symlinking: /home/nexium/ros_ws/install/rmoss_interfaces/share/rmoss_interfaces/package.dsv
[45.957s] -- Symlinking: /home/nexium/ros_ws/install/rmoss_interfaces/share/ament_index/resource_index/packages/rmoss_interfaces
[45.974s] -- Symlinking: /home/nexium/ros_ws/install/rmoss_interfaces/share/rmoss_interfaces/cmake/rosidl_cmake-extras.cmake
[45.994s] -- Symlinking: /home/nexium/ros_ws/install/rmoss_interfaces/share/rmoss_interfaces/cmake/ament_cmake_export_dependencies-extras.cmake
[46.007s] -- Symlinking: /home/nexium/ros_ws/install/rmoss_interfaces/share/rmoss_interfaces/cmake/ament_cmake_export_include_directories-extras.cmake
[46.024s] -- Symlinking: /home/nexium/ros_ws/install/rmoss_interfaces/share/rmoss_interfaces/cmake/ament_cmake_export_libraries-extras.cmake
[46.045s] -- Symlinking: /home/nexium/ros_ws/install/rmoss_interfaces/share/rmoss_interfaces/cmake/ament_cmake_export_targets-extras.cmake
[46.066s] -- Symlinking: /home/nexium/ros_ws/install/rmoss_interfaces/share/rmoss_interfaces/cmake/rosidl_cmake_export_typesupport_targets-extras.cmake
[46.086s] -- Symlinking: /home/nexium/ros_ws/install/rmoss_interfaces/share/rmoss_interfaces/cmake/rosidl_cmake_export_typesupport_libraries-extras.cmake
[46.106s] -- Symlinking: /home/nexium/ros_ws/install/rmoss_interfaces/share/rmoss_interfaces/cmake/rmoss_interfacesConfig.cmake
[46.128s] -- Symlinking: /home/nexium/ros_ws/install/rmoss_interfaces/share/rmoss_interfaces/cmake/rmoss_interfacesConfig-version.cmake
[46.145s] -- Symlinking: /home/nexium/ros_ws/install/rmoss_interfaces/share/rmoss_interfaces/package.xml
[46.162s] -- Installing: /home/nexium/ros_ws/install/rmoss_interfaces/lib/librmoss_interfaces__rosidl_generator_c.so
[46.164s] -- Set runtime path of "/home/nexium/ros_ws/install/rmoss_interfaces/lib/librmoss_interfaces__rosidl_generator_c.so" to ""
[46.164s] -- Installing: /home/nexium/ros_ws/install/rmoss_interfaces/lib/librmoss_interfaces__rosidl_typesupport_fastrtps_c.so
[46.164s] -- Set runtime path of "/home/nexium/ros_ws/install/rmoss_interfaces/lib/librmoss_interfaces__rosidl_typesupport_fastrtps_c.so" to ""
[46.164s] -- Installing: /home/nexium/ros_ws/install/rmoss_interfaces/lib/librmoss_interfaces__rosidl_typesupport_fastrtps_cpp.so
[46.165s] -- Set runtime path of "/home/nexium/ros_ws/install/rmoss_interfaces/lib/librmoss_interfaces__rosidl_typesupport_fastrtps_cpp.so" to ""
[46.165s] -- Installing: /home/nexium/ros_ws/install/rmoss_interfaces/lib/librmoss_interfaces__rosidl_typesupport_introspection_c.so
[46.166s] -- Set runtime path of "/home/nexium/ros_ws/install/rmoss_interfaces/lib/librmoss_interfaces__rosidl_typesupport_introspection_c.so" to ""
[46.166s] -- Installing: /home/nexium/ros_ws/install/rmoss_interfaces/lib/librmoss_interfaces__rosidl_typesupport_c.so
[46.167s] -- Set runtime path of "/home/nexium/ros_ws/install/rmoss_interfaces/lib/librmoss_interfaces__rosidl_typesupport_c.so" to ""
[46.167s] -- Installing: /home/nexium/ros_ws/install/rmoss_interfaces/lib/librmoss_interfaces__rosidl_typesupport_introspection_cpp.so
[46.168s] -- Set runtime path of "/home/nexium/ros_ws/install/rmoss_interfaces/lib/librmoss_interfaces__rosidl_typesupport_introspection_cpp.so" to ""
[46.168s] -- Installing: /home/nexium/ros_ws/install/rmoss_interfaces/lib/librmoss_interfaces__rosidl_typesupport_cpp.so
[46.169s] -- Set runtime path of "/home/nexium/ros_ws/install/rmoss_interfaces/lib/librmoss_interfaces__rosidl_typesupport_cpp.so" to ""
[46.273s] Listing '/home/nexium/ros_ws/install/rmoss_interfaces/local/lib/python3.10/dist-packages/rmoss_interfaces'...
[46.274s] Compiling '/home/nexium/ros_ws/install/rmoss_interfaces/local/lib/python3.10/dist-packages/rmoss_interfaces/__init__.py'...
[46.274s] Listing '/home/nexium/ros_ws/install/rmoss_interfaces/local/lib/python3.10/dist-packages/rmoss_interfaces/msg'...
[46.274s] Compiling '/home/nexium/ros_ws/install/rmoss_interfaces/local/lib/python3.10/dist-packages/rmoss_interfaces/msg/__init__.py'...
[46.274s] Compiling '/home/nexium/ros_ws/install/rmoss_interfaces/local/lib/python3.10/dist-packages/rmoss_interfaces/msg/_chassis_cmd.py'...
[46.274s] Compiling '/home/nexium/ros_ws/install/rmoss_interfaces/local/lib/python3.10/dist-packages/rmoss_interfaces/msg/_exchange_ammon.py'...
[46.274s] Compiling '/home/nexium/ros_ws/install/rmoss_interfaces/local/lib/python3.10/dist-packages/rmoss_interfaces/msg/_game_status.py'...
[46.274s] Compiling '/home/nexium/ros_ws/install/rmoss_interfaces/local/lib/python3.10/dist-packages/rmoss_interfaces/msg/_gimbal.py'...
[46.274s] Compiling '/home/nexium/ros_ws/install/rmoss_interfaces/local/lib/python3.10/dist-packages/rmoss_interfaces/msg/_gimbal_cmd.py'...
[46.274s] Compiling '/home/nexium/ros_ws/install/rmoss_interfaces/local/lib/python3.10/dist-packages/rmoss_interfaces/msg/_referee_cmd.py'...
[46.274s] Compiling '/home/nexium/ros_ws/install/rmoss_interfaces/local/lib/python3.10/dist-packages/rmoss_interfaces/msg/_rfid_status.py'...
[46.274s] Compiling '/home/nexium/ros_ws/install/rmoss_interfaces/local/lib/python3.10/dist-packages/rmoss_interfaces/msg/_rfid_status_array.py'...
[46.274s] Compiling '/home/nexium/ros_ws/install/rmoss_interfaces/local/lib/python3.10/dist-packages/rmoss_interfaces/msg/_robot_status.py'...
[46.274s] Compiling '/home/nexium/ros_ws/install/rmoss_interfaces/local/lib/python3.10/dist-packages/rmoss_interfaces/msg/_shoot_cmd.py'...
[46.274s] Listing '/home/nexium/ros_ws/install/rmoss_interfaces/local/lib/python3.10/dist-packages/rmoss_interfaces/srv'...
[46.274s] Compiling '/home/nexium/ros_ws/install/rmoss_interfaces/local/lib/python3.10/dist-packages/rmoss_interfaces/srv/__init__.py'...
[46.274s] Compiling '/home/nexium/ros_ws/install/rmoss_interfaces/local/lib/python3.10/dist-packages/rmoss_interfaces/srv/_control_task.py'...
[46.274s] Compiling '/home/nexium/ros_ws/install/rmoss_interfaces/local/lib/python3.10/dist-packages/rmoss_interfaces/srv/_exchange_ammon.py'...
[46.274s] Compiling '/home/nexium/ros_ws/install/rmoss_interfaces/local/lib/python3.10/dist-packages/rmoss_interfaces/srv/_get_camera_info.py'...
[46.275s] Compiling '/home/nexium/ros_ws/install/rmoss_interfaces/local/lib/python3.10/dist-packages/rmoss_interfaces/srv/_get_mode.py'...
[46.275s] Compiling '/home/nexium/ros_ws/install/rmoss_interfaces/local/lib/python3.10/dist-packages/rmoss_interfaces/srv/_get_task_status.py'...
[46.275s] Compiling '/home/nexium/ros_ws/install/rmoss_interfaces/local/lib/python3.10/dist-packages/rmoss_interfaces/srv/_set_color.py'...
[46.275s] Compiling '/home/nexium/ros_ws/install/rmoss_interfaces/local/lib/python3.10/dist-packages/rmoss_interfaces/srv/_set_mode.py'...
[46.286s] -- Installing: /home/nexium/ros_ws/install/rmoss_interfaces/lib/librmoss_interfaces__rosidl_generator_py.so
[46.286s] -- Set runtime path of "/home/nexium/ros_ws/install/rmoss_interfaces/lib/librmoss_interfaces__rosidl_generator_py.so" to ""
[46.287s] -- Installing: /home/nexium/ros_ws/install/rmoss_interfaces/share/rmoss_interfaces/cmake/export_rmoss_interfaces__rosidl_generator_cExport.cmake
[46.287s] -- Installing: /home/nexium/ros_ws/install/rmoss_interfaces/share/rmoss_interfaces/cmake/export_rmoss_interfaces__rosidl_generator_cExport-release.cmake
[46.288s] -- Installing: /home/nexium/ros_ws/install/rmoss_interfaces/share/rmoss_interfaces/cmake/export_rmoss_interfaces__rosidl_typesupport_fastrtps_cExport.cmake
[46.288s] -- Installing: /home/nexium/ros_ws/install/rmoss_interfaces/share/rmoss_interfaces/cmake/export_rmoss_interfaces__rosidl_typesupport_fastrtps_cExport-release.cmake
[46.288s] -- Installing: /home/nexium/ros_ws/install/rmoss_interfaces/share/rmoss_interfaces/cmake/export_rmoss_interfaces__rosidl_generator_cppExport.cmake
[46.289s] -- Installing: /home/nexium/ros_ws/install/rmoss_interfaces/share/rmoss_interfaces/cmake/export_rmoss_interfaces__rosidl_typesupport_fastrtps_cppExport.cmake
[46.289s] -- Installing: /home/nexium/ros_ws/install/rmoss_interfaces/share/rmoss_interfaces/cmake/export_rmoss_interfaces__rosidl_typesupport_fastrtps_cppExport-release.cmake
[46.289s] -- Installing: /home/nexium/ros_ws/install/rmoss_interfaces/share/rmoss_interfaces/cmake/rmoss_interfaces__rosidl_typesupport_introspection_cExport.cmake
[46.289s] -- Installing: /home/nexium/ros_ws/install/rmoss_interfaces/share/rmoss_interfaces/cmake/rmoss_interfaces__rosidl_typesupport_introspection_cExport-release.cmake
[46.290s] -- Installing: /home/nexium/ros_ws/install/rmoss_interfaces/share/rmoss_interfaces/cmake/rmoss_interfaces__rosidl_typesupport_cExport.cmake
[46.290s] -- Installing: /home/nexium/ros_ws/install/rmoss_interfaces/share/rmoss_interfaces/cmake/rmoss_interfaces__rosidl_typesupport_cExport-release.cmake
[46.290s] -- Installing: /home/nexium/ros_ws/install/rmoss_interfaces/share/rmoss_interfaces/cmake/rmoss_interfaces__rosidl_typesupport_introspection_cppExport.cmake
[46.291s] -- Installing: /home/nexium/ros_ws/install/rmoss_interfaces/share/rmoss_interfaces/cmake/rmoss_interfaces__rosidl_typesupport_introspection_cppExport-release.cmake
[46.291s] -- Installing: /home/nexium/ros_ws/install/rmoss_interfaces/share/rmoss_interfaces/cmake/rmoss_interfaces__rosidl_typesupport_cppExport.cmake
[46.291s] -- Installing: /home/nexium/ros_ws/install/rmoss_interfaces/share/rmoss_interfaces/cmake/rmoss_interfaces__rosidl_typesupport_cppExport-release.cmake
[46.291s] -- Installing: /home/nexium/ros_ws/install/rmoss_interfaces/share/rmoss_interfaces/cmake/export_rmoss_interfaces__rosidl_generator_pyExport.cmake
[46.293s] -- Installing: /home/nexium/ros_ws/install/rmoss_interfaces/share/rmoss_interfaces/cmake/export_rmoss_interfaces__rosidl_generator_pyExport-release.cmake
[46.299s] Invoked command in '/home/nexium/ros_ws/build/rmoss_interfaces' returned '0': CMAKE_PREFIX_PATH=/opt/ros/humble /usr/bin/cmake --install /home/nexium/ros_ws/build/rmoss_interfaces
