[0.056s] Invoking command in '/home/nexium/ros_ws/build/behaviortree_ros2': AMENT_PREFIX_PATH=/home/nexium/ros_ws/install/btcpp_ros2_interfaces:${AMENT_PREFIX_PATH} CMAKE_PREFIX_PATH=/home/nexium/ros_ws/install/btcpp_ros2_interfaces:/opt/ros/humble LD_LIBRARY_PATH=/home/nexium/ros_ws/install/btcpp_ros2_interfaces/lib:${LD_LIBRARY_PATH} PYTHONPATH=/home/nexium/ros_ws/install/btcpp_ros2_interfaces/local/lib/python3.10/dist-packages:${PYTHONPATH} /usr/bin/cmake --build /home/nexium/ros_ws/build/behaviortree_ros2 -- -j12 -l12
[0.133s] [ 33%] Built target bt_executor_parameters
[0.167s] [35m[1mConsolidate compiler generated dependencies of target behaviortree_ros2[0m
[0.200s] [100%] Built target behaviortree_ros2
[0.256s] Invoked command in '/home/nexium/ros_ws/build/behaviortree_ros2' returned '0': AMENT_PREFIX_PATH=/home/nexium/ros_ws/install/btcpp_ros2_interfaces:${AMENT_PREFIX_PATH} CMAKE_PREFIX_PATH=/home/nexium/ros_ws/install/btcpp_ros2_interfaces:/opt/ros/humble LD_LIBRARY_PATH=/home/nexium/ros_ws/install/btcpp_ros2_interfaces/lib:${LD_LIBRARY_PATH} PYTHONPATH=/home/nexium/ros_ws/install/btcpp_ros2_interfaces/local/lib/python3.10/dist-packages:${PYTHONPATH} /usr/bin/cmake --build /home/nexium/ros_ws/build/behaviortree_ros2 -- -j12 -l12
[0.259s] Invoking command in '/home/nexium/ros_ws/build/behaviortree_ros2': AMENT_PREFIX_PATH=/home/nexium/ros_ws/install/btcpp_ros2_interfaces:${AMENT_PREFIX_PATH} CMAKE_PREFIX_PATH=/home/nexium/ros_ws/install/btcpp_ros2_interfaces:/opt/ros/humble LD_LIBRARY_PATH=/home/nexium/ros_ws/install/btcpp_ros2_interfaces/lib:${LD_LIBRARY_PATH} PYTHONPATH=/home/nexium/ros_ws/install/btcpp_ros2_interfaces/local/lib/python3.10/dist-packages:${PYTHONPATH} /usr/bin/cmake --install /home/nexium/ros_ws/build/behaviortree_ros2
[0.278s] -- Install configuration: "release"
[0.278s] -- Execute custom install script
[0.278s] -- Up-to-date symlink: /home/nexium/ros_ws/install/behaviortree_ros2/include/behaviortree_ros2/bt_executor_parameters.hpp
[0.278s] -- Up-to-date symlink: /home/nexium/ros_ws/install/behaviortree_ros2/include//behaviortree_ros2/bt_action_node.hpp
[0.278s] -- Up-to-date symlink: /home/nexium/ros_ws/install/behaviortree_ros2/include//behaviortree_ros2/bt_service_node.hpp
[0.279s] -- Up-to-date symlink: /home/nexium/ros_ws/install/behaviortree_ros2/include//behaviortree_ros2/bt_topic_pub_action_node.hpp
[0.279s] -- Up-to-date symlink: /home/nexium/ros_ws/install/behaviortree_ros2/include//behaviortree_ros2/bt_topic_pub_node.hpp
[0.279s] -- Up-to-date symlink: /home/nexium/ros_ws/install/behaviortree_ros2/include//behaviortree_ros2/bt_topic_sub_node.hpp
[0.279s] -- Up-to-date symlink: /home/nexium/ros_ws/install/behaviortree_ros2/include//behaviortree_ros2/bt_utils.hpp
[0.279s] -- Up-to-date symlink: /home/nexium/ros_ws/install/behaviortree_ros2/include//behaviortree_ros2/plugins.hpp
[0.279s] -- Up-to-date symlink: /home/nexium/ros_ws/install/behaviortree_ros2/include//behaviortree_ros2/ros_node_params.hpp
[0.279s] -- Up-to-date symlink: /home/nexium/ros_ws/install/behaviortree_ros2/include//behaviortree_ros2/tree_execution_server.hpp
[0.279s] -- Up-to-date symlink: /home/nexium/ros_ws/install/behaviortree_ros2/share/behaviortree_ros2/environment/library_path.sh
[0.279s] -- Up-to-date symlink: /home/nexium/ros_ws/install/behaviortree_ros2/share/behaviortree_ros2/environment/library_path.dsv
[0.279s] -- Up-to-date symlink: /home/nexium/ros_ws/install/behaviortree_ros2/share/ament_index/resource_index/package_run_dependencies/behaviortree_ros2
[0.279s] -- Up-to-date symlink: /home/nexium/ros_ws/install/behaviortree_ros2/share/ament_index/resource_index/parent_prefix_path/behaviortree_ros2
[0.279s] -- Up-to-date symlink: /home/nexium/ros_ws/install/behaviortree_ros2/share/behaviortree_ros2/environment/ament_prefix_path.sh
[0.279s] -- Up-to-date symlink: /home/nexium/ros_ws/install/behaviortree_ros2/share/behaviortree_ros2/environment/ament_prefix_path.dsv
[0.280s] -- Up-to-date symlink: /home/nexium/ros_ws/install/behaviortree_ros2/share/behaviortree_ros2/environment/path.sh
[0.280s] -- Up-to-date symlink: /home/nexium/ros_ws/install/behaviortree_ros2/share/behaviortree_ros2/environment/path.dsv
[0.280s] -- Up-to-date symlink: /home/nexium/ros_ws/install/behaviortree_ros2/share/behaviortree_ros2/local_setup.bash
[0.280s] -- Up-to-date symlink: /home/nexium/ros_ws/install/behaviortree_ros2/share/behaviortree_ros2/local_setup.sh
[0.280s] -- Up-to-date symlink: /home/nexium/ros_ws/install/behaviortree_ros2/share/behaviortree_ros2/local_setup.zsh
[0.280s] -- Up-to-date symlink: /home/nexium/ros_ws/install/behaviortree_ros2/share/behaviortree_ros2/local_setup.dsv
[0.280s] -- Symlinking: /home/nexium/ros_ws/install/behaviortree_ros2/share/behaviortree_ros2/package.dsv
[0.282s] -- Up-to-date symlink: /home/nexium/ros_ws/install/behaviortree_ros2/share/ament_index/resource_index/packages/behaviortree_ros2
[0.283s] -- Up-to-date symlink: /home/nexium/ros_ws/install/behaviortree_ros2/share/behaviortree_ros2/cmake/ament_cmake_export_dependencies-extras.cmake
[0.283s] -- Up-to-date symlink: /home/nexium/ros_ws/install/behaviortree_ros2/share/behaviortree_ros2/cmake/ament_cmake_export_targets-extras.cmake
[0.283s] -- Up-to-date symlink: /home/nexium/ros_ws/install/behaviortree_ros2/share/behaviortree_ros2/cmake/ament_cmake_export_include_directories-extras.cmake
[0.283s] -- Up-to-date symlink: /home/nexium/ros_ws/install/behaviortree_ros2/share/behaviortree_ros2/cmake/ament_cmake_export_libraries-extras.cmake
[0.283s] -- Up-to-date symlink: /home/nexium/ros_ws/install/behaviortree_ros2/share/behaviortree_ros2/cmake/behaviortree_ros2Config.cmake
[0.283s] -- Up-to-date symlink: /home/nexium/ros_ws/install/behaviortree_ros2/share/behaviortree_ros2/cmake/behaviortree_ros2Config-version.cmake
[0.283s] -- Up-to-date symlink: /home/nexium/ros_ws/install/behaviortree_ros2/share/behaviortree_ros2/package.xml
[0.283s] -- Up-to-date: /home/nexium/ros_ws/install/behaviortree_ros2/lib/libbehaviortree_ros2.a
[0.283s] -- Up-to-date: /home/nexium/ros_ws/install/behaviortree_ros2/share/behaviortree_ros2/cmake/behaviortree_ros2TargetsExport.cmake
[0.283s] -- Up-to-date: /home/nexium/ros_ws/install/behaviortree_ros2/share/behaviortree_ros2/cmake/behaviortree_ros2TargetsExport-release.cmake
[0.367s] Invoked command in '/home/nexium/ros_ws/build/behaviortree_ros2' returned '0': AMENT_PREFIX_PATH=/home/nexium/ros_ws/install/btcpp_ros2_interfaces:${AMENT_PREFIX_PATH} CMAKE_PREFIX_PATH=/home/nexium/ros_ws/install/btcpp_ros2_interfaces:/opt/ros/humble LD_LIBRARY_PATH=/home/nexium/ros_ws/install/btcpp_ros2_interfaces/lib:${LD_LIBRARY_PATH} PYTHONPATH=/home/nexium/ros_ws/install/btcpp_ros2_interfaces/local/lib/python3.10/dist-packages:${PYTHONPATH} /usr/bin/cmake --install /home/nexium/ros_ws/build/behaviortree_ros2
