running develop
running egg_info
creating sdformat_tools.egg-info
writing sdformat_tools.egg-info/PKG-INFO
writing dependency_links to sdformat_tools.egg-info/dependency_links.txt
writing entry points to sdformat_tools.egg-info/entry_points.txt
writing requirements to sdformat_tools.egg-info/requires.txt
writing top-level names to sdformat_tools.egg-info/top_level.txt
writing manifest file 'sdformat_tools.egg-info/SOURCES.txt'
reading manifest file 'sdformat_tools.egg-info/SOURCES.txt'
writing manifest file 'sdformat_tools.egg-info/SOURCES.txt'
running build_ext
Creating /home/nexium/ros_ws/install/sdformat_tools/lib/python3.10/site-packages/sdformat-tools.egg-link (link to .)
Installing sdf2urdf script to /home/nexium/ros_ws/install/sdformat_tools/bin
Installing xmacro4sdf script to /home/nexium/ros_ws/install/sdformat_tools/bin

Installed /home/nexium/ros_ws/build/sdformat_tools
running symlink_data
creating /home/nexium/ros_ws/install/sdformat_tools/share/ament_index
creating /home/nexium/ros_ws/install/sdformat_tools/share/ament_index/resource_index
creating /home/nexium/ros_ws/install/sdformat_tools/share/ament_index/resource_index/packages
symbolically linking /home/nexium/ros_ws/build/sdformat_tools/resource/sdformat_tools -> /home/nexium/ros_ws/install/sdformat_tools/share/ament_index/resource_index/packages
symbolically linking /home/nexium/ros_ws/build/sdformat_tools/package.xml -> /home/nexium/ros_ws/install/sdformat_tools/share/sdformat_tools
