[0.027s] Invoking command in '/home/nexium/ros_ws/build/btcpp_ros2_interfaces': CMAKE_PREFIX_PATH=/opt/ros/humble /usr/bin/cmake --build /home/nexium/ros_ws/build/btcpp_ros2_interfaces -- -j12 -l12
[0.459s] [35m[1mConsolidate compiler generated dependencies of target btcpp_ros2_interfaces__rosidl_generator_c[0m
[0.459s] [  2%] Built target btcpp_ros2_interfaces__cpp
[0.459s] [ 12%] Built target btcpp_ros2_interfaces__rosidl_generator_c
[0.459s] [ 12%] Built target ament_cmake_python_symlink_btcpp_ros2_interfaces
[0.459s] [35m[1mConsolidate compiler generated dependencies of target btcpp_ros2_interfaces__rosidl_typesupport_introspection_cpp[0m
[0.459s] [35m[1mConsolidate compiler generated dependencies of target btcpp_ros2_interfaces__rosidl_typesupport_cpp[0m
[0.459s] [35m[1mConsolidate compiler generated dependencies of target btcpp_ros2_interfaces__rosidl_typesupport_fastrtps_cpp[0m
[0.459s] [35m[1mConsolidate compiler generated dependencies of target btcpp_ros2_interfaces__rosidl_typesupport_c[0m
[0.459s] [35m[1mConsolidate compiler generated dependencies of target btcpp_ros2_interfaces__rosidl_typesupport_fastrtps_c[0m
[0.459s] [35m[1mConsolidate compiler generated dependencies of target btcpp_ros2_interfaces__rosidl_typesupport_introspection_c[0m
[0.459s] [ 34%] Built target btcpp_ros2_interfaces__rosidl_typesupport_fastrtps_cpp
[0.459s] [ 34%] Built target btcpp_ros2_interfaces__rosidl_typesupport_cpp
[0.459s] [ 44%] Built target btcpp_ros2_interfaces__rosidl_typesupport_fastrtps_c
[0.459s] [ 55%] Built target btcpp_ros2_interfaces__rosidl_typesupport_introspection_c
[0.459s] [ 65%] Built target btcpp_ros2_interfaces__rosidl_typesupport_introspection_cpp
[0.460s] [ 76%] Built target btcpp_ros2_interfaces__rosidl_typesupport_c
[0.460s] [ 76%] Built target btcpp_ros2_interfaces
[0.460s] [ 78%] Built target btcpp_ros2_interfaces__py
[0.460s] [35m[1mConsolidate compiler generated dependencies of target btcpp_ros2_interfaces__rosidl_generator_py[0m
[0.460s] [ 87%] Built target btcpp_ros2_interfaces__rosidl_generator_py
[0.460s] [35m[1mConsolidate compiler generated dependencies of target btcpp_ros2_interfaces__rosidl_typesupport_introspection_c__pyext[0m
[0.460s] [35m[1mConsolidate compiler generated dependencies of target btcpp_ros2_interfaces__rosidl_typesupport_c__pyext[0m
[0.460s] [35m[1mConsolidate compiler generated dependencies of target btcpp_ros2_interfaces__rosidl_typesupport_fastrtps_c__pyext[0m
[0.460s] [ 91%] Built target btcpp_ros2_interfaces__rosidl_typesupport_introspection_c__pyext
[0.460s] [100%] Built target btcpp_ros2_interfaces__rosidl_typesupport_fastrtps_c__pyext
[0.460s] [ 97%] Built target btcpp_ros2_interfaces__rosidl_typesupport_c__pyext
[0.460s] running egg_info
[0.460s] writing btcpp_ros2_interfaces.egg-info/PKG-INFO
[0.460s] writing dependency_links to btcpp_ros2_interfaces.egg-info/dependency_links.txt
[0.460s] writing top-level names to btcpp_ros2_interfaces.egg-info/top_level.txt
[0.460s] reading manifest file 'btcpp_ros2_interfaces.egg-info/SOURCES.txt'
[0.460s] writing manifest file 'btcpp_ros2_interfaces.egg-info/SOURCES.txt'
[0.460s] [100%] Built target ament_cmake_python_build_btcpp_ros2_interfaces_egg
[0.485s] Invoked command in '/home/nexium/ros_ws/build/btcpp_ros2_interfaces' returned '0': CMAKE_PREFIX_PATH=/opt/ros/humble /usr/bin/cmake --build /home/nexium/ros_ws/build/btcpp_ros2_interfaces -- -j12 -l12
[0.493s] Invoking command in '/home/nexium/ros_ws/build/btcpp_ros2_interfaces': CMAKE_PREFIX_PATH=/opt/ros/humble /usr/bin/cmake --install /home/nexium/ros_ws/build/btcpp_ros2_interfaces
[0.585s] -- Install configuration: "release"
[0.585s] -- Execute custom install script
[0.585s] -- Up-to-date symlink: /home/nexium/ros_ws/install/btcpp_ros2_interfaces/share/ament_index/resource_index/rosidl_interfaces/btcpp_ros2_interfaces
[0.585s] -- Up-to-date symlink: /home/nexium/ros_ws/install/btcpp_ros2_interfaces/include/btcpp_ros2_interfaces/btcpp_ros2_interfaces/action/detail/execute_tree__functions.h
[0.585s] -- Up-to-date symlink: /home/nexium/ros_ws/install/btcpp_ros2_interfaces/include/btcpp_ros2_interfaces/btcpp_ros2_interfaces/action/detail/execute_tree__struct.h
[0.585s] -- Up-to-date symlink: /home/nexium/ros_ws/install/btcpp_ros2_interfaces/include/btcpp_ros2_interfaces/btcpp_ros2_interfaces/action/detail/execute_tree__type_support.h
[0.585s] -- Up-to-date symlink: /home/nexium/ros_ws/install/btcpp_ros2_interfaces/include/btcpp_ros2_interfaces/btcpp_ros2_interfaces/action/detail/sleep__functions.h
[0.585s] -- Up-to-date symlink: /home/nexium/ros_ws/install/btcpp_ros2_interfaces/include/btcpp_ros2_interfaces/btcpp_ros2_interfaces/action/detail/sleep__struct.h
[0.585s] -- Up-to-date symlink: /home/nexium/ros_ws/install/btcpp_ros2_interfaces/include/btcpp_ros2_interfaces/btcpp_ros2_interfaces/action/detail/sleep__type_support.h
[0.585s] -- Up-to-date symlink: /home/nexium/ros_ws/install/btcpp_ros2_interfaces/include/btcpp_ros2_interfaces/btcpp_ros2_interfaces/action/execute_tree.h
[0.585s] -- Up-to-date symlink: /home/nexium/ros_ws/install/btcpp_ros2_interfaces/include/btcpp_ros2_interfaces/btcpp_ros2_interfaces/action/sleep.h
[0.586s] -- Up-to-date symlink: /home/nexium/ros_ws/install/btcpp_ros2_interfaces/include/btcpp_ros2_interfaces/btcpp_ros2_interfaces/msg/detail/node_status__functions.h
[0.586s] -- Up-to-date symlink: /home/nexium/ros_ws/install/btcpp_ros2_interfaces/include/btcpp_ros2_interfaces/btcpp_ros2_interfaces/msg/detail/node_status__struct.h
[0.586s] -- Up-to-date symlink: /home/nexium/ros_ws/install/btcpp_ros2_interfaces/include/btcpp_ros2_interfaces/btcpp_ros2_interfaces/msg/detail/node_status__type_support.h
[0.586s] -- Up-to-date symlink: /home/nexium/ros_ws/install/btcpp_ros2_interfaces/include/btcpp_ros2_interfaces/btcpp_ros2_interfaces/msg/node_status.h
[0.586s] -- Up-to-date symlink: /home/nexium/ros_ws/install/btcpp_ros2_interfaces/include/btcpp_ros2_interfaces/btcpp_ros2_interfaces/msg/rosidl_generator_c__visibility_control.h
[0.586s] -- Up-to-date symlink: /home/nexium/ros_ws/install/btcpp_ros2_interfaces/share/btcpp_ros2_interfaces/environment/library_path.sh
[0.586s] -- Up-to-date symlink: /home/nexium/ros_ws/install/btcpp_ros2_interfaces/share/btcpp_ros2_interfaces/environment/library_path.dsv
[0.586s] -- Up-to-date symlink: /home/nexium/ros_ws/install/btcpp_ros2_interfaces/include/btcpp_ros2_interfaces/btcpp_ros2_interfaces/action/detail/execute_tree__rosidl_typesupport_fastrtps_c.h
[0.590s] -- Up-to-date symlink: /home/nexium/ros_ws/install/btcpp_ros2_interfaces/include/btcpp_ros2_interfaces/btcpp_ros2_interfaces/action/detail/sleep__rosidl_typesupport_fastrtps_c.h
[0.590s] -- Up-to-date symlink: /home/nexium/ros_ws/install/btcpp_ros2_interfaces/include/btcpp_ros2_interfaces/btcpp_ros2_interfaces/msg/detail/node_status__rosidl_typesupport_fastrtps_c.h
[0.590s] -- Up-to-date symlink: /home/nexium/ros_ws/install/btcpp_ros2_interfaces/include/btcpp_ros2_interfaces/btcpp_ros2_interfaces/msg/rosidl_typesupport_fastrtps_c__visibility_control.h
[0.590s] -- Up-to-date symlink: /home/nexium/ros_ws/install/btcpp_ros2_interfaces/include/btcpp_ros2_interfaces/btcpp_ros2_interfaces/action/detail/execute_tree__rosidl_typesupport_introspection_c.h
[0.590s] -- Up-to-date symlink: /home/nexium/ros_ws/install/btcpp_ros2_interfaces/include/btcpp_ros2_interfaces/btcpp_ros2_interfaces/action/detail/sleep__rosidl_typesupport_introspection_c.h
[0.590s] -- Up-to-date symlink: /home/nexium/ros_ws/install/btcpp_ros2_interfaces/include/btcpp_ros2_interfaces/btcpp_ros2_interfaces/msg/detail/node_status__rosidl_typesupport_introspection_c.h
[0.590s] -- Up-to-date symlink: /home/nexium/ros_ws/install/btcpp_ros2_interfaces/include/btcpp_ros2_interfaces/btcpp_ros2_interfaces/msg/rosidl_typesupport_introspection_c__visibility_control.h
[0.590s] -- Up-to-date symlink: /home/nexium/ros_ws/install/btcpp_ros2_interfaces/include/btcpp_ros2_interfaces/btcpp_ros2_interfaces/action/detail/execute_tree__builder.hpp
[0.590s] -- Up-to-date symlink: /home/nexium/ros_ws/install/btcpp_ros2_interfaces/include/btcpp_ros2_interfaces/btcpp_ros2_interfaces/action/detail/execute_tree__struct.hpp
[0.590s] -- Up-to-date symlink: /home/nexium/ros_ws/install/btcpp_ros2_interfaces/include/btcpp_ros2_interfaces/btcpp_ros2_interfaces/action/detail/execute_tree__traits.hpp
[0.590s] -- Up-to-date symlink: /home/nexium/ros_ws/install/btcpp_ros2_interfaces/include/btcpp_ros2_interfaces/btcpp_ros2_interfaces/action/detail/execute_tree__type_support.hpp
[0.590s] -- Up-to-date symlink: /home/nexium/ros_ws/install/btcpp_ros2_interfaces/include/btcpp_ros2_interfaces/btcpp_ros2_interfaces/action/detail/sleep__builder.hpp
[0.591s] -- Up-to-date symlink: /home/nexium/ros_ws/install/btcpp_ros2_interfaces/include/btcpp_ros2_interfaces/btcpp_ros2_interfaces/action/detail/sleep__struct.hpp
[0.591s] -- Up-to-date symlink: /home/nexium/ros_ws/install/btcpp_ros2_interfaces/include/btcpp_ros2_interfaces/btcpp_ros2_interfaces/action/detail/sleep__traits.hpp
[0.591s] -- Up-to-date symlink: /home/nexium/ros_ws/install/btcpp_ros2_interfaces/include/btcpp_ros2_interfaces/btcpp_ros2_interfaces/action/detail/sleep__type_support.hpp
[0.591s] -- Up-to-date symlink: /home/nexium/ros_ws/install/btcpp_ros2_interfaces/include/btcpp_ros2_interfaces/btcpp_ros2_interfaces/action/execute_tree.hpp
[0.591s] -- Up-to-date symlink: /home/nexium/ros_ws/install/btcpp_ros2_interfaces/include/btcpp_ros2_interfaces/btcpp_ros2_interfaces/action/sleep.hpp
[0.593s] -- Up-to-date symlink: /home/nexium/ros_ws/install/btcpp_ros2_interfaces/include/btcpp_ros2_interfaces/btcpp_ros2_interfaces/msg/detail/node_status__builder.hpp
[0.593s] -- Up-to-date symlink: /home/nexium/ros_ws/install/btcpp_ros2_interfaces/include/btcpp_ros2_interfaces/btcpp_ros2_interfaces/msg/detail/node_status__struct.hpp
[0.593s] -- Up-to-date symlink: /home/nexium/ros_ws/install/btcpp_ros2_interfaces/include/btcpp_ros2_interfaces/btcpp_ros2_interfaces/msg/detail/node_status__traits.hpp
[0.594s] -- Up-to-date symlink: /home/nexium/ros_ws/install/btcpp_ros2_interfaces/include/btcpp_ros2_interfaces/btcpp_ros2_interfaces/msg/detail/node_status__type_support.hpp
[0.594s] -- Up-to-date symlink: /home/nexium/ros_ws/install/btcpp_ros2_interfaces/include/btcpp_ros2_interfaces/btcpp_ros2_interfaces/msg/node_status.hpp
[0.594s] -- Up-to-date symlink: /home/nexium/ros_ws/install/btcpp_ros2_interfaces/include/btcpp_ros2_interfaces/btcpp_ros2_interfaces/msg/rosidl_generator_cpp__visibility_control.hpp
[0.594s] -- Up-to-date symlink: /home/nexium/ros_ws/install/btcpp_ros2_interfaces/include/btcpp_ros2_interfaces/btcpp_ros2_interfaces/action/detail/execute_tree__rosidl_typesupport_fastrtps_cpp.hpp
[0.594s] -- Up-to-date symlink: /home/nexium/ros_ws/install/btcpp_ros2_interfaces/include/btcpp_ros2_interfaces/btcpp_ros2_interfaces/action/detail/sleep__rosidl_typesupport_fastrtps_cpp.hpp
[0.594s] -- Up-to-date symlink: /home/nexium/ros_ws/install/btcpp_ros2_interfaces/include/btcpp_ros2_interfaces/btcpp_ros2_interfaces/msg/detail/node_status__rosidl_typesupport_fastrtps_cpp.hpp
[0.594s] -- Up-to-date symlink: /home/nexium/ros_ws/install/btcpp_ros2_interfaces/include/btcpp_ros2_interfaces/btcpp_ros2_interfaces/msg/rosidl_typesupport_fastrtps_cpp__visibility_control.h
[0.594s] -- Up-to-date symlink: /home/nexium/ros_ws/install/btcpp_ros2_interfaces/include/btcpp_ros2_interfaces/btcpp_ros2_interfaces/action/detail/execute_tree__rosidl_typesupport_introspection_cpp.hpp
[0.594s] -- Up-to-date symlink: /home/nexium/ros_ws/install/btcpp_ros2_interfaces/include/btcpp_ros2_interfaces/btcpp_ros2_interfaces/action/detail/sleep__rosidl_typesupport_introspection_cpp.hpp
[0.594s] -- Up-to-date symlink: /home/nexium/ros_ws/install/btcpp_ros2_interfaces/include/btcpp_ros2_interfaces/btcpp_ros2_interfaces/msg/detail/node_status__rosidl_typesupport_introspection_cpp.hpp
[0.594s] -- Up-to-date symlink: /home/nexium/ros_ws/install/btcpp_ros2_interfaces/share/btcpp_ros2_interfaces/environment/pythonpath.sh
[0.594s] -- Up-to-date symlink: /home/nexium/ros_ws/install/btcpp_ros2_interfaces/share/btcpp_ros2_interfaces/environment/pythonpath.dsv
[0.594s] -- Up-to-date symlink: /home/nexium/ros_ws/install/btcpp_ros2_interfaces/local/lib/python3.10/dist-packages/btcpp_ros2_interfaces-0.2.0-py3.10.egg-info/PKG-INFO
[0.595s] -- Up-to-date symlink: /home/nexium/ros_ws/install/btcpp_ros2_interfaces/local/lib/python3.10/dist-packages/btcpp_ros2_interfaces-0.2.0-py3.10.egg-info/SOURCES.txt
[0.595s] -- Up-to-date symlink: /home/nexium/ros_ws/install/btcpp_ros2_interfaces/local/lib/python3.10/dist-packages/btcpp_ros2_interfaces-0.2.0-py3.10.egg-info/dependency_links.txt
[0.595s] -- Up-to-date symlink: /home/nexium/ros_ws/install/btcpp_ros2_interfaces/local/lib/python3.10/dist-packages/btcpp_ros2_interfaces-0.2.0-py3.10.egg-info/top_level.txt
[0.595s] -- Up-to-date symlink: /home/nexium/ros_ws/install/btcpp_ros2_interfaces/local/lib/python3.10/dist-packages/btcpp_ros2_interfaces/__init__.py
[0.595s] -- Up-to-date symlink: /home/nexium/ros_ws/install/btcpp_ros2_interfaces/local/lib/python3.10/dist-packages/btcpp_ros2_interfaces/_btcpp_ros2_interfaces_s.ep.rosidl_typesupport_c.c
[0.595s] -- Up-to-date symlink: /home/nexium/ros_ws/install/btcpp_ros2_interfaces/local/lib/python3.10/dist-packages/btcpp_ros2_interfaces/_btcpp_ros2_interfaces_s.ep.rosidl_typesupport_fastrtps_c.c
[0.595s] -- Up-to-date symlink: /home/nexium/ros_ws/install/btcpp_ros2_interfaces/local/lib/python3.10/dist-packages/btcpp_ros2_interfaces/_btcpp_ros2_interfaces_s.ep.rosidl_typesupport_introspection_c.c
[0.595s] -- Up-to-date symlink: /home/nexium/ros_ws/install/btcpp_ros2_interfaces/local/lib/python3.10/dist-packages/btcpp_ros2_interfaces/action/__init__.py
[0.595s] -- Up-to-date symlink: /home/nexium/ros_ws/install/btcpp_ros2_interfaces/local/lib/python3.10/dist-packages/btcpp_ros2_interfaces/action/_execute_tree.py
[0.595s] -- Up-to-date symlink: /home/nexium/ros_ws/install/btcpp_ros2_interfaces/local/lib/python3.10/dist-packages/btcpp_ros2_interfaces/action/_execute_tree_s.c
[0.595s] -- Up-to-date symlink: /home/nexium/ros_ws/install/btcpp_ros2_interfaces/local/lib/python3.10/dist-packages/btcpp_ros2_interfaces/action/_sleep.py
[0.599s] -- Up-to-date symlink: /home/nexium/ros_ws/install/btcpp_ros2_interfaces/local/lib/python3.10/dist-packages/btcpp_ros2_interfaces/action/_sleep_s.c
[0.601s] -- Up-to-date symlink: /home/nexium/ros_ws/install/btcpp_ros2_interfaces/local/lib/python3.10/dist-packages/btcpp_ros2_interfaces/btcpp_ros2_interfaces_s__rosidl_typesupport_c.cpython-310-x86_64-linux-gnu.so
[0.601s] -- Up-to-date symlink: /home/nexium/ros_ws/install/btcpp_ros2_interfaces/local/lib/python3.10/dist-packages/btcpp_ros2_interfaces/btcpp_ros2_interfaces_s__rosidl_typesupport_fastrtps_c.cpython-310-x86_64-linux-gnu.so
[0.601s] -- Up-to-date symlink: /home/nexium/ros_ws/install/btcpp_ros2_interfaces/local/lib/python3.10/dist-packages/btcpp_ros2_interfaces/btcpp_ros2_interfaces_s__rosidl_typesupport_introspection_c.cpython-310-x86_64-linux-gnu.so
[0.601s] -- Up-to-date symlink: /home/nexium/ros_ws/install/btcpp_ros2_interfaces/local/lib/python3.10/dist-packages/btcpp_ros2_interfaces/libbtcpp_ros2_interfaces__rosidl_generator_py.so
[0.601s] -- Up-to-date symlink: /home/nexium/ros_ws/install/btcpp_ros2_interfaces/local/lib/python3.10/dist-packages/btcpp_ros2_interfaces/msg/__init__.py
[0.602s] -- Up-to-date symlink: /home/nexium/ros_ws/install/btcpp_ros2_interfaces/local/lib/python3.10/dist-packages/btcpp_ros2_interfaces/msg/_node_status.py
[0.602s] -- Up-to-date symlink: /home/nexium/ros_ws/install/btcpp_ros2_interfaces/local/lib/python3.10/dist-packages/btcpp_ros2_interfaces/msg/_node_status_s.c
[0.602s] -- Up-to-date symlink: /home/nexium/ros_ws/install/btcpp_ros2_interfaces/local/lib/python3.10/dist-packages/btcpp_ros2_interfaces/btcpp_ros2_interfaces_s__rosidl_typesupport_fastrtps_c.cpython-310-x86_64-linux-gnu.so
[0.602s] -- Up-to-date symlink: /home/nexium/ros_ws/install/btcpp_ros2_interfaces/local/lib/python3.10/dist-packages/btcpp_ros2_interfaces/btcpp_ros2_interfaces_s__rosidl_typesupport_introspection_c.cpython-310-x86_64-linux-gnu.so
[0.602s] -- Up-to-date symlink: /home/nexium/ros_ws/install/btcpp_ros2_interfaces/local/lib/python3.10/dist-packages/btcpp_ros2_interfaces/btcpp_ros2_interfaces_s__rosidl_typesupport_c.cpython-310-x86_64-linux-gnu.so
[0.602s] -- Up-to-date symlink: /home/nexium/ros_ws/install/btcpp_ros2_interfaces/share/btcpp_ros2_interfaces/msg/NodeStatus.idl
[0.602s] -- Up-to-date symlink: /home/nexium/ros_ws/install/btcpp_ros2_interfaces/share/btcpp_ros2_interfaces/action/ExecuteTree.idl
[0.602s] -- Up-to-date symlink: /home/nexium/ros_ws/install/btcpp_ros2_interfaces/share/btcpp_ros2_interfaces/action/Sleep.idl
[0.602s] -- Up-to-date symlink: /home/nexium/ros_ws/install/btcpp_ros2_interfaces/share/btcpp_ros2_interfaces/msg/NodeStatus.msg
[0.602s] -- Up-to-date symlink: /home/nexium/ros_ws/install/btcpp_ros2_interfaces/share/btcpp_ros2_interfaces/action/ExecuteTree.action
[0.620s] -- Up-to-date symlink: /home/nexium/ros_ws/install/btcpp_ros2_interfaces/share/btcpp_ros2_interfaces/action/Sleep.action
[0.620s] -- Up-to-date symlink: /home/nexium/ros_ws/install/btcpp_ros2_interfaces/share/ament_index/resource_index/package_run_dependencies/btcpp_ros2_interfaces
[0.620s] -- Up-to-date symlink: /home/nexium/ros_ws/install/btcpp_ros2_interfaces/share/ament_index/resource_index/parent_prefix_path/btcpp_ros2_interfaces
[0.620s] -- Up-to-date symlink: /home/nexium/ros_ws/install/btcpp_ros2_interfaces/share/btcpp_ros2_interfaces/environment/ament_prefix_path.sh
[0.620s] -- Up-to-date symlink: /home/nexium/ros_ws/install/btcpp_ros2_interfaces/share/btcpp_ros2_interfaces/environment/ament_prefix_path.dsv
[0.621s] -- Up-to-date symlink: /home/nexium/ros_ws/install/btcpp_ros2_interfaces/share/btcpp_ros2_interfaces/environment/path.sh
[0.621s] -- Up-to-date symlink: /home/nexium/ros_ws/install/btcpp_ros2_interfaces/share/btcpp_ros2_interfaces/environment/path.dsv
[0.621s] -- Up-to-date symlink: /home/nexium/ros_ws/install/btcpp_ros2_interfaces/share/btcpp_ros2_interfaces/local_setup.bash
[0.621s] -- Up-to-date symlink: /home/nexium/ros_ws/install/btcpp_ros2_interfaces/share/btcpp_ros2_interfaces/local_setup.sh
[0.621s] -- Up-to-date symlink: /home/nexium/ros_ws/install/btcpp_ros2_interfaces/share/btcpp_ros2_interfaces/local_setup.zsh
[0.621s] -- Up-to-date symlink: /home/nexium/ros_ws/install/btcpp_ros2_interfaces/share/btcpp_ros2_interfaces/local_setup.dsv
[0.621s] -- Symlinking: /home/nexium/ros_ws/install/btcpp_ros2_interfaces/share/btcpp_ros2_interfaces/package.dsv
[0.636s] -- Up-to-date symlink: /home/nexium/ros_ws/install/btcpp_ros2_interfaces/share/ament_index/resource_index/packages/btcpp_ros2_interfaces
[0.636s] -- Up-to-date symlink: /home/nexium/ros_ws/install/btcpp_ros2_interfaces/share/btcpp_ros2_interfaces/cmake/rosidl_cmake-extras.cmake
[0.636s] -- Up-to-date symlink: /home/nexium/ros_ws/install/btcpp_ros2_interfaces/share/btcpp_ros2_interfaces/cmake/ament_cmake_export_dependencies-extras.cmake
[0.636s] -- Up-to-date symlink: /home/nexium/ros_ws/install/btcpp_ros2_interfaces/share/btcpp_ros2_interfaces/cmake/ament_cmake_export_include_directories-extras.cmake
[0.636s] -- Up-to-date symlink: /home/nexium/ros_ws/install/btcpp_ros2_interfaces/share/btcpp_ros2_interfaces/cmake/ament_cmake_export_libraries-extras.cmake
[0.636s] -- Up-to-date symlink: /home/nexium/ros_ws/install/btcpp_ros2_interfaces/share/btcpp_ros2_interfaces/cmake/ament_cmake_export_targets-extras.cmake
[0.636s] -- Up-to-date symlink: /home/nexium/ros_ws/install/btcpp_ros2_interfaces/share/btcpp_ros2_interfaces/cmake/rosidl_cmake_export_typesupport_targets-extras.cmake
[0.636s] -- Up-to-date symlink: /home/nexium/ros_ws/install/btcpp_ros2_interfaces/share/btcpp_ros2_interfaces/cmake/rosidl_cmake_export_typesupport_libraries-extras.cmake
[0.637s] -- Up-to-date symlink: /home/nexium/ros_ws/install/btcpp_ros2_interfaces/share/btcpp_ros2_interfaces/cmake/btcpp_ros2_interfacesConfig.cmake
[0.637s] -- Up-to-date symlink: /home/nexium/ros_ws/install/btcpp_ros2_interfaces/share/btcpp_ros2_interfaces/cmake/btcpp_ros2_interfacesConfig-version.cmake
[0.637s] -- Up-to-date symlink: /home/nexium/ros_ws/install/btcpp_ros2_interfaces/share/btcpp_ros2_interfaces/package.xml
[0.637s] -- Up-to-date: /home/nexium/ros_ws/install/btcpp_ros2_interfaces/lib/libbtcpp_ros2_interfaces__rosidl_generator_c.so
[0.637s] -- Up-to-date: /home/nexium/ros_ws/install/btcpp_ros2_interfaces/lib/libbtcpp_ros2_interfaces__rosidl_typesupport_fastrtps_c.so
[0.637s] -- Up-to-date: /home/nexium/ros_ws/install/btcpp_ros2_interfaces/lib/libbtcpp_ros2_interfaces__rosidl_typesupport_introspection_c.so
[0.637s] -- Up-to-date: /home/nexium/ros_ws/install/btcpp_ros2_interfaces/lib/libbtcpp_ros2_interfaces__rosidl_typesupport_c.so
[0.637s] -- Up-to-date: /home/nexium/ros_ws/install/btcpp_ros2_interfaces/lib/libbtcpp_ros2_interfaces__rosidl_typesupport_fastrtps_cpp.so
[0.637s] -- Up-to-date: /home/nexium/ros_ws/install/btcpp_ros2_interfaces/lib/libbtcpp_ros2_interfaces__rosidl_typesupport_introspection_cpp.so
[0.637s] -- Up-to-date: /home/nexium/ros_ws/install/btcpp_ros2_interfaces/lib/libbtcpp_ros2_interfaces__rosidl_typesupport_cpp.so
[0.643s] Listing '/home/nexium/ros_ws/install/btcpp_ros2_interfaces/local/lib/python3.10/dist-packages/btcpp_ros2_interfaces'...
[0.643s] Listing '/home/nexium/ros_ws/install/btcpp_ros2_interfaces/local/lib/python3.10/dist-packages/btcpp_ros2_interfaces/action'...
[0.643s] Listing '/home/nexium/ros_ws/install/btcpp_ros2_interfaces/local/lib/python3.10/dist-packages/btcpp_ros2_interfaces/msg'...
[0.643s] -- Up-to-date: /home/nexium/ros_ws/install/btcpp_ros2_interfaces/lib/libbtcpp_ros2_interfaces__rosidl_generator_py.so
[0.643s] -- Up-to-date: /home/nexium/ros_ws/install/btcpp_ros2_interfaces/share/btcpp_ros2_interfaces/cmake/export_btcpp_ros2_interfaces__rosidl_generator_cExport.cmake
[0.643s] -- Up-to-date: /home/nexium/ros_ws/install/btcpp_ros2_interfaces/share/btcpp_ros2_interfaces/cmake/export_btcpp_ros2_interfaces__rosidl_generator_cExport-release.cmake
[0.644s] -- Up-to-date: /home/nexium/ros_ws/install/btcpp_ros2_interfaces/share/btcpp_ros2_interfaces/cmake/export_btcpp_ros2_interfaces__rosidl_typesupport_fastrtps_cExport.cmake
[0.644s] -- Up-to-date: /home/nexium/ros_ws/install/btcpp_ros2_interfaces/share/btcpp_ros2_interfaces/cmake/export_btcpp_ros2_interfaces__rosidl_typesupport_fastrtps_cExport-release.cmake
[0.644s] -- Up-to-date: /home/nexium/ros_ws/install/btcpp_ros2_interfaces/share/btcpp_ros2_interfaces/cmake/btcpp_ros2_interfaces__rosidl_typesupport_introspection_cExport.cmake
[0.644s] -- Up-to-date: /home/nexium/ros_ws/install/btcpp_ros2_interfaces/share/btcpp_ros2_interfaces/cmake/btcpp_ros2_interfaces__rosidl_typesupport_introspection_cExport-release.cmake
[0.644s] -- Up-to-date: /home/nexium/ros_ws/install/btcpp_ros2_interfaces/share/btcpp_ros2_interfaces/cmake/btcpp_ros2_interfaces__rosidl_typesupport_cExport.cmake
[0.644s] -- Up-to-date: /home/nexium/ros_ws/install/btcpp_ros2_interfaces/share/btcpp_ros2_interfaces/cmake/btcpp_ros2_interfaces__rosidl_typesupport_cExport-release.cmake
[0.644s] -- Up-to-date: /home/nexium/ros_ws/install/btcpp_ros2_interfaces/share/btcpp_ros2_interfaces/cmake/export_btcpp_ros2_interfaces__rosidl_generator_cppExport.cmake
[0.644s] -- Up-to-date: /home/nexium/ros_ws/install/btcpp_ros2_interfaces/share/btcpp_ros2_interfaces/cmake/export_btcpp_ros2_interfaces__rosidl_typesupport_fastrtps_cppExport.cmake
[0.644s] -- Up-to-date: /home/nexium/ros_ws/install/btcpp_ros2_interfaces/share/btcpp_ros2_interfaces/cmake/export_btcpp_ros2_interfaces__rosidl_typesupport_fastrtps_cppExport-release.cmake
[0.645s] -- Up-to-date: /home/nexium/ros_ws/install/btcpp_ros2_interfaces/share/btcpp_ros2_interfaces/cmake/btcpp_ros2_interfaces__rosidl_typesupport_introspection_cppExport.cmake
[0.645s] -- Up-to-date: /home/nexium/ros_ws/install/btcpp_ros2_interfaces/share/btcpp_ros2_interfaces/cmake/btcpp_ros2_interfaces__rosidl_typesupport_introspection_cppExport-release.cmake
[0.645s] -- Up-to-date: /home/nexium/ros_ws/install/btcpp_ros2_interfaces/share/btcpp_ros2_interfaces/cmake/btcpp_ros2_interfaces__rosidl_typesupport_cppExport.cmake
[0.645s] -- Up-to-date: /home/nexium/ros_ws/install/btcpp_ros2_interfaces/share/btcpp_ros2_interfaces/cmake/btcpp_ros2_interfaces__rosidl_typesupport_cppExport-release.cmake
[0.645s] -- Up-to-date: /home/nexium/ros_ws/install/btcpp_ros2_interfaces/share/btcpp_ros2_interfaces/cmake/export_btcpp_ros2_interfaces__rosidl_generator_pyExport.cmake
[0.645s] -- Up-to-date: /home/nexium/ros_ws/install/btcpp_ros2_interfaces/share/btcpp_ros2_interfaces/cmake/export_btcpp_ros2_interfaces__rosidl_generator_pyExport-release.cmake
[0.718s] Invoked command in '/home/nexium/ros_ws/build/btcpp_ros2_interfaces' returned '0': CMAKE_PREFIX_PATH=/opt/ros/humble /usr/bin/cmake --install /home/nexium/ros_ws/build/btcpp_ros2_interfaces
