[35m[1mConsolidate compiler generated dependencies of target gtest_main[0m
[35m[1mConsolidate compiler generated dependencies of target rmoss_base[0m
[35m[1mConsolidate compiler generated dependencies of target gtest[0m
[ 25%] Built target rmoss_base
[ 37%] Built target gtest
[ 50%] Built target gtest_main
[35m[1mConsolidate compiler generated dependencies of target test_fixed_packet_tool[0m
[35m[1mConsolidate compiler generated dependencies of target simple_robot_base[0m
[35m[1mConsolidate compiler generated dependencies of target test_fixed_packet[0m
[35m[1mConsolidate compiler generated dependencies of target test_udp_transporter[0m
[ 62%] Built target test_fixed_packet_tool
[ 75%] Built target test_udp_transporter
[ 87%] Built target test_fixed_packet
[100%] Built target simple_robot_base
-- Install configuration: "release"
-- Execute custom install script
-- Up-to-date symlink: /home/nexium/ros_ws/install/rmoss_base/include/rmoss_base/fixed_packet.hpp
-- Up-to-date symlink: /home/nexium/ros_ws/install/rmoss_base/include/rmoss_base/fixed_packet_tool.hpp
-- Up-to-date symlink: /home/nexium/ros_ws/install/rmoss_base/include/rmoss_base/simple_robot_base_node.hpp
-- Up-to-date symlink: /home/nexium/ros_ws/install/rmoss_base/include/rmoss_base/transporter_interface.hpp
-- Up-to-date symlink: /home/nexium/ros_ws/install/rmoss_base/include/rmoss_base/uart_transporter.hpp
-- Up-to-date symlink: /home/nexium/ros_ws/install/rmoss_base/include/rmoss_base/udp_transporter.hpp
-- Up-to-date symlink: /home/nexium/ros_ws/install/rmoss_base/lib/rmoss_base/simple_robot_base
-- Up-to-date symlink: /home/nexium/ros_ws/install/rmoss_base/lib/rmoss_base/test_control_chassis.py
-- Up-to-date symlink: /home/nexium/ros_ws/install/rmoss_base/lib/rmoss_base/test_control_gimbal.py
-- Up-to-date symlink: /home/nexium/ros_ws/install/rmoss_base/share/rmoss_base/environment/library_path.sh
-- Up-to-date symlink: /home/nexium/ros_ws/install/rmoss_base/share/rmoss_base/environment/library_path.dsv
-- Up-to-date symlink: /home/nexium/ros_ws/install/rmoss_base/share/ament_index/resource_index/package_run_dependencies/rmoss_base
-- Up-to-date symlink: /home/nexium/ros_ws/install/rmoss_base/share/ament_index/resource_index/parent_prefix_path/rmoss_base
-- Up-to-date symlink: /home/nexium/ros_ws/install/rmoss_base/share/rmoss_base/environment/ament_prefix_path.sh
-- Up-to-date symlink: /home/nexium/ros_ws/install/rmoss_base/share/rmoss_base/environment/ament_prefix_path.dsv
-- Up-to-date symlink: /home/nexium/ros_ws/install/rmoss_base/share/rmoss_base/environment/path.sh
-- Up-to-date symlink: /home/nexium/ros_ws/install/rmoss_base/share/rmoss_base/environment/path.dsv
-- Up-to-date symlink: /home/nexium/ros_ws/install/rmoss_base/share/rmoss_base/local_setup.bash
-- Up-to-date symlink: /home/nexium/ros_ws/install/rmoss_base/share/rmoss_base/local_setup.sh
-- Up-to-date symlink: /home/nexium/ros_ws/install/rmoss_base/share/rmoss_base/local_setup.zsh
-- Up-to-date symlink: /home/nexium/ros_ws/install/rmoss_base/share/rmoss_base/local_setup.dsv
-- Symlinking: /home/nexium/ros_ws/install/rmoss_base/share/rmoss_base/package.dsv
-- Up-to-date symlink: /home/nexium/ros_ws/install/rmoss_base/share/ament_index/resource_index/packages/rmoss_base
-- Up-to-date symlink: /home/nexium/ros_ws/install/rmoss_base/share/ament_index/resource_index/rclcpp_components/rmoss_base
-- Up-to-date symlink: /home/nexium/ros_ws/install/rmoss_base/share/rmoss_base/cmake/ament_cmake_export_targets-extras.cmake
-- Up-to-date symlink: /home/nexium/ros_ws/install/rmoss_base/share/rmoss_base/cmake/ament_cmake_export_dependencies-extras.cmake
-- Up-to-date symlink: /home/nexium/ros_ws/install/rmoss_base/share/rmoss_base/cmake/rmoss_baseConfig.cmake
-- Up-to-date symlink: /home/nexium/ros_ws/install/rmoss_base/share/rmoss_base/cmake/rmoss_baseConfig-version.cmake
-- Up-to-date symlink: /home/nexium/ros_ws/install/rmoss_base/share/rmoss_base/package.xml
-- Up-to-date: /home/nexium/ros_ws/install/rmoss_base/lib/librmoss_base.so
-- Up-to-date: /home/nexium/ros_ws/install/rmoss_base/share/rmoss_base/cmake/rmoss_baseExport.cmake
-- Up-to-date: /home/nexium/ros_ws/install/rmoss_base/share/rmoss_base/cmake/rmoss_baseExport-release.cmake
