[0.052s] Invoking command in '/home/nexium/ros_ws/build/rmoss_base': AMENT_PREFIX_PATH=/home/nexium/ros_ws/install/rmoss_interfaces:${AMENT_PREFIX_PATH} CMAKE_PREFIX_PATH=/home/nexium/ros_ws/install/rmoss_interfaces:/opt/ros/humble LD_LIBRARY_PATH=/home/nexium/ros_ws/install/rmoss_interfaces/lib:${LD_LIBRARY_PATH} PYTHONPATH=/home/nexium/ros_ws/install/rmoss_interfaces/local/lib/python3.10/dist-packages:${PYTHONPATH} /usr/bin/cmake --build /home/nexium/ros_ws/build/rmoss_base -- -j12 -l12
[0.127s] [35m[1mConsolidate compiler generated dependencies of target gtest_main[0m
[0.129s] [35m[1mConsolidate compiler generated dependencies of target rmoss_base[0m
[0.129s] [35m[1mConsolidate compiler generated dependencies of target gtest[0m
[0.137s] [ 25%] Built target rmoss_base
[0.138s] [ 37%] Built target gtest
[0.138s] [ 50%] Built target gtest_main
[0.153s] [35m[1mConsolidate compiler generated dependencies of target test_fixed_packet_tool[0m
[0.153s] [35m[1mConsolidate compiler generated dependencies of target simple_robot_base[0m
[0.155s] [35m[1mConsolidate compiler generated dependencies of target test_fixed_packet[0m
[0.155s] [35m[1mConsolidate compiler generated dependencies of target test_udp_transporter[0m
[0.175s] [ 62%] Built target test_fixed_packet_tool
[0.176s] [ 75%] Built target test_udp_transporter
[0.176s] [ 87%] Built target test_fixed_packet
[0.176s] [100%] Built target simple_robot_base
[0.237s] Invoked command in '/home/nexium/ros_ws/build/rmoss_base' returned '0': AMENT_PREFIX_PATH=/home/nexium/ros_ws/install/rmoss_interfaces:${AMENT_PREFIX_PATH} CMAKE_PREFIX_PATH=/home/nexium/ros_ws/install/rmoss_interfaces:/opt/ros/humble LD_LIBRARY_PATH=/home/nexium/ros_ws/install/rmoss_interfaces/lib:${LD_LIBRARY_PATH} PYTHONPATH=/home/nexium/ros_ws/install/rmoss_interfaces/local/lib/python3.10/dist-packages:${PYTHONPATH} /usr/bin/cmake --build /home/nexium/ros_ws/build/rmoss_base -- -j12 -l12
[0.243s] Invoking command in '/home/nexium/ros_ws/build/rmoss_base': AMENT_PREFIX_PATH=/home/nexium/ros_ws/install/rmoss_interfaces:${AMENT_PREFIX_PATH} CMAKE_PREFIX_PATH=/home/nexium/ros_ws/install/rmoss_interfaces:/opt/ros/humble LD_LIBRARY_PATH=/home/nexium/ros_ws/install/rmoss_interfaces/lib:${LD_LIBRARY_PATH} PYTHONPATH=/home/nexium/ros_ws/install/rmoss_interfaces/local/lib/python3.10/dist-packages:${PYTHONPATH} /usr/bin/cmake --install /home/nexium/ros_ws/build/rmoss_base
[0.244s] -- Install configuration: "release"
[0.244s] -- Execute custom install script
[0.244s] -- Up-to-date symlink: /home/nexium/ros_ws/install/rmoss_base/include/rmoss_base/fixed_packet.hpp
[0.244s] -- Up-to-date symlink: /home/nexium/ros_ws/install/rmoss_base/include/rmoss_base/fixed_packet_tool.hpp
[0.245s] -- Up-to-date symlink: /home/nexium/ros_ws/install/rmoss_base/include/rmoss_base/simple_robot_base_node.hpp
[0.245s] -- Up-to-date symlink: /home/nexium/ros_ws/install/rmoss_base/include/rmoss_base/transporter_interface.hpp
[0.245s] -- Up-to-date symlink: /home/nexium/ros_ws/install/rmoss_base/include/rmoss_base/uart_transporter.hpp
[0.245s] -- Up-to-date symlink: /home/nexium/ros_ws/install/rmoss_base/include/rmoss_base/udp_transporter.hpp
[0.245s] -- Up-to-date symlink: /home/nexium/ros_ws/install/rmoss_base/lib/rmoss_base/simple_robot_base
[0.245s] -- Up-to-date symlink: /home/nexium/ros_ws/install/rmoss_base/lib/rmoss_base/test_control_chassis.py
[0.245s] -- Up-to-date symlink: /home/nexium/ros_ws/install/rmoss_base/lib/rmoss_base/test_control_gimbal.py
[0.245s] -- Up-to-date symlink: /home/nexium/ros_ws/install/rmoss_base/share/rmoss_base/environment/library_path.sh
[0.245s] -- Up-to-date symlink: /home/nexium/ros_ws/install/rmoss_base/share/rmoss_base/environment/library_path.dsv
[0.245s] -- Up-to-date symlink: /home/nexium/ros_ws/install/rmoss_base/share/ament_index/resource_index/package_run_dependencies/rmoss_base
[0.245s] -- Up-to-date symlink: /home/nexium/ros_ws/install/rmoss_base/share/ament_index/resource_index/parent_prefix_path/rmoss_base
[0.245s] -- Up-to-date symlink: /home/nexium/ros_ws/install/rmoss_base/share/rmoss_base/environment/ament_prefix_path.sh
[0.245s] -- Up-to-date symlink: /home/nexium/ros_ws/install/rmoss_base/share/rmoss_base/environment/ament_prefix_path.dsv
[0.245s] -- Up-to-date symlink: /home/nexium/ros_ws/install/rmoss_base/share/rmoss_base/environment/path.sh
[0.245s] -- Up-to-date symlink: /home/nexium/ros_ws/install/rmoss_base/share/rmoss_base/environment/path.dsv
[0.245s] -- Up-to-date symlink: /home/nexium/ros_ws/install/rmoss_base/share/rmoss_base/local_setup.bash
[0.245s] -- Up-to-date symlink: /home/nexium/ros_ws/install/rmoss_base/share/rmoss_base/local_setup.sh
[0.246s] -- Up-to-date symlink: /home/nexium/ros_ws/install/rmoss_base/share/rmoss_base/local_setup.zsh
[0.246s] -- Up-to-date symlink: /home/nexium/ros_ws/install/rmoss_base/share/rmoss_base/local_setup.dsv
[0.246s] -- Symlinking: /home/nexium/ros_ws/install/rmoss_base/share/rmoss_base/package.dsv
[0.251s] -- Up-to-date symlink: /home/nexium/ros_ws/install/rmoss_base/share/ament_index/resource_index/packages/rmoss_base
[0.251s] -- Up-to-date symlink: /home/nexium/ros_ws/install/rmoss_base/share/ament_index/resource_index/rclcpp_components/rmoss_base
[0.251s] -- Up-to-date symlink: /home/nexium/ros_ws/install/rmoss_base/share/rmoss_base/cmake/ament_cmake_export_targets-extras.cmake
[0.251s] -- Up-to-date symlink: /home/nexium/ros_ws/install/rmoss_base/share/rmoss_base/cmake/ament_cmake_export_dependencies-extras.cmake
[0.251s] -- Up-to-date symlink: /home/nexium/ros_ws/install/rmoss_base/share/rmoss_base/cmake/rmoss_baseConfig.cmake
[0.251s] -- Up-to-date symlink: /home/nexium/ros_ws/install/rmoss_base/share/rmoss_base/cmake/rmoss_baseConfig-version.cmake
[0.251s] -- Up-to-date symlink: /home/nexium/ros_ws/install/rmoss_base/share/rmoss_base/package.xml
[0.253s] -- Up-to-date: /home/nexium/ros_ws/install/rmoss_base/lib/librmoss_base.so
[0.253s] -- Up-to-date: /home/nexium/ros_ws/install/rmoss_base/share/rmoss_base/cmake/rmoss_baseExport.cmake
[0.253s] -- Up-to-date: /home/nexium/ros_ws/install/rmoss_base/share/rmoss_base/cmake/rmoss_baseExport-release.cmake
[0.352s] Invoked command in '/home/nexium/ros_ws/build/rmoss_base' returned '0': AMENT_PREFIX_PATH=/home/nexium/ros_ws/install/rmoss_interfaces:${AMENT_PREFIX_PATH} CMAKE_PREFIX_PATH=/home/nexium/ros_ws/install/rmoss_interfaces:/opt/ros/humble LD_LIBRARY_PATH=/home/nexium/ros_ws/install/rmoss_interfaces/lib:${LD_LIBRARY_PATH} PYTHONPATH=/home/nexium/ros_ws/install/rmoss_interfaces/local/lib/python3.10/dist-packages:${PYTHONPATH} /usr/bin/cmake --install /home/nexium/ros_ws/build/rmoss_base
