[0.439s] Invoking command in '/home/nexium/ros_ws/build/loam_interface': CMAKE_PREFIX_PATH=/opt/ros/humble /usr/bin/cmake --build /home/nexium/ros_ws/build/loam_interface -- -j12 -l12
[0.482s] [35m[1mConsolidate compiler generated dependencies of target loam_interface_node[0m
[0.483s] [35m[1mConsolidate compiler generated dependencies of target loam_interface[0m
[0.564s] [ 50%] Built target loam_interface_node
[0.619s] [100%] Built target loam_interface
[0.677s] Invoked command in '/home/nexium/ros_ws/build/loam_interface' returned '0': CMAKE_PREFIX_PATH=/opt/ros/humble /usr/bin/cmake --build /home/nexium/ros_ws/build/loam_interface -- -j12 -l12
[0.679s] Invoking command in '/home/nexium/ros_ws/build/loam_interface': CMAKE_PREFIX_PATH=/opt/ros/humble /usr/bin/cmake --install /home/nexium/ros_ws/build/loam_interface
[0.718s] -- Install configuration: "release"
[0.718s] -- Execute custom install script
[0.718s] -- Up-to-date symlink: /home/nexium/ros_ws/install/loam_interface/lib/loam_interface/loam_interface_node
[0.718s] -- Up-to-date symlink: /home/nexium/ros_ws/install/loam_interface/include/loam_interface/loam_interface/loam_interface.hpp
[0.718s] -- Up-to-date symlink: /home/nexium/ros_ws/install/loam_interface/share/loam_interface/environment/library_path.sh
[0.718s] -- Up-to-date symlink: /home/nexium/ros_ws/install/loam_interface/share/loam_interface/environment/library_path.dsv
[0.718s] -- Up-to-date symlink: /home/nexium/ros_ws/install/loam_interface/lib/libloam_interface.so
[0.718s] -- Up-to-date symlink: /home/nexium/ros_ws/install/loam_interface/share/loam_interface/launch/loam_interface_launch.py
[0.719s] -- Up-to-date symlink: /home/nexium/ros_ws/install/loam_interface/share/ament_index/resource_index/package_run_dependencies/loam_interface
[0.719s] -- Up-to-date symlink: /home/nexium/ros_ws/install/loam_interface/share/ament_index/resource_index/parent_prefix_path/loam_interface
[0.719s] -- Up-to-date symlink: /home/nexium/ros_ws/install/loam_interface/share/loam_interface/environment/ament_prefix_path.sh
[0.719s] -- Up-to-date symlink: /home/nexium/ros_ws/install/loam_interface/share/loam_interface/environment/ament_prefix_path.dsv
[0.719s] -- Up-to-date symlink: /home/nexium/ros_ws/install/loam_interface/share/loam_interface/environment/path.sh
[0.719s] -- Up-to-date symlink: /home/nexium/ros_ws/install/loam_interface/share/loam_interface/environment/path.dsv
[0.719s] -- Up-to-date symlink: /home/nexium/ros_ws/install/loam_interface/share/loam_interface/local_setup.bash
[0.719s] -- Up-to-date symlink: /home/nexium/ros_ws/install/loam_interface/share/loam_interface/local_setup.sh
[0.719s] -- Up-to-date symlink: /home/nexium/ros_ws/install/loam_interface/share/loam_interface/local_setup.zsh
[0.719s] -- Up-to-date symlink: /home/nexium/ros_ws/install/loam_interface/share/loam_interface/local_setup.dsv
[0.719s] -- Symlinking: /home/nexium/ros_ws/install/loam_interface/share/loam_interface/package.dsv
[0.719s] -- Up-to-date symlink: /home/nexium/ros_ws/install/loam_interface/share/ament_index/resource_index/packages/loam_interface
[0.719s] -- Up-to-date symlink: /home/nexium/ros_ws/install/loam_interface/share/ament_index/resource_index/rclcpp_components/loam_interface
[0.719s] -- Up-to-date symlink: /home/nexium/ros_ws/install/loam_interface/share/loam_interface/cmake/ament_cmake_export_dependencies-extras.cmake
[0.719s] -- Up-to-date symlink: /home/nexium/ros_ws/install/loam_interface/share/loam_interface/cmake/ament_cmake_export_include_directories-extras.cmake
[0.719s] -- Up-to-date symlink: /home/nexium/ros_ws/install/loam_interface/share/loam_interface/cmake/ament_cmake_export_libraries-extras.cmake
[0.719s] -- Up-to-date symlink: /home/nexium/ros_ws/install/loam_interface/share/loam_interface/cmake/loam_interfaceConfig.cmake
[0.719s] -- Up-to-date symlink: /home/nexium/ros_ws/install/loam_interface/share/loam_interface/cmake/loam_interfaceConfig-version.cmake
[0.719s] -- Up-to-date symlink: /home/nexium/ros_ws/install/loam_interface/share/loam_interface/package.xml
[0.736s] Invoked command in '/home/nexium/ros_ws/build/loam_interface' returned '0': CMAKE_PREFIX_PATH=/opt/ros/humble /usr/bin/cmake --install /home/nexium/ros_ws/build/loam_interface
