[0.060s] Invoking command in '/home/nexium/ros_ws/build/pb_nav2_plugins': CMAKE_PREFIX_PATH=/opt/ros/humble /usr/bin/cmake /home/nexium/ros_ws/src/pb2025_sentry_nav/pb_nav2_plugins -DCMAKE_BUILD_TYPE=release -DAMENT_CMAKE_SYMLINK_INSTALL=1 -DCMAKE_INSTALL_PREFIX=/home/nexium/ros_ws/install/pb_nav2_plugins
[16.290s] -- The C compiler identification is GNU 11.4.0
[16.290s] -- The CXX compiler identification is GNU 11.4.0
[16.291s] -- Detecting C compiler ABI info
[16.291s] -- Detecting C compiler ABI info - done
[16.292s] -- Check for working C compiler: /usr/bin/cc - skipped
[16.292s] -- Detecting C compile features
[16.292s] -- Detecting C compile features - done
[16.292s] -- Detecting CXX compiler ABI info
[16.292s] -- Detecting CXX compiler ABI info - done
[16.292s] -- Check for working CXX compiler: /usr/bin/c++ - skipped
[16.292s] -- Detecting CXX compile features
[16.292s] -- Detecting CXX compile features - done
[16.292s] -- Found ament_cmake_auto: 1.3.12 (/opt/ros/humble/share/ament_cmake_auto/cmake)
[16.292s] -- Found Python3: /usr/bin/python3 (found version "3.10.12") found components: Interpreter 
[16.292s] -- Override CMake install command with custom implementation using symlinks instead of copying resources
[16.293s] -- Found rosidl_generator_c: 3.1.8 (/opt/ros/humble/share/rosidl_generator_c/cmake)
[16.293s] -- Found rosidl_adapter: 3.1.8 (/opt/ros/humble/share/rosidl_adapter/cmake)
[16.293s] -- Found rosidl_generator_cpp: 3.1.8 (/opt/ros/humble/share/rosidl_generator_cpp/cmake)
[16.293s] -- Using all available rosidl_typesupport_c: rosidl_typesupport_fastrtps_c;rosidl_typesupport_introspection_c
[16.293s] -- Using all available rosidl_typesupport_cpp: rosidl_typesupport_fastrtps_cpp;rosidl_typesupport_introspection_cpp
[16.293s] -- Found rmw_implementation_cmake: 6.1.2 (/opt/ros/humble/share/rmw_implementation_cmake/cmake)
[16.293s] -- Found rmw_fastrtps_cpp: 6.2.9 (/opt/ros/humble/share/rmw_fastrtps_cpp/cmake)
[16.293s] -- Found OpenSSL: /usr/lib/x86_64-linux-gnu/libcrypto.so (found version "3.0.2")  
[16.293s] -- Found FastRTPS: /opt/ros/humble/include  
[16.293s] -- Using RMW implementation 'rmw_fastrtps_cpp' as default
[16.293s] -- Looking for pthread.h
[16.293s] -- Looking for pthread.h - found
[16.293s] -- Performing Test CMAKE_HAVE_LIBC_PTHREAD
[16.294s] -- Performing Test CMAKE_HAVE_LIBC_PTHREAD - Success
[16.294s] -- Found Threads: TRUE  
[16.294s] -- Found eigen3_cmake_module: 0.1.1 (/opt/ros/humble/share/eigen3_cmake_module/cmake)
[16.294s] -- Found Eigen3: TRUE (found version "3.4.0") 
[16.294s] -- Ensuring Eigen3 include directory is part of orocos-kdl CMake target
[16.294s] -- Found ament_lint_auto: 0.12.14 (/opt/ros/humble/share/ament_lint_auto/cmake)
[16.294s] -- Added test 'clang_format' to check C / C++ code style
[16.294s] -- Added test 'clang_tidy' to check C / C++ code style
[16.294s] -- Added test 'xmllint' to check XML markup files
[16.294s] -- Added test 'copyright' to check source files copyright and LICENSE
[16.294s] -- Configuring done
[16.294s] -- Generating done
[16.294s] -- Build files have been written to: /home/nexium/ros_ws/build/pb_nav2_plugins
[16.337s] Invoked command in '/home/nexium/ros_ws/build/pb_nav2_plugins' returned '0': CMAKE_PREFIX_PATH=/opt/ros/humble /usr/bin/cmake /home/nexium/ros_ws/src/pb2025_sentry_nav/pb_nav2_plugins -DCMAKE_BUILD_TYPE=release -DAMENT_CMAKE_SYMLINK_INSTALL=1 -DCMAKE_INSTALL_PREFIX=/home/nexium/ros_ws/install/pb_nav2_plugins
[16.339s] Invoking command in '/home/nexium/ros_ws/build/pb_nav2_plugins': CMAKE_PREFIX_PATH=/opt/ros/humble /usr/bin/cmake --build /home/nexium/ros_ws/build/pb_nav2_plugins -- -j12 -l12
[17.281s] [ 25%] [32mBuilding CXX object CMakeFiles/pb_back_up_frees_space_behavior.dir/src/behaviors/back_up_free_space.cpp.o[0m
[34.580s] [ 50%] [32m[1mLinking CXX shared library libpb_back_up_frees_space_behavior.so[0m
[35.118s] [ 50%] Built target pb_back_up_frees_space_behavior
[35.148s] [ 75%] [32mBuilding CXX object CMakeFiles/layers.dir/src/layers/intensity_voxel_layer.cpp.o[0m
[46.674s] [100%] [32m[1mLinking CXX shared library liblayers.so[0m
[47.396s] [100%] Built target layers
[47.411s] Invoked command in '/home/nexium/ros_ws/build/pb_nav2_plugins' returned '0': CMAKE_PREFIX_PATH=/opt/ros/humble /usr/bin/cmake --build /home/nexium/ros_ws/build/pb_nav2_plugins -- -j12 -l12
[47.441s] Invoking command in '/home/nexium/ros_ws/build/pb_nav2_plugins': CMAKE_PREFIX_PATH=/opt/ros/humble /usr/bin/cmake --install /home/nexium/ros_ws/build/pb_nav2_plugins
[47.448s] -- Install configuration: "release"
[47.449s] -- Execute custom install script
[47.450s] -- Symlinking: /home/nexium/ros_ws/install/pb_nav2_plugins/share/pb_nav2_plugins//behavior_plugin.xml
[47.451s] -- Symlinking: /home/nexium/ros_ws/install/pb_nav2_plugins/share/pb_nav2_plugins//costmap_plugins.xml
[47.451s] -- Symlinking: /home/nexium/ros_ws/install/pb_nav2_plugins/include/pb_nav2_plugins/pb_nav2_plugins/behaviors/back_up_free_space.hpp
[47.463s] -- Symlinking: /home/nexium/ros_ws/install/pb_nav2_plugins/include/pb_nav2_plugins/pb_nav2_plugins/layers/intensity_voxel_layer.hpp
[47.481s] -- Symlinking: /home/nexium/ros_ws/install/pb_nav2_plugins/share/pb_nav2_plugins/environment/library_path.sh
[47.489s] -- Symlinking: /home/nexium/ros_ws/install/pb_nav2_plugins/share/pb_nav2_plugins/environment/library_path.dsv
[47.500s] -- Symlinking: /home/nexium/ros_ws/install/pb_nav2_plugins/lib/libpb_back_up_frees_space_behavior.so
[47.513s] -- Symlinking: /home/nexium/ros_ws/install/pb_nav2_plugins/lib/liblayers.so
[47.526s] -- Symlinking: /home/nexium/ros_ws/install/pb_nav2_plugins/share/ament_index/resource_index/package_run_dependencies/pb_nav2_plugins
[47.542s] -- Symlinking: /home/nexium/ros_ws/install/pb_nav2_plugins/share/ament_index/resource_index/parent_prefix_path/pb_nav2_plugins
[47.554s] -- Symlinking: /home/nexium/ros_ws/install/pb_nav2_plugins/share/pb_nav2_plugins/environment/ament_prefix_path.sh
[47.566s] -- Symlinking: /home/nexium/ros_ws/install/pb_nav2_plugins/share/pb_nav2_plugins/environment/ament_prefix_path.dsv
[47.581s] -- Symlinking: /home/nexium/ros_ws/install/pb_nav2_plugins/share/pb_nav2_plugins/environment/path.sh
[47.594s] -- Symlinking: /home/nexium/ros_ws/install/pb_nav2_plugins/share/pb_nav2_plugins/environment/path.dsv
[47.610s] -- Symlinking: /home/nexium/ros_ws/install/pb_nav2_plugins/share/pb_nav2_plugins/local_setup.bash
[47.622s] -- Symlinking: /home/nexium/ros_ws/install/pb_nav2_plugins/share/pb_nav2_plugins/local_setup.sh
[47.634s] -- Symlinking: /home/nexium/ros_ws/install/pb_nav2_plugins/share/pb_nav2_plugins/local_setup.zsh
[47.649s] -- Symlinking: /home/nexium/ros_ws/install/pb_nav2_plugins/share/pb_nav2_plugins/local_setup.dsv
[47.662s] -- Symlinking: /home/nexium/ros_ws/install/pb_nav2_plugins/share/pb_nav2_plugins/package.dsv
[47.679s] -- Symlinking: /home/nexium/ros_ws/install/pb_nav2_plugins/share/ament_index/resource_index/packages/pb_nav2_plugins
[47.692s] -- Symlinking: /home/nexium/ros_ws/install/pb_nav2_plugins/share/ament_index/resource_index/nav2_core__pluginlib__plugin/pb_nav2_plugins
[47.705s] -- Symlinking: /home/nexium/ros_ws/install/pb_nav2_plugins/share/ament_index/resource_index/nav2_costmap_2d__pluginlib__plugin/pb_nav2_plugins
[47.718s] -- Symlinking: /home/nexium/ros_ws/install/pb_nav2_plugins/share/pb_nav2_plugins/cmake/ament_cmake_export_dependencies-extras.cmake
[47.733s] -- Symlinking: /home/nexium/ros_ws/install/pb_nav2_plugins/share/pb_nav2_plugins/cmake/ament_cmake_export_include_directories-extras.cmake
[47.744s] -- Symlinking: /home/nexium/ros_ws/install/pb_nav2_plugins/share/pb_nav2_plugins/cmake/ament_cmake_export_libraries-extras.cmake
[47.758s] -- Symlinking: /home/nexium/ros_ws/install/pb_nav2_plugins/share/pb_nav2_plugins/cmake/pb_nav2_pluginsConfig.cmake
[47.773s] -- Symlinking: /home/nexium/ros_ws/install/pb_nav2_plugins/share/pb_nav2_plugins/cmake/pb_nav2_pluginsConfig-version.cmake
[47.784s] -- Symlinking: /home/nexium/ros_ws/install/pb_nav2_plugins/share/pb_nav2_plugins/package.xml
[47.802s] Invoked command in '/home/nexium/ros_ws/build/pb_nav2_plugins' returned '0': CMAKE_PREFIX_PATH=/opt/ros/humble /usr/bin/cmake --install /home/nexium/ros_ws/build/pb_nav2_plugins
