[0.033s] Invoking command in '/home/nexium/ros_ws/build/rmoss_gz_bridge': AMENT_PREFIX_PATH=/home/nexium/ros_ws/install/rmoss_interfaces:/home/nexium/ros_ws/install/rmoss_gz_resources:/home/nexium/ros_ws/install/rmoss_gz_plugins:${AMENT_PREFIX_PATH} CMAKE_PREFIX_PATH=/home/nexium/ros_ws/install/rmoss_interfaces:/home/nexium/ros_ws/install/rmoss_gz_resources:/home/nexium/ros_ws/install/rmoss_gz_plugins:/opt/ros/humble LD_LIBRARY_PATH=/home/nexium/ros_ws/install/rmoss_interfaces/lib:${LD_LIBRARY_PATH} PYTHONPATH=/home/nexium/ros_ws/install/rmoss_interfaces/local/lib/python3.10/dist-packages:${PYTHONPATH} /usr/bin/cmake /home/nexium/ros_ws/src/rmoss_gazebo/rmoss_gz_bridge -DCMAKE_BUILD_TYPE=release -DAMENT_CMAKE_SYMLINK_INSTALL=1 -DCMAKE_INSTALL_PREFIX=/home/nexium/ros_ws/install/rmoss_gz_bridge
[7.774s] -- The C compiler identification is GNU 11.4.0
[7.774s] -- The CXX compiler identification is GNU 11.4.0
[7.774s] -- Detecting C compiler ABI info
[7.774s] -- Detecting C compiler ABI info - done
[7.774s] -- Check for working C compiler: /usr/bin/cc - skipped
[7.774s] -- Detecting C compile features
[7.774s] -- Detecting C compile features - done
[7.774s] -- Detecting CXX compiler ABI info
[7.774s] -- Detecting CXX compiler ABI info - done
[7.775s] -- Check for working CXX compiler: /usr/bin/c++ - skipped
[7.775s] -- Detecting CXX compile features
[7.775s] -- Detecting CXX compile features - done
[7.775s] -- Found ament_cmake: 1.3.12 (/opt/ros/humble/share/ament_cmake/cmake)
[7.775s] -- Found Python3: /usr/bin/python3 (found version "3.10.12") found components: Interpreter 
[7.775s] -- Override CMake install command with custom implementation using symlinks instead of copying resources
[7.775s] -- Found ament_index_cpp: 1.4.0 (/opt/ros/humble/share/ament_index_cpp/cmake)
[7.775s] -- Found rclcpp: 16.0.17 (/opt/ros/humble/share/rclcpp/cmake)
[7.775s] -- Found rosidl_generator_c: 3.1.8 (/opt/ros/humble/share/rosidl_generator_c/cmake)
[7.775s] -- Found rosidl_adapter: 3.1.8 (/opt/ros/humble/share/rosidl_adapter/cmake)
[7.775s] -- Found rosidl_generator_cpp: 3.1.8 (/opt/ros/humble/share/rosidl_generator_cpp/cmake)
[7.775s] -- Using all available rosidl_typesupport_c: rosidl_typesupport_fastrtps_c;rosidl_typesupport_introspection_c
[7.775s] -- Using all available rosidl_typesupport_cpp: rosidl_typesupport_fastrtps_cpp;rosidl_typesupport_introspection_cpp
[7.775s] -- Found rmw_implementation_cmake: 6.1.2 (/opt/ros/humble/share/rmw_implementation_cmake/cmake)
[7.775s] -- Found rmw_fastrtps_cpp: 6.2.9 (/opt/ros/humble/share/rmw_fastrtps_cpp/cmake)
[7.775s] -- Found OpenSSL: /usr/lib/x86_64-linux-gnu/libcrypto.so (found version "3.0.2")  
[7.775s] -- Found FastRTPS: /opt/ros/humble/include  
[7.775s] -- Using RMW implementation 'rmw_fastrtps_cpp' as default
[7.776s] -- Looking for pthread.h
[7.776s] -- Looking for pthread.h - found
[7.776s] -- Performing Test CMAKE_HAVE_LIBC_PTHREAD
[7.776s] -- Performing Test CMAKE_HAVE_LIBC_PTHREAD - Success
[7.776s] -- Found Threads: TRUE  
[7.776s] -- Found rclcpp_components: 16.0.17 (/opt/ros/humble/share/rclcpp_components/cmake)
[7.776s] -- Found geometry_msgs: 4.9.0 (/opt/ros/humble/share/geometry_msgs/cmake)
[7.776s] -- Found sensor_msgs: 4.9.0 (/opt/ros/humble/share/sensor_msgs/cmake)
[7.776s] -- Found nav_msgs: 4.9.0 (/opt/ros/humble/share/nav_msgs/cmake)
[7.776s] -- Found rmoss_interfaces: 0.9.0 (/home/nexium/ros_ws/install/rmoss_interfaces/share/rmoss_interfaces/cmake)
[7.776s] -- Found tf2_ros: 0.25.18 (/opt/ros/humble/share/tf2_ros/cmake)
[7.776s] -- Found ros_gz_bridge: 0.244.20 (/opt/ros/humble/share/ros_gz_bridge/cmake)
[7.776s] -- Found Protobuf: /usr/lib/x86_64-linux-gnu/libprotobuf.so (found suitable version "3.12.4", minimum required is "3") 
[7.776s] -- Found Protobuf: /usr/lib/x86_64-linux-gnu/libprotobuf.so (found version "3.12.4") 
[7.776s] -- Looking for ignition-transport11 -- found version 11.4.1
[7.776s] -- Looking for ignition-msgs8 -- found version 8.7.0
[7.776s] -- Compiling against Ignition Fortress
[7.776s] -- Found ament_lint_auto: 0.12.14 (/opt/ros/humble/share/ament_lint_auto/cmake)
[7.777s] -- Added test 'copyright' to check source files copyright and LICENSE
[7.777s] -- Added test 'cppcheck' to perform static code analysis on C / C++ code
[7.777s] -- Configured cppcheck include dirs: /home/nexium/ros_ws/src/rmoss_gazebo/rmoss_gz_bridge/include
[7.777s] -- Configured cppcheck exclude dirs and/or files: 
[7.777s] -- Added test 'cpplint' to check C / C++ code against the Google style
[7.777s] -- Configured cpplint exclude dirs and/or files: 
[7.777s] -- Added test 'lint_cmake' to check CMake code style
[7.777s] -- Added test 'uncrustify' to check C / C++ code style
[7.777s] -- Configured uncrustify additional arguments: 
[7.777s] -- Added test 'xmllint' to check XML markup files
[7.777s] -- Configuring done
[7.777s] -- Generating done
[7.778s] -- Build files have been written to: /home/nexium/ros_ws/build/rmoss_gz_bridge
[7.800s] Invoked command in '/home/nexium/ros_ws/build/rmoss_gz_bridge' returned '0': AMENT_PREFIX_PATH=/home/nexium/ros_ws/install/rmoss_interfaces:/home/nexium/ros_ws/install/rmoss_gz_resources:/home/nexium/ros_ws/install/rmoss_gz_plugins:${AMENT_PREFIX_PATH} CMAKE_PREFIX_PATH=/home/nexium/ros_ws/install/rmoss_interfaces:/home/nexium/ros_ws/install/rmoss_gz_resources:/home/nexium/ros_ws/install/rmoss_gz_plugins:/opt/ros/humble LD_LIBRARY_PATH=/home/nexium/ros_ws/install/rmoss_interfaces/lib:${LD_LIBRARY_PATH} PYTHONPATH=/home/nexium/ros_ws/install/rmoss_interfaces/local/lib/python3.10/dist-packages:${PYTHONPATH} /usr/bin/cmake /home/nexium/ros_ws/src/rmoss_gazebo/rmoss_gz_bridge -DCMAKE_BUILD_TYPE=release -DAMENT_CMAKE_SYMLINK_INSTALL=1 -DCMAKE_INSTALL_PREFIX=/home/nexium/ros_ws/install/rmoss_gz_bridge
[7.801s] Invoking command in '/home/nexium/ros_ws/build/rmoss_gz_bridge': AMENT_PREFIX_PATH=/home/nexium/ros_ws/install/rmoss_interfaces:/home/nexium/ros_ws/install/rmoss_gz_resources:/home/nexium/ros_ws/install/rmoss_gz_plugins:${AMENT_PREFIX_PATH} CMAKE_PREFIX_PATH=/home/nexium/ros_ws/install/rmoss_interfaces:/home/nexium/ros_ws/install/rmoss_gz_resources:/home/nexium/ros_ws/install/rmoss_gz_plugins:/opt/ros/humble LD_LIBRARY_PATH=/home/nexium/ros_ws/install/rmoss_interfaces/lib:${LD_LIBRARY_PATH} PYTHONPATH=/home/nexium/ros_ws/install/rmoss_interfaces/local/lib/python3.10/dist-packages:${PYTHONPATH} /usr/bin/cmake --build /home/nexium/ros_ws/build/rmoss_gz_bridge -- -j12 -l12
[8.123s] [ 16%] [32mBuilding CXX object CMakeFiles/pose_bridge.dir/src/pose_bridge_node.cpp.o[0m
[36.115s] [ 33%] [32mBuilding CXX object CMakeFiles/pose_bridge.dir/src/pose_bridge_main.cpp.o[0m
[51.713s] [ 50%] [32m[1mLinking CXX executable pose_bridge[0m
[54.295s] [ 50%] Built target pose_bridge
[54.325s] [ 66%] [32mBuilding CXX object CMakeFiles/rfid_bridge.dir/src/rfid_bridge_node.cpp.o[0m
[74.867s] [ 83%] [32mBuilding CXX object CMakeFiles/rfid_bridge.dir/src/rfid_bridge_main.cpp.o[0m
[87.289s] [100%] [32m[1mLinking CXX executable rfid_bridge[0m
[88.633s] [100%] Built target rfid_bridge
[88.662s] Invoked command in '/home/nexium/ros_ws/build/rmoss_gz_bridge' returned '0': AMENT_PREFIX_PATH=/home/nexium/ros_ws/install/rmoss_interfaces:/home/nexium/ros_ws/install/rmoss_gz_resources:/home/nexium/ros_ws/install/rmoss_gz_plugins:${AMENT_PREFIX_PATH} CMAKE_PREFIX_PATH=/home/nexium/ros_ws/install/rmoss_interfaces:/home/nexium/ros_ws/install/rmoss_gz_resources:/home/nexium/ros_ws/install/rmoss_gz_plugins:/opt/ros/humble LD_LIBRARY_PATH=/home/nexium/ros_ws/install/rmoss_interfaces/lib:${LD_LIBRARY_PATH} PYTHONPATH=/home/nexium/ros_ws/install/rmoss_interfaces/local/lib/python3.10/dist-packages:${PYTHONPATH} /usr/bin/cmake --build /home/nexium/ros_ws/build/rmoss_gz_bridge -- -j12 -l12
[88.664s] Invoking command in '/home/nexium/ros_ws/build/rmoss_gz_bridge': AMENT_PREFIX_PATH=/home/nexium/ros_ws/install/rmoss_interfaces:/home/nexium/ros_ws/install/rmoss_gz_resources:/home/nexium/ros_ws/install/rmoss_gz_plugins:${AMENT_PREFIX_PATH} CMAKE_PREFIX_PATH=/home/nexium/ros_ws/install/rmoss_interfaces:/home/nexium/ros_ws/install/rmoss_gz_resources:/home/nexium/ros_ws/install/rmoss_gz_plugins:/opt/ros/humble LD_LIBRARY_PATH=/home/nexium/ros_ws/install/rmoss_interfaces/lib:${LD_LIBRARY_PATH} PYTHONPATH=/home/nexium/ros_ws/install/rmoss_interfaces/local/lib/python3.10/dist-packages:${PYTHONPATH} /usr/bin/cmake --install /home/nexium/ros_ws/build/rmoss_gz_bridge
[88.679s] -- Install configuration: "release"
[88.679s] -- Execute custom install script
[88.679s] -- Symlinking: /home/nexium/ros_ws/install/rmoss_gz_bridge/include/rmoss_gz_bridge/pose_bridge_node.hpp
[88.694s] -- Symlinking: /home/nexium/ros_ws/install/rmoss_gz_bridge/include/rmoss_gz_bridge/rfid_bridge_node.hpp
[88.709s] -- Symlinking: /home/nexium/ros_ws/install/rmoss_gz_bridge/lib/rmoss_gz_bridge/pose_bridge
[88.723s] -- Symlinking: /home/nexium/ros_ws/install/rmoss_gz_bridge/lib/rmoss_gz_bridge/rfid_bridge
[88.743s] -- Symlinking: /home/nexium/ros_ws/install/rmoss_gz_bridge/share/ament_index/resource_index/package_run_dependencies/rmoss_gz_bridge
[88.759s] -- Symlinking: /home/nexium/ros_ws/install/rmoss_gz_bridge/share/ament_index/resource_index/parent_prefix_path/rmoss_gz_bridge
[88.774s] -- Symlinking: /home/nexium/ros_ws/install/rmoss_gz_bridge/share/rmoss_gz_bridge/environment/ament_prefix_path.sh
[88.789s] -- Symlinking: /home/nexium/ros_ws/install/rmoss_gz_bridge/share/rmoss_gz_bridge/environment/ament_prefix_path.dsv
[88.804s] -- Symlinking: /home/nexium/ros_ws/install/rmoss_gz_bridge/share/rmoss_gz_bridge/environment/path.sh
[88.819s] -- Symlinking: /home/nexium/ros_ws/install/rmoss_gz_bridge/share/rmoss_gz_bridge/environment/path.dsv
[88.837s] -- Symlinking: /home/nexium/ros_ws/install/rmoss_gz_bridge/share/rmoss_gz_bridge/local_setup.bash
[88.856s] -- Symlinking: /home/nexium/ros_ws/install/rmoss_gz_bridge/share/rmoss_gz_bridge/local_setup.sh
[88.873s] -- Symlinking: /home/nexium/ros_ws/install/rmoss_gz_bridge/share/rmoss_gz_bridge/local_setup.zsh
[88.889s] -- Symlinking: /home/nexium/ros_ws/install/rmoss_gz_bridge/share/rmoss_gz_bridge/local_setup.dsv
[88.905s] -- Symlinking: /home/nexium/ros_ws/install/rmoss_gz_bridge/share/rmoss_gz_bridge/package.dsv
[88.919s] -- Symlinking: /home/nexium/ros_ws/install/rmoss_gz_bridge/share/ament_index/resource_index/packages/rmoss_gz_bridge
[88.935s] -- Symlinking: /home/nexium/ros_ws/install/rmoss_gz_bridge/share/rmoss_gz_bridge/cmake/ament_cmake_export_dependencies-extras.cmake
[88.951s] -- Symlinking: /home/nexium/ros_ws/install/rmoss_gz_bridge/share/rmoss_gz_bridge/cmake/rmoss_gz_bridgeConfig.cmake
[88.967s] -- Symlinking: /home/nexium/ros_ws/install/rmoss_gz_bridge/share/rmoss_gz_bridge/cmake/rmoss_gz_bridgeConfig-version.cmake
[88.981s] -- Symlinking: /home/nexium/ros_ws/install/rmoss_gz_bridge/share/rmoss_gz_bridge/package.xml
[88.998s] Invoked command in '/home/nexium/ros_ws/build/rmoss_gz_bridge' returned '0': AMENT_PREFIX_PATH=/home/nexium/ros_ws/install/rmoss_interfaces:/home/nexium/ros_ws/install/rmoss_gz_resources:/home/nexium/ros_ws/install/rmoss_gz_plugins:${AMENT_PREFIX_PATH} CMAKE_PREFIX_PATH=/home/nexium/ros_ws/install/rmoss_interfaces:/home/nexium/ros_ws/install/rmoss_gz_resources:/home/nexium/ros_ws/install/rmoss_gz_plugins:/opt/ros/humble LD_LIBRARY_PATH=/home/nexium/ros_ws/install/rmoss_interfaces/lib:${LD_LIBRARY_PATH} PYTHONPATH=/home/nexium/ros_ws/install/rmoss_interfaces/local/lib/python3.10/dist-packages:${PYTHONPATH} /usr/bin/cmake --install /home/nexium/ros_ws/build/rmoss_gz_bridge
