-- Install configuration: "release"
-- Execute custom install script
-- Up-to-date symlink: /home/nexium/ros_ws/install/pb2025_nav_bringup/share/pb2025_nav_bringup/launch/bringup_launch.py
-- Up-to-date symlink: /home/nexium/ros_ws/install/pb2025_nav_bringup/share/pb2025_nav_bringup/launch/joy_teleop_launch.py
-- Up-to-date symlink: /home/nexium/ros_ws/install/pb2025_nav_bringup/share/pb2025_nav_bringup/launch/localization_launch.py
-- Up-to-date symlink: /home/nexium/ros_ws/install/pb2025_nav_bringup/share/pb2025_nav_bringup/launch/navigation_launch.py
-- Up-to-date symlink: /home/nexium/ros_ws/install/pb2025_nav_bringup/share/pb2025_nav_bringup/launch/rm_multi_navigation_simulation_launch.py
-- Up-to-date symlink: /home/nexium/ros_ws/install/pb2025_nav_bringup/share/pb2025_nav_bringup/launch/rm_navigation_reality_launch.py
-- Up-to-date symlink: /home/nexium/ros_ws/install/pb2025_nav_bringup/share/pb2025_nav_bringup/launch/rm_navigation_simulation_launch.py
-- Up-to-date symlink: /home/nexium/ros_ws/install/pb2025_nav_bringup/share/pb2025_nav_bringup/launch/robot_state_publisher_launch.py
-- Up-to-date symlink: /home/nexium/ros_ws/install/pb2025_nav_bringup/share/pb2025_nav_bringup/launch/rviz_launch.py
-- Up-to-date symlink: /home/nexium/ros_ws/install/pb2025_nav_bringup/share/pb2025_nav_bringup/launch/slam_launch.py
-- Up-to-date symlink: /home/nexium/ros_ws/install/pb2025_nav_bringup/share/pb2025_nav_bringup/map/reality/D31F.pgm
-- Up-to-date symlink: /home/nexium/ros_ws/install/pb2025_nav_bringup/share/pb2025_nav_bringup/map/reality/D31F.yaml
-- Up-to-date symlink: /home/nexium/ros_ws/install/pb2025_nav_bringup/share/pb2025_nav_bringup/map/reality/hallway.pgm
-- Up-to-date symlink: /home/nexium/ros_ws/install/pb2025_nav_bringup/share/pb2025_nav_bringup/map/reality/hallway.yaml
-- Up-to-date symlink: /home/nexium/ros_ws/install/pb2025_nav_bringup/share/pb2025_nav_bringup/map/reality/reserve
-- Up-to-date symlink: /home/nexium/ros_ws/install/pb2025_nav_bringup/share/pb2025_nav_bringup/map/reality/rmuc_2024.pgm
-- Up-to-date symlink: /home/nexium/ros_ws/install/pb2025_nav_bringup/share/pb2025_nav_bringup/map/reality/rmuc_2024.yaml
-- Up-to-date symlink: /home/nexium/ros_ws/install/pb2025_nav_bringup/share/pb2025_nav_bringup/map/reality/rmuc_2025.pgm
-- Up-to-date symlink: /home/nexium/ros_ws/install/pb2025_nav_bringup/share/pb2025_nav_bringup/map/reality/rmuc_2025.yaml
-- Up-to-date symlink: /home/nexium/ros_ws/install/pb2025_nav_bringup/share/pb2025_nav_bringup/map/reality/rmul_2024.pgm
-- Up-to-date symlink: /home/nexium/ros_ws/install/pb2025_nav_bringup/share/pb2025_nav_bringup/map/reality/rmul_2024.yaml
-- Up-to-date symlink: /home/nexium/ros_ws/install/pb2025_nav_bringup/share/pb2025_nav_bringup/map/reality/rmul_2025.pgm
-- Up-to-date symlink: /home/nexium/ros_ws/install/pb2025_nav_bringup/share/pb2025_nav_bringup/map/reality/rmul_2025.yaml
-- Up-to-date symlink: /home/nexium/ros_ws/install/pb2025_nav_bringup/share/pb2025_nav_bringup/map/simulation/rmuc_2024.pgm
-- Up-to-date symlink: /home/nexium/ros_ws/install/pb2025_nav_bringup/share/pb2025_nav_bringup/map/simulation/rmuc_2024.yaml
-- Up-to-date symlink: /home/nexium/ros_ws/install/pb2025_nav_bringup/share/pb2025_nav_bringup/map/simulation/rmuc_2025.pgm
-- Up-to-date symlink: /home/nexium/ros_ws/install/pb2025_nav_bringup/share/pb2025_nav_bringup/map/simulation/rmuc_2025.yaml
-- Up-to-date symlink: /home/nexium/ros_ws/install/pb2025_nav_bringup/share/pb2025_nav_bringup/map/simulation/rmul_2024.pgm
-- Up-to-date symlink: /home/nexium/ros_ws/install/pb2025_nav_bringup/share/pb2025_nav_bringup/map/simulation/rmul_2024.yaml
-- Up-to-date symlink: /home/nexium/ros_ws/install/pb2025_nav_bringup/share/pb2025_nav_bringup/map/simulation/rmul_2025.pgm
-- Up-to-date symlink: /home/nexium/ros_ws/install/pb2025_nav_bringup/share/pb2025_nav_bringup/map/simulation/rmul_2025.yaml
-- Up-to-date symlink: /home/nexium/ros_ws/install/pb2025_nav_bringup/share/pb2025_nav_bringup/pcd/reality/D31F.pcd
-- Up-to-date symlink: /home/nexium/ros_ws/install/pb2025_nav_bringup/share/pb2025_nav_bringup/pcd/reality/hallway.pcd
-- Up-to-date symlink: /home/nexium/ros_ws/install/pb2025_nav_bringup/share/pb2025_nav_bringup/pcd/reality/reserve
-- Up-to-date symlink: /home/nexium/ros_ws/install/pb2025_nav_bringup/share/pb2025_nav_bringup/pcd/reality/rmuc_2024.pcd
-- Up-to-date symlink: /home/nexium/ros_ws/install/pb2025_nav_bringup/share/pb2025_nav_bringup/pcd/reality/rmuc_2025.pcd
-- Up-to-date symlink: /home/nexium/ros_ws/install/pb2025_nav_bringup/share/pb2025_nav_bringup/pcd/reality/rmul_2024.pcd
-- Up-to-date symlink: /home/nexium/ros_ws/install/pb2025_nav_bringup/share/pb2025_nav_bringup/pcd/reality/rmul_2025.pcd
-- Up-to-date symlink: /home/nexium/ros_ws/install/pb2025_nav_bringup/share/pb2025_nav_bringup/pcd/simulation/readme.md
-- Up-to-date symlink: /home/nexium/ros_ws/install/pb2025_nav_bringup/share/pb2025_nav_bringup/pcd/simulation/rmuc_2024.pcd
-- Up-to-date symlink: /home/nexium/ros_ws/install/pb2025_nav_bringup/share/pb2025_nav_bringup/pcd/simulation/rmuc_2025.pcd
-- Up-to-date symlink: /home/nexium/ros_ws/install/pb2025_nav_bringup/share/pb2025_nav_bringup/pcd/simulation/rmul_2024.pcd
-- Up-to-date symlink: /home/nexium/ros_ws/install/pb2025_nav_bringup/share/pb2025_nav_bringup/pcd/simulation/rmul_2025.pcd
-- Up-to-date symlink: /home/nexium/ros_ws/install/pb2025_nav_bringup/share/pb2025_nav_bringup/config/reality/mid360_user_config.json
-- Up-to-date symlink: /home/nexium/ros_ws/install/pb2025_nav_bringup/share/pb2025_nav_bringup/config/reality/nav2_params.yaml
-- Up-to-date symlink: /home/nexium/ros_ws/install/pb2025_nav_bringup/share/pb2025_nav_bringup/config/simulation/nav2_params.yaml
-- Up-to-date symlink: /home/nexium/ros_ws/install/pb2025_nav_bringup/share/pb2025_nav_bringup/behavior_trees/navigate_through_poses_w_replanning_and_recovery.xml
-- Up-to-date symlink: /home/nexium/ros_ws/install/pb2025_nav_bringup/share/pb2025_nav_bringup/behavior_trees/navigate_to_pose_w_replanning_and_recovery.xml
-- Up-to-date symlink: /home/nexium/ros_ws/install/pb2025_nav_bringup/share/pb2025_nav_bringup/rviz/nav2_default_view.rviz
-- Up-to-date symlink: /home/nexium/ros_ws/install/pb2025_nav_bringup/share/ament_index/resource_index/package_run_dependencies/pb2025_nav_bringup
-- Up-to-date symlink: /home/nexium/ros_ws/install/pb2025_nav_bringup/share/ament_index/resource_index/parent_prefix_path/pb2025_nav_bringup
-- Up-to-date symlink: /home/nexium/ros_ws/install/pb2025_nav_bringup/share/pb2025_nav_bringup/environment/ament_prefix_path.sh
-- Up-to-date symlink: /home/nexium/ros_ws/install/pb2025_nav_bringup/share/pb2025_nav_bringup/environment/ament_prefix_path.dsv
-- Up-to-date symlink: /home/nexium/ros_ws/install/pb2025_nav_bringup/share/pb2025_nav_bringup/environment/path.sh
-- Up-to-date symlink: /home/nexium/ros_ws/install/pb2025_nav_bringup/share/pb2025_nav_bringup/environment/path.dsv
-- Up-to-date symlink: /home/nexium/ros_ws/install/pb2025_nav_bringup/share/pb2025_nav_bringup/local_setup.bash
-- Up-to-date symlink: /home/nexium/ros_ws/install/pb2025_nav_bringup/share/pb2025_nav_bringup/local_setup.sh
-- Up-to-date symlink: /home/nexium/ros_ws/install/pb2025_nav_bringup/share/pb2025_nav_bringup/local_setup.zsh
-- Up-to-date symlink: /home/nexium/ros_ws/install/pb2025_nav_bringup/share/pb2025_nav_bringup/local_setup.dsv
-- Symlinking: /home/nexium/ros_ws/install/pb2025_nav_bringup/share/pb2025_nav_bringup/package.dsv
-- Up-to-date symlink: /home/nexium/ros_ws/install/pb2025_nav_bringup/share/ament_index/resource_index/packages/pb2025_nav_bringup
-- Up-to-date symlink: /home/nexium/ros_ws/install/pb2025_nav_bringup/share/pb2025_nav_bringup/cmake/pb2025_nav_bringupConfig.cmake
-- Up-to-date symlink: /home/nexium/ros_ws/install/pb2025_nav_bringup/share/pb2025_nav_bringup/cmake/pb2025_nav_bringupConfig-version.cmake
-- Up-to-date symlink: /home/nexium/ros_ws/install/pb2025_nav_bringup/share/pb2025_nav_bringup/package.xml
