[0.029s] Invoking command in '/home/nexium/ros_ws/build/rmoss_gz_plugins': CMAKE_PREFIX_PATH=/opt/ros/humble /usr/bin/cmake --build /home/nexium/ros_ws/build/rmoss_gz_plugins -- -j12 -l12
[0.444s] [ 33%] Built target MecanumDrive2
[0.444s] [ 66%] Built target LightBarController
[0.444s] [100%] Built target ProjectileShooter
[0.459s] Invoked command in '/home/nexium/ros_ws/build/rmoss_gz_plugins' returned '0': CMAKE_PREFIX_PATH=/opt/ros/humble /usr/bin/cmake --build /home/nexium/ros_ws/build/rmoss_gz_plugins -- -j12 -l12
[0.460s] Invoking command in '/home/nexium/ros_ws/build/rmoss_gz_plugins': CMAKE_PREFIX_PATH=/opt/ros/humble /usr/bin/cmake --install /home/nexium/ros_ws/build/rmoss_gz_plugins
[0.520s] -- Install configuration: "release"
[0.520s] -- Execute custom install script
[0.520s] -- Up-to-date symlink: /home/nexium/ros_ws/install/rmoss_gz_plugins/plugins/libMecanumDrive2.so
[0.520s] -- Up-to-date symlink: /home/nexium/ros_ws/install/rmoss_gz_plugins/plugins/libProjectileShooter.so
[0.520s] -- Up-to-date symlink: /home/nexium/ros_ws/install/rmoss_gz_plugins/plugins/libLightBarController.so
[0.520s] -- Up-to-date symlink: /home/nexium/ros_ws/install/rmoss_gz_plugins/share/rmoss_gz_plugins/environment/gazebo.dsv
[0.520s] -- Up-to-date symlink: /home/nexium/ros_ws/install/rmoss_gz_plugins/share/ament_index/resource_index/package_run_dependencies/rmoss_gz_plugins
[0.520s] -- Up-to-date symlink: /home/nexium/ros_ws/install/rmoss_gz_plugins/share/ament_index/resource_index/parent_prefix_path/rmoss_gz_plugins
[0.520s] -- Up-to-date symlink: /home/nexium/ros_ws/install/rmoss_gz_plugins/share/rmoss_gz_plugins/environment/ament_prefix_path.sh
[0.520s] -- Up-to-date symlink: /home/nexium/ros_ws/install/rmoss_gz_plugins/share/rmoss_gz_plugins/environment/ament_prefix_path.dsv
[0.520s] -- Up-to-date symlink: /home/nexium/ros_ws/install/rmoss_gz_plugins/share/rmoss_gz_plugins/environment/path.sh
[0.520s] -- Up-to-date symlink: /home/nexium/ros_ws/install/rmoss_gz_plugins/share/rmoss_gz_plugins/environment/path.dsv
[0.520s] -- Up-to-date symlink: /home/nexium/ros_ws/install/rmoss_gz_plugins/share/rmoss_gz_plugins/local_setup.bash
[0.521s] -- Up-to-date symlink: /home/nexium/ros_ws/install/rmoss_gz_plugins/share/rmoss_gz_plugins/local_setup.sh
[0.521s] -- Up-to-date symlink: /home/nexium/ros_ws/install/rmoss_gz_plugins/share/rmoss_gz_plugins/local_setup.zsh
[0.521s] -- Up-to-date symlink: /home/nexium/ros_ws/install/rmoss_gz_plugins/share/rmoss_gz_plugins/local_setup.dsv
[0.521s] -- Symlinking: /home/nexium/ros_ws/install/rmoss_gz_plugins/share/rmoss_gz_plugins/package.dsv
[0.521s] -- Up-to-date symlink: /home/nexium/ros_ws/install/rmoss_gz_plugins/share/ament_index/resource_index/packages/rmoss_gz_plugins
[0.521s] -- Up-to-date symlink: /home/nexium/ros_ws/install/rmoss_gz_plugins/share/rmoss_gz_plugins/cmake/rmoss_gz_pluginsConfig.cmake
[0.521s] -- Up-to-date symlink: /home/nexium/ros_ws/install/rmoss_gz_plugins/share/rmoss_gz_plugins/cmake/rmoss_gz_pluginsConfig-version.cmake
[0.524s] -- Up-to-date symlink: /home/nexium/ros_ws/install/rmoss_gz_plugins/share/rmoss_gz_plugins/package.xml
[0.574s] Invoked command in '/home/nexium/ros_ws/build/rmoss_gz_plugins' returned '0': CMAKE_PREFIX_PATH=/opt/ros/humble /usr/bin/cmake --install /home/nexium/ros_ws/build/rmoss_gz_plugins
