[0.079s] Invoking command in '/home/nexium/ros_ws/build/btcpp_ros2_samples': AMENT_PREFIX_PATH=/home/nexium/ros_ws/install/behaviortree_ros2:/home/nexium/ros_ws/install/btcpp_ros2_interfaces:${AMENT_PREFIX_PATH} CMAKE_PREFIX_PATH=/home/nexium/ros_ws/install/behaviortree_ros2:/home/nexium/ros_ws/install/btcpp_ros2_interfaces:/opt/ros/humble LD_LIBRARY_PATH=/home/nexium/ros_ws/install/behaviortree_ros2/lib:/home/nexium/ros_ws/install/btcpp_ros2_interfaces/lib:${LD_LIBRARY_PATH} PYTHONPATH=/home/nexium/ros_ws/install/btcpp_ros2_interfaces/local/lib/python3.10/dist-packages:${PYTHONPATH} /usr/bin/cmake --build /home/nexium/ros_ws/build/btcpp_ros2_samples -- -j12 -l12
[0.127s] [ 22%] Built target bool_server
[0.128s] [ 27%] Built target sleep_client
[0.128s] [ 38%] Built target sleep_plugin
[0.128s] [ 66%] Built target bool_client
[0.128s] [ 66%] Built target sample_bt_executor
[0.128s] [ 77%] Built target sleep_server
[0.133s] [ 88%] Built target subscriber_test
[0.150s] [100%] Built target sleep_client_dyn
[0.318s] Invoked command in '/home/nexium/ros_ws/build/btcpp_ros2_samples' returned '0': AMENT_PREFIX_PATH=/home/nexium/ros_ws/install/behaviortree_ros2:/home/nexium/ros_ws/install/btcpp_ros2_interfaces:${AMENT_PREFIX_PATH} CMAKE_PREFIX_PATH=/home/nexium/ros_ws/install/behaviortree_ros2:/home/nexium/ros_ws/install/btcpp_ros2_interfaces:/opt/ros/humble LD_LIBRARY_PATH=/home/nexium/ros_ws/install/behaviortree_ros2/lib:/home/nexium/ros_ws/install/btcpp_ros2_interfaces/lib:${LD_LIBRARY_PATH} PYTHONPATH=/home/nexium/ros_ws/install/btcpp_ros2_interfaces/local/lib/python3.10/dist-packages:${PYTHONPATH} /usr/bin/cmake --build /home/nexium/ros_ws/build/btcpp_ros2_samples -- -j12 -l12
[0.318s] Invoking command in '/home/nexium/ros_ws/build/btcpp_ros2_samples': AMENT_PREFIX_PATH=/home/nexium/ros_ws/install/behaviortree_ros2:/home/nexium/ros_ws/install/btcpp_ros2_interfaces:${AMENT_PREFIX_PATH} CMAKE_PREFIX_PATH=/home/nexium/ros_ws/install/behaviortree_ros2:/home/nexium/ros_ws/install/btcpp_ros2_interfaces:/opt/ros/humble LD_LIBRARY_PATH=/home/nexium/ros_ws/install/behaviortree_ros2/lib:/home/nexium/ros_ws/install/btcpp_ros2_interfaces/lib:${LD_LIBRARY_PATH} PYTHONPATH=/home/nexium/ros_ws/install/btcpp_ros2_interfaces/local/lib/python3.10/dist-packages:${PYTHONPATH} /usr/bin/cmake --install /home/nexium/ros_ws/build/btcpp_ros2_samples
[0.325s] -- Install configuration: "release"
[0.326s] -- Execute custom install script
[0.326s] -- Up-to-date symlink: /home/nexium/ros_ws/install/btcpp_ros2_samples/lib/btcpp_ros2_samples/sleep_client
[0.326s] -- Up-to-date symlink: /home/nexium/ros_ws/install/btcpp_ros2_samples/lib/btcpp_ros2_samples/sleep_client_dyn
[0.326s] -- Up-to-date symlink: /home/nexium/ros_ws/install/btcpp_ros2_samples/lib/btcpp_ros2_samples/sleep_server
[0.326s] -- Up-to-date symlink: /home/nexium/ros_ws/install/btcpp_ros2_samples/lib/btcpp_ros2_samples/libsleep_plugin.so
[0.326s] -- Up-to-date symlink: /home/nexium/ros_ws/install/btcpp_ros2_samples/lib/btcpp_ros2_samples/subscriber_test
[0.326s] -- Up-to-date symlink: /home/nexium/ros_ws/install/btcpp_ros2_samples/lib/btcpp_ros2_samples/sample_bt_executor
[0.327s] -- Up-to-date symlink: /home/nexium/ros_ws/install/btcpp_ros2_samples/lib/btcpp_ros2_samples/bool_client
[0.327s] -- Up-to-date symlink: /home/nexium/ros_ws/install/btcpp_ros2_samples/lib/btcpp_ros2_samples/bool_server
[0.327s] -- Up-to-date symlink: /home/nexium/ros_ws/install/btcpp_ros2_samples/share/btcpp_ros2_samples/bt_plugins/libsleep_plugin.so
[0.327s] -- Up-to-date symlink: /home/nexium/ros_ws/install/btcpp_ros2_samples/share/btcpp_ros2_samples//behavior_trees/cross_door.xml
[0.327s] -- Up-to-date symlink: /home/nexium/ros_ws/install/btcpp_ros2_samples/share/btcpp_ros2_samples//behavior_trees/door_closed.xml
[0.327s] -- Up-to-date symlink: /home/nexium/ros_ws/install/btcpp_ros2_samples/share/btcpp_ros2_samples//behavior_trees/sleep_action.xml
[0.327s] -- Up-to-date symlink: /home/nexium/ros_ws/install/btcpp_ros2_samples/share/btcpp_ros2_samples//config/sample_bt_executor.yaml
[0.327s] -- Up-to-date symlink: /home/nexium/ros_ws/install/btcpp_ros2_samples/share/btcpp_ros2_samples//launch/sample_bt_executor.launch.xml
[0.327s] -- Up-to-date symlink: /home/nexium/ros_ws/install/btcpp_ros2_samples/share/ament_index/resource_index/package_run_dependencies/btcpp_ros2_samples
[0.327s] -- Up-to-date symlink: /home/nexium/ros_ws/install/btcpp_ros2_samples/share/ament_index/resource_index/parent_prefix_path/btcpp_ros2_samples
[0.328s] -- Up-to-date symlink: /home/nexium/ros_ws/install/btcpp_ros2_samples/share/btcpp_ros2_samples/environment/ament_prefix_path.sh
[0.328s] -- Up-to-date symlink: /home/nexium/ros_ws/install/btcpp_ros2_samples/share/btcpp_ros2_samples/environment/ament_prefix_path.dsv
[0.328s] -- Up-to-date symlink: /home/nexium/ros_ws/install/btcpp_ros2_samples/share/btcpp_ros2_samples/environment/path.sh
[0.328s] -- Up-to-date symlink: /home/nexium/ros_ws/install/btcpp_ros2_samples/share/btcpp_ros2_samples/environment/path.dsv
[0.328s] -- Up-to-date symlink: /home/nexium/ros_ws/install/btcpp_ros2_samples/share/btcpp_ros2_samples/local_setup.bash
[0.329s] -- Up-to-date symlink: /home/nexium/ros_ws/install/btcpp_ros2_samples/share/btcpp_ros2_samples/local_setup.sh
[0.329s] -- Up-to-date symlink: /home/nexium/ros_ws/install/btcpp_ros2_samples/share/btcpp_ros2_samples/local_setup.zsh
[0.329s] -- Up-to-date symlink: /home/nexium/ros_ws/install/btcpp_ros2_samples/share/btcpp_ros2_samples/local_setup.dsv
[0.329s] -- Symlinking: /home/nexium/ros_ws/install/btcpp_ros2_samples/share/btcpp_ros2_samples/package.dsv
[0.333s] -- Up-to-date symlink: /home/nexium/ros_ws/install/btcpp_ros2_samples/share/ament_index/resource_index/packages/btcpp_ros2_samples
[0.334s] -- Up-to-date symlink: /home/nexium/ros_ws/install/btcpp_ros2_samples/share/btcpp_ros2_samples/cmake/ament_cmake_export_dependencies-extras.cmake
[0.334s] -- Up-to-date symlink: /home/nexium/ros_ws/install/btcpp_ros2_samples/share/btcpp_ros2_samples/cmake/btcpp_ros2_samplesConfig.cmake
[0.335s] -- Up-to-date symlink: /home/nexium/ros_ws/install/btcpp_ros2_samples/share/btcpp_ros2_samples/cmake/btcpp_ros2_samplesConfig-version.cmake
[0.335s] -- Up-to-date symlink: /home/nexium/ros_ws/install/btcpp_ros2_samples/share/btcpp_ros2_samples/package.xml
[0.335s] Invoked command in '/home/nexium/ros_ws/build/btcpp_ros2_samples' returned '0': AMENT_PREFIX_PATH=/home/nexium/ros_ws/install/behaviortree_ros2:/home/nexium/ros_ws/install/btcpp_ros2_interfaces:${AMENT_PREFIX_PATH} CMAKE_PREFIX_PATH=/home/nexium/ros_ws/install/behaviortree_ros2:/home/nexium/ros_ws/install/btcpp_ros2_interfaces:/opt/ros/humble LD_LIBRARY_PATH=/home/nexium/ros_ws/install/behaviortree_ros2/lib:/home/nexium/ros_ws/install/btcpp_ros2_interfaces/lib:${LD_LIBRARY_PATH} PYTHONPATH=/home/nexium/ros_ws/install/btcpp_ros2_interfaces/local/lib/python3.10/dist-packages:${PYTHONPATH} /usr/bin/cmake --install /home/nexium/ros_ws/build/btcpp_ros2_samples
