-- The C compiler identification is GNU 11.4.0
-- The CXX compiler identification is GNU 11.4.0
-- Detecting C compiler ABI info
-- Detecting C compiler ABI info - done
-- Check for working C compiler: /usr/bin/cc - skipped
-- Detecting C compile features
-- Detecting C compile features - done
-- Detecting CXX compiler ABI info
-- Detecting CXX compiler ABI info - done
-- Check for working CXX compiler: /usr/bin/c++ - skipped
-- Detecting CXX compile features
-- Detecting CXX compile features - done
-- Found ament_cmake: 1.3.12 (/opt/ros/humble/share/ament_cmake/cmake)
-- Found Python3: /usr/bin/python3 (found version "3.10.12") found components: Interpreter 
-- Override CMake install command with custom implementation using symlinks instead of copying resources
-- Found ament_index_cpp: 1.4.0 (/opt/ros/humble/share/ament_index_cpp/cmake)
-- Found rclcpp: 16.0.17 (/opt/ros/humble/share/rclcpp/cmake)
-- Found rosidl_generator_c: 3.1.8 (/opt/ros/humble/share/rosidl_generator_c/cmake)
-- Found rosidl_adapter: 3.1.8 (/opt/ros/humble/share/rosidl_adapter/cmake)
-- Found rosidl_generator_cpp: 3.1.8 (/opt/ros/humble/share/rosidl_generator_cpp/cmake)
-- Using all available rosidl_typesupport_c: rosidl_typesupport_fastrtps_c;rosidl_typesupport_introspection_c
-- Using all available rosidl_typesupport_cpp: rosidl_typesupport_fastrtps_cpp;rosidl_typesupport_introspection_cpp
-- Found rmw_implementation_cmake: 6.1.2 (/opt/ros/humble/share/rmw_implementation_cmake/cmake)
-- Found rmw_fastrtps_cpp: 6.2.9 (/opt/ros/humble/share/rmw_fastrtps_cpp/cmake)
-- Found OpenSSL: /usr/lib/x86_64-linux-gnu/libcrypto.so (found version "3.0.2")  
-- Found FastRTPS: /opt/ros/humble/include  
-- Using RMW implementation 'rmw_fastrtps_cpp' as default
-- Looking for pthread.h
-- Looking for pthread.h - found
-- Performing Test CMAKE_HAVE_LIBC_PTHREAD
-- Performing Test CMAKE_HAVE_LIBC_PTHREAD - Success
-- Found Threads: TRUE  
-- Found rclcpp_components: 16.0.17 (/opt/ros/humble/share/rclcpp_components/cmake)
-- Found geometry_msgs: 4.9.0 (/opt/ros/humble/share/geometry_msgs/cmake)
-- Found sensor_msgs: 4.9.0 (/opt/ros/humble/share/sensor_msgs/cmake)
-- Found nav_msgs: 4.9.0 (/opt/ros/humble/share/nav_msgs/cmake)
-- Found example_interfaces: 0.9.3 (/opt/ros/humble/share/example_interfaces/cmake)
-- Found rmoss_interfaces: 0.9.0 (/home/nexium/ros_ws/install/rmoss_interfaces/share/rmoss_interfaces/cmake)
-- Found tf2_ros: 0.25.18 (/opt/ros/humble/share/tf2_ros/cmake)
-- Found ros_gz_bridge: 0.244.20 (/opt/ros/humble/share/ros_gz_bridge/cmake)
-- Found Protobuf: /usr/lib/x86_64-linux-gnu/libprotobuf.so (found suitable version "3.12.4", minimum required is "3") 
-- Found Protobuf: /usr/lib/x86_64-linux-gnu/libprotobuf.so (found version "3.12.4") 
-- Looking for ignition-transport11 -- found version 11.4.1
-- Looking for ignition-msgs8 -- found version 8.7.0
-- Compiling against Ignition Fortress
-- Found ament_lint_auto: 0.12.14 (/opt/ros/humble/share/ament_lint_auto/cmake)
-- Added test 'copyright' to check source files copyright and LICENSE
-- Added test 'cppcheck' to perform static code analysis on C / C++ code
-- Configured cppcheck include dirs: /home/nexium/ros_ws/src/rmoss_gazebo/rmoss_gz_base/include
-- Configured cppcheck exclude dirs and/or files: 
-- Added test 'cpplint' to check C / C++ code against the Google style
-- Configured cpplint exclude dirs and/or files: 
-- Added test 'flake8' to check Python code syntax and style conventions
-- Added test 'lint_cmake' to check CMake code style
-- Added test 'pep257' to check Python code against some of the docstring style conventions in PEP 257
-- Added test 'uncrustify' to check C / C++ code style
-- Configured uncrustify additional arguments: 
-- Added test 'xmllint' to check XML markup files
-- Configuring done
-- Generating done
-- Build files have been written to: /home/nexium/ros_ws/build/rmoss_gz_base
[  6%] [32mBuilding CXX object CMakeFiles/rmoss_gz_base.dir/src/gz_module/gz_chassis_actuator.cpp.o[0m
[ 12%] [32mBuilding CXX object CMakeFiles/rmoss_gz_base.dir/src/odometry_publisher.cpp.o[0m
[ 18%] [32mBuilding CXX object CMakeFiles/rmoss_gz_base.dir/src/rmua19_robot_base_node.cpp.o[0m
[ 25%] [32mBuilding CXX object CMakeFiles/rmoss_gz_base.dir/src/shooter_controller.cpp.o[0m
[ 37%] [32mBuilding CXX object CMakeFiles/rmoss_gz_base.dir/src/gimbal_controller.cpp.o[0m
[ 37%] [32mBuilding CXX object CMakeFiles/rmoss_gz_base.dir/src/pid.cpp.o[0m
[ 43%] [32mBuilding CXX object CMakeFiles/rmoss_gz_base.dir/src/chassis_controller.cpp.o[0m
[ 56%] [32mBuilding CXX object CMakeFiles/rmoss_gz_base.dir/src/gz_module/gz_light_bar_cmd.cpp.o[0m
[ 56%] [32mBuilding CXX object CMakeFiles/rmoss_gz_base.dir/src/gz_module/gz_odometry.cpp.o[0m
[ 62%] [32mBuilding CXX object CMakeFiles/rmoss_gz_base.dir/src/gz_module/gz_gimbal_encoder.cpp.o[0m
[ 68%] [32mBuilding CXX object CMakeFiles/rmoss_gz_base.dir/src/gz_module/gz_gimbal_imu.cpp.o[0m
[ 75%] [32mBuilding CXX object CMakeFiles/rmoss_gz_base.dir/src/gz_module/gz_shoot_actuator.cpp.o[0m
[ 81%] [32mBuilding CXX object CMakeFiles/rmoss_gz_base.dir/src/gz_module/gz_gimbal_actuator.cpp.o[0m
[ 87%] [32m[1mLinking CXX shared library librmoss_gz_base.so[0m
[ 87%] Built target rmoss_gz_base
[ 93%] [32mBuilding CXX object CMakeFiles/rmua19_robot_base.dir/src/rmua19_robot_base_main.cpp.o[0m
[100%] [32m[1mLinking CXX executable rmua19_robot_base[0m
[100%] Built target rmua19_robot_base
-- Install configuration: "release"
-- Execute custom install script
-- Symlinking: /home/nexium/ros_ws/install/rmoss_gz_base/include/rmoss_gz_base/chassis_controller.hpp
-- Symlinking: /home/nexium/ros_ws/install/rmoss_gz_base/include/rmoss_gz_base/gimbal_controller.hpp
-- Symlinking: /home/nexium/ros_ws/install/rmoss_gz_base/include/rmoss_gz_base/gz_chassis_actuator.hpp
-- Symlinking: /home/nexium/ros_ws/install/rmoss_gz_base/include/rmoss_gz_base/gz_gimbal_actuator.hpp
-- Symlinking: /home/nexium/ros_ws/install/rmoss_gz_base/include/rmoss_gz_base/gz_gimbal_encoder.hpp
-- Symlinking: /home/nexium/ros_ws/install/rmoss_gz_base/include/rmoss_gz_base/gz_gimbal_imu.hpp
-- Symlinking: /home/nexium/ros_ws/install/rmoss_gz_base/include/rmoss_gz_base/gz_light_bar_cmd.hpp
-- Symlinking: /home/nexium/ros_ws/install/rmoss_gz_base/include/rmoss_gz_base/gz_odometry.hpp
-- Symlinking: /home/nexium/ros_ws/install/rmoss_gz_base/include/rmoss_gz_base/gz_shoot_actuator.hpp
-- Symlinking: /home/nexium/ros_ws/install/rmoss_gz_base/include/rmoss_gz_base/hardware_interface.hpp
-- Symlinking: /home/nexium/ros_ws/install/rmoss_gz_base/include/rmoss_gz_base/odometry_publisher.hpp
-- Symlinking: /home/nexium/ros_ws/install/rmoss_gz_base/include/rmoss_gz_base/pid.hpp
-- Symlinking: /home/nexium/ros_ws/install/rmoss_gz_base/include/rmoss_gz_base/rmua19_robot_base_node.hpp
-- Symlinking: /home/nexium/ros_ws/install/rmoss_gz_base/include/rmoss_gz_base/shooter_controller.hpp
-- Symlinking: /home/nexium/ros_ws/install/rmoss_gz_base/lib/rmoss_gz_base/rmua19_robot_base
-- Symlinking: /home/nexium/ros_ws/install/rmoss_gz_base/lib/rmoss_gz_base/test_chassis_cmd.py
-- Symlinking: /home/nexium/ros_ws/install/rmoss_gz_base/lib/rmoss_gz_base/test_gimbal_cmd.py
-- Symlinking: /home/nexium/ros_ws/install/rmoss_gz_base/lib/rmoss_gz_base/test_gimbal_cmd2.py
-- Symlinking: /home/nexium/ros_ws/install/rmoss_gz_base/lib/rmoss_gz_base/test_shoot_cmd.py
-- Symlinking: /home/nexium/ros_ws/install/rmoss_gz_base/share/rmoss_gz_base/environment/library_path.sh
-- Symlinking: /home/nexium/ros_ws/install/rmoss_gz_base/share/rmoss_gz_base/environment/library_path.dsv
-- Symlinking: /home/nexium/ros_ws/install/rmoss_gz_base/share/ament_index/resource_index/package_run_dependencies/rmoss_gz_base
-- Symlinking: /home/nexium/ros_ws/install/rmoss_gz_base/share/ament_index/resource_index/parent_prefix_path/rmoss_gz_base
-- Symlinking: /home/nexium/ros_ws/install/rmoss_gz_base/share/rmoss_gz_base/environment/ament_prefix_path.sh
-- Symlinking: /home/nexium/ros_ws/install/rmoss_gz_base/share/rmoss_gz_base/environment/ament_prefix_path.dsv
-- Symlinking: /home/nexium/ros_ws/install/rmoss_gz_base/share/rmoss_gz_base/environment/path.sh
-- Symlinking: /home/nexium/ros_ws/install/rmoss_gz_base/share/rmoss_gz_base/environment/path.dsv
-- Symlinking: /home/nexium/ros_ws/install/rmoss_gz_base/share/rmoss_gz_base/local_setup.bash
-- Symlinking: /home/nexium/ros_ws/install/rmoss_gz_base/share/rmoss_gz_base/local_setup.sh
-- Symlinking: /home/nexium/ros_ws/install/rmoss_gz_base/share/rmoss_gz_base/local_setup.zsh
-- Symlinking: /home/nexium/ros_ws/install/rmoss_gz_base/share/rmoss_gz_base/local_setup.dsv
-- Symlinking: /home/nexium/ros_ws/install/rmoss_gz_base/share/rmoss_gz_base/package.dsv
-- Symlinking: /home/nexium/ros_ws/install/rmoss_gz_base/share/ament_index/resource_index/packages/rmoss_gz_base
-- Symlinking: /home/nexium/ros_ws/install/rmoss_gz_base/share/ament_index/resource_index/rclcpp_components/rmoss_gz_base
-- Symlinking: /home/nexium/ros_ws/install/rmoss_gz_base/share/rmoss_gz_base/cmake/ament_cmake_export_targets-extras.cmake
-- Symlinking: /home/nexium/ros_ws/install/rmoss_gz_base/share/rmoss_gz_base/cmake/ament_cmake_export_dependencies-extras.cmake
-- Symlinking: /home/nexium/ros_ws/install/rmoss_gz_base/share/rmoss_gz_base/cmake/rmoss_gz_baseConfig.cmake
-- Symlinking: /home/nexium/ros_ws/install/rmoss_gz_base/share/rmoss_gz_base/cmake/rmoss_gz_baseConfig-version.cmake
-- Symlinking: /home/nexium/ros_ws/install/rmoss_gz_base/share/rmoss_gz_base/package.xml
-- Installing: /home/nexium/ros_ws/install/rmoss_gz_base/lib/librmoss_gz_base.so
-- Set runtime path of "/home/nexium/ros_ws/install/rmoss_gz_base/lib/librmoss_gz_base.so" to ""
-- Installing: /home/nexium/ros_ws/install/rmoss_gz_base/share/rmoss_gz_base/cmake/rmoss_gz_baseExport.cmake
-- Installing: /home/nexium/ros_ws/install/rmoss_gz_base/share/rmoss_gz_base/cmake/rmoss_gz_baseExport-release.cmake
