[0.016s] Invoking command in '/home/nexium/ros_ws/build/rmoss_gz_base': AMENT_PREFIX_PATH=/home/nexium/ros_ws/install/rmoss_interfaces:/home/nexium/ros_ws/install/rmoss_gz_resources:/home/nexium/ros_ws/install/rmoss_gz_plugins:${AMENT_PREFIX_PATH} CMAKE_PREFIX_PATH=/home/nexium/ros_ws/install/rmoss_interfaces:/home/nexium/ros_ws/install/rmoss_gz_resources:/home/nexium/ros_ws/install/rmoss_gz_plugins:/opt/ros/humble LD_LIBRARY_PATH=/home/nexium/ros_ws/install/rmoss_interfaces/lib:${LD_LIBRARY_PATH} PYTHONPATH=/home/nexium/ros_ws/install/rmoss_interfaces/local/lib/python3.10/dist-packages:${PYTHONPATH} /usr/bin/cmake /home/nexium/ros_ws/src/rmoss_gazebo/rmoss_gz_base -DCMAKE_BUILD_TYPE=release -DAMENT_CMAKE_SYMLINK_INSTALL=1 -DCMAKE_INSTALL_PREFIX=/home/nexium/ros_ws/install/rmoss_gz_base
[9.446s] -- The C compiler identification is GNU 11.4.0
[9.446s] -- The CXX compiler identification is GNU 11.4.0
[9.446s] -- Detecting C compiler ABI info
[9.446s] -- Detecting C compiler ABI info - done
[9.446s] -- Check for working C compiler: /usr/bin/cc - skipped
[9.446s] -- Detecting C compile features
[9.446s] -- Detecting C compile features - done
[9.446s] -- Detecting CXX compiler ABI info
[9.447s] -- Detecting CXX compiler ABI info - done
[9.447s] -- Check for working CXX compiler: /usr/bin/c++ - skipped
[9.447s] -- Detecting CXX compile features
[9.447s] -- Detecting CXX compile features - done
[9.447s] -- Found ament_cmake: 1.3.12 (/opt/ros/humble/share/ament_cmake/cmake)
[9.447s] -- Found Python3: /usr/bin/python3 (found version "3.10.12") found components: Interpreter 
[9.447s] -- Override CMake install command with custom implementation using symlinks instead of copying resources
[9.447s] -- Found ament_index_cpp: 1.4.0 (/opt/ros/humble/share/ament_index_cpp/cmake)
[9.447s] -- Found rclcpp: 16.0.17 (/opt/ros/humble/share/rclcpp/cmake)
[9.447s] -- Found rosidl_generator_c: 3.1.8 (/opt/ros/humble/share/rosidl_generator_c/cmake)
[9.447s] -- Found rosidl_adapter: 3.1.8 (/opt/ros/humble/share/rosidl_adapter/cmake)
[9.447s] -- Found rosidl_generator_cpp: 3.1.8 (/opt/ros/humble/share/rosidl_generator_cpp/cmake)
[9.447s] -- Using all available rosidl_typesupport_c: rosidl_typesupport_fastrtps_c;rosidl_typesupport_introspection_c
[9.447s] -- Using all available rosidl_typesupport_cpp: rosidl_typesupport_fastrtps_cpp;rosidl_typesupport_introspection_cpp
[9.447s] -- Found rmw_implementation_cmake: 6.1.2 (/opt/ros/humble/share/rmw_implementation_cmake/cmake)
[9.447s] -- Found rmw_fastrtps_cpp: 6.2.9 (/opt/ros/humble/share/rmw_fastrtps_cpp/cmake)
[9.448s] -- Found OpenSSL: /usr/lib/x86_64-linux-gnu/libcrypto.so (found version "3.0.2")  
[9.448s] -- Found FastRTPS: /opt/ros/humble/include  
[9.448s] -- Using RMW implementation 'rmw_fastrtps_cpp' as default
[9.448s] -- Looking for pthread.h
[9.448s] -- Looking for pthread.h - found
[9.448s] -- Performing Test CMAKE_HAVE_LIBC_PTHREAD
[9.448s] -- Performing Test CMAKE_HAVE_LIBC_PTHREAD - Success
[9.448s] -- Found Threads: TRUE  
[9.448s] -- Found rclcpp_components: 16.0.17 (/opt/ros/humble/share/rclcpp_components/cmake)
[9.448s] -- Found geometry_msgs: 4.9.0 (/opt/ros/humble/share/geometry_msgs/cmake)
[9.448s] -- Found sensor_msgs: 4.9.0 (/opt/ros/humble/share/sensor_msgs/cmake)
[9.448s] -- Found nav_msgs: 4.9.0 (/opt/ros/humble/share/nav_msgs/cmake)
[9.448s] -- Found example_interfaces: 0.9.3 (/opt/ros/humble/share/example_interfaces/cmake)
[9.448s] -- Found rmoss_interfaces: 0.9.0 (/home/nexium/ros_ws/install/rmoss_interfaces/share/rmoss_interfaces/cmake)
[9.448s] -- Found tf2_ros: 0.25.18 (/opt/ros/humble/share/tf2_ros/cmake)
[9.448s] -- Found ros_gz_bridge: 0.244.20 (/opt/ros/humble/share/ros_gz_bridge/cmake)
[9.448s] -- Found Protobuf: /usr/lib/x86_64-linux-gnu/libprotobuf.so (found suitable version "3.12.4", minimum required is "3") 
[9.448s] -- Found Protobuf: /usr/lib/x86_64-linux-gnu/libprotobuf.so (found version "3.12.4") 
[9.448s] -- Looking for ignition-transport11 -- found version 11.4.1
[9.449s] -- Looking for ignition-msgs8 -- found version 8.7.0
[9.449s] -- Compiling against Ignition Fortress
[9.449s] -- Found ament_lint_auto: 0.12.14 (/opt/ros/humble/share/ament_lint_auto/cmake)
[9.449s] -- Added test 'copyright' to check source files copyright and LICENSE
[9.449s] -- Added test 'cppcheck' to perform static code analysis on C / C++ code
[9.449s] -- Configured cppcheck include dirs: /home/nexium/ros_ws/src/rmoss_gazebo/rmoss_gz_base/include
[9.449s] -- Configured cppcheck exclude dirs and/or files: 
[9.449s] -- Added test 'cpplint' to check C / C++ code against the Google style
[9.449s] -- Configured cpplint exclude dirs and/or files: 
[9.449s] -- Added test 'flake8' to check Python code syntax and style conventions
[9.449s] -- Added test 'lint_cmake' to check CMake code style
[9.449s] -- Added test 'pep257' to check Python code against some of the docstring style conventions in PEP 257
[9.449s] -- Added test 'uncrustify' to check C / C++ code style
[9.449s] -- Configured uncrustify additional arguments: 
[9.449s] -- Added test 'xmllint' to check XML markup files
[9.449s] -- Configuring done
[9.456s] -- Generating done
[9.456s] -- Build files have been written to: /home/nexium/ros_ws/build/rmoss_gz_base
[9.466s] Invoked command in '/home/nexium/ros_ws/build/rmoss_gz_base' returned '0': AMENT_PREFIX_PATH=/home/nexium/ros_ws/install/rmoss_interfaces:/home/nexium/ros_ws/install/rmoss_gz_resources:/home/nexium/ros_ws/install/rmoss_gz_plugins:${AMENT_PREFIX_PATH} CMAKE_PREFIX_PATH=/home/nexium/ros_ws/install/rmoss_interfaces:/home/nexium/ros_ws/install/rmoss_gz_resources:/home/nexium/ros_ws/install/rmoss_gz_plugins:/opt/ros/humble LD_LIBRARY_PATH=/home/nexium/ros_ws/install/rmoss_interfaces/lib:${LD_LIBRARY_PATH} PYTHONPATH=/home/nexium/ros_ws/install/rmoss_interfaces/local/lib/python3.10/dist-packages:${PYTHONPATH} /usr/bin/cmake /home/nexium/ros_ws/src/rmoss_gazebo/rmoss_gz_base -DCMAKE_BUILD_TYPE=release -DAMENT_CMAKE_SYMLINK_INSTALL=1 -DCMAKE_INSTALL_PREFIX=/home/nexium/ros_ws/install/rmoss_gz_base
[9.468s] Invoking command in '/home/nexium/ros_ws/build/rmoss_gz_base': AMENT_PREFIX_PATH=/home/nexium/ros_ws/install/rmoss_interfaces:/home/nexium/ros_ws/install/rmoss_gz_resources:/home/nexium/ros_ws/install/rmoss_gz_plugins:${AMENT_PREFIX_PATH} CMAKE_PREFIX_PATH=/home/nexium/ros_ws/install/rmoss_interfaces:/home/nexium/ros_ws/install/rmoss_gz_resources:/home/nexium/ros_ws/install/rmoss_gz_plugins:/opt/ros/humble LD_LIBRARY_PATH=/home/nexium/ros_ws/install/rmoss_interfaces/lib:${LD_LIBRARY_PATH} PYTHONPATH=/home/nexium/ros_ws/install/rmoss_interfaces/local/lib/python3.10/dist-packages:${PYTHONPATH} /usr/bin/cmake --build /home/nexium/ros_ws/build/rmoss_gz_base -- -j12 -l12
[10.921s] [  6%] [32mBuilding CXX object CMakeFiles/rmoss_gz_base.dir/src/gz_module/gz_chassis_actuator.cpp.o[0m
[19.138s] [ 12%] [32mBuilding CXX object CMakeFiles/rmoss_gz_base.dir/src/odometry_publisher.cpp.o[0m
[26.240s] [ 18%] [32mBuilding CXX object CMakeFiles/rmoss_gz_base.dir/src/rmua19_robot_base_node.cpp.o[0m
[64.738s] [ 25%] [32mBuilding CXX object CMakeFiles/rmoss_gz_base.dir/src/shooter_controller.cpp.o[0m
[91.117s] [ 37%] [32mBuilding CXX object CMakeFiles/rmoss_gz_base.dir/src/gimbal_controller.cpp.o[0m
[91.117s] [ 37%] [32mBuilding CXX object CMakeFiles/rmoss_gz_base.dir/src/pid.cpp.o[0m
[91.117s] [ 43%] [32mBuilding CXX object CMakeFiles/rmoss_gz_base.dir/src/chassis_controller.cpp.o[0m
[101.495s] [ 56%] [32mBuilding CXX object CMakeFiles/rmoss_gz_base.dir/src/gz_module/gz_light_bar_cmd.cpp.o[0m
[101.495s] [ 56%] [32mBuilding CXX object CMakeFiles/rmoss_gz_base.dir/src/gz_module/gz_odometry.cpp.o[0m
[110.979s] [ 62%] [32mBuilding CXX object CMakeFiles/rmoss_gz_base.dir/src/gz_module/gz_gimbal_encoder.cpp.o[0m
[110.979s] [ 68%] [32mBuilding CXX object CMakeFiles/rmoss_gz_base.dir/src/gz_module/gz_gimbal_imu.cpp.o[0m
[110.980s] [ 75%] [32mBuilding CXX object CMakeFiles/rmoss_gz_base.dir/src/gz_module/gz_shoot_actuator.cpp.o[0m
[112.413s] [ 81%] [32mBuilding CXX object CMakeFiles/rmoss_gz_base.dir/src/gz_module/gz_gimbal_actuator.cpp.o[0m
[125.042s] [ 87%] [32m[1mLinking CXX shared library librmoss_gz_base.so[0m
[125.548s] [ 87%] Built target rmoss_gz_base
[125.574s] [ 93%] [32mBuilding CXX object CMakeFiles/rmua19_robot_base.dir/src/rmua19_robot_base_main.cpp.o[0m
[133.858s] [100%] [32m[1mLinking CXX executable rmua19_robot_base[0m
[134.027s] [100%] Built target rmua19_robot_base
[134.037s] Invoked command in '/home/nexium/ros_ws/build/rmoss_gz_base' returned '0': AMENT_PREFIX_PATH=/home/nexium/ros_ws/install/rmoss_interfaces:/home/nexium/ros_ws/install/rmoss_gz_resources:/home/nexium/ros_ws/install/rmoss_gz_plugins:${AMENT_PREFIX_PATH} CMAKE_PREFIX_PATH=/home/nexium/ros_ws/install/rmoss_interfaces:/home/nexium/ros_ws/install/rmoss_gz_resources:/home/nexium/ros_ws/install/rmoss_gz_plugins:/opt/ros/humble LD_LIBRARY_PATH=/home/nexium/ros_ws/install/rmoss_interfaces/lib:${LD_LIBRARY_PATH} PYTHONPATH=/home/nexium/ros_ws/install/rmoss_interfaces/local/lib/python3.10/dist-packages:${PYTHONPATH} /usr/bin/cmake --build /home/nexium/ros_ws/build/rmoss_gz_base -- -j12 -l12
[134.038s] Invoking command in '/home/nexium/ros_ws/build/rmoss_gz_base': AMENT_PREFIX_PATH=/home/nexium/ros_ws/install/rmoss_interfaces:/home/nexium/ros_ws/install/rmoss_gz_resources:/home/nexium/ros_ws/install/rmoss_gz_plugins:${AMENT_PREFIX_PATH} CMAKE_PREFIX_PATH=/home/nexium/ros_ws/install/rmoss_interfaces:/home/nexium/ros_ws/install/rmoss_gz_resources:/home/nexium/ros_ws/install/rmoss_gz_plugins:/opt/ros/humble LD_LIBRARY_PATH=/home/nexium/ros_ws/install/rmoss_interfaces/lib:${LD_LIBRARY_PATH} PYTHONPATH=/home/nexium/ros_ws/install/rmoss_interfaces/local/lib/python3.10/dist-packages:${PYTHONPATH} /usr/bin/cmake --install /home/nexium/ros_ws/build/rmoss_gz_base
[134.046s] -- Install configuration: "release"
[134.046s] -- Execute custom install script
[134.047s] -- Symlinking: /home/nexium/ros_ws/install/rmoss_gz_base/include/rmoss_gz_base/chassis_controller.hpp
[134.054s] -- Symlinking: /home/nexium/ros_ws/install/rmoss_gz_base/include/rmoss_gz_base/gimbal_controller.hpp
[134.060s] -- Symlinking: /home/nexium/ros_ws/install/rmoss_gz_base/include/rmoss_gz_base/gz_chassis_actuator.hpp
[134.067s] -- Symlinking: /home/nexium/ros_ws/install/rmoss_gz_base/include/rmoss_gz_base/gz_gimbal_actuator.hpp
[134.073s] -- Symlinking: /home/nexium/ros_ws/install/rmoss_gz_base/include/rmoss_gz_base/gz_gimbal_encoder.hpp
[134.080s] -- Symlinking: /home/nexium/ros_ws/install/rmoss_gz_base/include/rmoss_gz_base/gz_gimbal_imu.hpp
[134.088s] -- Symlinking: /home/nexium/ros_ws/install/rmoss_gz_base/include/rmoss_gz_base/gz_light_bar_cmd.hpp
[134.094s] -- Symlinking: /home/nexium/ros_ws/install/rmoss_gz_base/include/rmoss_gz_base/gz_odometry.hpp
[134.101s] -- Symlinking: /home/nexium/ros_ws/install/rmoss_gz_base/include/rmoss_gz_base/gz_shoot_actuator.hpp
[134.108s] -- Symlinking: /home/nexium/ros_ws/install/rmoss_gz_base/include/rmoss_gz_base/hardware_interface.hpp
[134.115s] -- Symlinking: /home/nexium/ros_ws/install/rmoss_gz_base/include/rmoss_gz_base/odometry_publisher.hpp
[134.121s] -- Symlinking: /home/nexium/ros_ws/install/rmoss_gz_base/include/rmoss_gz_base/pid.hpp
[134.129s] -- Symlinking: /home/nexium/ros_ws/install/rmoss_gz_base/include/rmoss_gz_base/rmua19_robot_base_node.hpp
[134.135s] -- Symlinking: /home/nexium/ros_ws/install/rmoss_gz_base/include/rmoss_gz_base/shooter_controller.hpp
[134.143s] -- Symlinking: /home/nexium/ros_ws/install/rmoss_gz_base/lib/rmoss_gz_base/rmua19_robot_base
[134.151s] -- Symlinking: /home/nexium/ros_ws/install/rmoss_gz_base/lib/rmoss_gz_base/test_chassis_cmd.py
[134.159s] -- Symlinking: /home/nexium/ros_ws/install/rmoss_gz_base/lib/rmoss_gz_base/test_gimbal_cmd.py
[134.165s] -- Symlinking: /home/nexium/ros_ws/install/rmoss_gz_base/lib/rmoss_gz_base/test_gimbal_cmd2.py
[134.170s] -- Symlinking: /home/nexium/ros_ws/install/rmoss_gz_base/lib/rmoss_gz_base/test_shoot_cmd.py
[134.177s] -- Symlinking: /home/nexium/ros_ws/install/rmoss_gz_base/share/rmoss_gz_base/environment/library_path.sh
[134.185s] -- Symlinking: /home/nexium/ros_ws/install/rmoss_gz_base/share/rmoss_gz_base/environment/library_path.dsv
[134.192s] -- Symlinking: /home/nexium/ros_ws/install/rmoss_gz_base/share/ament_index/resource_index/package_run_dependencies/rmoss_gz_base
[134.199s] -- Symlinking: /home/nexium/ros_ws/install/rmoss_gz_base/share/ament_index/resource_index/parent_prefix_path/rmoss_gz_base
[134.205s] -- Symlinking: /home/nexium/ros_ws/install/rmoss_gz_base/share/rmoss_gz_base/environment/ament_prefix_path.sh
[134.213s] -- Symlinking: /home/nexium/ros_ws/install/rmoss_gz_base/share/rmoss_gz_base/environment/ament_prefix_path.dsv
[134.219s] -- Symlinking: /home/nexium/ros_ws/install/rmoss_gz_base/share/rmoss_gz_base/environment/path.sh
[134.225s] -- Symlinking: /home/nexium/ros_ws/install/rmoss_gz_base/share/rmoss_gz_base/environment/path.dsv
[134.230s] -- Symlinking: /home/nexium/ros_ws/install/rmoss_gz_base/share/rmoss_gz_base/local_setup.bash
[134.236s] -- Symlinking: /home/nexium/ros_ws/install/rmoss_gz_base/share/rmoss_gz_base/local_setup.sh
[134.242s] -- Symlinking: /home/nexium/ros_ws/install/rmoss_gz_base/share/rmoss_gz_base/local_setup.zsh
[134.248s] -- Symlinking: /home/nexium/ros_ws/install/rmoss_gz_base/share/rmoss_gz_base/local_setup.dsv
[134.255s] -- Symlinking: /home/nexium/ros_ws/install/rmoss_gz_base/share/rmoss_gz_base/package.dsv
[134.260s] -- Symlinking: /home/nexium/ros_ws/install/rmoss_gz_base/share/ament_index/resource_index/packages/rmoss_gz_base
[134.267s] -- Symlinking: /home/nexium/ros_ws/install/rmoss_gz_base/share/ament_index/resource_index/rclcpp_components/rmoss_gz_base
[134.273s] -- Symlinking: /home/nexium/ros_ws/install/rmoss_gz_base/share/rmoss_gz_base/cmake/ament_cmake_export_targets-extras.cmake
[134.279s] -- Symlinking: /home/nexium/ros_ws/install/rmoss_gz_base/share/rmoss_gz_base/cmake/ament_cmake_export_dependencies-extras.cmake
[134.285s] -- Symlinking: /home/nexium/ros_ws/install/rmoss_gz_base/share/rmoss_gz_base/cmake/rmoss_gz_baseConfig.cmake
[134.291s] -- Symlinking: /home/nexium/ros_ws/install/rmoss_gz_base/share/rmoss_gz_base/cmake/rmoss_gz_baseConfig-version.cmake
[134.297s] -- Symlinking: /home/nexium/ros_ws/install/rmoss_gz_base/share/rmoss_gz_base/package.xml
[134.303s] -- Installing: /home/nexium/ros_ws/install/rmoss_gz_base/lib/librmoss_gz_base.so
[134.306s] -- Set runtime path of "/home/nexium/ros_ws/install/rmoss_gz_base/lib/librmoss_gz_base.so" to ""
[134.306s] -- Installing: /home/nexium/ros_ws/install/rmoss_gz_base/share/rmoss_gz_base/cmake/rmoss_gz_baseExport.cmake
[134.307s] -- Installing: /home/nexium/ros_ws/install/rmoss_gz_base/share/rmoss_gz_base/cmake/rmoss_gz_baseExport-release.cmake
[134.308s] Invoked command in '/home/nexium/ros_ws/build/rmoss_gz_base' returned '0': AMENT_PREFIX_PATH=/home/nexium/ros_ws/install/rmoss_interfaces:/home/nexium/ros_ws/install/rmoss_gz_resources:/home/nexium/ros_ws/install/rmoss_gz_plugins:${AMENT_PREFIX_PATH} CMAKE_PREFIX_PATH=/home/nexium/ros_ws/install/rmoss_interfaces:/home/nexium/ros_ws/install/rmoss_gz_resources:/home/nexium/ros_ws/install/rmoss_gz_plugins:/opt/ros/humble LD_LIBRARY_PATH=/home/nexium/ros_ws/install/rmoss_interfaces/lib:${LD_LIBRARY_PATH} PYTHONPATH=/home/nexium/ros_ws/install/rmoss_interfaces/local/lib/python3.10/dist-packages:${PYTHONPATH} /usr/bin/cmake --install /home/nexium/ros_ws/build/rmoss_gz_base
