-- The C compiler identification is GNU 11.4.0
-- The CXX compiler identification is GNU 11.4.0
-- Detecting C compiler ABI info
-- Detecting C compiler ABI info - done
-- Check for working C compiler: /usr/bin/cc - skipped
-- Detecting C compile features
-- Detecting C compile features - done
-- Detecting CXX compiler ABI info
-- Detecting CXX compiler ABI info - done
-- Check for working CXX compiler: /usr/bin/c++ - skipped
-- Detecting CXX compile features
-- Detecting CXX compile features - done
-- Found ament_cmake_auto: 1.3.12 (/opt/ros/humble/share/ament_cmake_auto/cmake)
-- Found Python3: /usr/bin/python3 (found version "3.10.12") found components: Interpreter 
-- Override CMake install command with custom implementation using symlinks instead of copying resources
-- Found rosidl_generator_c: 3.1.8 (/opt/ros/humble/share/rosidl_generator_c/cmake)
-- Found rosidl_adapter: 3.1.8 (/opt/ros/humble/share/rosidl_adapter/cmake)
-- Found rosidl_generator_cpp: 3.1.8 (/opt/ros/humble/share/rosidl_generator_cpp/cmake)
-- Using all available rosidl_typesupport_c: rosidl_typesupport_fastrtps_c;rosidl_typesupport_introspection_c
-- Using all available rosidl_typesupport_cpp: rosidl_typesupport_fastrtps_cpp;rosidl_typesupport_introspection_cpp
-- Found rmw_implementation_cmake: 6.1.2 (/opt/ros/humble/share/rmw_implementation_cmake/cmake)
-- Found rmw_fastrtps_cpp: 6.2.9 (/opt/ros/humble/share/rmw_fastrtps_cpp/cmake)
-- Found OpenSSL: /usr/lib/x86_64-linux-gnu/libcrypto.so (found version "3.0.2")  
-- Found FastRTPS: /opt/ros/humble/include  
-- Using RMW implementation 'rmw_fastrtps_cpp' as default
-- Looking for pthread.h
-- Looking for pthread.h - found
-- Performing Test CMAKE_HAVE_LIBC_PTHREAD
-- Performing Test CMAKE_HAVE_LIBC_PTHREAD - Success
-- Found Threads: TRUE  
-- Found ASIO: /usr/include  
-- Found eigen3_cmake_module: 0.1.1 (/opt/ros/humble/share/eigen3_cmake_module/cmake)
-- Found Eigen3: TRUE (found version "3.4.0") 
-- Ensuring Eigen3 include directory is part of orocos-kdl CMake target
-- Found ament_lint_auto: 0.12.14 (/opt/ros/humble/share/ament_lint_auto/cmake)
-- Added test 'copyright' to check source files copyright and LICENSE
-- Added test 'cppcheck' to perform static code analysis on C / C++ code
-- Configured cppcheck include dirs: /home/nexium/ros_ws/src/standard_robot_pp_ros2/include
-- Configured cppcheck exclude dirs and/or files: 
-- Added test 'cpplint' to check C / C++ code against the Google style
-- Configured cpplint exclude dirs and/or files: 
-- Added test 'lint_cmake' to check CMake code style
-- Added test 'pep257' to check Python code against some of the docstring style conventions in PEP 257
-- Added test 'xmllint' to check XML markup files
-- Added test 'clang_format' to check C / C++ code style
-- Added test 'black' to check Python code style
-- Configuring done
-- Generating done
-- Build files have been written to: /home/nexium/ros_ws/build/standard_robot_pp_ros2
[0mIn this package, headers install destination is set to `include` by ament_auto_package. It is recommended to install `include/standard_robot_pp_ros2` instead and will be the default behavior of ament_auto_package from ROS 2 Kilted Kaiju. On distributions before Kilted, ament_auto_package behaves the same way when you use USE_SCOPED_HEADER_INSTALL_DIR option.[0m
[ 12%] [32mBuilding CXX object CMakeFiles/standard_robot_pp_ros2.dir/src/crc8_crc16.cpp.o[0m
[ 25%] [32mBuilding CXX object CMakeFiles/standard_robot_pp_ros2.dir/src/standard_robot_pp_ros2.cpp.o[0m
[ 37%] [32mBuilding CXX object CMakeFiles/standard_robot_pp_ros2.dir/src/gimbal_manager.cpp.o[0m
[ 50%] [32m[1mLinking CXX shared library libstandard_robot_pp_ros2.so[0m
[ 50%] Built target standard_robot_pp_ros2
[ 62%] [32mBuilding CXX object CMakeFiles/standard_robot_pp_ros2_node.dir/rclcpp_components/node_main_standard_robot_pp_ros2_node.cpp.o[0m
[ 75%] [32mBuilding CXX object CMakeFiles/gimbal_manager_node.dir/rclcpp_components/node_main_gimbal_manager_node.cpp.o[0m
[ 87%] [32m[1mLinking CXX executable standard_robot_pp_ros2_node[0m
[100%] [32m[1mLinking CXX executable gimbal_manager_node[0m
[100%] Built target standard_robot_pp_ros2_node
[100%] Built target gimbal_manager_node
-- Install configuration: "release"
-- Execute custom install script
-- Symlinking: /home/nexium/ros_ws/install/standard_robot_pp_ros2/lib/standard_robot_pp_ros2/standard_robot_pp_ros2_node
-- Symlinking: /home/nexium/ros_ws/install/standard_robot_pp_ros2/lib/standard_robot_pp_ros2/gimbal_manager_node
-- Symlinking: /home/nexium/ros_ws/install/standard_robot_pp_ros2/include/standard_robot_pp_ros2/crc8_crc16.hpp
-- Symlinking: /home/nexium/ros_ws/install/standard_robot_pp_ros2/include/standard_robot_pp_ros2/gimbal_manager.hpp
-- Symlinking: /home/nexium/ros_ws/install/standard_robot_pp_ros2/include/standard_robot_pp_ros2/packet_typedef.hpp
-- Symlinking: /home/nexium/ros_ws/install/standard_robot_pp_ros2/include/standard_robot_pp_ros2/robot_info.hpp
-- Symlinking: /home/nexium/ros_ws/install/standard_robot_pp_ros2/include/standard_robot_pp_ros2/standard_robot_pp_ros2.hpp
-- Symlinking: /home/nexium/ros_ws/install/standard_robot_pp_ros2/share/standard_robot_pp_ros2/environment/library_path.sh
-- Symlinking: /home/nexium/ros_ws/install/standard_robot_pp_ros2/share/standard_robot_pp_ros2/environment/library_path.dsv
-- Symlinking: /home/nexium/ros_ws/install/standard_robot_pp_ros2/lib/libstandard_robot_pp_ros2.so
-- Symlinking: /home/nexium/ros_ws/install/standard_robot_pp_ros2/share/standard_robot_pp_ros2/config/standard_robot_pp_ros2.yaml
-- Symlinking: /home/nexium/ros_ws/install/standard_robot_pp_ros2/share/standard_robot_pp_ros2/launch/standard_robot_pp_ros2.launch.py
-- Symlinking: /home/nexium/ros_ws/install/standard_robot_pp_ros2/share/ament_index/resource_index/package_run_dependencies/standard_robot_pp_ros2
-- Symlinking: /home/nexium/ros_ws/install/standard_robot_pp_ros2/share/ament_index/resource_index/parent_prefix_path/standard_robot_pp_ros2
-- Symlinking: /home/nexium/ros_ws/install/standard_robot_pp_ros2/share/standard_robot_pp_ros2/environment/ament_prefix_path.sh
-- Symlinking: /home/nexium/ros_ws/install/standard_robot_pp_ros2/share/standard_robot_pp_ros2/environment/ament_prefix_path.dsv
-- Symlinking: /home/nexium/ros_ws/install/standard_robot_pp_ros2/share/standard_robot_pp_ros2/environment/path.sh
-- Symlinking: /home/nexium/ros_ws/install/standard_robot_pp_ros2/share/standard_robot_pp_ros2/environment/path.dsv
-- Symlinking: /home/nexium/ros_ws/install/standard_robot_pp_ros2/share/standard_robot_pp_ros2/local_setup.bash
-- Symlinking: /home/nexium/ros_ws/install/standard_robot_pp_ros2/share/standard_robot_pp_ros2/local_setup.sh
-- Symlinking: /home/nexium/ros_ws/install/standard_robot_pp_ros2/share/standard_robot_pp_ros2/local_setup.zsh
-- Symlinking: /home/nexium/ros_ws/install/standard_robot_pp_ros2/share/standard_robot_pp_ros2/local_setup.dsv
-- Symlinking: /home/nexium/ros_ws/install/standard_robot_pp_ros2/share/standard_robot_pp_ros2/package.dsv
-- Symlinking: /home/nexium/ros_ws/install/standard_robot_pp_ros2/share/ament_index/resource_index/packages/standard_robot_pp_ros2
-- Symlinking: /home/nexium/ros_ws/install/standard_robot_pp_ros2/share/ament_index/resource_index/rclcpp_components/standard_robot_pp_ros2
-- Symlinking: /home/nexium/ros_ws/install/standard_robot_pp_ros2/share/standard_robot_pp_ros2/cmake/ament_cmake_export_dependencies-extras.cmake
-- Symlinking: /home/nexium/ros_ws/install/standard_robot_pp_ros2/share/standard_robot_pp_ros2/cmake/ament_cmake_export_include_directories-extras.cmake
-- Symlinking: /home/nexium/ros_ws/install/standard_robot_pp_ros2/share/standard_robot_pp_ros2/cmake/ament_cmake_export_libraries-extras.cmake
-- Symlinking: /home/nexium/ros_ws/install/standard_robot_pp_ros2/share/standard_robot_pp_ros2/cmake/standard_robot_pp_ros2Config.cmake
-- Symlinking: /home/nexium/ros_ws/install/standard_robot_pp_ros2/share/standard_robot_pp_ros2/cmake/standard_robot_pp_ros2Config-version.cmake
-- Symlinking: /home/nexium/ros_ws/install/standard_robot_pp_ros2/share/standard_robot_pp_ros2/package.xml
