-- The C compiler identification is GNU 11.4.0
-- The CXX compiler identification is GNU 11.4.0
-- Detecting C compiler ABI info
-- Detecting C compiler ABI info - done
-- Check for working C compiler: /usr/bin/cc - skipped
-- Detecting C compile features
-- Detecting C compile features - done
-- Detecting CXX compiler ABI info
-- Detecting CXX compiler ABI info - done
-- Check for working CXX compiler: /usr/bin/c++ - skipped
-- Detecting CXX compile features
-- Detecting CXX compile features - done
-- Found ament_cmake_auto: 1.3.12 (/opt/ros/humble/share/ament_cmake_auto/cmake)
-- Found Python3: /usr/bin/python3 (found version "3.10.12") found components: Interpreter 
-- Override CMake install command with custom implementation using symlinks instead of copying resources
-- Found rosidl_generator_c: 3.1.8 (/opt/ros/humble/share/rosidl_generator_c/cmake)
-- Found rosidl_adapter: 3.1.8 (/opt/ros/humble/share/rosidl_adapter/cmake)
-- Found rosidl_generator_cpp: 3.1.8 (/opt/ros/humble/share/rosidl_generator_cpp/cmake)
-- Using all available rosidl_typesupport_c: rosidl_typesupport_fastrtps_c;rosidl_typesupport_introspection_c
-- Using all available rosidl_typesupport_cpp: rosidl_typesupport_fastrtps_cpp;rosidl_typesupport_introspection_cpp
-- Found rmw_implementation_cmake: 6.1.2 (/opt/ros/humble/share/rmw_implementation_cmake/cmake)
-- Found rmw_fastrtps_cpp: 6.2.9 (/opt/ros/humble/share/rmw_fastrtps_cpp/cmake)
-- Found OpenSSL: /usr/lib/x86_64-linux-gnu/libcrypto.so (found version "3.0.2")  
-- Found FastRTPS: /opt/ros/humble/include  
-- Using RMW implementation 'rmw_fastrtps_cpp' as default
-- Looking for pthread.h
-- Looking for pthread.h - found
-- Performing Test CMAKE_HAVE_LIBC_PTHREAD
-- Performing Test CMAKE_HAVE_LIBC_PTHREAD - Success
-- Found Threads: TRUE  
-- Checking for module 'eigen3'
--   Found eigen3, version 3.4.0
-- Found Eigen: /usr/include/eigen3 (Required is at least version "3.1") 
-- Eigen found (include: /usr/include/eigen3, version: 3.4.0)
-- Checking for module 'flann'
--   Found flann, version 1.9.1
-- Found FLANN: /usr/lib/x86_64-linux-gnu/libflann_cpp.so  
-- FLANN found (include: /usr/include, lib: /usr/lib/x86_64-linux-gnu/libflann_cpp.so)
-- Checking for module 'libusb-1.0'
--   Found libusb-1.0, version 1.0.25
-- Found libusb: /usr/lib/x86_64-linux-gnu/libusb-1.0.so  
-- OpenNI found (version: 1.5.4.0, include: /usr/include/ni, lib: /usr/lib/libOpenNI.so;libusb::libusb)
-- OpenNI2 found (version: 2.2.0.33, include: /usr/include/openni2, lib: /usr/lib/x86_64-linux-gnu/libOpenNI2.so;libusb::libusb)
-- Eigen found (include: /usr/include/eigen3, version: 3.4.0)
-- OpenNI found (version: 1.5.4.0, include: /usr/include/ni, lib: /usr/lib/libOpenNI.so;libusb::libusb)
-- OpenNI2 found (version: 2.2.0.33, include: /usr/include/openni2, lib: /usr/lib/x86_64-linux-gnu/libOpenNI2.so;libusb::libusb)
-- Found Qhull version 8.0.2
-- OpenNI found (version: 1.5.4.0, include: /usr/include/ni, lib: /usr/lib/libOpenNI.so;libusb::libusb)
-- Found PCL_COMMON: /usr/lib/x86_64-linux-gnu/libpcl_common.so  
-- Found PCL_KDTREE: /usr/lib/x86_64-linux-gnu/libpcl_kdtree.so  
-- Found PCL_OCTREE: /usr/lib/x86_64-linux-gnu/libpcl_octree.so  
-- Found PCL_SEARCH: /usr/lib/x86_64-linux-gnu/libpcl_search.so  
-- Found PCL_SAMPLE_CONSENSUS: /usr/lib/x86_64-linux-gnu/libpcl_sample_consensus.so  
-- Found PCL_FILTERS: /usr/lib/x86_64-linux-gnu/libpcl_filters.so  
-- Found PCL_2D: /usr/include/pcl-1.12  
-- Found PCL_GEOMETRY: /usr/include/pcl-1.12  
-- Found PCL_IO: /usr/lib/x86_64-linux-gnu/libpcl_io.so  
-- Found PCL_FEATURES: /usr/lib/x86_64-linux-gnu/libpcl_features.so  
-- Found PCL_ML: /usr/lib/x86_64-linux-gnu/libpcl_ml.so  
-- Found PCL_SEGMENTATION: /usr/lib/x86_64-linux-gnu/libpcl_segmentation.so  
-- Found PCL_VISUALIZATION: /usr/lib/x86_64-linux-gnu/libpcl_visualization.so  
-- Found PCL_SURFACE: /usr/lib/x86_64-linux-gnu/libpcl_surface.so  
-- Found PCL_REGISTRATION: /usr/lib/x86_64-linux-gnu/libpcl_registration.so  
-- Found PCL_KEYPOINTS: /usr/lib/x86_64-linux-gnu/libpcl_keypoints.so  
-- Found PCL_TRACKING: /usr/lib/x86_64-linux-gnu/libpcl_tracking.so  
-- Found PCL_RECOGNITION: /usr/lib/x86_64-linux-gnu/libpcl_recognition.so  
-- Found PCL_STEREO: /usr/lib/x86_64-linux-gnu/libpcl_stereo.so  
-- Found PCL_APPS: /usr/lib/x86_64-linux-gnu/libpcl_apps.so  
-- Found PCL_IN_HAND_SCANNER: /usr/include/pcl-1.12  
-- Found PCL_MODELER: /usr/include/pcl-1.12  
-- Found PCL_POINT_CLOUD_EDITOR: /usr/include/pcl-1.12  
-- Found PCL_OUTOFCORE: /usr/lib/x86_64-linux-gnu/libpcl_outofcore.so  
-- Found PCL_PEOPLE: /usr/lib/x86_64-linux-gnu/libpcl_people.so  
-- Found eigen3_cmake_module: 0.1.1 (/opt/ros/humble/share/eigen3_cmake_module/cmake)
-- Found Eigen3: TRUE (found version "3.4.0") 
-- Ensuring Eigen3 include directory is part of orocos-kdl CMake target
-- Found ament_lint_auto: 0.12.14 (/opt/ros/humble/share/ament_lint_auto/cmake)
-- Added test 'clang_format' to check C / C++ code style
-- Added test 'clang_tidy' to check C / C++ code style
-- Added test 'black' to check Python code style
-- Added test 'xmllint' to check XML markup files
-- Added test 'copyright' to check source files copyright and LICENSE
-- Configuring done
-- Generating done
-- Build files have been written to: /home/nexium/ros_ws/build/pcd2pgm
[ 25%] [32mBuilding CXX object CMakeFiles/pcd2pgm.dir/src/pcd2pgm.cpp.o[0m
[ 50%] [32m[1mLinking CXX shared library libpcd2pgm.so[0m
[ 50%] Built target pcd2pgm
[ 75%] [32mBuilding CXX object CMakeFiles/pcd2pgm_node.dir/rclcpp_components/node_main_pcd2pgm_node.cpp.o[0m
[100%] [32m[1mLinking CXX executable pcd2pgm_node[0m
[100%] Built target pcd2pgm_node
-- Install configuration: "release"
-- Execute custom install script
-- Symlinking: /home/nexium/ros_ws/install/pcd2pgm/lib/pcd2pgm/pcd2pgm_node
-- Symlinking: /home/nexium/ros_ws/install/pcd2pgm/include/pcd2pgm/pcd2pgm/pcd2pgm.hpp
-- Symlinking: /home/nexium/ros_ws/install/pcd2pgm/share/pcd2pgm/environment/library_path.sh
-- Symlinking: /home/nexium/ros_ws/install/pcd2pgm/share/pcd2pgm/environment/library_path.dsv
-- Symlinking: /home/nexium/ros_ws/install/pcd2pgm/lib/libpcd2pgm.so
-- Symlinking: /home/nexium/ros_ws/install/pcd2pgm/share/pcd2pgm/config/pcd2pgm.yaml
-- Symlinking: /home/nexium/ros_ws/install/pcd2pgm/share/pcd2pgm/launch/pcd2pgm_launch.py
-- Symlinking: /home/nexium/ros_ws/install/pcd2pgm/share/pcd2pgm/rviz/pcd2pgm.rviz
-- Symlinking: /home/nexium/ros_ws/install/pcd2pgm/share/ament_index/resource_index/package_run_dependencies/pcd2pgm
-- Symlinking: /home/nexium/ros_ws/install/pcd2pgm/share/ament_index/resource_index/parent_prefix_path/pcd2pgm
-- Symlinking: /home/nexium/ros_ws/install/pcd2pgm/share/pcd2pgm/environment/ament_prefix_path.sh
-- Symlinking: /home/nexium/ros_ws/install/pcd2pgm/share/pcd2pgm/environment/ament_prefix_path.dsv
-- Symlinking: /home/nexium/ros_ws/install/pcd2pgm/share/pcd2pgm/environment/path.sh
-- Symlinking: /home/nexium/ros_ws/install/pcd2pgm/share/pcd2pgm/environment/path.dsv
-- Symlinking: /home/nexium/ros_ws/install/pcd2pgm/share/pcd2pgm/local_setup.bash
-- Symlinking: /home/nexium/ros_ws/install/pcd2pgm/share/pcd2pgm/local_setup.sh
-- Symlinking: /home/nexium/ros_ws/install/pcd2pgm/share/pcd2pgm/local_setup.zsh
-- Symlinking: /home/nexium/ros_ws/install/pcd2pgm/share/pcd2pgm/local_setup.dsv
-- Symlinking: /home/nexium/ros_ws/install/pcd2pgm/share/pcd2pgm/package.dsv
-- Symlinking: /home/nexium/ros_ws/install/pcd2pgm/share/ament_index/resource_index/packages/pcd2pgm
-- Symlinking: /home/nexium/ros_ws/install/pcd2pgm/share/ament_index/resource_index/rclcpp_components/pcd2pgm
-- Symlinking: /home/nexium/ros_ws/install/pcd2pgm/share/pcd2pgm/cmake/ament_cmake_export_dependencies-extras.cmake
-- Symlinking: /home/nexium/ros_ws/install/pcd2pgm/share/pcd2pgm/cmake/ament_cmake_export_include_directories-extras.cmake
-- Symlinking: /home/nexium/ros_ws/install/pcd2pgm/share/pcd2pgm/cmake/ament_cmake_export_libraries-extras.cmake
-- Symlinking: /home/nexium/ros_ws/install/pcd2pgm/share/pcd2pgm/cmake/pcd2pgmConfig.cmake
-- Symlinking: /home/nexium/ros_ws/install/pcd2pgm/share/pcd2pgm/cmake/pcd2pgmConfig-version.cmake
-- Symlinking: /home/nexium/ros_ws/install/pcd2pgm/share/pcd2pgm/package.xml
