[0.091s] Invoking command in '/home/nexium/ros_ws/build/pb_omni_pid_pursuit_controller': CMAKE_PREFIX_PATH=/opt/ros/humble /usr/bin/cmake --build /home/nexium/ros_ws/build/pb_omni_pid_pursuit_controller -- -j12 -l12
[0.145s] [35m[1mConsolidate compiler generated dependencies of target pb_omni_pid_pursuit_controller[0m
[0.168s] [100%] Built target pb_omni_pid_pursuit_controller
[0.184s] Invoked command in '/home/nexium/ros_ws/build/pb_omni_pid_pursuit_controller' returned '0': CMAKE_PREFIX_PATH=/opt/ros/humble /usr/bin/cmake --build /home/nexium/ros_ws/build/pb_omni_pid_pursuit_controller -- -j12 -l12
[0.188s] Invoking command in '/home/nexium/ros_ws/build/pb_omni_pid_pursuit_controller': CMAKE_PREFIX_PATH=/opt/ros/humble /usr/bin/cmake --install /home/nexium/ros_ws/build/pb_omni_pid_pursuit_controller
[0.200s] -- Install configuration: "release"
[0.200s] -- Execute custom install script
[0.200s] -- Up-to-date symlink: /home/nexium/ros_ws/install/pb_omni_pid_pursuit_controller/share/pb_omni_pid_pursuit_controller//pb_omni_pid_pursuit_controller.xml
[0.200s] -- Up-to-date symlink: /home/nexium/ros_ws/install/pb_omni_pid_pursuit_controller/include/pb_omni_pid_pursuit_controller/pb_omni_pid_pursuit_controller/omni_pid_pursuit_controller.hpp
[0.200s] -- Up-to-date symlink: /home/nexium/ros_ws/install/pb_omni_pid_pursuit_controller/include/pb_omni_pid_pursuit_controller/pb_omni_pid_pursuit_controller/pid.hpp
[0.200s] -- Up-to-date symlink: /home/nexium/ros_ws/install/pb_omni_pid_pursuit_controller/share/pb_omni_pid_pursuit_controller/environment/library_path.sh
[0.200s] -- Up-to-date symlink: /home/nexium/ros_ws/install/pb_omni_pid_pursuit_controller/share/pb_omni_pid_pursuit_controller/environment/library_path.dsv
[0.213s] -- Up-to-date symlink: /home/nexium/ros_ws/install/pb_omni_pid_pursuit_controller/lib/libpb_omni_pid_pursuit_controller.so
[0.215s] -- Up-to-date symlink: /home/nexium/ros_ws/install/pb_omni_pid_pursuit_controller/share/ament_index/resource_index/package_run_dependencies/pb_omni_pid_pursuit_controller
[0.215s] -- Up-to-date symlink: /home/nexium/ros_ws/install/pb_omni_pid_pursuit_controller/share/ament_index/resource_index/parent_prefix_path/pb_omni_pid_pursuit_controller
[0.215s] -- Up-to-date symlink: /home/nexium/ros_ws/install/pb_omni_pid_pursuit_controller/share/pb_omni_pid_pursuit_controller/environment/ament_prefix_path.sh
[0.215s] -- Up-to-date symlink: /home/nexium/ros_ws/install/pb_omni_pid_pursuit_controller/share/pb_omni_pid_pursuit_controller/environment/ament_prefix_path.dsv
[0.215s] -- Up-to-date symlink: /home/nexium/ros_ws/install/pb_omni_pid_pursuit_controller/share/pb_omni_pid_pursuit_controller/environment/path.sh
[0.215s] -- Up-to-date symlink: /home/nexium/ros_ws/install/pb_omni_pid_pursuit_controller/share/pb_omni_pid_pursuit_controller/environment/path.dsv
[0.215s] -- Up-to-date symlink: /home/nexium/ros_ws/install/pb_omni_pid_pursuit_controller/share/pb_omni_pid_pursuit_controller/local_setup.bash
[0.215s] -- Up-to-date symlink: /home/nexium/ros_ws/install/pb_omni_pid_pursuit_controller/share/pb_omni_pid_pursuit_controller/local_setup.sh
[0.215s] -- Up-to-date symlink: /home/nexium/ros_ws/install/pb_omni_pid_pursuit_controller/share/pb_omni_pid_pursuit_controller/local_setup.zsh
[0.215s] -- Up-to-date symlink: /home/nexium/ros_ws/install/pb_omni_pid_pursuit_controller/share/pb_omni_pid_pursuit_controller/local_setup.dsv
[0.215s] -- Symlinking: /home/nexium/ros_ws/install/pb_omni_pid_pursuit_controller/share/pb_omni_pid_pursuit_controller/package.dsv
[0.224s] -- Up-to-date symlink: /home/nexium/ros_ws/install/pb_omni_pid_pursuit_controller/share/ament_index/resource_index/packages/pb_omni_pid_pursuit_controller
[0.224s] -- Up-to-date symlink: /home/nexium/ros_ws/install/pb_omni_pid_pursuit_controller/share/ament_index/resource_index/nav2_core__pluginlib__plugin/pb_omni_pid_pursuit_controller
[0.224s] -- Up-to-date symlink: /home/nexium/ros_ws/install/pb_omni_pid_pursuit_controller/share/pb_omni_pid_pursuit_controller/cmake/ament_cmake_export_dependencies-extras.cmake
[0.224s] -- Up-to-date symlink: /home/nexium/ros_ws/install/pb_omni_pid_pursuit_controller/share/pb_omni_pid_pursuit_controller/cmake/ament_cmake_export_include_directories-extras.cmake
[0.224s] -- Up-to-date symlink: /home/nexium/ros_ws/install/pb_omni_pid_pursuit_controller/share/pb_omni_pid_pursuit_controller/cmake/ament_cmake_export_libraries-extras.cmake
[0.224s] -- Up-to-date symlink: /home/nexium/ros_ws/install/pb_omni_pid_pursuit_controller/share/pb_omni_pid_pursuit_controller/cmake/pb_omni_pid_pursuit_controllerConfig.cmake
[0.224s] -- Up-to-date symlink: /home/nexium/ros_ws/install/pb_omni_pid_pursuit_controller/share/pb_omni_pid_pursuit_controller/cmake/pb_omni_pid_pursuit_controllerConfig-version.cmake
[0.224s] -- Up-to-date symlink: /home/nexium/ros_ws/install/pb_omni_pid_pursuit_controller/share/pb_omni_pid_pursuit_controller/package.xml
[0.286s] Invoked command in '/home/nexium/ros_ws/build/pb_omni_pid_pursuit_controller' returned '0': CMAKE_PREFIX_PATH=/opt/ros/humble /usr/bin/cmake --install /home/nexium/ros_ws/build/pb_omni_pid_pursuit_controller
