[0.022s] Invoking command in '/home/nexium/ros_ws/build/rmu_gazebo_simulator': AMENT_PREFIX_PATH=/home/nexium/ros_ws/install/rmoss_core:/home/nexium/ros_ws/install/rmoss_cam:/home/nexium/ros_ws/install/rmoss_util:/home/nexium/ros_ws/install/rmoss_gz_cam:/home/nexium/ros_ws/install/rmoss_gz_bridge:/home/nexium/ros_ws/install/rmoss_gz_base:/home/nexium/ros_ws/install/rmoss_base:/home/nexium/ros_ws/install/pb2025_robot_description:/home/nexium/ros_ws/install/sdformat_tools:/home/nexium/ros_ws/install/rmoss_projectile_motion:/home/nexium/ros_ws/install/rmoss_interfaces:/home/nexium/ros_ws/install/rmoss_gz_resources:/home/nexium/ros_ws/install/rmoss_gz_plugins:${AMENT_PREFIX_PATH} CMAKE_PREFIX_PATH=/home/nexium/ros_ws/install/rmoss_core:/home/nexium/ros_ws/install/rmoss_cam:/home/nexium/ros_ws/install/rmoss_util:/home/nexium/ros_ws/install/rmoss_gz_cam:/home/nexium/ros_ws/install/rmoss_gz_bridge:/home/nexium/ros_ws/install/rmoss_gz_base:/home/nexium/ros_ws/install/rmoss_base:/home/nexium/ros_ws/install/pb2025_robot_description:/home/nexium/ros_ws/install/rmoss_projectile_motion:/home/nexium/ros_ws/install/rmoss_interfaces:/home/nexium/ros_ws/install/rmoss_gz_resources:/home/nexium/ros_ws/install/rmoss_gz_plugins:/opt/ros/humble LD_LIBRARY_PATH=/home/nexium/ros_ws/install/rmoss_cam/lib:/home/nexium/ros_ws/install/rmoss_util/lib:/home/nexium/ros_ws/install/rmoss_gz_cam/lib:/home/nexium/ros_ws/install/rmoss_gz_base/lib:/home/nexium/ros_ws/install/rmoss_base/lib:/home/nexium/ros_ws/install/rmoss_projectile_motion/lib:/home/nexium/ros_ws/install/rmoss_interfaces/lib:${LD_LIBRARY_PATH} PATH=/home/nexium/ros_ws/install/sdformat_tools/bin:${PATH} PYTHONPATH=/home/nexium/ros_ws/build/sdformat_tools:/home/nexium/ros_ws/install/sdformat_tools/lib/python3.10/site-packages:/home/nexium/ros_ws/install/rmoss_interfaces/local/lib/python3.10/dist-packages:${PYTHONPATH} /usr/bin/cmake /home/nexium/ros_ws/src/rmu_gazebo_simulator/rmu_gazebo_simulator -DCMAKE_BUILD_TYPE=release -DAMENT_CMAKE_SYMLINK_INSTALL=1 -DCMAKE_INSTALL_PREFIX=/home/nexium/ros_ws/install/rmu_gazebo_simulator
[0.067s] -- The C compiler identification is GNU 11.4.0
[0.105s] -- The CXX compiler identification is GNU 11.4.0
[0.111s] -- Detecting C compiler ABI info
[0.163s] -- Detecting C compiler ABI info - done
[0.169s] -- Check for working C compiler: /usr/bin/cc - skipped
[0.169s] -- Detecting C compile features
[0.169s] -- Detecting C compile features - done
[0.171s] -- Detecting CXX compiler ABI info
[0.234s] -- Detecting CXX compiler ABI info - done
[0.239s] -- Check for working CXX compiler: /usr/bin/c++ - skipped
[0.239s] -- Detecting CXX compile features
[0.239s] -- Detecting CXX compile features - done
[0.241s] -- Found ament_cmake_auto: 1.3.12 (/opt/ros/humble/share/ament_cmake_auto/cmake)
[0.356s] -- Found Python3: /usr/bin/python3 (found version "3.10.12") found components: Interpreter 
[0.400s] -- Override CMake install command with custom implementation using symlinks instead of copying resources
[0.423s] -- Found ament_lint_auto: 0.12.14 (/opt/ros/humble/share/ament_lint_auto/cmake)
[0.471s] -- Added test 'black' to check Python code style
[0.472s] -- Added test 'xmllint' to check XML markup files
[0.472s] -- Added test 'copyright' to check source files copyright and LICENSE
[0.473s] -- Configuring done
[0.474s] -- Generating done
[0.475s] -- Build files have been written to: /home/nexium/ros_ws/build/rmu_gazebo_simulator
[0.479s] Invoked command in '/home/nexium/ros_ws/build/rmu_gazebo_simulator' returned '0': AMENT_PREFIX_PATH=/home/nexium/ros_ws/install/rmoss_core:/home/nexium/ros_ws/install/rmoss_cam:/home/nexium/ros_ws/install/rmoss_util:/home/nexium/ros_ws/install/rmoss_gz_cam:/home/nexium/ros_ws/install/rmoss_gz_bridge:/home/nexium/ros_ws/install/rmoss_gz_base:/home/nexium/ros_ws/install/rmoss_base:/home/nexium/ros_ws/install/pb2025_robot_description:/home/nexium/ros_ws/install/sdformat_tools:/home/nexium/ros_ws/install/rmoss_projectile_motion:/home/nexium/ros_ws/install/rmoss_interfaces:/home/nexium/ros_ws/install/rmoss_gz_resources:/home/nexium/ros_ws/install/rmoss_gz_plugins:${AMENT_PREFIX_PATH} CMAKE_PREFIX_PATH=/home/nexium/ros_ws/install/rmoss_core:/home/nexium/ros_ws/install/rmoss_cam:/home/nexium/ros_ws/install/rmoss_util:/home/nexium/ros_ws/install/rmoss_gz_cam:/home/nexium/ros_ws/install/rmoss_gz_bridge:/home/nexium/ros_ws/install/rmoss_gz_base:/home/nexium/ros_ws/install/rmoss_base:/home/nexium/ros_ws/install/pb2025_robot_description:/home/nexium/ros_ws/install/rmoss_projectile_motion:/home/nexium/ros_ws/install/rmoss_interfaces:/home/nexium/ros_ws/install/rmoss_gz_resources:/home/nexium/ros_ws/install/rmoss_gz_plugins:/opt/ros/humble LD_LIBRARY_PATH=/home/nexium/ros_ws/install/rmoss_cam/lib:/home/nexium/ros_ws/install/rmoss_util/lib:/home/nexium/ros_ws/install/rmoss_gz_cam/lib:/home/nexium/ros_ws/install/rmoss_gz_base/lib:/home/nexium/ros_ws/install/rmoss_base/lib:/home/nexium/ros_ws/install/rmoss_projectile_motion/lib:/home/nexium/ros_ws/install/rmoss_interfaces/lib:${LD_LIBRARY_PATH} PATH=/home/nexium/ros_ws/install/sdformat_tools/bin:${PATH} PYTHONPATH=/home/nexium/ros_ws/build/sdformat_tools:/home/nexium/ros_ws/install/sdformat_tools/lib/python3.10/site-packages:/home/nexium/ros_ws/install/rmoss_interfaces/local/lib/python3.10/dist-packages:${PYTHONPATH} /usr/bin/cmake /home/nexium/ros_ws/src/rmu_gazebo_simulator/rmu_gazebo_simulator -DCMAKE_BUILD_TYPE=release -DAMENT_CMAKE_SYMLINK_INSTALL=1 -DCMAKE_INSTALL_PREFIX=/home/nexium/ros_ws/install/rmu_gazebo_simulator
[0.479s] Invoking command in '/home/nexium/ros_ws/build/rmu_gazebo_simulator': AMENT_PREFIX_PATH=/home/nexium/ros_ws/install/rmoss_core:/home/nexium/ros_ws/install/rmoss_cam:/home/nexium/ros_ws/install/rmoss_util:/home/nexium/ros_ws/install/rmoss_gz_cam:/home/nexium/ros_ws/install/rmoss_gz_bridge:/home/nexium/ros_ws/install/rmoss_gz_base:/home/nexium/ros_ws/install/rmoss_base:/home/nexium/ros_ws/install/pb2025_robot_description:/home/nexium/ros_ws/install/sdformat_tools:/home/nexium/ros_ws/install/rmoss_projectile_motion:/home/nexium/ros_ws/install/rmoss_interfaces:/home/nexium/ros_ws/install/rmoss_gz_resources:/home/nexium/ros_ws/install/rmoss_gz_plugins:${AMENT_PREFIX_PATH} CMAKE_PREFIX_PATH=/home/nexium/ros_ws/install/rmoss_core:/home/nexium/ros_ws/install/rmoss_cam:/home/nexium/ros_ws/install/rmoss_util:/home/nexium/ros_ws/install/rmoss_gz_cam:/home/nexium/ros_ws/install/rmoss_gz_bridge:/home/nexium/ros_ws/install/rmoss_gz_base:/home/nexium/ros_ws/install/rmoss_base:/home/nexium/ros_ws/install/pb2025_robot_description:/home/nexium/ros_ws/install/rmoss_projectile_motion:/home/nexium/ros_ws/install/rmoss_interfaces:/home/nexium/ros_ws/install/rmoss_gz_resources:/home/nexium/ros_ws/install/rmoss_gz_plugins:/opt/ros/humble LD_LIBRARY_PATH=/home/nexium/ros_ws/install/rmoss_cam/lib:/home/nexium/ros_ws/install/rmoss_util/lib:/home/nexium/ros_ws/install/rmoss_gz_cam/lib:/home/nexium/ros_ws/install/rmoss_gz_base/lib:/home/nexium/ros_ws/install/rmoss_base/lib:/home/nexium/ros_ws/install/rmoss_projectile_motion/lib:/home/nexium/ros_ws/install/rmoss_interfaces/lib:${LD_LIBRARY_PATH} PATH=/home/nexium/ros_ws/install/sdformat_tools/bin:${PATH} PYTHONPATH=/home/nexium/ros_ws/build/sdformat_tools:/home/nexium/ros_ws/install/sdformat_tools/lib/python3.10/site-packages:/home/nexium/ros_ws/install/rmoss_interfaces/local/lib/python3.10/dist-packages:${PYTHONPATH} /usr/bin/cmake --build /home/nexium/ros_ws/build/rmu_gazebo_simulator -- -j12 -l12
[0.511s] Invoked command in '/home/nexium/ros_ws/build/rmu_gazebo_simulator' returned '0': AMENT_PREFIX_PATH=/home/nexium/ros_ws/install/rmoss_core:/home/nexium/ros_ws/install/rmoss_cam:/home/nexium/ros_ws/install/rmoss_util:/home/nexium/ros_ws/install/rmoss_gz_cam:/home/nexium/ros_ws/install/rmoss_gz_bridge:/home/nexium/ros_ws/install/rmoss_gz_base:/home/nexium/ros_ws/install/rmoss_base:/home/nexium/ros_ws/install/pb2025_robot_description:/home/nexium/ros_ws/install/sdformat_tools:/home/nexium/ros_ws/install/rmoss_projectile_motion:/home/nexium/ros_ws/install/rmoss_interfaces:/home/nexium/ros_ws/install/rmoss_gz_resources:/home/nexium/ros_ws/install/rmoss_gz_plugins:${AMENT_PREFIX_PATH} CMAKE_PREFIX_PATH=/home/nexium/ros_ws/install/rmoss_core:/home/nexium/ros_ws/install/rmoss_cam:/home/nexium/ros_ws/install/rmoss_util:/home/nexium/ros_ws/install/rmoss_gz_cam:/home/nexium/ros_ws/install/rmoss_gz_bridge:/home/nexium/ros_ws/install/rmoss_gz_base:/home/nexium/ros_ws/install/rmoss_base:/home/nexium/ros_ws/install/pb2025_robot_description:/home/nexium/ros_ws/install/rmoss_projectile_motion:/home/nexium/ros_ws/install/rmoss_interfaces:/home/nexium/ros_ws/install/rmoss_gz_resources:/home/nexium/ros_ws/install/rmoss_gz_plugins:/opt/ros/humble LD_LIBRARY_PATH=/home/nexium/ros_ws/install/rmoss_cam/lib:/home/nexium/ros_ws/install/rmoss_util/lib:/home/nexium/ros_ws/install/rmoss_gz_cam/lib:/home/nexium/ros_ws/install/rmoss_gz_base/lib:/home/nexium/ros_ws/install/rmoss_base/lib:/home/nexium/ros_ws/install/rmoss_projectile_motion/lib:/home/nexium/ros_ws/install/rmoss_interfaces/lib:${LD_LIBRARY_PATH} PATH=/home/nexium/ros_ws/install/sdformat_tools/bin:${PATH} PYTHONPATH=/home/nexium/ros_ws/build/sdformat_tools:/home/nexium/ros_ws/install/sdformat_tools/lib/python3.10/site-packages:/home/nexium/ros_ws/install/rmoss_interfaces/local/lib/python3.10/dist-packages:${PYTHONPATH} /usr/bin/cmake --build /home/nexium/ros_ws/build/rmu_gazebo_simulator -- -j12 -l12
[0.512s] Invoking command in '/home/nexium/ros_ws/build/rmu_gazebo_simulator': AMENT_PREFIX_PATH=/home/nexium/ros_ws/install/rmoss_core:/home/nexium/ros_ws/install/rmoss_cam:/home/nexium/ros_ws/install/rmoss_util:/home/nexium/ros_ws/install/rmoss_gz_cam:/home/nexium/ros_ws/install/rmoss_gz_bridge:/home/nexium/ros_ws/install/rmoss_gz_base:/home/nexium/ros_ws/install/rmoss_base:/home/nexium/ros_ws/install/pb2025_robot_description:/home/nexium/ros_ws/install/sdformat_tools:/home/nexium/ros_ws/install/rmoss_projectile_motion:/home/nexium/ros_ws/install/rmoss_interfaces:/home/nexium/ros_ws/install/rmoss_gz_resources:/home/nexium/ros_ws/install/rmoss_gz_plugins:${AMENT_PREFIX_PATH} CMAKE_PREFIX_PATH=/home/nexium/ros_ws/install/rmoss_core:/home/nexium/ros_ws/install/rmoss_cam:/home/nexium/ros_ws/install/rmoss_util:/home/nexium/ros_ws/install/rmoss_gz_cam:/home/nexium/ros_ws/install/rmoss_gz_bridge:/home/nexium/ros_ws/install/rmoss_gz_base:/home/nexium/ros_ws/install/rmoss_base:/home/nexium/ros_ws/install/pb2025_robot_description:/home/nexium/ros_ws/install/rmoss_projectile_motion:/home/nexium/ros_ws/install/rmoss_interfaces:/home/nexium/ros_ws/install/rmoss_gz_resources:/home/nexium/ros_ws/install/rmoss_gz_plugins:/opt/ros/humble LD_LIBRARY_PATH=/home/nexium/ros_ws/install/rmoss_cam/lib:/home/nexium/ros_ws/install/rmoss_util/lib:/home/nexium/ros_ws/install/rmoss_gz_cam/lib:/home/nexium/ros_ws/install/rmoss_gz_base/lib:/home/nexium/ros_ws/install/rmoss_base/lib:/home/nexium/ros_ws/install/rmoss_projectile_motion/lib:/home/nexium/ros_ws/install/rmoss_interfaces/lib:${LD_LIBRARY_PATH} PATH=/home/nexium/ros_ws/install/sdformat_tools/bin:${PATH} PYTHONPATH=/home/nexium/ros_ws/build/sdformat_tools:/home/nexium/ros_ws/install/sdformat_tools/lib/python3.10/site-packages:/home/nexium/ros_ws/install/rmoss_interfaces/local/lib/python3.10/dist-packages:${PYTHONPATH} /usr/bin/cmake --install /home/nexium/ros_ws/build/rmu_gazebo_simulator
[0.518s] -- Install configuration: "release"
[0.519s] -- Execute custom install script
[0.519s] -- Symlinking: /home/nexium/ros_ws/install/rmu_gazebo_simulator/share/rmu_gazebo_simulator/environment/gazebo.dsv
[0.527s] -- Symlinking: /home/nexium/ros_ws/install/rmu_gazebo_simulator/lib/rmu_gazebo_simulator/simple_competition_1v1.py
[0.533s] -- Symlinking: /home/nexium/ros_ws/install/rmu_gazebo_simulator/share/rmu_gazebo_simulator/resource/ign/gui.config
[0.540s] -- Symlinking: /home/nexium/ros_ws/install/rmu_gazebo_simulator/share/rmu_gazebo_simulator/resource/models/rmuc_2024/meshes/rmuc_2024.stl
[0.546s] -- Symlinking: /home/nexium/ros_ws/install/rmu_gazebo_simulator/share/rmu_gazebo_simulator/resource/models/rmuc_2024/model.config
[0.552s] -- Symlinking: /home/nexium/ros_ws/install/rmu_gazebo_simulator/share/rmu_gazebo_simulator/resource/models/rmuc_2024/model.sdf
[0.561s] -- Symlinking: /home/nexium/ros_ws/install/rmu_gazebo_simulator/share/rmu_gazebo_simulator/resource/models/rmuc_2025/meshes/rmuc_2025.stl
[0.568s] -- Symlinking: /home/nexium/ros_ws/install/rmu_gazebo_simulator/share/rmu_gazebo_simulator/resource/models/rmuc_2025/model.config
[0.575s] -- Symlinking: /home/nexium/ros_ws/install/rmu_gazebo_simulator/share/rmu_gazebo_simulator/resource/models/rmuc_2025/model.sdf
[0.581s] -- Symlinking: /home/nexium/ros_ws/install/rmu_gazebo_simulator/share/rmu_gazebo_simulator/resource/models/rmul_2024/meshes/rmul_2024.stl
[0.588s] -- Symlinking: /home/nexium/ros_ws/install/rmu_gazebo_simulator/share/rmu_gazebo_simulator/resource/models/rmul_2024/model.config
[0.594s] -- Symlinking: /home/nexium/ros_ws/install/rmu_gazebo_simulator/share/rmu_gazebo_simulator/resource/models/rmul_2024/model.sdf
[0.602s] -- Symlinking: /home/nexium/ros_ws/install/rmu_gazebo_simulator/share/rmu_gazebo_simulator/resource/models/rmul_2025/meshes/rmul_2025.dae
[0.608s] -- Symlinking: /home/nexium/ros_ws/install/rmu_gazebo_simulator/share/rmu_gazebo_simulator/resource/models/rmul_2025/meshes/rmul_2025.jpg
[0.614s] -- Symlinking: /home/nexium/ros_ws/install/rmu_gazebo_simulator/share/rmu_gazebo_simulator/resource/models/rmul_2025/model.config
[0.621s] -- Symlinking: /home/nexium/ros_ws/install/rmu_gazebo_simulator/share/rmu_gazebo_simulator/resource/models/rmul_2025/model.sdf
[0.627s] -- Symlinking: /home/nexium/ros_ws/install/rmu_gazebo_simulator/share/rmu_gazebo_simulator/resource/worlds/empty_world.sdf
[0.633s] -- Symlinking: /home/nexium/ros_ws/install/rmu_gazebo_simulator/share/rmu_gazebo_simulator/resource/worlds/rmuc_2024_world.sdf
[0.639s] -- Symlinking: /home/nexium/ros_ws/install/rmu_gazebo_simulator/share/rmu_gazebo_simulator/resource/worlds/rmuc_2025_world.sdf
[0.647s] -- Symlinking: /home/nexium/ros_ws/install/rmu_gazebo_simulator/share/rmu_gazebo_simulator/resource/worlds/rmul_2024_world.sdf
[0.653s] -- Symlinking: /home/nexium/ros_ws/install/rmu_gazebo_simulator/share/rmu_gazebo_simulator/resource/worlds/rmul_2025_world.sdf
[0.660s] -- Symlinking: /home/nexium/ros_ws/install/rmu_gazebo_simulator/share/rmu_gazebo_simulator/config/base_params.yaml
[0.666s] -- Symlinking: /home/nexium/ros_ws/install/rmu_gazebo_simulator/share/rmu_gazebo_simulator/config/gz_world.yaml
[0.673s] -- Symlinking: /home/nexium/ros_ws/install/rmu_gazebo_simulator/share/rmu_gazebo_simulator/config/referee_system_1v1.yaml
[0.681s] -- Symlinking: /home/nexium/ros_ws/install/rmu_gazebo_simulator/share/rmu_gazebo_simulator/config/ros_gz_bridge.yaml
[0.688s] -- Symlinking: /home/nexium/ros_ws/install/rmu_gazebo_simulator/share/rmu_gazebo_simulator/launch/bringup_sim.launch.py
[0.695s] -- Symlinking: /home/nexium/ros_ws/install/rmu_gazebo_simulator/share/rmu_gazebo_simulator/launch/gazebo.launch.py
[0.701s] -- Symlinking: /home/nexium/ros_ws/install/rmu_gazebo_simulator/share/rmu_gazebo_simulator/launch/referee_system.launch.py
[0.708s] -- Symlinking: /home/nexium/ros_ws/install/rmu_gazebo_simulator/share/rmu_gazebo_simulator/launch/rviz.launch.py
[0.716s] -- Symlinking: /home/nexium/ros_ws/install/rmu_gazebo_simulator/share/rmu_gazebo_simulator/launch/spawn_robots.launch.py
[0.723s] -- Symlinking: /home/nexium/ros_ws/install/rmu_gazebo_simulator/share/rmu_gazebo_simulator/rviz/visualize.rviz
[0.730s] -- Symlinking: /home/nexium/ros_ws/install/rmu_gazebo_simulator/share/ament_index/resource_index/package_run_dependencies/rmu_gazebo_simulator
[0.736s] -- Symlinking: /home/nexium/ros_ws/install/rmu_gazebo_simulator/share/ament_index/resource_index/parent_prefix_path/rmu_gazebo_simulator
[0.743s] -- Symlinking: /home/nexium/ros_ws/install/rmu_gazebo_simulator/share/rmu_gazebo_simulator/environment/ament_prefix_path.sh
[0.751s] -- Symlinking: /home/nexium/ros_ws/install/rmu_gazebo_simulator/share/rmu_gazebo_simulator/environment/ament_prefix_path.dsv
[0.758s] -- Symlinking: /home/nexium/ros_ws/install/rmu_gazebo_simulator/share/rmu_gazebo_simulator/environment/path.sh
[0.764s] -- Symlinking: /home/nexium/ros_ws/install/rmu_gazebo_simulator/share/rmu_gazebo_simulator/environment/path.dsv
[0.772s] -- Symlinking: /home/nexium/ros_ws/install/rmu_gazebo_simulator/share/rmu_gazebo_simulator/local_setup.bash
[0.780s] -- Symlinking: /home/nexium/ros_ws/install/rmu_gazebo_simulator/share/rmu_gazebo_simulator/local_setup.sh
[0.787s] -- Symlinking: /home/nexium/ros_ws/install/rmu_gazebo_simulator/share/rmu_gazebo_simulator/local_setup.zsh
[0.793s] -- Symlinking: /home/nexium/ros_ws/install/rmu_gazebo_simulator/share/rmu_gazebo_simulator/local_setup.dsv
[0.800s] -- Symlinking: /home/nexium/ros_ws/install/rmu_gazebo_simulator/share/rmu_gazebo_simulator/package.dsv
[0.806s] -- Symlinking: /home/nexium/ros_ws/install/rmu_gazebo_simulator/share/ament_index/resource_index/packages/rmu_gazebo_simulator
[0.813s] -- Symlinking: /home/nexium/ros_ws/install/rmu_gazebo_simulator/share/rmu_gazebo_simulator/cmake/rmu_gazebo_simulatorConfig.cmake
[0.821s] -- Symlinking: /home/nexium/ros_ws/install/rmu_gazebo_simulator/share/rmu_gazebo_simulator/cmake/rmu_gazebo_simulatorConfig-version.cmake
[0.829s] -- Symlinking: /home/nexium/ros_ws/install/rmu_gazebo_simulator/share/rmu_gazebo_simulator/package.xml
[0.836s] Invoked command in '/home/nexium/ros_ws/build/rmu_gazebo_simulator' returned '0': AMENT_PREFIX_PATH=/home/nexium/ros_ws/install/rmoss_core:/home/nexium/ros_ws/install/rmoss_cam:/home/nexium/ros_ws/install/rmoss_util:/home/nexium/ros_ws/install/rmoss_gz_cam:/home/nexium/ros_ws/install/rmoss_gz_bridge:/home/nexium/ros_ws/install/rmoss_gz_base:/home/nexium/ros_ws/install/rmoss_base:/home/nexium/ros_ws/install/pb2025_robot_description:/home/nexium/ros_ws/install/sdformat_tools:/home/nexium/ros_ws/install/rmoss_projectile_motion:/home/nexium/ros_ws/install/rmoss_interfaces:/home/nexium/ros_ws/install/rmoss_gz_resources:/home/nexium/ros_ws/install/rmoss_gz_plugins:${AMENT_PREFIX_PATH} CMAKE_PREFIX_PATH=/home/nexium/ros_ws/install/rmoss_core:/home/nexium/ros_ws/install/rmoss_cam:/home/nexium/ros_ws/install/rmoss_util:/home/nexium/ros_ws/install/rmoss_gz_cam:/home/nexium/ros_ws/install/rmoss_gz_bridge:/home/nexium/ros_ws/install/rmoss_gz_base:/home/nexium/ros_ws/install/rmoss_base:/home/nexium/ros_ws/install/pb2025_robot_description:/home/nexium/ros_ws/install/rmoss_projectile_motion:/home/nexium/ros_ws/install/rmoss_interfaces:/home/nexium/ros_ws/install/rmoss_gz_resources:/home/nexium/ros_ws/install/rmoss_gz_plugins:/opt/ros/humble LD_LIBRARY_PATH=/home/nexium/ros_ws/install/rmoss_cam/lib:/home/nexium/ros_ws/install/rmoss_util/lib:/home/nexium/ros_ws/install/rmoss_gz_cam/lib:/home/nexium/ros_ws/install/rmoss_gz_base/lib:/home/nexium/ros_ws/install/rmoss_base/lib:/home/nexium/ros_ws/install/rmoss_projectile_motion/lib:/home/nexium/ros_ws/install/rmoss_interfaces/lib:${LD_LIBRARY_PATH} PATH=/home/nexium/ros_ws/install/sdformat_tools/bin:${PATH} PYTHONPATH=/home/nexium/ros_ws/build/sdformat_tools:/home/nexium/ros_ws/install/sdformat_tools/lib/python3.10/site-packages:/home/nexium/ros_ws/install/rmoss_interfaces/local/lib/python3.10/dist-packages:${PYTHONPATH} /usr/bin/cmake --install /home/nexium/ros_ws/build/rmu_gazebo_simulator
