[0.543s] Invoking command in '/home/nexium/ros_ws/build/loam_interface': CMAKE_PREFIX_PATH=/opt/ros/humble /usr/bin/cmake /home/nexium/ros_ws/src/pb2025_sentry_nav/loam_interface -DCMAKE_BUILD_TYPE=release -DAMENT_CMAKE_SYMLINK_INSTALL=1 -DCMAKE_INSTALL_PREFIX=/home/nexium/ros_ws/install/loam_interface
[0.614s] -- The C compiler identification is GNU 11.4.0
[0.693s] -- The CXX compiler identification is GNU 11.4.0
[0.702s] -- Detecting C compiler ABI info
[0.778s] -- Detecting C compiler ABI info - done
[0.788s] -- Check for working C compiler: /usr/bin/cc - skipped
[0.788s] -- Detecting C compile features
[0.789s] -- Detecting C compile features - done
[0.793s] -- Detecting CXX compiler ABI info
[0.887s] -- Detecting CXX compiler ABI info - done
[0.895s] -- Check for working CXX compiler: /usr/bin/c++ - skipped
[0.895s] -- Detecting CXX compile features
[0.896s] -- Detecting CXX compile features - done
[0.898s] -- Found ament_cmake_auto: 1.3.12 (/opt/ros/humble/share/ament_cmake_auto/cmake)
[1.096s] -- Found Python3: /usr/bin/python3 (found version "3.10.12") found components: Interpreter 
[1.189s] -- Override CMake install command with custom implementation using symlinks instead of copying resources
[1.349s] -- Found rosidl_generator_c: 3.1.8 (/opt/ros/humble/share/rosidl_generator_c/cmake)
[1.356s] -- Found rosidl_adapter: 3.1.8 (/opt/ros/humble/share/rosidl_adapter/cmake)
[1.365s] -- Found rosidl_generator_cpp: 3.1.8 (/opt/ros/humble/share/rosidl_generator_cpp/cmake)
[1.380s] -- Using all available rosidl_typesupport_c: rosidl_typesupport_fastrtps_c;rosidl_typesupport_introspection_c
[1.399s] -- Using all available rosidl_typesupport_cpp: rosidl_typesupport_fastrtps_cpp;rosidl_typesupport_introspection_cpp
[1.452s] -- Found rmw_implementation_cmake: 6.1.2 (/opt/ros/humble/share/rmw_implementation_cmake/cmake)
[1.455s] -- Found rmw_fastrtps_cpp: 6.2.9 (/opt/ros/humble/share/rmw_fastrtps_cpp/cmake)
[1.555s] -- Found OpenSSL: /usr/lib/x86_64-linux-gnu/libcrypto.so (found version "3.0.2")  
[1.587s] -- Found FastRTPS: /opt/ros/humble/include  
[1.630s] -- Using RMW implementation 'rmw_fastrtps_cpp' as default
[1.637s] -- Looking for pthread.h
[1.735s] -- Looking for pthread.h - found
[1.735s] -- Performing Test CMAKE_HAVE_LIBC_PTHREAD
[1.844s] -- Performing Test CMAKE_HAVE_LIBC_PTHREAD - Success
[1.845s] -- Found Threads: TRUE  
[2.157s] -- Found eigen3_cmake_module: 0.1.1 (/opt/ros/humble/share/eigen3_cmake_module/cmake)
[2.160s] -- Found Eigen3: TRUE (found version "3.4.0") 
[2.161s] -- Ensuring Eigen3 include directory is part of orocos-kdl CMake target
[2.275s] -- Checking for module 'eigen3'
[2.309s] --   Found eigen3, version 3.4.0
[2.402s] -- Found Eigen: /usr/include/eigen3 (Required is at least version "3.1") 
[2.402s] -- Eigen found (include: /usr/include/eigen3, version: 3.4.0)
[2.493s] -- Checking for module 'flann'
[2.531s] --   Found flann, version 1.9.1
[2.653s] -- Found FLANN: /usr/lib/x86_64-linux-gnu/libflann_cpp.so  
[2.658s] -- FLANN found (include: /usr/include, lib: /usr/lib/x86_64-linux-gnu/libflann_cpp.so)
[6.114s] -- Checking for module 'libusb-1.0'
[6.176s] --   Found libusb-1.0, version 1.0.25
[6.329s] -- Found libusb: /usr/lib/x86_64-linux-gnu/libusb-1.0.so  
[6.339s] -- OpenNI found (version: 1.5.4.0, include: /usr/include/ni, lib: /usr/lib/libOpenNI.so;libusb::libusb)
[6.647s] -- OpenNI2 found (version: 2.2.0.33, include: /usr/include/openni2, lib: /usr/lib/x86_64-linux-gnu/libOpenNI2.so;libusb::libusb)
[7.630s] -- Eigen found (include: /usr/include/eigen3, version: 3.4.0)
[7.664s] -- OpenNI found (version: 1.5.4.0, include: /usr/include/ni, lib: /usr/lib/libOpenNI.so;libusb::libusb)
[7.712s] -- OpenNI2 found (version: 2.2.0.33, include: /usr/include/openni2, lib: /usr/lib/x86_64-linux-gnu/libOpenNI2.so;libusb::libusb)
[8.609s] -- Found Qhull version 8.0.2
[9.381s] -- OpenNI found (version: 1.5.4.0, include: /usr/include/ni, lib: /usr/lib/libOpenNI.so;libusb::libusb)
[10.171s] -- Found PCL_COMMON: /usr/lib/x86_64-linux-gnu/libpcl_common.so  
[10.182s] -- Found PCL_KDTREE: /usr/lib/x86_64-linux-gnu/libpcl_kdtree.so  
[10.192s] -- Found PCL_OCTREE: /usr/lib/x86_64-linux-gnu/libpcl_octree.so  
[10.192s] -- Found PCL_SEARCH: /usr/lib/x86_64-linux-gnu/libpcl_search.so  
[10.206s] -- Found PCL_SAMPLE_CONSENSUS: /usr/lib/x86_64-linux-gnu/libpcl_sample_consensus.so  
[10.225s] -- Found PCL_FILTERS: /usr/lib/x86_64-linux-gnu/libpcl_filters.so  
[10.226s] -- Found PCL_2D: /usr/include/pcl-1.12  
[10.226s] -- Found PCL_GEOMETRY: /usr/include/pcl-1.12  
[10.228s] -- Found PCL_IO: /usr/lib/x86_64-linux-gnu/libpcl_io.so  
[10.239s] -- Found PCL_FEATURES: /usr/lib/x86_64-linux-gnu/libpcl_features.so  
[10.239s] -- Found PCL_ML: /usr/lib/x86_64-linux-gnu/libpcl_ml.so  
[10.248s] -- Found PCL_SEGMENTATION: /usr/lib/x86_64-linux-gnu/libpcl_segmentation.so  
[10.255s] -- Found PCL_VISUALIZATION: /usr/lib/x86_64-linux-gnu/libpcl_visualization.so  
[10.263s] -- Found PCL_SURFACE: /usr/lib/x86_64-linux-gnu/libpcl_surface.so  
[10.268s] -- Found PCL_REGISTRATION: /usr/lib/x86_64-linux-gnu/libpcl_registration.so  
[10.273s] -- Found PCL_KEYPOINTS: /usr/lib/x86_64-linux-gnu/libpcl_keypoints.so  
[10.281s] -- Found PCL_TRACKING: /usr/lib/x86_64-linux-gnu/libpcl_tracking.so  
[10.283s] -- Found PCL_RECOGNITION: /usr/lib/x86_64-linux-gnu/libpcl_recognition.so  
[10.294s] -- Found PCL_STEREO: /usr/lib/x86_64-linux-gnu/libpcl_stereo.so  
[10.310s] -- Found PCL_APPS: /usr/lib/x86_64-linux-gnu/libpcl_apps.so  
[10.310s] -- Found PCL_IN_HAND_SCANNER: /usr/include/pcl-1.12  
[10.310s] -- Found PCL_MODELER: /usr/include/pcl-1.12  
[10.318s] -- Found PCL_POINT_CLOUD_EDITOR: /usr/include/pcl-1.12  
[10.319s] -- Found PCL_OUTOFCORE: /usr/lib/x86_64-linux-gnu/libpcl_outofcore.so  
[10.330s] -- Found PCL_PEOPLE: /usr/lib/x86_64-linux-gnu/libpcl_people.so  
[10.411s] -- Found ament_lint_auto: 0.12.14 (/opt/ros/humble/share/ament_lint_auto/cmake)
[10.500s] -- Added test 'clang_format' to check C / C++ code style
[10.501s] -- Added test 'clang_tidy' to check C / C++ code style
[10.503s] -- Added test 'black' to check Python code style
[10.525s] -- Configuring done
[10.764s] -- Generating done
[10.833s] -- Build files have been written to: /home/nexium/ros_ws/build/loam_interface
[11.013s] Invoked command in '/home/nexium/ros_ws/build/loam_interface' returned '0': CMAKE_PREFIX_PATH=/opt/ros/humble /usr/bin/cmake /home/nexium/ros_ws/src/pb2025_sentry_nav/loam_interface -DCMAKE_BUILD_TYPE=release -DAMENT_CMAKE_SYMLINK_INSTALL=1 -DCMAKE_INSTALL_PREFIX=/home/nexium/ros_ws/install/loam_interface
[11.014s] Invoking command in '/home/nexium/ros_ws/build/loam_interface': CMAKE_PREFIX_PATH=/opt/ros/humble /usr/bin/cmake --build /home/nexium/ros_ws/build/loam_interface -- -j12 -l12
[13.992s] [ 25%] [32mBuilding CXX object CMakeFiles/loam_interface.dir/src/loam_interface.cpp.o[0m
[13.992s] [ 50%] [32mBuilding CXX object CMakeFiles/loam_interface_node.dir/rclcpp_components/node_main_loam_interface_node.cpp.o[0m
[29.302s] [ 75%] [32m[1mLinking CXX executable loam_interface_node[0m
[29.622s] [ 75%] Built target loam_interface_node
[50.894s] [100%] [32m[1mLinking CXX shared library libloam_interface.so[0m
[51.447s] [100%] Built target loam_interface
[51.459s] Invoked command in '/home/nexium/ros_ws/build/loam_interface' returned '0': CMAKE_PREFIX_PATH=/opt/ros/humble /usr/bin/cmake --build /home/nexium/ros_ws/build/loam_interface -- -j12 -l12
[51.462s] Invoking command in '/home/nexium/ros_ws/build/loam_interface': CMAKE_PREFIX_PATH=/opt/ros/humble /usr/bin/cmake --install /home/nexium/ros_ws/build/loam_interface
[53.865s] -- Install configuration: "release"
[53.865s] -- Execute custom install script
[53.865s] -- Symlinking: /home/nexium/ros_ws/install/loam_interface/lib/loam_interface/loam_interface_node
[53.865s] -- Symlinking: /home/nexium/ros_ws/install/loam_interface/include/loam_interface/loam_interface/loam_interface.hpp
[53.865s] -- Symlinking: /home/nexium/ros_ws/install/loam_interface/share/loam_interface/environment/library_path.sh
[53.865s] -- Symlinking: /home/nexium/ros_ws/install/loam_interface/share/loam_interface/environment/library_path.dsv
[53.866s] -- Symlinking: /home/nexium/ros_ws/install/loam_interface/lib/libloam_interface.so
[53.866s] -- Symlinking: /home/nexium/ros_ws/install/loam_interface/share/loam_interface/launch/loam_interface_launch.py
[53.866s] -- Symlinking: /home/nexium/ros_ws/install/loam_interface/share/ament_index/resource_index/package_run_dependencies/loam_interface
[53.866s] -- Symlinking: /home/nexium/ros_ws/install/loam_interface/share/ament_index/resource_index/parent_prefix_path/loam_interface
[53.866s] -- Symlinking: /home/nexium/ros_ws/install/loam_interface/share/loam_interface/environment/ament_prefix_path.sh
[53.866s] -- Symlinking: /home/nexium/ros_ws/install/loam_interface/share/loam_interface/environment/ament_prefix_path.dsv
[53.866s] -- Symlinking: /home/nexium/ros_ws/install/loam_interface/share/loam_interface/environment/path.sh
[53.866s] -- Symlinking: /home/nexium/ros_ws/install/loam_interface/share/loam_interface/environment/path.dsv
[53.867s] -- Symlinking: /home/nexium/ros_ws/install/loam_interface/share/loam_interface/local_setup.bash
[53.867s] -- Symlinking: /home/nexium/ros_ws/install/loam_interface/share/loam_interface/local_setup.sh
[53.867s] -- Symlinking: /home/nexium/ros_ws/install/loam_interface/share/loam_interface/local_setup.zsh
[53.867s] -- Symlinking: /home/nexium/ros_ws/install/loam_interface/share/loam_interface/local_setup.dsv
[53.867s] -- Symlinking: /home/nexium/ros_ws/install/loam_interface/share/loam_interface/package.dsv
[53.867s] -- Symlinking: /home/nexium/ros_ws/install/loam_interface/share/ament_index/resource_index/packages/loam_interface
[53.867s] -- Symlinking: /home/nexium/ros_ws/install/loam_interface/share/ament_index/resource_index/rclcpp_components/loam_interface
[53.867s] -- Symlinking: /home/nexium/ros_ws/install/loam_interface/share/loam_interface/cmake/ament_cmake_export_dependencies-extras.cmake
[53.867s] -- Symlinking: /home/nexium/ros_ws/install/loam_interface/share/loam_interface/cmake/ament_cmake_export_include_directories-extras.cmake
[53.867s] -- Symlinking: /home/nexium/ros_ws/install/loam_interface/share/loam_interface/cmake/ament_cmake_export_libraries-extras.cmake
[53.867s] -- Symlinking: /home/nexium/ros_ws/install/loam_interface/share/loam_interface/cmake/loam_interfaceConfig.cmake
[53.867s] -- Symlinking: /home/nexium/ros_ws/install/loam_interface/share/loam_interface/cmake/loam_interfaceConfig-version.cmake
[53.867s] -- Symlinking: /home/nexium/ros_ws/install/loam_interface/share/loam_interface/package.xml
[53.915s] Invoked command in '/home/nexium/ros_ws/build/loam_interface' returned '0': CMAKE_PREFIX_PATH=/opt/ros/humble /usr/bin/cmake --install /home/nexium/ros_ws/build/loam_interface
