[0.027s] Invoking command in '/home/nexium/ros_ws/build/rmoss_gz_resources': CMAKE_PREFIX_PATH=/opt/ros/humble /usr/bin/cmake --build /home/nexium/ros_ws/build/rmoss_gz_resources -- -j12 -l12
[0.469s] Invoked command in '/home/nexium/ros_ws/build/rmoss_gz_resources' returned '0': CMAKE_PREFIX_PATH=/opt/ros/humble /usr/bin/cmake --build /home/nexium/ros_ws/build/rmoss_gz_resources -- -j12 -l12
[0.476s] Invoking command in '/home/nexium/ros_ws/build/rmoss_gz_resources': CMAKE_PREFIX_PATH=/opt/ros/humble /usr/bin/cmake --install /home/nexium/ros_ws/build/rmoss_gz_resources
[0.506s] -- Install configuration: "release"
[0.506s] -- Execute custom install script
[0.506s] -- Up-to-date symlink: /home/nexium/ros_ws/install/rmoss_gz_resources/share/rmoss_gz_resources/resource/models/rm21_armor_module/materials/textures/large_base.png
[0.506s] -- Up-to-date symlink: /home/nexium/ros_ws/install/rmoss_gz_resources/share/rmoss_gz_resources/resource/models/rm21_armor_module/materials/textures/large_num1.png
[0.507s] -- Up-to-date symlink: /home/nexium/ros_ws/install/rmoss_gz_resources/share/rmoss_gz_resources/resource/models/rm21_armor_module/materials/textures/large_num3.png
[0.507s] -- Up-to-date symlink: /home/nexium/ros_ws/install/rmoss_gz_resources/share/rmoss_gz_resources/resource/models/rm21_armor_module/materials/textures/large_num4.png
[0.507s] -- Up-to-date symlink: /home/nexium/ros_ws/install/rmoss_gz_resources/share/rmoss_gz_resources/resource/models/rm21_armor_module/materials/textures/large_num5.png
[0.507s] -- Up-to-date symlink: /home/nexium/ros_ws/install/rmoss_gz_resources/share/rmoss_gz_resources/resource/models/rm21_armor_module/materials/textures/large_sentry.png
[0.507s] -- Up-to-date symlink: /home/nexium/ros_ws/install/rmoss_gz_resources/share/rmoss_gz_resources/resource/models/rm21_armor_module/materials/textures/small_base.png
[0.515s] -- Up-to-date symlink: /home/nexium/ros_ws/install/rmoss_gz_resources/share/rmoss_gz_resources/resource/models/rm21_armor_module/materials/textures/small_num1.png
[0.516s] -- Up-to-date symlink: /home/nexium/ros_ws/install/rmoss_gz_resources/share/rmoss_gz_resources/resource/models/rm21_armor_module/materials/textures/small_num2.png
[0.516s] -- Up-to-date symlink: /home/nexium/ros_ws/install/rmoss_gz_resources/share/rmoss_gz_resources/resource/models/rm21_armor_module/materials/textures/small_num3.png
[0.516s] -- Up-to-date symlink: /home/nexium/ros_ws/install/rmoss_gz_resources/share/rmoss_gz_resources/resource/models/rm21_armor_module/materials/textures/small_num4.png
[0.516s] -- Up-to-date symlink: /home/nexium/ros_ws/install/rmoss_gz_resources/share/rmoss_gz_resources/resource/models/rm21_armor_module/materials/textures/small_num5.png
[0.516s] -- Up-to-date symlink: /home/nexium/ros_ws/install/rmoss_gz_resources/share/rmoss_gz_resources/resource/models/rm21_armor_module/materials/textures/small_outpost.png
[0.516s] -- Up-to-date symlink: /home/nexium/ros_ws/install/rmoss_gz_resources/share/rmoss_gz_resources/resource/models/rm21_armor_module/meshes/armor_support_frame.stl
[0.518s] -- Up-to-date symlink: /home/nexium/ros_ws/install/rmoss_gz_resources/share/rmoss_gz_resources/resource/models/rm21_armor_module/meshes/large_armor.stl
[0.518s] -- Up-to-date symlink: /home/nexium/ros_ws/install/rmoss_gz_resources/share/rmoss_gz_resources/resource/models/rm21_armor_module/meshes/large_armor_light_bar.stl
[0.518s] -- Up-to-date symlink: /home/nexium/ros_ws/install/rmoss_gz_resources/share/rmoss_gz_resources/resource/models/rm21_armor_module/meshes/large_armor_screw.stl
[0.518s] -- Up-to-date symlink: /home/nexium/ros_ws/install/rmoss_gz_resources/share/rmoss_gz_resources/resource/models/rm21_armor_module/meshes/large_armor_target.stl
[0.518s] -- Up-to-date symlink: /home/nexium/ros_ws/install/rmoss_gz_resources/share/rmoss_gz_resources/resource/models/rm21_armor_module/meshes/small_armor.dae
[0.518s] -- Up-to-date symlink: /home/nexium/ros_ws/install/rmoss_gz_resources/share/rmoss_gz_resources/resource/models/rm21_armor_module/meshes/small_armor_light_bar.dae
[0.518s] -- Up-to-date symlink: /home/nexium/ros_ws/install/rmoss_gz_resources/share/rmoss_gz_resources/resource/models/rm21_armor_module/meshes/small_armor_target.dae
[0.518s] -- Up-to-date symlink: /home/nexium/ros_ws/install/rmoss_gz_resources/share/rmoss_gz_resources/resource/models/rm21_armor_module/model.config
[0.518s] -- Up-to-date symlink: /home/nexium/ros_ws/install/rmoss_gz_resources/share/rmoss_gz_resources/resource/models/rm21_armor_module/model.sdf
[0.518s] -- Up-to-date symlink: /home/nexium/ros_ws/install/rmoss_gz_resources/share/rmoss_gz_resources/resource/models/rm21_armor_module/model.sdf.xmacro
[0.518s] -- Up-to-date symlink: /home/nexium/ros_ws/install/rmoss_gz_resources/share/rmoss_gz_resources/resource/models/rm21_armor_module/rm21_armor_module.def.xmacro
[0.519s] -- Up-to-date symlink: /home/nexium/ros_ws/install/rmoss_gz_resources/share/rmoss_gz_resources/resource/models/rm21_armor_module/thumbnails/rm21_armor_module.png
[0.519s] -- Up-to-date symlink: /home/nexium/ros_ws/install/rmoss_gz_resources/share/rmoss_gz_resources/resource/models/rm21_light_indicator_module/meshes/light_indicator_bar.dae
[0.519s] -- Up-to-date symlink: /home/nexium/ros_ws/install/rmoss_gz_resources/share/rmoss_gz_resources/resource/models/rm21_light_indicator_module/meshes/light_indicator_holder.dae
[0.519s] -- Up-to-date symlink: /home/nexium/ros_ws/install/rmoss_gz_resources/share/rmoss_gz_resources/resource/models/rm21_light_indicator_module/model.config
[0.519s] -- Up-to-date symlink: /home/nexium/ros_ws/install/rmoss_gz_resources/share/rmoss_gz_resources/resource/models/rm21_light_indicator_module/model.sdf
[0.519s] -- Up-to-date symlink: /home/nexium/ros_ws/install/rmoss_gz_resources/share/rmoss_gz_resources/resource/models/rm21_light_indicator_module/model.sdf.xmacro
[0.519s] -- Up-to-date symlink: /home/nexium/ros_ws/install/rmoss_gz_resources/share/rmoss_gz_resources/resource/models/rm21_light_indicator_module/rm21_light_indicator_module.def.xmacro
[0.519s] -- Up-to-date symlink: /home/nexium/ros_ws/install/rmoss_gz_resources/share/rmoss_gz_resources/resource/models/rm21_light_indicator_module/thumbnails/rm21_light_indicator_module.png
[0.519s] -- Up-to-date symlink: /home/nexium/ros_ws/install/rmoss_gz_resources/share/rmoss_gz_resources/resource/models/rm21_speed_monitor_module/meshes/speed_monitor_17mm.dae
[0.519s] -- Up-to-date symlink: /home/nexium/ros_ws/install/rmoss_gz_resources/share/rmoss_gz_resources/resource/models/rm21_speed_monitor_module/meshes/speed_monitor_17mm_light_bar.dae
[0.519s] -- Up-to-date symlink: /home/nexium/ros_ws/install/rmoss_gz_resources/share/rmoss_gz_resources/resource/models/rm21_speed_monitor_module/meshes/speed_monitor_42mm.stl
[0.519s] -- Up-to-date symlink: /home/nexium/ros_ws/install/rmoss_gz_resources/share/rmoss_gz_resources/resource/models/rm21_speed_monitor_module/meshes/speed_monitor_42mm_light_bar.stl
[0.520s] -- Up-to-date symlink: /home/nexium/ros_ws/install/rmoss_gz_resources/share/rmoss_gz_resources/resource/models/rm21_speed_monitor_module/model.config
[0.520s] -- Up-to-date symlink: /home/nexium/ros_ws/install/rmoss_gz_resources/share/rmoss_gz_resources/resource/models/rm21_speed_monitor_module/model.sdf
[0.520s] -- Up-to-date symlink: /home/nexium/ros_ws/install/rmoss_gz_resources/share/rmoss_gz_resources/resource/models/rm21_speed_monitor_module/model.sdf.xmacro
[0.521s] -- Up-to-date symlink: /home/nexium/ros_ws/install/rmoss_gz_resources/share/rmoss_gz_resources/resource/models/rm21_speed_monitor_module/rm21_speed_monitor_module.def.xmacro
[0.521s] -- Up-to-date symlink: /home/nexium/ros_ws/install/rmoss_gz_resources/share/rmoss_gz_resources/resource/models/rm21_speed_monitor_module/thumbnails/rm21_speed_monitor_module.png
[0.526s] -- Up-to-date symlink: /home/nexium/ros_ws/install/rmoss_gz_resources/share/rmoss_gz_resources/resource/models/rm21_video_transmitter_module/meshes/video_transmitter.stl
[0.526s] -- Up-to-date symlink: /home/nexium/ros_ws/install/rmoss_gz_resources/share/rmoss_gz_resources/resource/models/rm21_video_transmitter_module/meshes/video_transmitter_glass.stl
[0.526s] -- Up-to-date symlink: /home/nexium/ros_ws/install/rmoss_gz_resources/share/rmoss_gz_resources/resource/models/rm21_video_transmitter_module/model.config
[0.531s] -- Up-to-date symlink: /home/nexium/ros_ws/install/rmoss_gz_resources/share/rmoss_gz_resources/resource/models/rm21_video_transmitter_module/model.sdf
[0.532s] -- Up-to-date symlink: /home/nexium/ros_ws/install/rmoss_gz_resources/share/rmoss_gz_resources/resource/models/rm21_video_transmitter_module/model.sdf.xmacro
[0.533s] -- Up-to-date symlink: /home/nexium/ros_ws/install/rmoss_gz_resources/share/rmoss_gz_resources/resource/models/rm21_video_transmitter_module/rm21_video_transmitter_module.def.xmacro
[0.533s] -- Up-to-date symlink: /home/nexium/ros_ws/install/rmoss_gz_resources/share/rmoss_gz_resources/resource/models/rm21_video_transmitter_module/thumbnails/rm21_video_transmitter_module.png
[0.533s] -- Up-to-date symlink: /home/nexium/ros_ws/install/rmoss_gz_resources/share/rmoss_gz_resources/resource/models/rm22_armor_module/materials/textures/ua_num1_0.png
[0.535s] -- Up-to-date symlink: /home/nexium/ros_ws/install/rmoss_gz_resources/share/rmoss_gz_resources/resource/models/rm22_armor_module/materials/textures/ua_num1_1.png
[0.535s] -- Up-to-date symlink: /home/nexium/ros_ws/install/rmoss_gz_resources/share/rmoss_gz_resources/resource/models/rm22_armor_module/materials/textures/ua_num1_2.png
[0.535s] -- Up-to-date symlink: /home/nexium/ros_ws/install/rmoss_gz_resources/share/rmoss_gz_resources/resource/models/rm22_armor_module/materials/textures/ua_num1_3.png
[0.535s] -- Up-to-date symlink: /home/nexium/ros_ws/install/rmoss_gz_resources/share/rmoss_gz_resources/resource/models/rm22_armor_module/materials/textures/ua_num2_0.png
[0.537s] -- Up-to-date symlink: /home/nexium/ros_ws/install/rmoss_gz_resources/share/rmoss_gz_resources/resource/models/rm22_armor_module/materials/textures/ua_num2_1.png
[0.537s] -- Up-to-date symlink: /home/nexium/ros_ws/install/rmoss_gz_resources/share/rmoss_gz_resources/resource/models/rm22_armor_module/materials/textures/ua_num2_2.png
[0.537s] -- Up-to-date symlink: /home/nexium/ros_ws/install/rmoss_gz_resources/share/rmoss_gz_resources/resource/models/rm22_armor_module/materials/textures/ua_num2_3.png
[0.537s] -- Up-to-date symlink: /home/nexium/ros_ws/install/rmoss_gz_resources/share/rmoss_gz_resources/resource/models/rm22_armor_module/model.config
[0.538s] -- Up-to-date symlink: /home/nexium/ros_ws/install/rmoss_gz_resources/share/rmoss_gz_resources/resource/models/rm22_armor_module/model.sdf
[0.546s] -- Up-to-date symlink: /home/nexium/ros_ws/install/rmoss_gz_resources/share/rmoss_gz_resources/resource/models/rm22_armor_module/model.sdf.xmacro
[0.547s] -- Up-to-date symlink: /home/nexium/ros_ws/install/rmoss_gz_resources/share/rmoss_gz_resources/resource/models/rm22_armor_module/rm22_armor_module.def.xmacro
[0.547s] -- Up-to-date symlink: /home/nexium/ros_ws/install/rmoss_gz_resources/share/rmoss_gz_resources/resource/models/rm22_armor_module/thumbnails/rm22_armor_module.png
[0.547s] -- Up-to-date symlink: /home/nexium/ros_ws/install/rmoss_gz_resources/share/rmoss_gz_resources/resource/models/rm22_light_indicator_module/model.config
[0.547s] -- Up-to-date symlink: /home/nexium/ros_ws/install/rmoss_gz_resources/share/rmoss_gz_resources/resource/models/rm22_light_indicator_module/model.sdf
[0.547s] -- Up-to-date symlink: /home/nexium/ros_ws/install/rmoss_gz_resources/share/rmoss_gz_resources/resource/models/rm22_light_indicator_module/model.sdf.xmacro
[0.547s] -- Up-to-date symlink: /home/nexium/ros_ws/install/rmoss_gz_resources/share/rmoss_gz_resources/resource/models/rm22_light_indicator_module/rm22_light_indicator_module.def.xmacro
[0.547s] -- Up-to-date symlink: /home/nexium/ros_ws/install/rmoss_gz_resources/share/rmoss_gz_resources/resource/models/rm22_speed_monitor_module/model.config
[0.547s] -- Up-to-date symlink: /home/nexium/ros_ws/install/rmoss_gz_resources/share/rmoss_gz_resources/resource/models/rm22_speed_monitor_module/model.sdf
[0.547s] -- Up-to-date symlink: /home/nexium/ros_ws/install/rmoss_gz_resources/share/rmoss_gz_resources/resource/models/rm22_speed_monitor_module/model.sdf.xmacro
[0.547s] -- Up-to-date symlink: /home/nexium/ros_ws/install/rmoss_gz_resources/share/rmoss_gz_resources/resource/models/rm22_speed_monitor_module/rm22_speed_monitor_module.def.xmacro
[0.547s] -- Up-to-date symlink: /home/nexium/ros_ws/install/rmoss_gz_resources/share/rmoss_gz_resources/resource/models/rm22_video_transmitter_module/model.config
[0.547s] -- Up-to-date symlink: /home/nexium/ros_ws/install/rmoss_gz_resources/share/rmoss_gz_resources/resource/models/rm22_video_transmitter_module/model.sdf
[0.548s] -- Up-to-date symlink: /home/nexium/ros_ws/install/rmoss_gz_resources/share/rmoss_gz_resources/resource/models/rm22_video_transmitter_module/model.sdf.xmacro
[0.548s] -- Up-to-date symlink: /home/nexium/ros_ws/install/rmoss_gz_resources/share/rmoss_gz_resources/resource/models/rm22_video_transmitter_module/rm22_video_transmitter_module.def.xmacro
[0.548s] -- Up-to-date symlink: /home/nexium/ros_ws/install/rmoss_gz_resources/share/rmoss_gz_resources/resource/models/rm25_example_robot/model.config
[0.548s] -- Up-to-date symlink: /home/nexium/ros_ws/install/rmoss_gz_resources/share/rmoss_gz_resources/resource/models/rm25_example_robot/model.sdf
[0.548s] -- Up-to-date symlink: /home/nexium/ros_ws/install/rmoss_gz_resources/share/rmoss_gz_resources/resource/models/rm25_example_robot/model.sdf.xmacro
[0.548s] -- Up-to-date symlink: /home/nexium/ros_ws/install/rmoss_gz_resources/share/rmoss_gz_resources/resource/models/rm25_example_robot/rm25_example_robot.def.xmacro
[0.548s] -- Up-to-date symlink: /home/nexium/ros_ws/install/rmoss_gz_resources/share/rmoss_gz_resources/resource/models/rm_projectile_17mm/model.config
[0.548s] -- Up-to-date symlink: /home/nexium/ros_ws/install/rmoss_gz_resources/share/rmoss_gz_resources/resource/models/rm_projectile_17mm/model.sdf
[0.548s] -- Up-to-date symlink: /home/nexium/ros_ws/install/rmoss_gz_resources/share/rmoss_gz_resources/resource/models/rm_projectile_17mm/model.sdf.xmacro
[0.548s] -- Up-to-date symlink: /home/nexium/ros_ws/install/rmoss_gz_resources/share/rmoss_gz_resources/resource/models/rm_projectile_17mm/rm_projectile.def.xmacro
[0.548s] -- Up-to-date symlink: /home/nexium/ros_ws/install/rmoss_gz_resources/share/rmoss_gz_resources/resource/models/rm_projectile_42mm/model.config
[0.548s] -- Up-to-date symlink: /home/nexium/ros_ws/install/rmoss_gz_resources/share/rmoss_gz_resources/resource/models/rm_projectile_42mm/model.sdf
[0.548s] -- Up-to-date symlink: /home/nexium/ros_ws/install/rmoss_gz_resources/share/rmoss_gz_resources/resource/models/rm_projectile_42mm/model.sdf.xmacro
[0.548s] -- Up-to-date symlink: /home/nexium/ros_ws/install/rmoss_gz_resources/share/rmoss_gz_resources/resource/models/rmua19_standard_robot/chassis_wheel.def.xmacro
[0.548s] -- Up-to-date symlink: /home/nexium/ros_ws/install/rmoss_gz_resources/share/rmoss_gz_resources/resource/models/rmua19_standard_robot/meshes/chassis_base.dae
[0.548s] -- Up-to-date symlink: /home/nexium/ros_ws/install/rmoss_gz_resources/share/rmoss_gz_resources/resource/models/rmua19_standard_robot/meshes/gimbal_pitch.dae
[0.548s] -- Up-to-date symlink: /home/nexium/ros_ws/install/rmoss_gz_resources/share/rmoss_gz_resources/resource/models/rmua19_standard_robot/meshes/gimbal_yaw.dae
[0.549s] -- Up-to-date symlink: /home/nexium/ros_ws/install/rmoss_gz_resources/share/rmoss_gz_resources/resource/models/rmua19_standard_robot/meshes/wheel_left.dae
[0.549s] -- Up-to-date symlink: /home/nexium/ros_ws/install/rmoss_gz_resources/share/rmoss_gz_resources/resource/models/rmua19_standard_robot/meshes/wheel_right.dae
[0.549s] -- Up-to-date symlink: /home/nexium/ros_ws/install/rmoss_gz_resources/share/rmoss_gz_resources/resource/models/rmua19_standard_robot/model.config
[0.549s] -- Up-to-date symlink: /home/nexium/ros_ws/install/rmoss_gz_resources/share/rmoss_gz_resources/resource/models/rmua19_standard_robot/model.sdf
[0.549s] -- Up-to-date symlink: /home/nexium/ros_ws/install/rmoss_gz_resources/share/rmoss_gz_resources/resource/models/rmua19_standard_robot/model.sdf.xmacro
[0.549s] -- Up-to-date symlink: /home/nexium/ros_ws/install/rmoss_gz_resources/share/rmoss_gz_resources/resource/models/rmua19_standard_robot/rmua19_standard_robot.def.xmacro
[0.549s] -- Up-to-date symlink: /home/nexium/ros_ws/install/rmoss_gz_resources/share/rmoss_gz_resources/resource/models/rmua19_standard_robot/thumbnails/rmua19_standard_robot.png
[0.549s] -- Up-to-date symlink: /home/nexium/ros_ws/install/rmoss_gz_resources/share/rmoss_gz_resources/environment/gazebo.dsv
[0.549s] -- Up-to-date symlink: /home/nexium/ros_ws/install/rmoss_gz_resources/share/ament_index/resource_index/package_run_dependencies/rmoss_gz_resources
[0.549s] -- Up-to-date symlink: /home/nexium/ros_ws/install/rmoss_gz_resources/share/ament_index/resource_index/parent_prefix_path/rmoss_gz_resources
[0.549s] -- Up-to-date symlink: /home/nexium/ros_ws/install/rmoss_gz_resources/share/rmoss_gz_resources/environment/ament_prefix_path.sh
[0.549s] -- Up-to-date symlink: /home/nexium/ros_ws/install/rmoss_gz_resources/share/rmoss_gz_resources/environment/ament_prefix_path.dsv
[0.549s] -- Up-to-date symlink: /home/nexium/ros_ws/install/rmoss_gz_resources/share/rmoss_gz_resources/environment/path.sh
[0.553s] -- Up-to-date symlink: /home/nexium/ros_ws/install/rmoss_gz_resources/share/rmoss_gz_resources/environment/path.dsv
[0.553s] -- Up-to-date symlink: /home/nexium/ros_ws/install/rmoss_gz_resources/share/rmoss_gz_resources/local_setup.bash
[0.553s] -- Up-to-date symlink: /home/nexium/ros_ws/install/rmoss_gz_resources/share/rmoss_gz_resources/local_setup.sh
[0.553s] -- Up-to-date symlink: /home/nexium/ros_ws/install/rmoss_gz_resources/share/rmoss_gz_resources/local_setup.zsh
[0.553s] -- Up-to-date symlink: /home/nexium/ros_ws/install/rmoss_gz_resources/share/rmoss_gz_resources/local_setup.dsv
[0.554s] -- Symlinking: /home/nexium/ros_ws/install/rmoss_gz_resources/share/rmoss_gz_resources/package.dsv
[0.576s] -- Up-to-date symlink: /home/nexium/ros_ws/install/rmoss_gz_resources/share/ament_index/resource_index/packages/rmoss_gz_resources
[0.576s] -- Up-to-date symlink: /home/nexium/ros_ws/install/rmoss_gz_resources/share/rmoss_gz_resources/cmake/rmoss_gz_resourcesConfig.cmake
[0.576s] -- Up-to-date symlink: /home/nexium/ros_ws/install/rmoss_gz_resources/share/rmoss_gz_resources/cmake/rmoss_gz_resourcesConfig-version.cmake
[0.576s] -- Up-to-date symlink: /home/nexium/ros_ws/install/rmoss_gz_resources/share/rmoss_gz_resources/package.xml
[0.678s] Invoked command in '/home/nexium/ros_ws/build/rmoss_gz_resources' returned '0': CMAKE_PREFIX_PATH=/opt/ros/humble /usr/bin/cmake --install /home/nexium/ros_ws/build/rmoss_gz_resources
