[0.023s] Invoking command in '/home/nexium/ros_ws/build/behaviortree_ros2': AMENT_PREFIX_PATH=/home/nexium/ros_ws/install/btcpp_ros2_interfaces:${AMENT_PREFIX_PATH} CMAKE_PREFIX_PATH=/home/nexium/ros_ws/install/btcpp_ros2_interfaces:/opt/ros/humble LD_LIBRARY_PATH=/home/nexium/ros_ws/install/btcpp_ros2_interfaces/lib:${LD_LIBRARY_PATH} PYTHONPATH=/home/nexium/ros_ws/install/btcpp_ros2_interfaces/local/lib/python3.10/dist-packages:${PYTHONPATH} /usr/bin/cmake /home/nexium/ros_ws/src/BehaviorTree.ROS2/behaviortree_ros2 -DCMAKE_BUILD_TYPE=release -DAMENT_CMAKE_SYMLINK_INSTALL=1 -DCMAKE_INSTALL_PREFIX=/home/nexium/ros_ws/install/behaviortree_ros2
[2.224s] -- The C compiler identification is GNU 11.4.0
[2.224s] -- The CXX compiler identification is GNU 11.4.0
[2.224s] -- Detecting C compiler ABI info
[2.224s] -- Detecting C compiler ABI info - done
[2.224s] -- Check for working C compiler: /usr/bin/cc - skipped
[2.224s] -- Detecting C compile features
[2.224s] -- Detecting C compile features - done
[2.224s] -- Detecting CXX compiler ABI info
[2.224s] -- Detecting CXX compiler ABI info - done
[2.224s] -- Check for working CXX compiler: /usr/bin/c++ - skipped
[2.224s] -- Detecting CXX compile features
[2.224s] -- Detecting CXX compile features - done
[2.224s] -- Found ament_cmake: 1.3.12 (/opt/ros/humble/share/ament_cmake/cmake)
[2.224s] -- Found Python3: /usr/bin/python3 (found version "3.10.12") found components: Interpreter 
[2.224s] -- Override CMake install command with custom implementation using symlinks instead of copying resources
[2.224s] -- Found rclcpp: 16.0.17 (/opt/ros/humble/share/rclcpp/cmake)
[2.225s] -- Found rosidl_generator_c: 3.1.8 (/opt/ros/humble/share/rosidl_generator_c/cmake)
[2.225s] -- Found rosidl_adapter: 3.1.8 (/opt/ros/humble/share/rosidl_adapter/cmake)
[2.225s] -- Found rosidl_generator_cpp: 3.1.8 (/opt/ros/humble/share/rosidl_generator_cpp/cmake)
[2.225s] -- Using all available rosidl_typesupport_c: rosidl_typesupport_fastrtps_c;rosidl_typesupport_introspection_c
[2.225s] -- Using all available rosidl_typesupport_cpp: rosidl_typesupport_fastrtps_cpp;rosidl_typesupport_introspection_cpp
[2.225s] -- Found rmw_implementation_cmake: 6.1.2 (/opt/ros/humble/share/rmw_implementation_cmake/cmake)
[2.225s] -- Found rmw_fastrtps_cpp: 6.2.9 (/opt/ros/humble/share/rmw_fastrtps_cpp/cmake)
[2.225s] -- Found OpenSSL: /usr/lib/x86_64-linux-gnu/libcrypto.so (found version "3.0.2")  
[2.225s] -- Found FastRTPS: /opt/ros/humble/include  
[2.225s] -- Using RMW implementation 'rmw_fastrtps_cpp' as default
[2.225s] -- Looking for pthread.h
[2.225s] -- Looking for pthread.h - found
[2.225s] -- Performing Test CMAKE_HAVE_LIBC_PTHREAD
[2.225s] -- Performing Test CMAKE_HAVE_LIBC_PTHREAD - Success
[2.225s] -- Found Threads: TRUE  
[2.226s] -- Found rclcpp_action: 16.0.17 (/opt/ros/humble/share/rclcpp_action/cmake)
[2.226s] -- Found behaviortree_cpp: 4.9.0 (/opt/ros/humble/share/behaviortree_cpp/cmake)
[2.226s] -- Found btcpp_ros2_interfaces: 0.2.0 (/home/nexium/ros_ws/install/btcpp_ros2_interfaces/share/btcpp_ros2_interfaces/cmake)
[2.226s] -- Found generate_parameter_library: 0.6.0 (/opt/ros/humble/share/generate_parameter_library/cmake)
[2.226s] -- Found parameter_traits: 0.6.0 (/opt/ros/humble/share/parameter_traits/cmake)
[2.227s] -- Found rclcpp_lifecycle: 16.0.17 (/opt/ros/humble/share/rclcpp_lifecycle/cmake)
[2.227s] -- Configuring done
[2.227s] -- Generating done
[2.227s] -- Build files have been written to: /home/nexium/ros_ws/build/behaviortree_ros2
[2.238s] Invoked command in '/home/nexium/ros_ws/build/behaviortree_ros2' returned '0': AMENT_PREFIX_PATH=/home/nexium/ros_ws/install/btcpp_ros2_interfaces:${AMENT_PREFIX_PATH} CMAKE_PREFIX_PATH=/home/nexium/ros_ws/install/btcpp_ros2_interfaces:/opt/ros/humble LD_LIBRARY_PATH=/home/nexium/ros_ws/install/btcpp_ros2_interfaces/lib:${LD_LIBRARY_PATH} PYTHONPATH=/home/nexium/ros_ws/install/btcpp_ros2_interfaces/local/lib/python3.10/dist-packages:${PYTHONPATH} /usr/bin/cmake /home/nexium/ros_ws/src/BehaviorTree.ROS2/behaviortree_ros2 -DCMAKE_BUILD_TYPE=release -DAMENT_CMAKE_SYMLINK_INSTALL=1 -DCMAKE_INSTALL_PREFIX=/home/nexium/ros_ws/install/behaviortree_ros2
[2.239s] Invoking command in '/home/nexium/ros_ws/build/behaviortree_ros2': AMENT_PREFIX_PATH=/home/nexium/ros_ws/install/btcpp_ros2_interfaces:${AMENT_PREFIX_PATH} CMAKE_PREFIX_PATH=/home/nexium/ros_ws/install/btcpp_ros2_interfaces:/opt/ros/humble LD_LIBRARY_PATH=/home/nexium/ros_ws/install/btcpp_ros2_interfaces/lib:${LD_LIBRARY_PATH} PYTHONPATH=/home/nexium/ros_ws/install/btcpp_ros2_interfaces/local/lib/python3.10/dist-packages:${PYTHONPATH} /usr/bin/cmake --build /home/nexium/ros_ws/build/behaviortree_ros2 -- -j12 -l12
[7.504s] [ 16%] [34m[1mRunning `/opt/ros/humble/bin/generate_parameter_library_cpp /home/nexium/ros_ws/build/behaviortree_ros2/include/behaviortree_ros2/bt_executor_parameters.hpp /home/nexium/ros_ws/src/BehaviorTree.ROS2/behaviortree_ros2/src/bt_executor_parameters.yaml `[0m
[7.505s] [ 33%] [34m[1mCreating deprecated header file /home/nexium/ros_ws/build/behaviortree_ros2/include/bt_executor_parameters.hpp[0m
[7.505s] [ 33%] Built target bt_executor_parameters
[7.505s] [ 50%] [32mBuilding CXX object CMakeFiles/behaviortree_ros2.dir/src/bt_ros2.cpp.o[0m
[12.841s] [ 66%] [32mBuilding CXX object CMakeFiles/behaviortree_ros2.dir/src/tree_execution_server.cpp.o[0m
[24.464s] [ 83%] [32mBuilding CXX object CMakeFiles/behaviortree_ros2.dir/src/bt_utils.cpp.o[0m
[32.454s] [100%] [32m[1mLinking CXX static library libbehaviortree_ros2.a[0m
[32.553s] [100%] Built target behaviortree_ros2
[32.571s] Invoked command in '/home/nexium/ros_ws/build/behaviortree_ros2' returned '0': AMENT_PREFIX_PATH=/home/nexium/ros_ws/install/btcpp_ros2_interfaces:${AMENT_PREFIX_PATH} CMAKE_PREFIX_PATH=/home/nexium/ros_ws/install/btcpp_ros2_interfaces:/opt/ros/humble LD_LIBRARY_PATH=/home/nexium/ros_ws/install/btcpp_ros2_interfaces/lib:${LD_LIBRARY_PATH} PYTHONPATH=/home/nexium/ros_ws/install/btcpp_ros2_interfaces/local/lib/python3.10/dist-packages:${PYTHONPATH} /usr/bin/cmake --build /home/nexium/ros_ws/build/behaviortree_ros2 -- -j12 -l12
[32.574s] Invoking command in '/home/nexium/ros_ws/build/behaviortree_ros2': AMENT_PREFIX_PATH=/home/nexium/ros_ws/install/btcpp_ros2_interfaces:${AMENT_PREFIX_PATH} CMAKE_PREFIX_PATH=/home/nexium/ros_ws/install/btcpp_ros2_interfaces:/opt/ros/humble LD_LIBRARY_PATH=/home/nexium/ros_ws/install/btcpp_ros2_interfaces/lib:${LD_LIBRARY_PATH} PYTHONPATH=/home/nexium/ros_ws/install/btcpp_ros2_interfaces/local/lib/python3.10/dist-packages:${PYTHONPATH} /usr/bin/cmake --install /home/nexium/ros_ws/build/behaviortree_ros2
[38.970s] -- Install configuration: "release"
[38.970s] -- Execute custom install script
[38.970s] -- Symlinking: /home/nexium/ros_ws/install/behaviortree_ros2/include/behaviortree_ros2/bt_executor_parameters.hpp
[38.970s] -- Symlinking: /home/nexium/ros_ws/install/behaviortree_ros2/include//behaviortree_ros2/bt_action_node.hpp
[38.970s] -- Symlinking: /home/nexium/ros_ws/install/behaviortree_ros2/include//behaviortree_ros2/bt_service_node.hpp
[38.971s] -- Symlinking: /home/nexium/ros_ws/install/behaviortree_ros2/include//behaviortree_ros2/bt_topic_pub_action_node.hpp
[38.971s] -- Symlinking: /home/nexium/ros_ws/install/behaviortree_ros2/include//behaviortree_ros2/bt_topic_pub_node.hpp
[38.971s] -- Symlinking: /home/nexium/ros_ws/install/behaviortree_ros2/include//behaviortree_ros2/bt_topic_sub_node.hpp
[38.971s] -- Symlinking: /home/nexium/ros_ws/install/behaviortree_ros2/include//behaviortree_ros2/bt_utils.hpp
[38.971s] -- Symlinking: /home/nexium/ros_ws/install/behaviortree_ros2/include//behaviortree_ros2/plugins.hpp
[38.971s] -- Symlinking: /home/nexium/ros_ws/install/behaviortree_ros2/include//behaviortree_ros2/ros_node_params.hpp
[38.971s] -- Symlinking: /home/nexium/ros_ws/install/behaviortree_ros2/include//behaviortree_ros2/tree_execution_server.hpp
[38.971s] -- Symlinking: /home/nexium/ros_ws/install/behaviortree_ros2/share/behaviortree_ros2/environment/library_path.sh
[38.971s] -- Symlinking: /home/nexium/ros_ws/install/behaviortree_ros2/share/behaviortree_ros2/environment/library_path.dsv
[38.972s] -- Symlinking: /home/nexium/ros_ws/install/behaviortree_ros2/share/ament_index/resource_index/package_run_dependencies/behaviortree_ros2
[38.972s] -- Symlinking: /home/nexium/ros_ws/install/behaviortree_ros2/share/ament_index/resource_index/parent_prefix_path/behaviortree_ros2
[38.972s] -- Symlinking: /home/nexium/ros_ws/install/behaviortree_ros2/share/behaviortree_ros2/environment/ament_prefix_path.sh
[38.972s] -- Symlinking: /home/nexium/ros_ws/install/behaviortree_ros2/share/behaviortree_ros2/environment/ament_prefix_path.dsv
[38.972s] -- Symlinking: /home/nexium/ros_ws/install/behaviortree_ros2/share/behaviortree_ros2/environment/path.sh
[38.972s] -- Symlinking: /home/nexium/ros_ws/install/behaviortree_ros2/share/behaviortree_ros2/environment/path.dsv
[38.972s] -- Symlinking: /home/nexium/ros_ws/install/behaviortree_ros2/share/behaviortree_ros2/local_setup.bash
[38.972s] -- Symlinking: /home/nexium/ros_ws/install/behaviortree_ros2/share/behaviortree_ros2/local_setup.sh
[38.972s] -- Symlinking: /home/nexium/ros_ws/install/behaviortree_ros2/share/behaviortree_ros2/local_setup.zsh
[38.972s] -- Symlinking: /home/nexium/ros_ws/install/behaviortree_ros2/share/behaviortree_ros2/local_setup.dsv
[38.972s] -- Symlinking: /home/nexium/ros_ws/install/behaviortree_ros2/share/behaviortree_ros2/package.dsv
[38.972s] -- Symlinking: /home/nexium/ros_ws/install/behaviortree_ros2/share/ament_index/resource_index/packages/behaviortree_ros2
[38.972s] -- Symlinking: /home/nexium/ros_ws/install/behaviortree_ros2/share/behaviortree_ros2/cmake/ament_cmake_export_dependencies-extras.cmake
[38.972s] -- Symlinking: /home/nexium/ros_ws/install/behaviortree_ros2/share/behaviortree_ros2/cmake/ament_cmake_export_targets-extras.cmake
[38.972s] -- Symlinking: /home/nexium/ros_ws/install/behaviortree_ros2/share/behaviortree_ros2/cmake/ament_cmake_export_include_directories-extras.cmake
[38.973s] -- Symlinking: /home/nexium/ros_ws/install/behaviortree_ros2/share/behaviortree_ros2/cmake/ament_cmake_export_libraries-extras.cmake
[38.973s] -- Symlinking: /home/nexium/ros_ws/install/behaviortree_ros2/share/behaviortree_ros2/cmake/behaviortree_ros2Config.cmake
[38.973s] -- Symlinking: /home/nexium/ros_ws/install/behaviortree_ros2/share/behaviortree_ros2/cmake/behaviortree_ros2Config-version.cmake
[38.973s] -- Symlinking: /home/nexium/ros_ws/install/behaviortree_ros2/share/behaviortree_ros2/package.xml
[38.973s] -- Installing: /home/nexium/ros_ws/install/behaviortree_ros2/lib/libbehaviortree_ros2.a
[38.973s] -- Installing: /home/nexium/ros_ws/install/behaviortree_ros2/share/behaviortree_ros2/cmake/behaviortree_ros2TargetsExport.cmake
[38.973s] -- Installing: /home/nexium/ros_ws/install/behaviortree_ros2/share/behaviortree_ros2/cmake/behaviortree_ros2TargetsExport-release.cmake
[38.981s] Invoked command in '/home/nexium/ros_ws/build/behaviortree_ros2' returned '0': AMENT_PREFIX_PATH=/home/nexium/ros_ws/install/btcpp_ros2_interfaces:${AMENT_PREFIX_PATH} CMAKE_PREFIX_PATH=/home/nexium/ros_ws/install/btcpp_ros2_interfaces:/opt/ros/humble LD_LIBRARY_PATH=/home/nexium/ros_ws/install/btcpp_ros2_interfaces/lib:${LD_LIBRARY_PATH} PYTHONPATH=/home/nexium/ros_ws/install/btcpp_ros2_interfaces/local/lib/python3.10/dist-packages:${PYTHONPATH} /usr/bin/cmake --install /home/nexium/ros_ws/build/behaviortree_ros2
