[ 28%] Built target small_gicp_relocalization_node
[ 71%] Built target small_gicp
[100%] Built target small_gicp_relocalization
-- Install configuration: "release"
-- Execute custom install script
-- Up-to-date symlink: /home/nexium/ros_ws/install/small_gicp_relocalization/include/small_gicp/ann/flat_container.hpp
-- Up-to-date symlink: /home/nexium/ros_ws/install/small_gicp_relocalization/include/small_gicp/ann/gaussian_voxelmap.hpp
-- Up-to-date symlink: /home/nexium/ros_ws/install/small_gicp_relocalization/include/small_gicp/ann/incremental_voxelmap.hpp
-- Up-to-date symlink: /home/nexium/ros_ws/install/small_gicp_relocalization/include/small_gicp/ann/kdtree.hpp
-- Up-to-date symlink: /home/nexium/ros_ws/install/small_gicp_relocalization/include/small_gicp/ann/kdtree_omp.hpp
-- Up-to-date symlink: /home/nexium/ros_ws/install/small_gicp_relocalization/include/small_gicp/ann/kdtree_tbb.hpp
-- Up-to-date symlink: /home/nexium/ros_ws/install/small_gicp_relocalization/include/small_gicp/ann/knn_result.hpp
-- Up-to-date symlink: /home/nexium/ros_ws/install/small_gicp_relocalization/include/small_gicp/ann/projection.hpp
-- Up-to-date symlink: /home/nexium/ros_ws/install/small_gicp_relocalization/include/small_gicp/ann/projective_search.hpp
-- Up-to-date symlink: /home/nexium/ros_ws/install/small_gicp_relocalization/include/small_gicp/ann/sequential_voxelmap_accessor.hpp
-- Up-to-date symlink: /home/nexium/ros_ws/install/small_gicp_relocalization/include/small_gicp/ann/traits.hpp
-- Up-to-date symlink: /home/nexium/ros_ws/install/small_gicp_relocalization/include/small_gicp/benchmark/benchmark.hpp
-- Up-to-date symlink: /home/nexium/ros_ws/install/small_gicp_relocalization/include/small_gicp/benchmark/benchmark_odom.hpp
-- Up-to-date symlink: /home/nexium/ros_ws/install/small_gicp_relocalization/include/small_gicp/benchmark/read_points.hpp
-- Up-to-date symlink: /home/nexium/ros_ws/install/small_gicp_relocalization/include/small_gicp/factors/general_factor.hpp
-- Up-to-date symlink: /home/nexium/ros_ws/install/small_gicp_relocalization/include/small_gicp/factors/gicp_factor.hpp
-- Up-to-date symlink: /home/nexium/ros_ws/install/small_gicp_relocalization/include/small_gicp/factors/icp_factor.hpp
-- Up-to-date symlink: /home/nexium/ros_ws/install/small_gicp_relocalization/include/small_gicp/factors/plane_icp_factor.hpp
-- Up-to-date symlink: /home/nexium/ros_ws/install/small_gicp_relocalization/include/small_gicp/factors/robust_kernel.hpp
-- Up-to-date symlink: /home/nexium/ros_ws/install/small_gicp_relocalization/include/small_gicp/pcl/pcl_point.hpp
-- Up-to-date symlink: /home/nexium/ros_ws/install/small_gicp_relocalization/include/small_gicp/pcl/pcl_point_traits.hpp
-- Up-to-date symlink: /home/nexium/ros_ws/install/small_gicp_relocalization/include/small_gicp/pcl/pcl_proxy.hpp
-- Up-to-date symlink: /home/nexium/ros_ws/install/small_gicp_relocalization/include/small_gicp/pcl/pcl_registration.hpp
-- Up-to-date symlink: /home/nexium/ros_ws/install/small_gicp_relocalization/include/small_gicp/pcl/pcl_registration_impl.hpp
-- Up-to-date symlink: /home/nexium/ros_ws/install/small_gicp_relocalization/include/small_gicp/points/eigen.hpp
-- Up-to-date symlink: /home/nexium/ros_ws/install/small_gicp_relocalization/include/small_gicp/points/point_cloud.hpp
-- Up-to-date symlink: /home/nexium/ros_ws/install/small_gicp_relocalization/include/small_gicp/points/traits.hpp
-- Up-to-date symlink: /home/nexium/ros_ws/install/small_gicp_relocalization/include/small_gicp/registration/optimizer.hpp
-- Up-to-date symlink: /home/nexium/ros_ws/install/small_gicp_relocalization/include/small_gicp/registration/reduction.hpp
-- Up-to-date symlink: /home/nexium/ros_ws/install/small_gicp_relocalization/include/small_gicp/registration/reduction_omp.hpp
-- Up-to-date symlink: /home/nexium/ros_ws/install/small_gicp_relocalization/include/small_gicp/registration/reduction_tbb.hpp
-- Up-to-date symlink: /home/nexium/ros_ws/install/small_gicp_relocalization/include/small_gicp/registration/registration.hpp
-- Up-to-date symlink: /home/nexium/ros_ws/install/small_gicp_relocalization/include/small_gicp/registration/registration_helper.hpp
-- Up-to-date symlink: /home/nexium/ros_ws/install/small_gicp_relocalization/include/small_gicp/registration/registration_result.hpp
-- Up-to-date symlink: /home/nexium/ros_ws/install/small_gicp_relocalization/include/small_gicp/registration/rejector.hpp
-- Up-to-date symlink: /home/nexium/ros_ws/install/small_gicp_relocalization/include/small_gicp/registration/termination_criteria.hpp
-- Up-to-date symlink: /home/nexium/ros_ws/install/small_gicp_relocalization/include/small_gicp/ros/ros1.hpp
-- Up-to-date symlink: /home/nexium/ros_ws/install/small_gicp_relocalization/include/small_gicp/ros/ros2.hpp
-- Up-to-date symlink: /home/nexium/ros_ws/install/small_gicp_relocalization/include/small_gicp/ros/ros_impl.hpp
-- Up-to-date symlink: /home/nexium/ros_ws/install/small_gicp_relocalization/include/small_gicp/util/downsampling.hpp
-- Up-to-date symlink: /home/nexium/ros_ws/install/small_gicp_relocalization/include/small_gicp/util/downsampling_omp.hpp
-- Up-to-date symlink: /home/nexium/ros_ws/install/small_gicp_relocalization/include/small_gicp/util/downsampling_tbb.hpp
-- Up-to-date symlink: /home/nexium/ros_ws/install/small_gicp_relocalization/include/small_gicp/util/fast_floor.hpp
-- Up-to-date symlink: /home/nexium/ros_ws/install/small_gicp_relocalization/include/small_gicp/util/lie.hpp
-- Up-to-date symlink: /home/nexium/ros_ws/install/small_gicp_relocalization/include/small_gicp/util/normal_estimation.hpp
-- Up-to-date symlink: /home/nexium/ros_ws/install/small_gicp_relocalization/include/small_gicp/util/normal_estimation_omp.hpp
-- Up-to-date symlink: /home/nexium/ros_ws/install/small_gicp_relocalization/include/small_gicp/util/normal_estimation_tbb.hpp
-- Up-to-date symlink: /home/nexium/ros_ws/install/small_gicp_relocalization/include/small_gicp/util/sort_omp.hpp
-- Up-to-date symlink: /home/nexium/ros_ws/install/small_gicp_relocalization/include/small_gicp/util/sort_tbb.hpp
-- Up-to-date symlink: /home/nexium/ros_ws/install/small_gicp_relocalization/include/small_gicp/util/vector3i_hash.hpp
-- Up-to-date symlink: /home/nexium/ros_ws/install/small_gicp_relocalization/lib/cmake/small_gicp/small_gicp-config.cmake
-- Up-to-date symlink: /home/nexium/ros_ws/install/small_gicp_relocalization/lib/cmake/small_gicp/small_gicp-config-version.cmake
-- Up-to-date symlink: /home/nexium/ros_ws/install/small_gicp_relocalization/lib/small_gicp_relocalization/small_gicp_relocalization_node
-- Up-to-date symlink: /home/nexium/ros_ws/install/small_gicp_relocalization/include/small_gicp_relocalization/small_gicp_relocalization/small_gicp_relocalization.hpp
-- Up-to-date symlink: /home/nexium/ros_ws/install/small_gicp_relocalization/share/small_gicp_relocalization/environment/library_path.sh
-- Up-to-date symlink: /home/nexium/ros_ws/install/small_gicp_relocalization/share/small_gicp_relocalization/environment/library_path.dsv
-- Up-to-date symlink: /home/nexium/ros_ws/install/small_gicp_relocalization/lib/libsmall_gicp_relocalization.so
-- Up-to-date symlink: /home/nexium/ros_ws/install/small_gicp_relocalization/share/small_gicp_relocalization/launch/small_gicp_relocalization_launch.py
-- Up-to-date symlink: /home/nexium/ros_ws/install/small_gicp_relocalization/share/ament_index/resource_index/package_run_dependencies/small_gicp_relocalization
-- Up-to-date symlink: /home/nexium/ros_ws/install/small_gicp_relocalization/share/ament_index/resource_index/parent_prefix_path/small_gicp_relocalization
-- Up-to-date symlink: /home/nexium/ros_ws/install/small_gicp_relocalization/share/small_gicp_relocalization/environment/ament_prefix_path.sh
-- Up-to-date symlink: /home/nexium/ros_ws/install/small_gicp_relocalization/share/small_gicp_relocalization/environment/ament_prefix_path.dsv
-- Up-to-date symlink: /home/nexium/ros_ws/install/small_gicp_relocalization/share/small_gicp_relocalization/environment/path.sh
-- Up-to-date symlink: /home/nexium/ros_ws/install/small_gicp_relocalization/share/small_gicp_relocalization/environment/path.dsv
-- Up-to-date symlink: /home/nexium/ros_ws/install/small_gicp_relocalization/share/small_gicp_relocalization/local_setup.bash
-- Up-to-date symlink: /home/nexium/ros_ws/install/small_gicp_relocalization/share/small_gicp_relocalization/local_setup.sh
-- Up-to-date symlink: /home/nexium/ros_ws/install/small_gicp_relocalization/share/small_gicp_relocalization/local_setup.zsh
-- Up-to-date symlink: /home/nexium/ros_ws/install/small_gicp_relocalization/share/small_gicp_relocalization/local_setup.dsv
-- Symlinking: /home/nexium/ros_ws/install/small_gicp_relocalization/share/small_gicp_relocalization/package.dsv
-- Up-to-date symlink: /home/nexium/ros_ws/install/small_gicp_relocalization/share/ament_index/resource_index/packages/small_gicp_relocalization
-- Up-to-date symlink: /home/nexium/ros_ws/install/small_gicp_relocalization/share/ament_index/resource_index/rclcpp_components/small_gicp_relocalization
-- Up-to-date symlink: /home/nexium/ros_ws/install/small_gicp_relocalization/share/small_gicp_relocalization/cmake/ament_cmake_export_dependencies-extras.cmake
-- Up-to-date symlink: /home/nexium/ros_ws/install/small_gicp_relocalization/share/small_gicp_relocalization/cmake/ament_cmake_export_include_directories-extras.cmake
-- Up-to-date symlink: /home/nexium/ros_ws/install/small_gicp_relocalization/share/small_gicp_relocalization/cmake/ament_cmake_export_libraries-extras.cmake
-- Up-to-date symlink: /home/nexium/ros_ws/install/small_gicp_relocalization/share/small_gicp_relocalization/cmake/small_gicp_relocalizationConfig.cmake
-- Up-to-date symlink: /home/nexium/ros_ws/install/small_gicp_relocalization/share/small_gicp_relocalization/cmake/small_gicp_relocalizationConfig-version.cmake
-- Up-to-date symlink: /home/nexium/ros_ws/install/small_gicp_relocalization/share/small_gicp_relocalization/package.xml
-- Up-to-date: /home/nexium/ros_ws/install/small_gicp_relocalization/lib/libsmall_gicp.so
-- Up-to-date: /home/nexium/ros_ws/install/small_gicp_relocalization/lib/cmake/small_gicp/small_gicp-targets.cmake
-- Up-to-date: /home/nexium/ros_ws/install/small_gicp_relocalization/lib/cmake/small_gicp/small_gicp-targets-release.cmake
