[0.067s] Invoking command in '/home/nexium/ros_ws/build/rmoss_gz_base': AMENT_PREFIX_PATH=/home/nexium/ros_ws/install/rmoss_interfaces:/home/nexium/ros_ws/install/rmoss_gz_resources:/home/nexium/ros_ws/install/rmoss_gz_plugins:${AMENT_PREFIX_PATH} CMAKE_PREFIX_PATH=/home/nexium/ros_ws/install/rmoss_interfaces:/home/nexium/ros_ws/install/rmoss_gz_resources:/home/nexium/ros_ws/install/rmoss_gz_plugins:/opt/ros/humble LD_LIBRARY_PATH=/home/nexium/ros_ws/install/rmoss_interfaces/lib:${LD_LIBRARY_PATH} PYTHONPATH=/home/nexium/ros_ws/install/rmoss_interfaces/local/lib/python3.10/dist-packages:${PYTHONPATH} /usr/bin/cmake --build /home/nexium/ros_ws/build/rmoss_gz_base -- -j12 -l12
[0.173s] [ 87%] Built target rmoss_gz_base
[0.195s] [100%] Built target rmua19_robot_base
[0.384s] Invoked command in '/home/nexium/ros_ws/build/rmoss_gz_base' returned '0': AMENT_PREFIX_PATH=/home/nexium/ros_ws/install/rmoss_interfaces:/home/nexium/ros_ws/install/rmoss_gz_resources:/home/nexium/ros_ws/install/rmoss_gz_plugins:${AMENT_PREFIX_PATH} CMAKE_PREFIX_PATH=/home/nexium/ros_ws/install/rmoss_interfaces:/home/nexium/ros_ws/install/rmoss_gz_resources:/home/nexium/ros_ws/install/rmoss_gz_plugins:/opt/ros/humble LD_LIBRARY_PATH=/home/nexium/ros_ws/install/rmoss_interfaces/lib:${LD_LIBRARY_PATH} PYTHONPATH=/home/nexium/ros_ws/install/rmoss_interfaces/local/lib/python3.10/dist-packages:${PYTHONPATH} /usr/bin/cmake --build /home/nexium/ros_ws/build/rmoss_gz_base -- -j12 -l12
[0.384s] Invoking command in '/home/nexium/ros_ws/build/rmoss_gz_base': AMENT_PREFIX_PATH=/home/nexium/ros_ws/install/rmoss_interfaces:/home/nexium/ros_ws/install/rmoss_gz_resources:/home/nexium/ros_ws/install/rmoss_gz_plugins:${AMENT_PREFIX_PATH} CMAKE_PREFIX_PATH=/home/nexium/ros_ws/install/rmoss_interfaces:/home/nexium/ros_ws/install/rmoss_gz_resources:/home/nexium/ros_ws/install/rmoss_gz_plugins:/opt/ros/humble LD_LIBRARY_PATH=/home/nexium/ros_ws/install/rmoss_interfaces/lib:${LD_LIBRARY_PATH} PYTHONPATH=/home/nexium/ros_ws/install/rmoss_interfaces/local/lib/python3.10/dist-packages:${PYTHONPATH} /usr/bin/cmake --install /home/nexium/ros_ws/build/rmoss_gz_base
[0.401s] -- Install configuration: "release"
[0.401s] -- Execute custom install script
[0.401s] -- Up-to-date symlink: /home/nexium/ros_ws/install/rmoss_gz_base/include/rmoss_gz_base/chassis_controller.hpp
[0.401s] -- Up-to-date symlink: /home/nexium/ros_ws/install/rmoss_gz_base/include/rmoss_gz_base/gimbal_controller.hpp
[0.401s] -- Up-to-date symlink: /home/nexium/ros_ws/install/rmoss_gz_base/include/rmoss_gz_base/gz_chassis_actuator.hpp
[0.401s] -- Up-to-date symlink: /home/nexium/ros_ws/install/rmoss_gz_base/include/rmoss_gz_base/gz_gimbal_actuator.hpp
[0.401s] -- Up-to-date symlink: /home/nexium/ros_ws/install/rmoss_gz_base/include/rmoss_gz_base/gz_gimbal_encoder.hpp
[0.401s] -- Up-to-date symlink: /home/nexium/ros_ws/install/rmoss_gz_base/include/rmoss_gz_base/gz_gimbal_imu.hpp
[0.401s] -- Up-to-date symlink: /home/nexium/ros_ws/install/rmoss_gz_base/include/rmoss_gz_base/gz_light_bar_cmd.hpp
[0.401s] -- Up-to-date symlink: /home/nexium/ros_ws/install/rmoss_gz_base/include/rmoss_gz_base/gz_odometry.hpp
[0.401s] -- Up-to-date symlink: /home/nexium/ros_ws/install/rmoss_gz_base/include/rmoss_gz_base/gz_shoot_actuator.hpp
[0.401s] -- Up-to-date symlink: /home/nexium/ros_ws/install/rmoss_gz_base/include/rmoss_gz_base/hardware_interface.hpp
[0.401s] -- Up-to-date symlink: /home/nexium/ros_ws/install/rmoss_gz_base/include/rmoss_gz_base/odometry_publisher.hpp
[0.401s] -- Up-to-date symlink: /home/nexium/ros_ws/install/rmoss_gz_base/include/rmoss_gz_base/pid.hpp
[0.401s] -- Up-to-date symlink: /home/nexium/ros_ws/install/rmoss_gz_base/include/rmoss_gz_base/rmua19_robot_base_node.hpp
[0.401s] -- Up-to-date symlink: /home/nexium/ros_ws/install/rmoss_gz_base/include/rmoss_gz_base/shooter_controller.hpp
[0.401s] -- Up-to-date symlink: /home/nexium/ros_ws/install/rmoss_gz_base/lib/rmoss_gz_base/rmua19_robot_base
[0.402s] -- Up-to-date symlink: /home/nexium/ros_ws/install/rmoss_gz_base/lib/rmoss_gz_base/test_chassis_cmd.py
[0.402s] -- Up-to-date symlink: /home/nexium/ros_ws/install/rmoss_gz_base/lib/rmoss_gz_base/test_gimbal_cmd.py
[0.402s] -- Up-to-date symlink: /home/nexium/ros_ws/install/rmoss_gz_base/lib/rmoss_gz_base/test_gimbal_cmd2.py
[0.402s] -- Up-to-date symlink: /home/nexium/ros_ws/install/rmoss_gz_base/lib/rmoss_gz_base/test_shoot_cmd.py
[0.402s] -- Up-to-date symlink: /home/nexium/ros_ws/install/rmoss_gz_base/share/rmoss_gz_base/environment/library_path.sh
[0.402s] -- Up-to-date symlink: /home/nexium/ros_ws/install/rmoss_gz_base/share/rmoss_gz_base/environment/library_path.dsv
[0.402s] -- Up-to-date symlink: /home/nexium/ros_ws/install/rmoss_gz_base/share/ament_index/resource_index/package_run_dependencies/rmoss_gz_base
[0.402s] -- Up-to-date symlink: /home/nexium/ros_ws/install/rmoss_gz_base/share/ament_index/resource_index/parent_prefix_path/rmoss_gz_base
[0.402s] -- Up-to-date symlink: /home/nexium/ros_ws/install/rmoss_gz_base/share/rmoss_gz_base/environment/ament_prefix_path.sh
[0.402s] -- Up-to-date symlink: /home/nexium/ros_ws/install/rmoss_gz_base/share/rmoss_gz_base/environment/ament_prefix_path.dsv
[0.402s] -- Up-to-date symlink: /home/nexium/ros_ws/install/rmoss_gz_base/share/rmoss_gz_base/environment/path.sh
[0.402s] -- Up-to-date symlink: /home/nexium/ros_ws/install/rmoss_gz_base/share/rmoss_gz_base/environment/path.dsv
[0.402s] -- Up-to-date symlink: /home/nexium/ros_ws/install/rmoss_gz_base/share/rmoss_gz_base/local_setup.bash
[0.402s] -- Up-to-date symlink: /home/nexium/ros_ws/install/rmoss_gz_base/share/rmoss_gz_base/local_setup.sh
[0.402s] -- Up-to-date symlink: /home/nexium/ros_ws/install/rmoss_gz_base/share/rmoss_gz_base/local_setup.zsh
[0.402s] -- Up-to-date symlink: /home/nexium/ros_ws/install/rmoss_gz_base/share/rmoss_gz_base/local_setup.dsv
[0.402s] -- Symlinking: /home/nexium/ros_ws/install/rmoss_gz_base/share/rmoss_gz_base/package.dsv
[0.402s] -- Up-to-date symlink: /home/nexium/ros_ws/install/rmoss_gz_base/share/ament_index/resource_index/packages/rmoss_gz_base
[0.402s] -- Up-to-date symlink: /home/nexium/ros_ws/install/rmoss_gz_base/share/ament_index/resource_index/rclcpp_components/rmoss_gz_base
[0.402s] -- Up-to-date symlink: /home/nexium/ros_ws/install/rmoss_gz_base/share/rmoss_gz_base/cmake/ament_cmake_export_targets-extras.cmake
[0.403s] -- Up-to-date symlink: /home/nexium/ros_ws/install/rmoss_gz_base/share/rmoss_gz_base/cmake/ament_cmake_export_dependencies-extras.cmake
[0.403s] -- Up-to-date symlink: /home/nexium/ros_ws/install/rmoss_gz_base/share/rmoss_gz_base/cmake/rmoss_gz_baseConfig.cmake
[0.403s] -- Up-to-date symlink: /home/nexium/ros_ws/install/rmoss_gz_base/share/rmoss_gz_base/cmake/rmoss_gz_baseConfig-version.cmake
[0.403s] -- Up-to-date symlink: /home/nexium/ros_ws/install/rmoss_gz_base/share/rmoss_gz_base/package.xml
[0.403s] -- Up-to-date: /home/nexium/ros_ws/install/rmoss_gz_base/lib/librmoss_gz_base.so
[0.403s] -- Up-to-date: /home/nexium/ros_ws/install/rmoss_gz_base/share/rmoss_gz_base/cmake/rmoss_gz_baseExport.cmake
[0.403s] -- Up-to-date: /home/nexium/ros_ws/install/rmoss_gz_base/share/rmoss_gz_base/cmake/rmoss_gz_baseExport-release.cmake
[0.460s] Invoked command in '/home/nexium/ros_ws/build/rmoss_gz_base' returned '0': AMENT_PREFIX_PATH=/home/nexium/ros_ws/install/rmoss_interfaces:/home/nexium/ros_ws/install/rmoss_gz_resources:/home/nexium/ros_ws/install/rmoss_gz_plugins:${AMENT_PREFIX_PATH} CMAKE_PREFIX_PATH=/home/nexium/ros_ws/install/rmoss_interfaces:/home/nexium/ros_ws/install/rmoss_gz_resources:/home/nexium/ros_ws/install/rmoss_gz_plugins:/opt/ros/humble LD_LIBRARY_PATH=/home/nexium/ros_ws/install/rmoss_interfaces/lib:${LD_LIBRARY_PATH} PYTHONPATH=/home/nexium/ros_ws/install/rmoss_interfaces/local/lib/python3.10/dist-packages:${PYTHONPATH} /usr/bin/cmake --install /home/nexium/ros_ws/build/rmoss_gz_base
