[0.187s] Invoking command in '/home/nexium/ros_ws/build/ign_sim_pointcloud_tool': CMAKE_PREFIX_PATH=/opt/ros/humble /usr/bin/cmake /home/nexium/ros_ws/src/pb2025_sentry_nav/ign_sim_pointcloud_tool -DCMAKE_BUILD_TYPE=release -DAMENT_CMAKE_SYMLINK_INSTALL=1 -DCMAKE_INSTALL_PREFIX=/home/nexium/ros_ws/install/ign_sim_pointcloud_tool
[0.559s] -- The C compiler identification is GNU 11.4.0
[0.559s] -- The CXX compiler identification is GNU 11.4.0
[0.559s] -- Detecting C compiler ABI info
[0.559s] -- Detecting C compiler ABI info - done
[0.559s] -- Check for working C compiler: /usr/bin/cc - skipped
[0.559s] -- Detecting C compile features
[0.559s] -- Detecting C compile features - done
[0.559s] -- Detecting CXX compiler ABI info
[0.559s] -- Detecting CXX compiler ABI info - done
[0.559s] -- Check for working CXX compiler: /usr/bin/c++ - skipped
[0.559s] -- Detecting CXX compile features
[0.559s] -- Detecting CXX compile features - done
[0.559s] -- Found ament_cmake_auto: 1.3.12 (/opt/ros/humble/share/ament_cmake_auto/cmake)
[0.595s] -- Found Python3: /usr/bin/python3 (found version "3.10.12") found components: Interpreter 
[0.684s] -- Override CMake install command with custom implementation using symlinks instead of copying resources
[0.851s] -- Found rosidl_generator_c: 3.1.8 (/opt/ros/humble/share/rosidl_generator_c/cmake)
[0.856s] -- Found rosidl_adapter: 3.1.8 (/opt/ros/humble/share/rosidl_adapter/cmake)
[0.868s] -- Found rosidl_generator_cpp: 3.1.8 (/opt/ros/humble/share/rosidl_generator_cpp/cmake)
[0.884s] -- Using all available rosidl_typesupport_c: rosidl_typesupport_fastrtps_c;rosidl_typesupport_introspection_c
[0.900s] -- Using all available rosidl_typesupport_cpp: rosidl_typesupport_fastrtps_cpp;rosidl_typesupport_introspection_cpp
[0.941s] -- Found rmw_implementation_cmake: 6.1.2 (/opt/ros/humble/share/rmw_implementation_cmake/cmake)
[0.942s] -- Found rmw_fastrtps_cpp: 6.2.9 (/opt/ros/humble/share/rmw_fastrtps_cpp/cmake)
[1.052s] -- Found OpenSSL: /usr/lib/x86_64-linux-gnu/libcrypto.so (found version "3.0.2")  
[1.086s] -- Found FastRTPS: /opt/ros/humble/include  
[1.134s] -- Using RMW implementation 'rmw_fastrtps_cpp' as default
[1.139s] -- Looking for pthread.h
[1.224s] -- Looking for pthread.h - found
[1.224s] -- Performing Test CMAKE_HAVE_LIBC_PTHREAD
[1.306s] -- Performing Test CMAKE_HAVE_LIBC_PTHREAD - Success
[1.308s] -- Found Threads: TRUE  
[1.469s] -- Checking for module 'eigen3'
[1.482s] --   Found eigen3, version 3.4.0
[1.525s] -- Found Eigen: /usr/include/eigen3 (Required is at least version "3.1") 
[1.529s] -- Eigen found (include: /usr/include/eigen3, version: 3.4.0)
[1.560s] -- Checking for module 'flann'
[1.574s] --   Found flann, version 1.9.1
[1.615s] -- Found FLANN: /usr/lib/x86_64-linux-gnu/libflann_cpp.so  
[1.615s] -- FLANN found (include: /usr/include, lib: /usr/lib/x86_64-linux-gnu/libflann_cpp.so)
[3.975s] -- Checking for module 'libusb-1.0'
[4.019s] --   Found libusb-1.0, version 1.0.25
[4.149s] -- Found libusb: /usr/lib/x86_64-linux-gnu/libusb-1.0.so  
[4.156s] -- OpenNI found (version: 1.5.4.0, include: /usr/include/ni, lib: /usr/lib/libOpenNI.so;libusb::libusb)
[4.387s] -- OpenNI2 found (version: 2.2.0.33, include: /usr/include/openni2, lib: /usr/lib/x86_64-linux-gnu/libOpenNI2.so;libusb::libusb)
[5.129s] -- Eigen found (include: /usr/include/eigen3, version: 3.4.0)
[5.168s] -- OpenNI found (version: 1.5.4.0, include: /usr/include/ni, lib: /usr/lib/libOpenNI.so;libusb::libusb)
[5.181s] -- OpenNI2 found (version: 2.2.0.33, include: /usr/include/openni2, lib: /usr/lib/x86_64-linux-gnu/libOpenNI2.so;libusb::libusb)
[5.821s] -- Found Qhull version 8.0.2
[6.678s] -- OpenNI found (version: 1.5.4.0, include: /usr/include/ni, lib: /usr/lib/libOpenNI.so;libusb::libusb)
[7.388s] -- Found PCL_COMMON: /usr/lib/x86_64-linux-gnu/libpcl_common.so  
[7.396s] -- Found PCL_KDTREE: /usr/lib/x86_64-linux-gnu/libpcl_kdtree.so  
[7.397s] -- Found PCL_OCTREE: /usr/lib/x86_64-linux-gnu/libpcl_octree.so  
[7.410s] -- Found PCL_SEARCH: /usr/lib/x86_64-linux-gnu/libpcl_search.so  
[7.411s] -- Found PCL_SAMPLE_CONSENSUS: /usr/lib/x86_64-linux-gnu/libpcl_sample_consensus.so  
[7.418s] -- Found PCL_FILTERS: /usr/lib/x86_64-linux-gnu/libpcl_filters.so  
[7.427s] -- Found PCL_2D: /usr/include/pcl-1.12  
[7.427s] -- Found PCL_GEOMETRY: /usr/include/pcl-1.12  
[7.438s] -- Found PCL_IO: /usr/lib/x86_64-linux-gnu/libpcl_io.so  
[7.442s] -- Found PCL_FEATURES: /usr/lib/x86_64-linux-gnu/libpcl_features.so  
[7.451s] -- Found PCL_ML: /usr/lib/x86_64-linux-gnu/libpcl_ml.so  
[7.453s] -- Found PCL_SEGMENTATION: /usr/lib/x86_64-linux-gnu/libpcl_segmentation.so  
[7.472s] -- Found PCL_VISUALIZATION: /usr/lib/x86_64-linux-gnu/libpcl_visualization.so  
[7.475s] -- Found PCL_SURFACE: /usr/lib/x86_64-linux-gnu/libpcl_surface.so  
[7.483s] -- Found PCL_REGISTRATION: /usr/lib/x86_64-linux-gnu/libpcl_registration.so  
[7.486s] -- Found PCL_KEYPOINTS: /usr/lib/x86_64-linux-gnu/libpcl_keypoints.so  
[7.494s] -- Found PCL_TRACKING: /usr/lib/x86_64-linux-gnu/libpcl_tracking.so  
[7.502s] -- Found PCL_RECOGNITION: /usr/lib/x86_64-linux-gnu/libpcl_recognition.so  
[7.512s] -- Found PCL_STEREO: /usr/lib/x86_64-linux-gnu/libpcl_stereo.so  
[7.514s] -- Found PCL_APPS: /usr/lib/x86_64-linux-gnu/libpcl_apps.so  
[7.525s] -- Found PCL_IN_HAND_SCANNER: /usr/include/pcl-1.12  
[7.525s] -- Found PCL_MODELER: /usr/include/pcl-1.12  
[7.525s] -- Found PCL_POINT_CLOUD_EDITOR: /usr/include/pcl-1.12  
[7.531s] -- Found PCL_OUTOFCORE: /usr/lib/x86_64-linux-gnu/libpcl_outofcore.so  
[7.533s] -- Found PCL_PEOPLE: /usr/lib/x86_64-linux-gnu/libpcl_people.so  
[7.600s] -- Found ament_lint_auto: 0.12.14 (/opt/ros/humble/share/ament_lint_auto/cmake)
[7.661s] -- Added test 'clang_format' to check C / C++ code style
[7.662s] -- Added test 'clang_tidy' to check C / C++ code style
[7.687s] -- Configuring done
[7.820s] -- Generating done
[7.868s] -- Build files have been written to: /home/nexium/ros_ws/build/ign_sim_pointcloud_tool
[7.921s] Invoked command in '/home/nexium/ros_ws/build/ign_sim_pointcloud_tool' returned '0': CMAKE_PREFIX_PATH=/opt/ros/humble /usr/bin/cmake /home/nexium/ros_ws/src/pb2025_sentry_nav/ign_sim_pointcloud_tool -DCMAKE_BUILD_TYPE=release -DAMENT_CMAKE_SYMLINK_INSTALL=1 -DCMAKE_INSTALL_PREFIX=/home/nexium/ros_ws/install/ign_sim_pointcloud_tool
[7.922s] Invoking command in '/home/nexium/ros_ws/build/ign_sim_pointcloud_tool': CMAKE_PREFIX_PATH=/opt/ros/humble /usr/bin/cmake --build /home/nexium/ros_ws/build/ign_sim_pointcloud_tool -- -j12 -l12
[13.376s] [ 25%] [32mBuilding CXX object CMakeFiles/ign_sim_pointcloud_tool_node.dir/rclcpp_components/node_main_ign_sim_pointcloud_tool_node.cpp.o[0m
[13.376s] [ 50%] [32mBuilding CXX object CMakeFiles/ign_sim_pointcloud_tool.dir/src/point_cloud_converter.cpp.o[0m
[28.102s] [ 75%] [32m[1mLinking CXX executable ign_sim_pointcloud_tool_node[0m
[28.341s] [ 75%] Built target ign_sim_pointcloud_tool_node
[46.306s] [100%] [32m[1mLinking CXX shared library libign_sim_pointcloud_tool.so[0m
[47.118s] [100%] Built target ign_sim_pointcloud_tool
[47.148s] Invoked command in '/home/nexium/ros_ws/build/ign_sim_pointcloud_tool' returned '0': CMAKE_PREFIX_PATH=/opt/ros/humble /usr/bin/cmake --build /home/nexium/ros_ws/build/ign_sim_pointcloud_tool -- -j12 -l12
[47.149s] Invoking command in '/home/nexium/ros_ws/build/ign_sim_pointcloud_tool': CMAKE_PREFIX_PATH=/opt/ros/humble /usr/bin/cmake --install /home/nexium/ros_ws/build/ign_sim_pointcloud_tool
[53.821s] -- Install configuration: "release"
[53.821s] -- Execute custom install script
[53.821s] -- Symlinking: /home/nexium/ros_ws/install/ign_sim_pointcloud_tool/lib/ign_sim_pointcloud_tool/ign_sim_pointcloud_tool_node
[53.821s] -- Symlinking: /home/nexium/ros_ws/install/ign_sim_pointcloud_tool/include/ign_sim_pointcloud_tool/ign_sim_pointcloud_tool/point_cloud_converter.hpp
[53.821s] -- Symlinking: /home/nexium/ros_ws/install/ign_sim_pointcloud_tool/share/ign_sim_pointcloud_tool/environment/library_path.sh
[53.821s] -- Symlinking: /home/nexium/ros_ws/install/ign_sim_pointcloud_tool/share/ign_sim_pointcloud_tool/environment/library_path.dsv
[53.821s] -- Symlinking: /home/nexium/ros_ws/install/ign_sim_pointcloud_tool/lib/libign_sim_pointcloud_tool.so
[53.821s] -- Symlinking: /home/nexium/ros_ws/install/ign_sim_pointcloud_tool/share/ament_index/resource_index/package_run_dependencies/ign_sim_pointcloud_tool
[53.821s] -- Symlinking: /home/nexium/ros_ws/install/ign_sim_pointcloud_tool/share/ament_index/resource_index/parent_prefix_path/ign_sim_pointcloud_tool
[53.821s] -- Symlinking: /home/nexium/ros_ws/install/ign_sim_pointcloud_tool/share/ign_sim_pointcloud_tool/environment/ament_prefix_path.sh
[53.822s] -- Symlinking: /home/nexium/ros_ws/install/ign_sim_pointcloud_tool/share/ign_sim_pointcloud_tool/environment/ament_prefix_path.dsv
[53.822s] -- Symlinking: /home/nexium/ros_ws/install/ign_sim_pointcloud_tool/share/ign_sim_pointcloud_tool/environment/path.sh
[53.822s] -- Symlinking: /home/nexium/ros_ws/install/ign_sim_pointcloud_tool/share/ign_sim_pointcloud_tool/environment/path.dsv
[53.822s] -- Symlinking: /home/nexium/ros_ws/install/ign_sim_pointcloud_tool/share/ign_sim_pointcloud_tool/local_setup.bash
[53.822s] -- Symlinking: /home/nexium/ros_ws/install/ign_sim_pointcloud_tool/share/ign_sim_pointcloud_tool/local_setup.sh
[53.822s] -- Symlinking: /home/nexium/ros_ws/install/ign_sim_pointcloud_tool/share/ign_sim_pointcloud_tool/local_setup.zsh
[53.822s] -- Symlinking: /home/nexium/ros_ws/install/ign_sim_pointcloud_tool/share/ign_sim_pointcloud_tool/local_setup.dsv
[53.822s] -- Symlinking: /home/nexium/ros_ws/install/ign_sim_pointcloud_tool/share/ign_sim_pointcloud_tool/package.dsv
[53.822s] -- Symlinking: /home/nexium/ros_ws/install/ign_sim_pointcloud_tool/share/ament_index/resource_index/packages/ign_sim_pointcloud_tool
[53.822s] -- Symlinking: /home/nexium/ros_ws/install/ign_sim_pointcloud_tool/share/ament_index/resource_index/rclcpp_components/ign_sim_pointcloud_tool
[53.822s] -- Symlinking: /home/nexium/ros_ws/install/ign_sim_pointcloud_tool/share/ign_sim_pointcloud_tool/cmake/ament_cmake_export_dependencies-extras.cmake
[53.822s] -- Symlinking: /home/nexium/ros_ws/install/ign_sim_pointcloud_tool/share/ign_sim_pointcloud_tool/cmake/ament_cmake_export_include_directories-extras.cmake
[53.823s] -- Symlinking: /home/nexium/ros_ws/install/ign_sim_pointcloud_tool/share/ign_sim_pointcloud_tool/cmake/ament_cmake_export_libraries-extras.cmake
[53.823s] -- Symlinking: /home/nexium/ros_ws/install/ign_sim_pointcloud_tool/share/ign_sim_pointcloud_tool/cmake/ign_sim_pointcloud_toolConfig.cmake
[53.823s] -- Symlinking: /home/nexium/ros_ws/install/ign_sim_pointcloud_tool/share/ign_sim_pointcloud_tool/cmake/ign_sim_pointcloud_toolConfig-version.cmake
[53.823s] -- Symlinking: /home/nexium/ros_ws/install/ign_sim_pointcloud_tool/share/ign_sim_pointcloud_tool/package.xml
[53.835s] Invoked command in '/home/nexium/ros_ws/build/ign_sim_pointcloud_tool' returned '0': CMAKE_PREFIX_PATH=/opt/ros/humble /usr/bin/cmake --install /home/nexium/ros_ws/build/ign_sim_pointcloud_tool
