[0.472s] Invoking command in '/home/nexium/ros_ws/build/btcpp_ros2_samples': AMENT_PREFIX_PATH=/home/nexium/ros_ws/install/behaviortree_ros2:/home/nexium/ros_ws/install/btcpp_ros2_interfaces:${AMENT_PREFIX_PATH} CMAKE_PREFIX_PATH=/home/nexium/ros_ws/install/behaviortree_ros2:/home/nexium/ros_ws/install/btcpp_ros2_interfaces:/opt/ros/humble LD_LIBRARY_PATH=/home/nexium/ros_ws/install/behaviortree_ros2/lib:/home/nexium/ros_ws/install/btcpp_ros2_interfaces/lib:${LD_LIBRARY_PATH} PYTHONPATH=/home/nexium/ros_ws/install/btcpp_ros2_interfaces/local/lib/python3.10/dist-packages:${PYTHONPATH} /usr/bin/cmake /home/nexium/ros_ws/src/BehaviorTree.ROS2/btcpp_ros2_samples -DCMAKE_BUILD_TYPE=release -DAMENT_CMAKE_SYMLINK_INSTALL=1 -DCMAKE_INSTALL_PREFIX=/home/nexium/ros_ws/install/btcpp_ros2_samples
[7.657s] -- The C compiler identification is GNU 11.4.0
[7.657s] -- The CXX compiler identification is GNU 11.4.0
[7.657s] -- Detecting C compiler ABI info
[7.657s] -- Detecting C compiler ABI info - done
[7.657s] -- Check for working C compiler: /usr/bin/cc - skipped
[7.657s] -- Detecting C compile features
[7.658s] -- Detecting C compile features - done
[7.658s] -- Detecting CXX compiler ABI info
[7.658s] -- Detecting CXX compiler ABI info - done
[7.658s] -- Check for working CXX compiler: /usr/bin/c++ - skipped
[7.658s] -- Detecting CXX compile features
[7.658s] -- Detecting CXX compile features - done
[7.658s] -- Found ament_cmake: 1.3.12 (/opt/ros/humble/share/ament_cmake/cmake)
[7.658s] -- Found Python3: /usr/bin/python3 (found version "3.10.12") found components: Interpreter 
[7.658s] -- Override CMake install command with custom implementation using symlinks instead of copying resources
[7.658s] -- Found behaviortree_ros2: 0.2.0 (/home/nexium/ros_ws/install/behaviortree_ros2/share/behaviortree_ros2/cmake)
[7.659s] -- Found rosidl_generator_c: 3.1.8 (/opt/ros/humble/share/rosidl_generator_c/cmake)
[7.659s] -- Found rosidl_adapter: 3.1.8 (/opt/ros/humble/share/rosidl_adapter/cmake)
[7.659s] -- Found rosidl_generator_cpp: 3.1.8 (/opt/ros/humble/share/rosidl_generator_cpp/cmake)
[7.659s] -- Using all available rosidl_typesupport_c: rosidl_typesupport_fastrtps_c;rosidl_typesupport_introspection_c
[7.659s] -- Using all available rosidl_typesupport_cpp: rosidl_typesupport_fastrtps_cpp;rosidl_typesupport_introspection_cpp
[7.659s] -- Found rmw_implementation_cmake: 6.1.2 (/opt/ros/humble/share/rmw_implementation_cmake/cmake)
[7.660s] -- Found rmw_fastrtps_cpp: 6.2.9 (/opt/ros/humble/share/rmw_fastrtps_cpp/cmake)
[7.660s] -- Found OpenSSL: /usr/lib/x86_64-linux-gnu/libcrypto.so (found version "3.0.2")  
[7.662s] -- Found FastRTPS: /opt/ros/humble/include  
[7.662s] -- Using RMW implementation 'rmw_fastrtps_cpp' as default
[7.662s] -- Looking for pthread.h
[7.662s] -- Looking for pthread.h - found
[7.662s] -- Performing Test CMAKE_HAVE_LIBC_PTHREAD
[7.662s] -- Performing Test CMAKE_HAVE_LIBC_PTHREAD - Success
[7.663s] -- Found Threads: TRUE  
[7.663s] -- Found std_srvs: 4.9.0 (/opt/ros/humble/share/std_srvs/cmake)
[7.663s] -- Configuring done
[7.663s] -- Generating done
[7.663s] -- Build files have been written to: /home/nexium/ros_ws/build/btcpp_ros2_samples
[7.678s] Invoked command in '/home/nexium/ros_ws/build/btcpp_ros2_samples' returned '0': AMENT_PREFIX_PATH=/home/nexium/ros_ws/install/behaviortree_ros2:/home/nexium/ros_ws/install/btcpp_ros2_interfaces:${AMENT_PREFIX_PATH} CMAKE_PREFIX_PATH=/home/nexium/ros_ws/install/behaviortree_ros2:/home/nexium/ros_ws/install/btcpp_ros2_interfaces:/opt/ros/humble LD_LIBRARY_PATH=/home/nexium/ros_ws/install/behaviortree_ros2/lib:/home/nexium/ros_ws/install/btcpp_ros2_interfaces/lib:${LD_LIBRARY_PATH} PYTHONPATH=/home/nexium/ros_ws/install/btcpp_ros2_interfaces/local/lib/python3.10/dist-packages:${PYTHONPATH} /usr/bin/cmake /home/nexium/ros_ws/src/BehaviorTree.ROS2/btcpp_ros2_samples -DCMAKE_BUILD_TYPE=release -DAMENT_CMAKE_SYMLINK_INSTALL=1 -DCMAKE_INSTALL_PREFIX=/home/nexium/ros_ws/install/btcpp_ros2_samples
[7.679s] Invoking command in '/home/nexium/ros_ws/build/btcpp_ros2_samples': AMENT_PREFIX_PATH=/home/nexium/ros_ws/install/behaviortree_ros2:/home/nexium/ros_ws/install/btcpp_ros2_interfaces:${AMENT_PREFIX_PATH} CMAKE_PREFIX_PATH=/home/nexium/ros_ws/install/behaviortree_ros2:/home/nexium/ros_ws/install/btcpp_ros2_interfaces:/opt/ros/humble LD_LIBRARY_PATH=/home/nexium/ros_ws/install/behaviortree_ros2/lib:/home/nexium/ros_ws/install/btcpp_ros2_interfaces/lib:${LD_LIBRARY_PATH} PYTHONPATH=/home/nexium/ros_ws/install/btcpp_ros2_interfaces/local/lib/python3.10/dist-packages:${PYTHONPATH} /usr/bin/cmake --build /home/nexium/ros_ws/build/btcpp_ros2_samples -- -j12 -l12
[8.132s] [  5%] [32mBuilding CXX object CMakeFiles/sample_bt_executor.dir/src/sample_bt_executor.cpp.o[0m
[8.132s] [ 11%] [32mBuilding CXX object CMakeFiles/sleep_plugin.dir/src/sleep_action.cpp.o[0m
[8.132s] [ 16%] [32mBuilding CXX object CMakeFiles/sleep_client.dir/src/sleep_client.cpp.o[0m
[8.132s] [ 22%] [32mBuilding CXX object CMakeFiles/sleep_client.dir/src/sleep_action.cpp.o[0m
[23.269s] [ 27%] [32m[1mLinking CXX executable sleep_client[0m
[23.654s] [ 27%] Built target sleep_client
[24.053s] [ 33%] [32m[1mLinking CXX shared library libsleep_plugin.so[0m
[24.325s] [ 33%] Built target sleep_plugin
[32.072s] [ 38%] [32m[1mLinking CXX executable sample_bt_executor[0m
[32.443s] [ 38%] Built target sample_bt_executor
[32.477s] [ 44%] [32mBuilding CXX object CMakeFiles/sleep_client_dyn.dir/src/sleep_client.cpp.o[0m
[32.480s] [ 50%] [32mBuilding CXX object CMakeFiles/bool_client.dir/src/bool_client.cpp.o[0m
[32.481s] [ 55%] [32mBuilding CXX object CMakeFiles/bool_server.dir/src/bool_server.cpp.o[0m
[32.488s] [ 61%] [32mBuilding CXX object CMakeFiles/bool_client.dir/src/set_bool_node.cpp.o[0m
[39.565s] [ 66%] [32m[1mLinking CXX executable bool_server[0m
[39.805s] [ 66%] Built target bool_server
[39.863s] [ 72%] [32mBuilding CXX object CMakeFiles/subscriber_test.dir/src/subscriber_test.cpp.o[0m
[44.277s] [ 77%] [32m[1mLinking CXX executable sleep_client_dyn[0m
[44.565s] [ 77%] Built target sleep_client_dyn
[44.600s] [ 83%] [32mBuilding CXX object CMakeFiles/sleep_server.dir/src/sleep_server.cpp.o[0m
[45.818s] [ 88%] [32m[1mLinking CXX executable bool_client[0m
[46.109s] [ 88%] Built target bool_client
[56.698s] [ 94%] [32m[1mLinking CXX executable sleep_server[0m
[57.015s] [ 94%] Built target sleep_server
[64.812s] [100%] [32m[1mLinking CXX executable subscriber_test[0m
[65.149s] [100%] Built target subscriber_test
[65.169s] Invoked command in '/home/nexium/ros_ws/build/btcpp_ros2_samples' returned '0': AMENT_PREFIX_PATH=/home/nexium/ros_ws/install/behaviortree_ros2:/home/nexium/ros_ws/install/btcpp_ros2_interfaces:${AMENT_PREFIX_PATH} CMAKE_PREFIX_PATH=/home/nexium/ros_ws/install/behaviortree_ros2:/home/nexium/ros_ws/install/btcpp_ros2_interfaces:/opt/ros/humble LD_LIBRARY_PATH=/home/nexium/ros_ws/install/behaviortree_ros2/lib:/home/nexium/ros_ws/install/btcpp_ros2_interfaces/lib:${LD_LIBRARY_PATH} PYTHONPATH=/home/nexium/ros_ws/install/btcpp_ros2_interfaces/local/lib/python3.10/dist-packages:${PYTHONPATH} /usr/bin/cmake --build /home/nexium/ros_ws/build/btcpp_ros2_samples -- -j12 -l12
[65.172s] Invoking command in '/home/nexium/ros_ws/build/btcpp_ros2_samples': AMENT_PREFIX_PATH=/home/nexium/ros_ws/install/behaviortree_ros2:/home/nexium/ros_ws/install/btcpp_ros2_interfaces:${AMENT_PREFIX_PATH} CMAKE_PREFIX_PATH=/home/nexium/ros_ws/install/behaviortree_ros2:/home/nexium/ros_ws/install/btcpp_ros2_interfaces:/opt/ros/humble LD_LIBRARY_PATH=/home/nexium/ros_ws/install/behaviortree_ros2/lib:/home/nexium/ros_ws/install/btcpp_ros2_interfaces/lib:${LD_LIBRARY_PATH} PYTHONPATH=/home/nexium/ros_ws/install/btcpp_ros2_interfaces/local/lib/python3.10/dist-packages:${PYTHONPATH} /usr/bin/cmake --install /home/nexium/ros_ws/build/btcpp_ros2_samples
[65.183s] -- Install configuration: "release"
[65.184s] -- Execute custom install script
[65.184s] -- Symlinking: /home/nexium/ros_ws/install/btcpp_ros2_samples/lib/btcpp_ros2_samples/sleep_client
[65.203s] -- Symlinking: /home/nexium/ros_ws/install/btcpp_ros2_samples/lib/btcpp_ros2_samples/sleep_client_dyn
[65.212s] -- Symlinking: /home/nexium/ros_ws/install/btcpp_ros2_samples/lib/btcpp_ros2_samples/sleep_server
[65.225s] -- Symlinking: /home/nexium/ros_ws/install/btcpp_ros2_samples/lib/btcpp_ros2_samples/libsleep_plugin.so
[65.239s] -- Symlinking: /home/nexium/ros_ws/install/btcpp_ros2_samples/lib/btcpp_ros2_samples/subscriber_test
[65.252s] -- Symlinking: /home/nexium/ros_ws/install/btcpp_ros2_samples/lib/btcpp_ros2_samples/sample_bt_executor
[65.265s] -- Symlinking: /home/nexium/ros_ws/install/btcpp_ros2_samples/lib/btcpp_ros2_samples/bool_client
[65.277s] -- Symlinking: /home/nexium/ros_ws/install/btcpp_ros2_samples/lib/btcpp_ros2_samples/bool_server
[65.290s] -- Symlinking: /home/nexium/ros_ws/install/btcpp_ros2_samples/share/btcpp_ros2_samples/bt_plugins/libsleep_plugin.so
[65.304s] -- Symlinking: /home/nexium/ros_ws/install/btcpp_ros2_samples/share/btcpp_ros2_samples//behavior_trees/cross_door.xml
[65.318s] -- Symlinking: /home/nexium/ros_ws/install/btcpp_ros2_samples/share/btcpp_ros2_samples//behavior_trees/door_closed.xml
[65.332s] -- Symlinking: /home/nexium/ros_ws/install/btcpp_ros2_samples/share/btcpp_ros2_samples//behavior_trees/sleep_action.xml
[65.346s] -- Symlinking: /home/nexium/ros_ws/install/btcpp_ros2_samples/share/btcpp_ros2_samples//config/sample_bt_executor.yaml
[65.358s] -- Symlinking: /home/nexium/ros_ws/install/btcpp_ros2_samples/share/btcpp_ros2_samples//launch/sample_bt_executor.launch.xml
[65.372s] -- Symlinking: /home/nexium/ros_ws/install/btcpp_ros2_samples/share/ament_index/resource_index/package_run_dependencies/btcpp_ros2_samples
[65.386s] -- Symlinking: /home/nexium/ros_ws/install/btcpp_ros2_samples/share/ament_index/resource_index/parent_prefix_path/btcpp_ros2_samples
[65.399s] -- Symlinking: /home/nexium/ros_ws/install/btcpp_ros2_samples/share/btcpp_ros2_samples/environment/ament_prefix_path.sh
[65.413s] -- Symlinking: /home/nexium/ros_ws/install/btcpp_ros2_samples/share/btcpp_ros2_samples/environment/ament_prefix_path.dsv
[65.427s] -- Symlinking: /home/nexium/ros_ws/install/btcpp_ros2_samples/share/btcpp_ros2_samples/environment/path.sh
[65.441s] -- Symlinking: /home/nexium/ros_ws/install/btcpp_ros2_samples/share/btcpp_ros2_samples/environment/path.dsv
[65.456s] -- Symlinking: /home/nexium/ros_ws/install/btcpp_ros2_samples/share/btcpp_ros2_samples/local_setup.bash
[65.469s] -- Symlinking: /home/nexium/ros_ws/install/btcpp_ros2_samples/share/btcpp_ros2_samples/local_setup.sh
[65.482s] -- Symlinking: /home/nexium/ros_ws/install/btcpp_ros2_samples/share/btcpp_ros2_samples/local_setup.zsh
[65.494s] -- Symlinking: /home/nexium/ros_ws/install/btcpp_ros2_samples/share/btcpp_ros2_samples/local_setup.dsv
[65.507s] -- Symlinking: /home/nexium/ros_ws/install/btcpp_ros2_samples/share/btcpp_ros2_samples/package.dsv
[65.520s] -- Symlinking: /home/nexium/ros_ws/install/btcpp_ros2_samples/share/ament_index/resource_index/packages/btcpp_ros2_samples
[65.537s] -- Symlinking: /home/nexium/ros_ws/install/btcpp_ros2_samples/share/btcpp_ros2_samples/cmake/ament_cmake_export_dependencies-extras.cmake
[65.546s] -- Symlinking: /home/nexium/ros_ws/install/btcpp_ros2_samples/share/btcpp_ros2_samples/cmake/btcpp_ros2_samplesConfig.cmake
[65.559s] -- Symlinking: /home/nexium/ros_ws/install/btcpp_ros2_samples/share/btcpp_ros2_samples/cmake/btcpp_ros2_samplesConfig-version.cmake
[65.572s] -- Symlinking: /home/nexium/ros_ws/install/btcpp_ros2_samples/share/btcpp_ros2_samples/package.xml
[65.588s] Invoked command in '/home/nexium/ros_ws/build/btcpp_ros2_samples' returned '0': AMENT_PREFIX_PATH=/home/nexium/ros_ws/install/behaviortree_ros2:/home/nexium/ros_ws/install/btcpp_ros2_interfaces:${AMENT_PREFIX_PATH} CMAKE_PREFIX_PATH=/home/nexium/ros_ws/install/behaviortree_ros2:/home/nexium/ros_ws/install/btcpp_ros2_interfaces:/opt/ros/humble LD_LIBRARY_PATH=/home/nexium/ros_ws/install/behaviortree_ros2/lib:/home/nexium/ros_ws/install/btcpp_ros2_interfaces/lib:${LD_LIBRARY_PATH} PYTHONPATH=/home/nexium/ros_ws/install/btcpp_ros2_interfaces/local/lib/python3.10/dist-packages:${PYTHONPATH} /usr/bin/cmake --install /home/nexium/ros_ws/build/btcpp_ros2_samples
