[35m[1mConsolidate compiler generated dependencies of target gtest_main[0m
[35m[1mConsolidate compiler generated dependencies of target gtest[0m
[35m[1mConsolidate compiler generated dependencies of target rmoss_util[0m
[ 15%] Built target gtest_main
[ 30%] Built target gtest
[ 84%] Built target rmoss_util
[35m[1mConsolidate compiler generated dependencies of target test_url_resolve[0m
[100%] Built target test_url_resolve
-- Install configuration: "release"
-- Execute custom install script
-- Up-to-date symlink: /home/nexium/ros_ws/install/rmoss_util/include/rmoss_util/debug.hpp
-- Up-to-date symlink: /home/nexium/ros_ws/install/rmoss_util/include/rmoss_util/image_utils.hpp
-- Up-to-date symlink: /home/nexium/ros_ws/install/rmoss_util/include/rmoss_util/mono_measure_tool.hpp
-- Up-to-date symlink: /home/nexium/ros_ws/install/rmoss_util/include/rmoss_util/task_manager.hpp
-- Up-to-date symlink: /home/nexium/ros_ws/install/rmoss_util/include/rmoss_util/time_utils.hpp
-- Up-to-date symlink: /home/nexium/ros_ws/install/rmoss_util/include/rmoss_util/url_resolver.hpp
-- Up-to-date symlink: /home/nexium/ros_ws/install/rmoss_util/share/rmoss_util/environment/library_path.sh
-- Up-to-date symlink: /home/nexium/ros_ws/install/rmoss_util/share/rmoss_util/environment/library_path.dsv
-- Up-to-date symlink: /home/nexium/ros_ws/install/rmoss_util/share/ament_index/resource_index/package_run_dependencies/rmoss_util
-- Up-to-date symlink: /home/nexium/ros_ws/install/rmoss_util/share/ament_index/resource_index/parent_prefix_path/rmoss_util
-- Up-to-date symlink: /home/nexium/ros_ws/install/rmoss_util/share/rmoss_util/environment/ament_prefix_path.sh
-- Up-to-date symlink: /home/nexium/ros_ws/install/rmoss_util/share/rmoss_util/environment/ament_prefix_path.dsv
-- Up-to-date symlink: /home/nexium/ros_ws/install/rmoss_util/share/rmoss_util/environment/path.sh
-- Up-to-date symlink: /home/nexium/ros_ws/install/rmoss_util/share/rmoss_util/environment/path.dsv
-- Up-to-date symlink: /home/nexium/ros_ws/install/rmoss_util/share/rmoss_util/local_setup.bash
-- Up-to-date symlink: /home/nexium/ros_ws/install/rmoss_util/share/rmoss_util/local_setup.sh
-- Up-to-date symlink: /home/nexium/ros_ws/install/rmoss_util/share/rmoss_util/local_setup.zsh
-- Up-to-date symlink: /home/nexium/ros_ws/install/rmoss_util/share/rmoss_util/local_setup.dsv
-- Symlinking: /home/nexium/ros_ws/install/rmoss_util/share/rmoss_util/package.dsv
-- Up-to-date symlink: /home/nexium/ros_ws/install/rmoss_util/share/ament_index/resource_index/packages/rmoss_util
-- Up-to-date symlink: /home/nexium/ros_ws/install/rmoss_util/share/rmoss_util/cmake/ament_cmake_export_targets-extras.cmake
-- Up-to-date symlink: /home/nexium/ros_ws/install/rmoss_util/share/rmoss_util/cmake/ament_cmake_export_dependencies-extras.cmake
-- Up-to-date symlink: /home/nexium/ros_ws/install/rmoss_util/share/rmoss_util/cmake/rmoss_utilConfig.cmake
-- Up-to-date symlink: /home/nexium/ros_ws/install/rmoss_util/share/rmoss_util/cmake/rmoss_utilConfig-version.cmake
-- Up-to-date symlink: /home/nexium/ros_ws/install/rmoss_util/share/rmoss_util/package.xml
-- Up-to-date: /home/nexium/ros_ws/install/rmoss_util/lib/librmoss_util.so
-- Up-to-date: /home/nexium/ros_ws/install/rmoss_util/share/rmoss_util/cmake/rmoss_utilExport.cmake
-- Up-to-date: /home/nexium/ros_ws/install/rmoss_util/share/rmoss_util/cmake/rmoss_utilExport-release.cmake
