[0.062s] Invoking command in '/home/nexium/ros_ws/build/rmoss_util': AMENT_PREFIX_PATH=/home/nexium/ros_ws/install/rmoss_interfaces:${AMENT_PREFIX_PATH} CMAKE_PREFIX_PATH=/home/nexium/ros_ws/install/rmoss_interfaces:/opt/ros/humble LD_LIBRARY_PATH=/home/nexium/ros_ws/install/rmoss_interfaces/lib:${LD_LIBRARY_PATH} PYTHONPATH=/home/nexium/ros_ws/install/rmoss_interfaces/local/lib/python3.10/dist-packages:${PYTHONPATH} /usr/bin/cmake --build /home/nexium/ros_ws/build/rmoss_util -- -j12 -l12
[0.114s] [35m[1mConsolidate compiler generated dependencies of target gtest_main[0m
[0.114s] [35m[1mConsolidate compiler generated dependencies of target gtest[0m
[0.114s] [35m[1mConsolidate compiler generated dependencies of target rmoss_util[0m
[0.128s] [ 15%] Built target gtest_main
[0.137s] [ 30%] Built target gtest
[0.148s] [ 84%] Built target rmoss_util
[0.174s] [35m[1mConsolidate compiler generated dependencies of target test_url_resolve[0m
[0.184s] [100%] Built target test_url_resolve
[0.244s] Invoked command in '/home/nexium/ros_ws/build/rmoss_util' returned '0': AMENT_PREFIX_PATH=/home/nexium/ros_ws/install/rmoss_interfaces:${AMENT_PREFIX_PATH} CMAKE_PREFIX_PATH=/home/nexium/ros_ws/install/rmoss_interfaces:/opt/ros/humble LD_LIBRARY_PATH=/home/nexium/ros_ws/install/rmoss_interfaces/lib:${LD_LIBRARY_PATH} PYTHONPATH=/home/nexium/ros_ws/install/rmoss_interfaces/local/lib/python3.10/dist-packages:${PYTHONPATH} /usr/bin/cmake --build /home/nexium/ros_ws/build/rmoss_util -- -j12 -l12
[0.245s] Invoking command in '/home/nexium/ros_ws/build/rmoss_util': AMENT_PREFIX_PATH=/home/nexium/ros_ws/install/rmoss_interfaces:${AMENT_PREFIX_PATH} CMAKE_PREFIX_PATH=/home/nexium/ros_ws/install/rmoss_interfaces:/opt/ros/humble LD_LIBRARY_PATH=/home/nexium/ros_ws/install/rmoss_interfaces/lib:${LD_LIBRARY_PATH} PYTHONPATH=/home/nexium/ros_ws/install/rmoss_interfaces/local/lib/python3.10/dist-packages:${PYTHONPATH} /usr/bin/cmake --install /home/nexium/ros_ws/build/rmoss_util
[0.268s] -- Install configuration: "release"
[0.268s] -- Execute custom install script
[0.268s] -- Up-to-date symlink: /home/nexium/ros_ws/install/rmoss_util/include/rmoss_util/debug.hpp
[0.268s] -- Up-to-date symlink: /home/nexium/ros_ws/install/rmoss_util/include/rmoss_util/image_utils.hpp
[0.268s] -- Up-to-date symlink: /home/nexium/ros_ws/install/rmoss_util/include/rmoss_util/mono_measure_tool.hpp
[0.268s] -- Up-to-date symlink: /home/nexium/ros_ws/install/rmoss_util/include/rmoss_util/task_manager.hpp
[0.268s] -- Up-to-date symlink: /home/nexium/ros_ws/install/rmoss_util/include/rmoss_util/time_utils.hpp
[0.268s] -- Up-to-date symlink: /home/nexium/ros_ws/install/rmoss_util/include/rmoss_util/url_resolver.hpp
[0.268s] -- Up-to-date symlink: /home/nexium/ros_ws/install/rmoss_util/share/rmoss_util/environment/library_path.sh
[0.268s] -- Up-to-date symlink: /home/nexium/ros_ws/install/rmoss_util/share/rmoss_util/environment/library_path.dsv
[0.268s] -- Up-to-date symlink: /home/nexium/ros_ws/install/rmoss_util/share/ament_index/resource_index/package_run_dependencies/rmoss_util
[0.268s] -- Up-to-date symlink: /home/nexium/ros_ws/install/rmoss_util/share/ament_index/resource_index/parent_prefix_path/rmoss_util
[0.268s] -- Up-to-date symlink: /home/nexium/ros_ws/install/rmoss_util/share/rmoss_util/environment/ament_prefix_path.sh
[0.268s] -- Up-to-date symlink: /home/nexium/ros_ws/install/rmoss_util/share/rmoss_util/environment/ament_prefix_path.dsv
[0.268s] -- Up-to-date symlink: /home/nexium/ros_ws/install/rmoss_util/share/rmoss_util/environment/path.sh
[0.268s] -- Up-to-date symlink: /home/nexium/ros_ws/install/rmoss_util/share/rmoss_util/environment/path.dsv
[0.269s] -- Up-to-date symlink: /home/nexium/ros_ws/install/rmoss_util/share/rmoss_util/local_setup.bash
[0.269s] -- Up-to-date symlink: /home/nexium/ros_ws/install/rmoss_util/share/rmoss_util/local_setup.sh
[0.269s] -- Up-to-date symlink: /home/nexium/ros_ws/install/rmoss_util/share/rmoss_util/local_setup.zsh
[0.269s] -- Up-to-date symlink: /home/nexium/ros_ws/install/rmoss_util/share/rmoss_util/local_setup.dsv
[0.269s] -- Symlinking: /home/nexium/ros_ws/install/rmoss_util/share/rmoss_util/package.dsv
[0.270s] -- Up-to-date symlink: /home/nexium/ros_ws/install/rmoss_util/share/ament_index/resource_index/packages/rmoss_util
[0.270s] -- Up-to-date symlink: /home/nexium/ros_ws/install/rmoss_util/share/rmoss_util/cmake/ament_cmake_export_targets-extras.cmake
[0.270s] -- Up-to-date symlink: /home/nexium/ros_ws/install/rmoss_util/share/rmoss_util/cmake/ament_cmake_export_dependencies-extras.cmake
[0.270s] -- Up-to-date symlink: /home/nexium/ros_ws/install/rmoss_util/share/rmoss_util/cmake/rmoss_utilConfig.cmake
[0.270s] -- Up-to-date symlink: /home/nexium/ros_ws/install/rmoss_util/share/rmoss_util/cmake/rmoss_utilConfig-version.cmake
[0.270s] -- Up-to-date symlink: /home/nexium/ros_ws/install/rmoss_util/share/rmoss_util/package.xml
[0.270s] -- Up-to-date: /home/nexium/ros_ws/install/rmoss_util/lib/librmoss_util.so
[0.270s] -- Up-to-date: /home/nexium/ros_ws/install/rmoss_util/share/rmoss_util/cmake/rmoss_utilExport.cmake
[0.270s] -- Up-to-date: /home/nexium/ros_ws/install/rmoss_util/share/rmoss_util/cmake/rmoss_utilExport-release.cmake
[0.294s] Invoked command in '/home/nexium/ros_ws/build/rmoss_util' returned '0': AMENT_PREFIX_PATH=/home/nexium/ros_ws/install/rmoss_interfaces:${AMENT_PREFIX_PATH} CMAKE_PREFIX_PATH=/home/nexium/ros_ws/install/rmoss_interfaces:/opt/ros/humble LD_LIBRARY_PATH=/home/nexium/ros_ws/install/rmoss_interfaces/lib:${LD_LIBRARY_PATH} PYTHONPATH=/home/nexium/ros_ws/install/rmoss_interfaces/local/lib/python3.10/dist-packages:${PYTHONPATH} /usr/bin/cmake --install /home/nexium/ros_ws/build/rmoss_util
