[0.017s] Invoking command in '/home/nexium/ros_ws/build/rmoss_cam': AMENT_PREFIX_PATH=/home/nexium/ros_ws/install/rmoss_util:/home/nexium/ros_ws/install/rmoss_interfaces:${AMENT_PREFIX_PATH} CMAKE_PREFIX_PATH=/home/nexium/ros_ws/install/rmoss_util:/home/nexium/ros_ws/install/rmoss_interfaces:/opt/ros/humble LD_LIBRARY_PATH=/home/nexium/ros_ws/install/rmoss_util/lib:/home/nexium/ros_ws/install/rmoss_interfaces/lib:${LD_LIBRARY_PATH} PYTHONPATH=/home/nexium/ros_ws/install/rmoss_interfaces/local/lib/python3.10/dist-packages:${PYTHONPATH} /usr/bin/cmake /home/nexium/ros_ws/src/rmoss_core/rmoss_cam -DCMAKE_BUILD_TYPE=release -DAMENT_CMAKE_SYMLINK_INSTALL=1 -DCMAKE_INSTALL_PREFIX=/home/nexium/ros_ws/install/rmoss_cam
[21.698s] -- The C compiler identification is GNU 11.4.0
[21.698s] -- The CXX compiler identification is GNU 11.4.0
[21.698s] -- Detecting C compiler ABI info
[21.699s] -- Detecting C compiler ABI info - done
[21.699s] -- Check for working C compiler: /usr/bin/cc - skipped
[21.699s] -- Detecting C compile features
[21.699s] -- Detecting C compile features - done
[21.699s] -- Detecting CXX compiler ABI info
[21.699s] -- Detecting CXX compiler ABI info - done
[21.699s] -- Check for working CXX compiler: /usr/bin/c++ - skipped
[21.699s] -- Detecting CXX compile features
[21.699s] -- Detecting CXX compile features - done
[21.699s] -- Found ament_cmake: 1.3.12 (/opt/ros/humble/share/ament_cmake/cmake)
[21.699s] -- Found Python3: /usr/bin/python3 (found version "3.10.12") found components: Interpreter 
[21.699s] -- Override CMake install command with custom implementation using symlinks instead of copying resources
[21.699s] -- Found rclcpp: 16.0.17 (/opt/ros/humble/share/rclcpp/cmake)
[21.699s] -- Found rosidl_generator_c: 3.1.8 (/opt/ros/humble/share/rosidl_generator_c/cmake)
[21.699s] -- Found rosidl_adapter: 3.1.8 (/opt/ros/humble/share/rosidl_adapter/cmake)
[21.699s] -- Found rosidl_generator_cpp: 3.1.8 (/opt/ros/humble/share/rosidl_generator_cpp/cmake)
[21.699s] -- Using all available rosidl_typesupport_c: rosidl_typesupport_fastrtps_c;rosidl_typesupport_introspection_c
[21.700s] -- Using all available rosidl_typesupport_cpp: rosidl_typesupport_fastrtps_cpp;rosidl_typesupport_introspection_cpp
[21.700s] -- Found rmw_implementation_cmake: 6.1.2 (/opt/ros/humble/share/rmw_implementation_cmake/cmake)
[21.700s] -- Found rmw_fastrtps_cpp: 6.2.9 (/opt/ros/humble/share/rmw_fastrtps_cpp/cmake)
[21.700s] -- Found OpenSSL: /usr/lib/x86_64-linux-gnu/libcrypto.so (found version "3.0.2")  
[21.700s] -- Found FastRTPS: /opt/ros/humble/include  
[21.700s] -- Using RMW implementation 'rmw_fastrtps_cpp' as default
[21.700s] -- Looking for pthread.h
[21.700s] -- Looking for pthread.h - found
[21.700s] -- Performing Test CMAKE_HAVE_LIBC_PTHREAD
[21.700s] -- Performing Test CMAKE_HAVE_LIBC_PTHREAD - Success
[21.700s] -- Found Threads: TRUE  
[21.700s] -- Found rclcpp_components: 16.0.17 (/opt/ros/humble/share/rclcpp_components/cmake)
[21.700s] -- Found sensor_msgs: 4.9.0 (/opt/ros/humble/share/sensor_msgs/cmake)
[21.704s] -- Found rmoss_interfaces: 0.9.0 (/home/nexium/ros_ws/install/rmoss_interfaces/share/rmoss_interfaces/cmake)
[21.704s] -- Found rmoss_util: 0.9.0 (/home/nexium/ros_ws/install/rmoss_util/share/rmoss_util/cmake)
[21.704s] -- Found camera_info_manager: 3.1.12 (/opt/ros/humble/share/camera_info_manager/cmake)
[21.704s] -- Found OpenCV: /usr (found version "4.5.4") 
[21.704s] -- Found ament_lint_auto: 0.12.14 (/opt/ros/humble/share/ament_lint_auto/cmake)
[21.704s] -- Found ament_cmake_gtest: 1.3.12 (/opt/ros/humble/share/ament_cmake_gtest/cmake)
[21.704s] -- Found gtest sources under '/opt/ros/humble/src/gtest_vendor': C++ tests using 'Google Test' will be built
[21.704s] -- Added test 'copyright' to check source files copyright and LICENSE
[21.704s] -- Added test 'cppcheck' to perform static code analysis on C / C++ code
[21.704s] -- Configured cppcheck include dirs: /home/nexium/ros_ws/src/rmoss_core/rmoss_cam/include
[21.704s] -- Configured cppcheck exclude dirs and/or files: 
[21.704s] -- Added test 'cpplint' to check C / C++ code against the Google style
[21.704s] -- Configured cpplint exclude dirs and/or files: 
[21.704s] -- Added test 'flake8' to check Python code syntax and style conventions
[21.705s] -- Added test 'lint_cmake' to check CMake code style
[21.705s] -- Added test 'pep257' to check Python code against some of the docstring style conventions in PEP 257
[21.705s] -- Added test 'uncrustify' to check C / C++ code style
[21.705s] -- Configured uncrustify additional arguments: 
[21.705s] -- Added test 'xmllint' to check XML markup files
[21.705s] -- Configuring done
[21.705s] -- Generating done
[21.705s] -- Build files have been written to: /home/nexium/ros_ws/build/rmoss_cam
[21.736s] Invoked command in '/home/nexium/ros_ws/build/rmoss_cam' returned '0': AMENT_PREFIX_PATH=/home/nexium/ros_ws/install/rmoss_util:/home/nexium/ros_ws/install/rmoss_interfaces:${AMENT_PREFIX_PATH} CMAKE_PREFIX_PATH=/home/nexium/ros_ws/install/rmoss_util:/home/nexium/ros_ws/install/rmoss_interfaces:/opt/ros/humble LD_LIBRARY_PATH=/home/nexium/ros_ws/install/rmoss_util/lib:/home/nexium/ros_ws/install/rmoss_interfaces/lib:${LD_LIBRARY_PATH} PYTHONPATH=/home/nexium/ros_ws/install/rmoss_interfaces/local/lib/python3.10/dist-packages:${PYTHONPATH} /usr/bin/cmake /home/nexium/ros_ws/src/rmoss_core/rmoss_cam -DCMAKE_BUILD_TYPE=release -DAMENT_CMAKE_SYMLINK_INSTALL=1 -DCMAKE_INSTALL_PREFIX=/home/nexium/ros_ws/install/rmoss_cam
[21.737s] Invoking command in '/home/nexium/ros_ws/build/rmoss_cam': AMENT_PREFIX_PATH=/home/nexium/ros_ws/install/rmoss_util:/home/nexium/ros_ws/install/rmoss_interfaces:${AMENT_PREFIX_PATH} CMAKE_PREFIX_PATH=/home/nexium/ros_ws/install/rmoss_util:/home/nexium/ros_ws/install/rmoss_interfaces:/opt/ros/humble LD_LIBRARY_PATH=/home/nexium/ros_ws/install/rmoss_util/lib:/home/nexium/ros_ws/install/rmoss_interfaces/lib:${LD_LIBRARY_PATH} PYTHONPATH=/home/nexium/ros_ws/install/rmoss_interfaces/local/lib/python3.10/dist-packages:${PYTHONPATH} /usr/bin/cmake --build /home/nexium/ros_ws/build/rmoss_cam -- -j12 -l12
[27.337s] [  3%] [32mBuilding CXX object CMakeFiles/rmoss_cam.dir/src/cam_server.cpp.o[0m
[32.945s] [  7%] [32mBuilding CXX object CMakeFiles/rmoss_cam.dir/src/cam_client.cpp.o[0m
[52.228s] [ 11%] [32m[1mLinking CXX shared library librmoss_cam.so[0m
[52.439s] [ 11%] Built target rmoss_cam
[52.466s] [ 22%] [32mBuilding CXX object gtest/CMakeFiles/gtest.dir/src/gtest-all.cc.o[0m
[52.466s] [ 22%] [32mBuilding CXX object CMakeFiles/image_task_demo.dir/rclcpp_components/node_main_image_task_demo.cpp.o[0m
[52.466s] [ 22%] [32mBuilding CXX object gtest/CMakeFiles/gtest_main.dir/src/gtest_main.cc.o[0m
[53.407s] [ 25%] [32m[1mLinking CXX static library libgtest_main.a[0m
[53.557s] [ 25%] Built target gtest_main
[53.592s] [ 29%] [32mBuilding CXX object CMakeFiles/image_task_demo_component.dir/src/image_task_demo_node.cpp.o[0m
[58.343s] [ 33%] [32m[1mLinking CXX executable image_task_demo[0m
[58.573s] [ 33%] Built target image_task_demo
[58.609s] [ 37%] [32mBuilding CXX object CMakeFiles/virtual_cam_component.dir/src/virtual_cam/virtual_cam.cpp.o[0m
[58.625s] [ 40%] [32mBuilding CXX object CMakeFiles/virtual_cam_component.dir/src/virtual_cam/virtual_cam_node.cpp.o[0m
[64.157s] [ 44%] [32m[1mLinking CXX shared library libimage_task_demo_component.so[0m
[64.425s] [ 44%] Built target image_task_demo_component
[64.460s] [ 48%] [32mBuilding CXX object CMakeFiles/usb_cam_component.dir/src/usb_cam/usb_cam_node.cpp.o[0m
[64.469s] [ 51%] [32mBuilding CXX object CMakeFiles/usb_cam_component.dir/src/usb_cam/usb_cam.cpp.o[0m
[65.167s] [ 55%] [32m[1mLinking CXX static library libgtest.a[0m
[65.276s] [ 55%] Built target gtest
[65.310s] [ 59%] [32mBuilding CXX object CMakeFiles/virtual_cam.dir/rclcpp_components/node_main_virtual_cam.cpp.o[0m
[68.519s] [ 62%] [32m[1mLinking CXX shared library libvirtual_cam_component.so[0m
[68.799s] [ 62%] Built target virtual_cam_component
[68.831s] [ 66%] [32mBuilding CXX object test/CMakeFiles/test_cam_client.dir/test_cam_client.cpp.o[0m
[71.275s] [ 70%] [32m[1mLinking CXX executable virtual_cam[0m
[71.478s] [ 70%] Built target virtual_cam
[71.513s] [ 74%] [32mBuilding CXX object CMakeFiles/benchmark_test.dir/src/benchmark_test_main.cpp.o[0m
[73.484s] [ 77%] [32m[1mLinking CXX shared library libusb_cam_component.so[0m
[73.759s] [ 77%] Built target usb_cam_component
[73.823s] [ 81%] [32mBuilding CXX object CMakeFiles/usb_cam.dir/rclcpp_components/node_main_usb_cam.cpp.o[0m
[73.827s] [ 85%] [32mBuilding CXX object test/CMakeFiles/test_cam_server.dir/test_cam_server.cpp.o[0m
[79.943s] [ 88%] [32m[1mLinking CXX executable test_cam_client[0m
[80.349s] [ 88%] Built target test_cam_client
[80.613s] [ 92%] [32m[1mLinking CXX executable usb_cam[0m
[80.845s] [ 92%] Built target usb_cam
[81.683s] [ 96%] [32m[1mLinking CXX executable benchmark_test[0m
[82.357s] [ 96%] Built target benchmark_test
[85.109s] [100%] [32m[1mLinking CXX executable test_cam_server[0m
[85.406s] [100%] Built target test_cam_server
[85.428s] Invoked command in '/home/nexium/ros_ws/build/rmoss_cam' returned '0': AMENT_PREFIX_PATH=/home/nexium/ros_ws/install/rmoss_util:/home/nexium/ros_ws/install/rmoss_interfaces:${AMENT_PREFIX_PATH} CMAKE_PREFIX_PATH=/home/nexium/ros_ws/install/rmoss_util:/home/nexium/ros_ws/install/rmoss_interfaces:/opt/ros/humble LD_LIBRARY_PATH=/home/nexium/ros_ws/install/rmoss_util/lib:/home/nexium/ros_ws/install/rmoss_interfaces/lib:${LD_LIBRARY_PATH} PYTHONPATH=/home/nexium/ros_ws/install/rmoss_interfaces/local/lib/python3.10/dist-packages:${PYTHONPATH} /usr/bin/cmake --build /home/nexium/ros_ws/build/rmoss_cam -- -j12 -l12
[85.430s] Invoking command in '/home/nexium/ros_ws/build/rmoss_cam': AMENT_PREFIX_PATH=/home/nexium/ros_ws/install/rmoss_util:/home/nexium/ros_ws/install/rmoss_interfaces:${AMENT_PREFIX_PATH} CMAKE_PREFIX_PATH=/home/nexium/ros_ws/install/rmoss_util:/home/nexium/ros_ws/install/rmoss_interfaces:/opt/ros/humble LD_LIBRARY_PATH=/home/nexium/ros_ws/install/rmoss_util/lib:/home/nexium/ros_ws/install/rmoss_interfaces/lib:${LD_LIBRARY_PATH} PYTHONPATH=/home/nexium/ros_ws/install/rmoss_interfaces/local/lib/python3.10/dist-packages:${PYTHONPATH} /usr/bin/cmake --install /home/nexium/ros_ws/build/rmoss_cam
[85.442s] -- Install configuration: "release"
[85.442s] -- Execute custom install script
[85.443s] -- Symlinking: /home/nexium/ros_ws/install/rmoss_cam/lib/rmoss_cam/usb_cam
[85.459s] -- Symlinking: /home/nexium/ros_ws/install/rmoss_cam/lib/rmoss_cam/virtual_cam
[85.474s] -- Symlinking: /home/nexium/ros_ws/install/rmoss_cam/lib/rmoss_cam/image_task_demo
[85.489s] -- Symlinking: /home/nexium/ros_ws/install/rmoss_cam/include/rmoss_cam/cam_client.hpp
[85.505s] -- Symlinking: /home/nexium/ros_ws/install/rmoss_cam/include/rmoss_cam/cam_interface.hpp
[85.520s] -- Symlinking: /home/nexium/ros_ws/install/rmoss_cam/include/rmoss_cam/cam_server.hpp
[85.537s] -- Symlinking: /home/nexium/ros_ws/install/rmoss_cam/include/rmoss_cam/image_task_demo_node.hpp
[85.551s] -- Symlinking: /home/nexium/ros_ws/install/rmoss_cam/include/rmoss_cam/usb_cam.hpp
[85.564s] -- Symlinking: /home/nexium/ros_ws/install/rmoss_cam/include/rmoss_cam/usb_cam_node.hpp
[85.578s] -- Symlinking: /home/nexium/ros_ws/install/rmoss_cam/include/rmoss_cam/virtual_cam.hpp
[85.590s] -- Symlinking: /home/nexium/ros_ws/install/rmoss_cam/include/rmoss_cam/virtual_cam_node.hpp
[85.604s] -- Symlinking: /home/nexium/ros_ws/install/rmoss_cam/lib/rmoss_cam/benchmark_test
[85.619s] -- Symlinking: /home/nexium/ros_ws/install/rmoss_cam/share/rmoss_cam/launch/benchmark.launch.py
[85.638s] -- Symlinking: /home/nexium/ros_ws/install/rmoss_cam/share/rmoss_cam/launch/composition.launch.py
[85.651s] -- Symlinking: /home/nexium/ros_ws/install/rmoss_cam/share/rmoss_cam/launch/usb_cam.launch.py
[85.664s] -- Symlinking: /home/nexium/ros_ws/install/rmoss_cam/share/rmoss_cam/launch/virtual_image_cam.launch.py
[85.677s] -- Symlinking: /home/nexium/ros_ws/install/rmoss_cam/share/rmoss_cam/resource/image_cam_calibration.yaml
[85.689s] -- Symlinking: /home/nexium/ros_ws/install/rmoss_cam/share/rmoss_cam/resource/test.jpg
[85.703s] -- Symlinking: /home/nexium/ros_ws/install/rmoss_cam/share/rmoss_cam/config/cam_params.yaml
[85.716s] -- Symlinking: /home/nexium/ros_ws/install/rmoss_cam/share/rmoss_cam/scripts/task_client.py
[85.733s] -- Symlinking: /home/nexium/ros_ws/install/rmoss_cam/share/ament_index/resource_index/package_run_dependencies/rmoss_cam
[85.742s] -- Symlinking: /home/nexium/ros_ws/install/rmoss_cam/share/ament_index/resource_index/parent_prefix_path/rmoss_cam
[85.756s] -- Symlinking: /home/nexium/ros_ws/install/rmoss_cam/share/rmoss_cam/environment/ament_prefix_path.sh
[85.769s] -- Symlinking: /home/nexium/ros_ws/install/rmoss_cam/share/rmoss_cam/environment/ament_prefix_path.dsv
[85.782s] -- Symlinking: /home/nexium/ros_ws/install/rmoss_cam/share/rmoss_cam/environment/path.sh
[85.796s] -- Symlinking: /home/nexium/ros_ws/install/rmoss_cam/share/rmoss_cam/environment/path.dsv
[85.809s] -- Symlinking: /home/nexium/ros_ws/install/rmoss_cam/share/rmoss_cam/local_setup.bash
[85.821s] -- Symlinking: /home/nexium/ros_ws/install/rmoss_cam/share/rmoss_cam/local_setup.sh
[85.835s] -- Symlinking: /home/nexium/ros_ws/install/rmoss_cam/share/rmoss_cam/local_setup.zsh
[85.848s] -- Symlinking: /home/nexium/ros_ws/install/rmoss_cam/share/rmoss_cam/local_setup.dsv
[85.862s] -- Symlinking: /home/nexium/ros_ws/install/rmoss_cam/share/rmoss_cam/package.dsv
[85.876s] -- Symlinking: /home/nexium/ros_ws/install/rmoss_cam/share/ament_index/resource_index/packages/rmoss_cam
[85.890s] -- Symlinking: /home/nexium/ros_ws/install/rmoss_cam/share/ament_index/resource_index/rclcpp_components/rmoss_cam
[85.905s] -- Symlinking: /home/nexium/ros_ws/install/rmoss_cam/share/rmoss_cam/cmake/ament_cmake_export_targets-extras.cmake
[85.917s] -- Symlinking: /home/nexium/ros_ws/install/rmoss_cam/share/rmoss_cam/cmake/ament_cmake_export_dependencies-extras.cmake
[85.932s] -- Symlinking: /home/nexium/ros_ws/install/rmoss_cam/share/rmoss_cam/cmake/rmoss_camConfig.cmake
[85.944s] -- Symlinking: /home/nexium/ros_ws/install/rmoss_cam/share/rmoss_cam/cmake/rmoss_camConfig-version.cmake
[85.958s] -- Symlinking: /home/nexium/ros_ws/install/rmoss_cam/share/rmoss_cam/package.xml
[85.978s] -- Installing: /home/nexium/ros_ws/install/rmoss_cam/lib/librmoss_cam.so
[85.978s] -- Set runtime path of "/home/nexium/ros_ws/install/rmoss_cam/lib/librmoss_cam.so" to ""
[85.978s] -- Installing: /home/nexium/ros_ws/install/rmoss_cam/lib/libusb_cam_component.so
[85.978s] -- Set runtime path of "/home/nexium/ros_ws/install/rmoss_cam/lib/libusb_cam_component.so" to ""
[85.978s] -- Installing: /home/nexium/ros_ws/install/rmoss_cam/lib/libvirtual_cam_component.so
[85.978s] -- Set runtime path of "/home/nexium/ros_ws/install/rmoss_cam/lib/libvirtual_cam_component.so" to ""
[85.979s] -- Installing: /home/nexium/ros_ws/install/rmoss_cam/lib/libimage_task_demo_component.so
[85.979s] -- Set runtime path of "/home/nexium/ros_ws/install/rmoss_cam/lib/libimage_task_demo_component.so" to ""
[85.979s] -- Installing: /home/nexium/ros_ws/install/rmoss_cam/share/rmoss_cam/cmake/export_rmoss_camExport.cmake
[85.980s] -- Installing: /home/nexium/ros_ws/install/rmoss_cam/share/rmoss_cam/cmake/export_rmoss_camExport-release.cmake
[85.985s] Invoked command in '/home/nexium/ros_ws/build/rmoss_cam' returned '0': AMENT_PREFIX_PATH=/home/nexium/ros_ws/install/rmoss_util:/home/nexium/ros_ws/install/rmoss_interfaces:${AMENT_PREFIX_PATH} CMAKE_PREFIX_PATH=/home/nexium/ros_ws/install/rmoss_util:/home/nexium/ros_ws/install/rmoss_interfaces:/opt/ros/humble LD_LIBRARY_PATH=/home/nexium/ros_ws/install/rmoss_util/lib:/home/nexium/ros_ws/install/rmoss_interfaces/lib:${LD_LIBRARY_PATH} PYTHONPATH=/home/nexium/ros_ws/install/rmoss_interfaces/local/lib/python3.10/dist-packages:${PYTHONPATH} /usr/bin/cmake --install /home/nexium/ros_ws/build/rmoss_cam
