[  7%] Built target usb_cam
[ 18%] Built target rmoss_cam
[ 25%] Built target virtual_cam
[ 33%] Built target gtest
[ 40%] Built target gtest_main
[ 48%] Built target image_task_demo
[ 59%] Built target usb_cam_component
[ 70%] Built target virtual_cam_component
[ 77%] Built target test_cam_client
[ 85%] Built target test_cam_server
[ 92%] Built target image_task_demo_component
[100%] Built target benchmark_test
-- Install configuration: "release"
-- Execute custom install script
-- Up-to-date symlink: /home/nexium/ros_ws/install/rmoss_cam/lib/rmoss_cam/usb_cam
-- Up-to-date symlink: /home/nexium/ros_ws/install/rmoss_cam/lib/rmoss_cam/virtual_cam
-- Up-to-date symlink: /home/nexium/ros_ws/install/rmoss_cam/lib/rmoss_cam/image_task_demo
-- Up-to-date symlink: /home/nexium/ros_ws/install/rmoss_cam/include/rmoss_cam/cam_client.hpp
-- Up-to-date symlink: /home/nexium/ros_ws/install/rmoss_cam/include/rmoss_cam/cam_interface.hpp
-- Up-to-date symlink: /home/nexium/ros_ws/install/rmoss_cam/include/rmoss_cam/cam_server.hpp
-- Up-to-date symlink: /home/nexium/ros_ws/install/rmoss_cam/include/rmoss_cam/image_task_demo_node.hpp
-- Up-to-date symlink: /home/nexium/ros_ws/install/rmoss_cam/include/rmoss_cam/usb_cam.hpp
-- Up-to-date symlink: /home/nexium/ros_ws/install/rmoss_cam/include/rmoss_cam/usb_cam_node.hpp
-- Up-to-date symlink: /home/nexium/ros_ws/install/rmoss_cam/include/rmoss_cam/virtual_cam.hpp
-- Up-to-date symlink: /home/nexium/ros_ws/install/rmoss_cam/include/rmoss_cam/virtual_cam_node.hpp
-- Up-to-date symlink: /home/nexium/ros_ws/install/rmoss_cam/lib/rmoss_cam/benchmark_test
-- Up-to-date symlink: /home/nexium/ros_ws/install/rmoss_cam/share/rmoss_cam/launch/benchmark.launch.py
-- Up-to-date symlink: /home/nexium/ros_ws/install/rmoss_cam/share/rmoss_cam/launch/composition.launch.py
-- Up-to-date symlink: /home/nexium/ros_ws/install/rmoss_cam/share/rmoss_cam/launch/usb_cam.launch.py
-- Up-to-date symlink: /home/nexium/ros_ws/install/rmoss_cam/share/rmoss_cam/launch/virtual_image_cam.launch.py
-- Up-to-date symlink: /home/nexium/ros_ws/install/rmoss_cam/share/rmoss_cam/resource/image_cam_calibration.yaml
-- Up-to-date symlink: /home/nexium/ros_ws/install/rmoss_cam/share/rmoss_cam/resource/test.jpg
-- Up-to-date symlink: /home/nexium/ros_ws/install/rmoss_cam/share/rmoss_cam/config/cam_params.yaml
-- Up-to-date symlink: /home/nexium/ros_ws/install/rmoss_cam/share/rmoss_cam/scripts/task_client.py
-- Up-to-date symlink: /home/nexium/ros_ws/install/rmoss_cam/share/ament_index/resource_index/package_run_dependencies/rmoss_cam
-- Up-to-date symlink: /home/nexium/ros_ws/install/rmoss_cam/share/ament_index/resource_index/parent_prefix_path/rmoss_cam
-- Up-to-date symlink: /home/nexium/ros_ws/install/rmoss_cam/share/rmoss_cam/environment/ament_prefix_path.sh
-- Up-to-date symlink: /home/nexium/ros_ws/install/rmoss_cam/share/rmoss_cam/environment/ament_prefix_path.dsv
-- Up-to-date symlink: /home/nexium/ros_ws/install/rmoss_cam/share/rmoss_cam/environment/path.sh
-- Up-to-date symlink: /home/nexium/ros_ws/install/rmoss_cam/share/rmoss_cam/environment/path.dsv
-- Up-to-date symlink: /home/nexium/ros_ws/install/rmoss_cam/share/rmoss_cam/local_setup.bash
-- Up-to-date symlink: /home/nexium/ros_ws/install/rmoss_cam/share/rmoss_cam/local_setup.sh
-- Up-to-date symlink: /home/nexium/ros_ws/install/rmoss_cam/share/rmoss_cam/local_setup.zsh
-- Up-to-date symlink: /home/nexium/ros_ws/install/rmoss_cam/share/rmoss_cam/local_setup.dsv
-- Symlinking: /home/nexium/ros_ws/install/rmoss_cam/share/rmoss_cam/package.dsv
-- Up-to-date symlink: /home/nexium/ros_ws/install/rmoss_cam/share/ament_index/resource_index/packages/rmoss_cam
-- Up-to-date symlink: /home/nexium/ros_ws/install/rmoss_cam/share/ament_index/resource_index/rclcpp_components/rmoss_cam
-- Up-to-date symlink: /home/nexium/ros_ws/install/rmoss_cam/share/rmoss_cam/cmake/ament_cmake_export_targets-extras.cmake
-- Up-to-date symlink: /home/nexium/ros_ws/install/rmoss_cam/share/rmoss_cam/cmake/ament_cmake_export_dependencies-extras.cmake
-- Up-to-date symlink: /home/nexium/ros_ws/install/rmoss_cam/share/rmoss_cam/cmake/rmoss_camConfig.cmake
-- Up-to-date symlink: /home/nexium/ros_ws/install/rmoss_cam/share/rmoss_cam/cmake/rmoss_camConfig-version.cmake
-- Up-to-date symlink: /home/nexium/ros_ws/install/rmoss_cam/share/rmoss_cam/package.xml
-- Up-to-date: /home/nexium/ros_ws/install/rmoss_cam/lib/librmoss_cam.so
-- Up-to-date: /home/nexium/ros_ws/install/rmoss_cam/lib/libusb_cam_component.so
-- Up-to-date: /home/nexium/ros_ws/install/rmoss_cam/lib/libvirtual_cam_component.so
-- Up-to-date: /home/nexium/ros_ws/install/rmoss_cam/lib/libimage_task_demo_component.so
-- Up-to-date: /home/nexium/ros_ws/install/rmoss_cam/share/rmoss_cam/cmake/export_rmoss_camExport.cmake
-- Up-to-date: /home/nexium/ros_ws/install/rmoss_cam/share/rmoss_cam/cmake/export_rmoss_camExport-release.cmake
