[0.439s] Invoking command in '/home/nexium/ros_ws/build/livox_ros_driver2': CMAKE_PREFIX_PATH=/opt/ros/humble /usr/bin/cmake --build /home/nexium/ros_ws/build/livox_ros_driver2 -- -j12 -l12
[0.486s] [35m[1mConsolidate compiler generated dependencies of target livox_ros_driver2_node[0m
[0.552s] [35m[1mConsolidate compiler generated dependencies of target livox_interfaces2__rosidl_generator_c[0m
[0.560s] [  1%] Built target livox_interfaces2__cpp
[0.604s] [  8%] Built target livox_interfaces2__rosidl_generator_c
[0.604s] [35m[1mConsolidate compiler generated dependencies of target livox_interfaces2__rosidl_typesupport_cpp[0m
[0.606s] [35m[1mConsolidate compiler generated dependencies of target livox_interfaces2__rosidl_typesupport_fastrtps_cpp[0m
[0.607s] [ 12%] Built target livox_ros_driver2_node
[0.608s] [35m[1mConsolidate compiler generated dependencies of target livox_interfaces2__rosidl_typesupport_introspection_cpp[0m
[0.620s] [ 12%] Built target ament_cmake_python_symlink_livox_ros_driver2
[0.621s] [35m[1mConsolidate compiler generated dependencies of target livox_interfaces2__rosidl_typesupport_c[0m
[0.623s] [ 19%] Built target livox_interfaces2__rosidl_typesupport_fastrtps_cpp
[0.623s] [ 26%] Built target livox_interfaces2__rosidl_typesupport_introspection_cpp
[0.623s] [35m[1mConsolidate compiler generated dependencies of target livox_interfaces2__rosidl_typesupport_fastrtps_c[0m
[0.623s] [ 33%] Built target livox_interfaces2__rosidl_typesupport_cpp
[0.623s] [35m[1mConsolidate compiler generated dependencies of target livox_interfaces2__rosidl_typesupport_introspection_c[0m
[0.624s] [ 40%] Built target livox_interfaces2__rosidl_typesupport_c
[0.626s] [ 47%] Built target livox_interfaces2__rosidl_typesupport_introspection_c
[0.626s] [ 54%] Built target livox_interfaces2__rosidl_typesupport_fastrtps_c
[0.626s] [35m[1mConsolidate compiler generated dependencies of target livox_ros_driver2[0m
[0.628s] [ 54%] Built target livox_interfaces2
[0.632s] [ 56%] Built target livox_interfaces2__py
[0.632s] [ 84%] Built target livox_ros_driver2
[0.632s] [35m[1mConsolidate compiler generated dependencies of target livox_interfaces2__rosidl_generator_py[0m
[0.633s] [ 89%] Built target livox_interfaces2__rosidl_generator_py
[0.641s] [35m[1mConsolidate compiler generated dependencies of target livox_ros_driver2__rosidl_typesupport_c__pyext[0m
[0.641s] [35m[1mConsolidate compiler generated dependencies of target livox_ros_driver2__rosidl_typesupport_fastrtps_c__pyext[0m
[0.642s] [35m[1mConsolidate compiler generated dependencies of target livox_ros_driver2__rosidl_typesupport_introspection_c__pyext[0m
[0.651s] [ 92%] Built target livox_ros_driver2__rosidl_typesupport_c__pyext
[0.652s] [ 96%] Built target livox_ros_driver2__rosidl_typesupport_fastrtps_c__pyext
[0.656s] [100%] Built target livox_ros_driver2__rosidl_typesupport_introspection_c__pyext
[0.846s] running egg_info
[0.847s] writing livox_ros_driver2.egg-info/PKG-INFO
[0.847s] writing dependency_links to livox_ros_driver2.egg-info/dependency_links.txt
[0.853s] writing top-level names to livox_ros_driver2.egg-info/top_level.txt
[0.853s] reading manifest file 'livox_ros_driver2.egg-info/SOURCES.txt'
[0.853s] writing manifest file 'livox_ros_driver2.egg-info/SOURCES.txt'
[0.914s] [100%] Built target ament_cmake_python_build_livox_ros_driver2_egg
[0.978s] Invoked command in '/home/nexium/ros_ws/build/livox_ros_driver2' returned '0': CMAKE_PREFIX_PATH=/opt/ros/humble /usr/bin/cmake --build /home/nexium/ros_ws/build/livox_ros_driver2 -- -j12 -l12
[0.980s] Invoking command in '/home/nexium/ros_ws/build/livox_ros_driver2': CMAKE_PREFIX_PATH=/opt/ros/humble /usr/bin/cmake --install /home/nexium/ros_ws/build/livox_ros_driver2
[0.987s] -- Install configuration: "release"
[0.987s] -- Execute custom install script
[0.987s] -- Up-to-date symlink: /home/nexium/ros_ws/install/livox_ros_driver2/share/ament_index/resource_index/rosidl_interfaces/livox_ros_driver2
[0.987s] -- Up-to-date symlink: /home/nexium/ros_ws/install/livox_ros_driver2/include/livox_ros_driver2/livox_ros_driver2/msg/custom_msg.h
[0.988s] -- Up-to-date symlink: /home/nexium/ros_ws/install/livox_ros_driver2/include/livox_ros_driver2/livox_ros_driver2/msg/custom_point.h
[0.988s] -- Up-to-date symlink: /home/nexium/ros_ws/install/livox_ros_driver2/include/livox_ros_driver2/livox_ros_driver2/msg/detail/custom_msg__functions.h
[0.988s] -- Up-to-date symlink: /home/nexium/ros_ws/install/livox_ros_driver2/include/livox_ros_driver2/livox_ros_driver2/msg/detail/custom_msg__struct.h
[0.988s] -- Up-to-date symlink: /home/nexium/ros_ws/install/livox_ros_driver2/include/livox_ros_driver2/livox_ros_driver2/msg/detail/custom_msg__type_support.h
[0.988s] -- Up-to-date symlink: /home/nexium/ros_ws/install/livox_ros_driver2/include/livox_ros_driver2/livox_ros_driver2/msg/detail/custom_point__functions.h
[0.988s] -- Up-to-date symlink: /home/nexium/ros_ws/install/livox_ros_driver2/include/livox_ros_driver2/livox_ros_driver2/msg/detail/custom_point__struct.h
[0.988s] -- Up-to-date symlink: /home/nexium/ros_ws/install/livox_ros_driver2/include/livox_ros_driver2/livox_ros_driver2/msg/detail/custom_point__type_support.h
[0.988s] -- Up-to-date symlink: /home/nexium/ros_ws/install/livox_ros_driver2/include/livox_ros_driver2/livox_ros_driver2/msg/rosidl_generator_c__visibility_control.h
[0.988s] -- Up-to-date symlink: /home/nexium/ros_ws/install/livox_ros_driver2/share/livox_ros_driver2/environment/library_path.sh
[0.988s] -- Up-to-date symlink: /home/nexium/ros_ws/install/livox_ros_driver2/share/livox_ros_driver2/environment/library_path.dsv
[0.988s] -- Up-to-date symlink: /home/nexium/ros_ws/install/livox_ros_driver2/include/livox_ros_driver2/livox_ros_driver2/msg/detail/custom_msg__rosidl_typesupport_fastrtps_c.h
[0.988s] -- Up-to-date symlink: /home/nexium/ros_ws/install/livox_ros_driver2/include/livox_ros_driver2/livox_ros_driver2/msg/detail/custom_point__rosidl_typesupport_fastrtps_c.h
[0.988s] -- Up-to-date symlink: /home/nexium/ros_ws/install/livox_ros_driver2/include/livox_ros_driver2/livox_ros_driver2/msg/rosidl_typesupport_fastrtps_c__visibility_control.h
[0.989s] -- Up-to-date symlink: /home/nexium/ros_ws/install/livox_ros_driver2/include/livox_ros_driver2/livox_ros_driver2/msg/detail/custom_msg__rosidl_typesupport_introspection_c.h
[0.989s] -- Up-to-date symlink: /home/nexium/ros_ws/install/livox_ros_driver2/include/livox_ros_driver2/livox_ros_driver2/msg/detail/custom_point__rosidl_typesupport_introspection_c.h
[0.989s] -- Up-to-date symlink: /home/nexium/ros_ws/install/livox_ros_driver2/include/livox_ros_driver2/livox_ros_driver2/msg/rosidl_typesupport_introspection_c__visibility_control.h
[0.989s] -- Up-to-date symlink: /home/nexium/ros_ws/install/livox_ros_driver2/include/livox_ros_driver2/livox_ros_driver2/msg/custom_msg.hpp
[0.989s] -- Up-to-date symlink: /home/nexium/ros_ws/install/livox_ros_driver2/include/livox_ros_driver2/livox_ros_driver2/msg/custom_point.hpp
[0.989s] -- Up-to-date symlink: /home/nexium/ros_ws/install/livox_ros_driver2/include/livox_ros_driver2/livox_ros_driver2/msg/detail/custom_msg__builder.hpp
[0.989s] -- Up-to-date symlink: /home/nexium/ros_ws/install/livox_ros_driver2/include/livox_ros_driver2/livox_ros_driver2/msg/detail/custom_msg__struct.hpp
[0.989s] -- Up-to-date symlink: /home/nexium/ros_ws/install/livox_ros_driver2/include/livox_ros_driver2/livox_ros_driver2/msg/detail/custom_msg__traits.hpp
[0.989s] -- Up-to-date symlink: /home/nexium/ros_ws/install/livox_ros_driver2/include/livox_ros_driver2/livox_ros_driver2/msg/detail/custom_msg__type_support.hpp
[0.989s] -- Up-to-date symlink: /home/nexium/ros_ws/install/livox_ros_driver2/include/livox_ros_driver2/livox_ros_driver2/msg/detail/custom_point__builder.hpp
[0.989s] -- Up-to-date symlink: /home/nexium/ros_ws/install/livox_ros_driver2/include/livox_ros_driver2/livox_ros_driver2/msg/detail/custom_point__struct.hpp
[0.989s] -- Up-to-date symlink: /home/nexium/ros_ws/install/livox_ros_driver2/include/livox_ros_driver2/livox_ros_driver2/msg/detail/custom_point__traits.hpp
[0.989s] -- Up-to-date symlink: /home/nexium/ros_ws/install/livox_ros_driver2/include/livox_ros_driver2/livox_ros_driver2/msg/detail/custom_point__type_support.hpp
[0.990s] -- Up-to-date symlink: /home/nexium/ros_ws/install/livox_ros_driver2/include/livox_ros_driver2/livox_ros_driver2/msg/rosidl_generator_cpp__visibility_control.hpp
[0.992s] -- Up-to-date symlink: /home/nexium/ros_ws/install/livox_ros_driver2/include/livox_ros_driver2/livox_ros_driver2/msg/detail/custom_msg__rosidl_typesupport_fastrtps_cpp.hpp
[0.993s] -- Up-to-date symlink: /home/nexium/ros_ws/install/livox_ros_driver2/include/livox_ros_driver2/livox_ros_driver2/msg/detail/custom_point__rosidl_typesupport_fastrtps_cpp.hpp
[0.993s] -- Up-to-date symlink: /home/nexium/ros_ws/install/livox_ros_driver2/include/livox_ros_driver2/livox_ros_driver2/msg/rosidl_typesupport_fastrtps_cpp__visibility_control.h
[0.993s] -- Up-to-date symlink: /home/nexium/ros_ws/install/livox_ros_driver2/include/livox_ros_driver2/livox_ros_driver2/msg/detail/custom_msg__rosidl_typesupport_introspection_cpp.hpp
[0.993s] -- Up-to-date symlink: /home/nexium/ros_ws/install/livox_ros_driver2/include/livox_ros_driver2/livox_ros_driver2/msg/detail/custom_point__rosidl_typesupport_introspection_cpp.hpp
[0.994s] -- Up-to-date symlink: /home/nexium/ros_ws/install/livox_ros_driver2/share/livox_ros_driver2/environment/pythonpath.sh
[0.994s] -- Up-to-date symlink: /home/nexium/ros_ws/install/livox_ros_driver2/share/livox_ros_driver2/environment/pythonpath.dsv
[0.996s] -- Up-to-date symlink: /home/nexium/ros_ws/install/livox_ros_driver2/local/lib/python3.10/dist-packages/livox_ros_driver2-1.1.0-py3.10.egg-info/PKG-INFO
[0.997s] -- Up-to-date symlink: /home/nexium/ros_ws/install/livox_ros_driver2/local/lib/python3.10/dist-packages/livox_ros_driver2-1.1.0-py3.10.egg-info/SOURCES.txt
[0.997s] -- Up-to-date symlink: /home/nexium/ros_ws/install/livox_ros_driver2/local/lib/python3.10/dist-packages/livox_ros_driver2-1.1.0-py3.10.egg-info/dependency_links.txt
[0.997s] -- Up-to-date symlink: /home/nexium/ros_ws/install/livox_ros_driver2/local/lib/python3.10/dist-packages/livox_ros_driver2-1.1.0-py3.10.egg-info/top_level.txt
[0.998s] -- Up-to-date symlink: /home/nexium/ros_ws/install/livox_ros_driver2/local/lib/python3.10/dist-packages/livox_ros_driver2/__init__.py
[0.999s] -- Up-to-date symlink: /home/nexium/ros_ws/install/livox_ros_driver2/local/lib/python3.10/dist-packages/livox_ros_driver2/_livox_ros_driver2_s.ep.rosidl_typesupport_c.c
[0.999s] -- Up-to-date symlink: /home/nexium/ros_ws/install/livox_ros_driver2/local/lib/python3.10/dist-packages/livox_ros_driver2/_livox_ros_driver2_s.ep.rosidl_typesupport_fastrtps_c.c
[0.999s] -- Up-to-date symlink: /home/nexium/ros_ws/install/livox_ros_driver2/local/lib/python3.10/dist-packages/livox_ros_driver2/_livox_ros_driver2_s.ep.rosidl_typesupport_introspection_c.c
[0.999s] -- Up-to-date symlink: /home/nexium/ros_ws/install/livox_ros_driver2/local/lib/python3.10/dist-packages/livox_ros_driver2/liblivox_interfaces2__rosidl_generator_py.so
[0.999s] -- Up-to-date symlink: /home/nexium/ros_ws/install/livox_ros_driver2/local/lib/python3.10/dist-packages/livox_ros_driver2/livox_ros_driver2_s__rosidl_typesupport_c.cpython-310-x86_64-linux-gnu.so
[0.999s] -- Up-to-date symlink: /home/nexium/ros_ws/install/livox_ros_driver2/local/lib/python3.10/dist-packages/livox_ros_driver2/livox_ros_driver2_s__rosidl_typesupport_fastrtps_c.cpython-310-x86_64-linux-gnu.so
[0.999s] -- Up-to-date symlink: /home/nexium/ros_ws/install/livox_ros_driver2/local/lib/python3.10/dist-packages/livox_ros_driver2/livox_ros_driver2_s__rosidl_typesupport_introspection_c.cpython-310-x86_64-linux-gnu.so
[0.999s] -- Up-to-date symlink: /home/nexium/ros_ws/install/livox_ros_driver2/local/lib/python3.10/dist-packages/livox_ros_driver2/msg/__init__.py
[1.000s] -- Up-to-date symlink: /home/nexium/ros_ws/install/livox_ros_driver2/local/lib/python3.10/dist-packages/livox_ros_driver2/msg/_custom_msg.py
[1.000s] -- Up-to-date symlink: /home/nexium/ros_ws/install/livox_ros_driver2/local/lib/python3.10/dist-packages/livox_ros_driver2/msg/_custom_msg_s.c
[1.000s] -- Up-to-date symlink: /home/nexium/ros_ws/install/livox_ros_driver2/local/lib/python3.10/dist-packages/livox_ros_driver2/msg/_custom_point.py
[1.000s] -- Up-to-date symlink: /home/nexium/ros_ws/install/livox_ros_driver2/local/lib/python3.10/dist-packages/livox_ros_driver2/msg/_custom_point_s.c
[1.001s] -- Up-to-date symlink: /home/nexium/ros_ws/install/livox_ros_driver2/local/lib/python3.10/dist-packages/livox_ros_driver2/livox_ros_driver2_s__rosidl_typesupport_fastrtps_c.cpython-310-x86_64-linux-gnu.so
[1.002s] -- Up-to-date symlink: /home/nexium/ros_ws/install/livox_ros_driver2/local/lib/python3.10/dist-packages/livox_ros_driver2/livox_ros_driver2_s__rosidl_typesupport_introspection_c.cpython-310-x86_64-linux-gnu.so
[1.002s] -- Up-to-date symlink: /home/nexium/ros_ws/install/livox_ros_driver2/local/lib/python3.10/dist-packages/livox_ros_driver2/livox_ros_driver2_s__rosidl_typesupport_c.cpython-310-x86_64-linux-gnu.so
[1.002s] -- Up-to-date symlink: /home/nexium/ros_ws/install/livox_ros_driver2/share/livox_ros_driver2/msg/CustomPoint.idl
[1.002s] -- Up-to-date symlink: /home/nexium/ros_ws/install/livox_ros_driver2/share/livox_ros_driver2/msg/CustomMsg.idl
[1.002s] -- Up-to-date symlink: /home/nexium/ros_ws/install/livox_ros_driver2/share/livox_ros_driver2/msg/CustomPoint.msg
[1.002s] -- Up-to-date symlink: /home/nexium/ros_ws/install/livox_ros_driver2/share/livox_ros_driver2/msg/CustomMsg.msg
[1.003s] -- Up-to-date symlink: /home/nexium/ros_ws/install/livox_ros_driver2/lib/livox_ros_driver2/livox_ros_driver2_node
[1.004s] -- Up-to-date symlink: /home/nexium/ros_ws/install/livox_ros_driver2/lib/liblivox_ros_driver2.so
[1.004s] -- Up-to-date symlink: /home/nexium/ros_ws/install/livox_ros_driver2/share/livox_ros_driver2/config/HAP_config.json
[1.004s] -- Up-to-date symlink: /home/nexium/ros_ws/install/livox_ros_driver2/share/livox_ros_driver2/config/MID360_config.json
[1.004s] -- Up-to-date symlink: /home/nexium/ros_ws/install/livox_ros_driver2/share/livox_ros_driver2/config/display_point_cloud.rviz
[1.004s] -- Up-to-date symlink: /home/nexium/ros_ws/install/livox_ros_driver2/share/livox_ros_driver2/config/mixed_HAP_MID360_config.json
[1.004s] -- Up-to-date symlink: /home/nexium/ros_ws/install/livox_ros_driver2/share/livox_ros_driver2/launch/msg_HAP_launch.py
[1.004s] -- Up-to-date symlink: /home/nexium/ros_ws/install/livox_ros_driver2/share/livox_ros_driver2/launch/msg_MID360_launch.py
[1.005s] -- Up-to-date symlink: /home/nexium/ros_ws/install/livox_ros_driver2/share/livox_ros_driver2/launch/rviz_HAP_launch.py
[1.005s] -- Up-to-date symlink: /home/nexium/ros_ws/install/livox_ros_driver2/share/livox_ros_driver2/launch/rviz_MID360_launch.py
[1.005s] -- Up-to-date symlink: /home/nexium/ros_ws/install/livox_ros_driver2/share/livox_ros_driver2/launch/rviz_mixed.py
[1.005s] -- Up-to-date symlink: /home/nexium/ros_ws/install/livox_ros_driver2/share/ament_index/resource_index/package_run_dependencies/livox_ros_driver2
[1.007s] -- Up-to-date symlink: /home/nexium/ros_ws/install/livox_ros_driver2/share/ament_index/resource_index/parent_prefix_path/livox_ros_driver2
[1.007s] -- Up-to-date symlink: /home/nexium/ros_ws/install/livox_ros_driver2/share/livox_ros_driver2/environment/ament_prefix_path.sh
[1.007s] -- Up-to-date symlink: /home/nexium/ros_ws/install/livox_ros_driver2/share/livox_ros_driver2/environment/ament_prefix_path.dsv
[1.007s] -- Up-to-date symlink: /home/nexium/ros_ws/install/livox_ros_driver2/share/livox_ros_driver2/environment/path.sh
[1.008s] -- Up-to-date symlink: /home/nexium/ros_ws/install/livox_ros_driver2/share/livox_ros_driver2/environment/path.dsv
[1.008s] -- Up-to-date symlink: /home/nexium/ros_ws/install/livox_ros_driver2/share/livox_ros_driver2/local_setup.bash
[1.009s] -- Up-to-date symlink: /home/nexium/ros_ws/install/livox_ros_driver2/share/livox_ros_driver2/local_setup.sh
[1.009s] -- Up-to-date symlink: /home/nexium/ros_ws/install/livox_ros_driver2/share/livox_ros_driver2/local_setup.zsh
[1.009s] -- Up-to-date symlink: /home/nexium/ros_ws/install/livox_ros_driver2/share/livox_ros_driver2/local_setup.dsv
[1.009s] -- Symlinking: /home/nexium/ros_ws/install/livox_ros_driver2/share/livox_ros_driver2/package.dsv
[1.011s] -- Up-to-date symlink: /home/nexium/ros_ws/install/livox_ros_driver2/share/ament_index/resource_index/packages/livox_ros_driver2
[1.011s] -- Up-to-date symlink: /home/nexium/ros_ws/install/livox_ros_driver2/share/ament_index/resource_index/rclcpp_components/livox_ros_driver2
[1.011s] -- Up-to-date symlink: /home/nexium/ros_ws/install/livox_ros_driver2/share/livox_ros_driver2/cmake/rosidl_cmake-extras.cmake
[1.011s] -- Up-to-date symlink: /home/nexium/ros_ws/install/livox_ros_driver2/share/livox_ros_driver2/cmake/ament_cmake_export_dependencies-extras.cmake
[1.011s] -- Up-to-date symlink: /home/nexium/ros_ws/install/livox_ros_driver2/share/livox_ros_driver2/cmake/ament_cmake_export_include_directories-extras.cmake
[1.011s] -- Up-to-date symlink: /home/nexium/ros_ws/install/livox_ros_driver2/share/livox_ros_driver2/cmake/ament_cmake_export_libraries-extras.cmake
[1.011s] -- Up-to-date symlink: /home/nexium/ros_ws/install/livox_ros_driver2/share/livox_ros_driver2/cmake/ament_cmake_export_targets-extras.cmake
[1.011s] -- Up-to-date symlink: /home/nexium/ros_ws/install/livox_ros_driver2/share/livox_ros_driver2/cmake/rosidl_cmake_export_typesupport_targets-extras.cmake
[1.011s] -- Up-to-date symlink: /home/nexium/ros_ws/install/livox_ros_driver2/share/livox_ros_driver2/cmake/rosidl_cmake_export_typesupport_libraries-extras.cmake
[1.012s] -- Up-to-date symlink: /home/nexium/ros_ws/install/livox_ros_driver2/share/livox_ros_driver2/cmake/livox_ros_driver2Config.cmake
[1.012s] -- Up-to-date symlink: /home/nexium/ros_ws/install/livox_ros_driver2/share/livox_ros_driver2/cmake/livox_ros_driver2Config-version.cmake
[1.012s] -- Up-to-date symlink: /home/nexium/ros_ws/install/livox_ros_driver2/share/livox_ros_driver2/package.xml
[1.012s] -- Up-to-date: /home/nexium/ros_ws/install/livox_ros_driver2/lib/liblivox_ros_driver2__rosidl_generator_c.so
[1.012s] -- Up-to-date: /home/nexium/ros_ws/install/livox_ros_driver2/lib/liblivox_ros_driver2__rosidl_typesupport_fastrtps_c.so
[1.012s] -- Up-to-date: /home/nexium/ros_ws/install/livox_ros_driver2/lib/liblivox_ros_driver2__rosidl_typesupport_introspection_c.so
[1.012s] -- Up-to-date: /home/nexium/ros_ws/install/livox_ros_driver2/lib/liblivox_ros_driver2__rosidl_typesupport_c.so
[1.012s] -- Up-to-date: /home/nexium/ros_ws/install/livox_ros_driver2/lib/liblivox_ros_driver2__rosidl_typesupport_fastrtps_cpp.so
[1.012s] -- Up-to-date: /home/nexium/ros_ws/install/livox_ros_driver2/lib/liblivox_ros_driver2__rosidl_typesupport_introspection_cpp.so
[1.012s] -- Up-to-date: /home/nexium/ros_ws/install/livox_ros_driver2/lib/liblivox_ros_driver2__rosidl_typesupport_cpp.so
[1.039s] Listing '/home/nexium/ros_ws/install/livox_ros_driver2/local/lib/python3.10/dist-packages/livox_ros_driver2'...
[1.039s] Listing '/home/nexium/ros_ws/install/livox_ros_driver2/local/lib/python3.10/dist-packages/livox_ros_driver2/msg'...
[1.042s] -- Up-to-date: /home/nexium/ros_ws/install/livox_ros_driver2/lib/liblivox_interfaces2__rosidl_generator_py.so
[1.042s] -- Up-to-date: /home/nexium/ros_ws/install/livox_ros_driver2/share/livox_ros_driver2/cmake/export_livox_interfaces2__rosidl_generator_cExport.cmake
[1.042s] -- Up-to-date: /home/nexium/ros_ws/install/livox_ros_driver2/share/livox_ros_driver2/cmake/export_livox_interfaces2__rosidl_generator_cExport-release.cmake
[1.042s] -- Up-to-date: /home/nexium/ros_ws/install/livox_ros_driver2/share/livox_ros_driver2/cmake/export_livox_interfaces2__rosidl_typesupport_fastrtps_cExport.cmake
[1.042s] -- Up-to-date: /home/nexium/ros_ws/install/livox_ros_driver2/share/livox_ros_driver2/cmake/export_livox_interfaces2__rosidl_typesupport_fastrtps_cExport-release.cmake
[1.042s] -- Up-to-date: /home/nexium/ros_ws/install/livox_ros_driver2/share/livox_ros_driver2/cmake/livox_interfaces2__rosidl_typesupport_introspection_cExport.cmake
[1.043s] -- Up-to-date: /home/nexium/ros_ws/install/livox_ros_driver2/share/livox_ros_driver2/cmake/livox_interfaces2__rosidl_typesupport_introspection_cExport-release.cmake
[1.043s] -- Up-to-date: /home/nexium/ros_ws/install/livox_ros_driver2/share/livox_ros_driver2/cmake/livox_interfaces2__rosidl_typesupport_cExport.cmake
[1.043s] -- Up-to-date: /home/nexium/ros_ws/install/livox_ros_driver2/share/livox_ros_driver2/cmake/livox_interfaces2__rosidl_typesupport_cExport-release.cmake
[1.043s] -- Up-to-date: /home/nexium/ros_ws/install/livox_ros_driver2/share/livox_ros_driver2/cmake/export_livox_interfaces2__rosidl_generator_cppExport.cmake
[1.043s] -- Up-to-date: /home/nexium/ros_ws/install/livox_ros_driver2/share/livox_ros_driver2/cmake/export_livox_interfaces2__rosidl_typesupport_fastrtps_cppExport.cmake
[1.043s] -- Up-to-date: /home/nexium/ros_ws/install/livox_ros_driver2/share/livox_ros_driver2/cmake/export_livox_interfaces2__rosidl_typesupport_fastrtps_cppExport-release.cmake
[1.043s] -- Up-to-date: /home/nexium/ros_ws/install/livox_ros_driver2/share/livox_ros_driver2/cmake/livox_interfaces2__rosidl_typesupport_introspection_cppExport.cmake
[1.043s] -- Up-to-date: /home/nexium/ros_ws/install/livox_ros_driver2/share/livox_ros_driver2/cmake/livox_interfaces2__rosidl_typesupport_introspection_cppExport-release.cmake
[1.043s] -- Up-to-date: /home/nexium/ros_ws/install/livox_ros_driver2/share/livox_ros_driver2/cmake/livox_interfaces2__rosidl_typesupport_cppExport.cmake
[1.043s] -- Up-to-date: /home/nexium/ros_ws/install/livox_ros_driver2/share/livox_ros_driver2/cmake/livox_interfaces2__rosidl_typesupport_cppExport-release.cmake
[1.044s] -- Up-to-date: /home/nexium/ros_ws/install/livox_ros_driver2/share/livox_ros_driver2/cmake/export_livox_interfaces2__rosidl_generator_pyExport.cmake
[1.044s] -- Up-to-date: /home/nexium/ros_ws/install/livox_ros_driver2/share/livox_ros_driver2/cmake/export_livox_interfaces2__rosidl_generator_pyExport-release.cmake
[1.138s] Invoked command in '/home/nexium/ros_ws/build/livox_ros_driver2' returned '0': CMAKE_PREFIX_PATH=/opt/ros/humble /usr/bin/cmake --install /home/nexium/ros_ws/build/livox_ros_driver2
