[35m[1mConsolidate compiler generated dependencies of target rmoss_gz_base[0m
[ 87%] Built target rmoss_gz_base
[35m[1mConsolidate compiler generated dependencies of target rmua19_robot_base[0m
[100%] Built target rmua19_robot_base
-- Install configuration: "release"
-- Execute custom install script
-- Up-to-date symlink: /home/nexium/ros_ws/install/rmoss_gz_base/include/rmoss_gz_base/chassis_controller.hpp
-- Up-to-date symlink: /home/nexium/ros_ws/install/rmoss_gz_base/include/rmoss_gz_base/gimbal_controller.hpp
-- Up-to-date symlink: /home/nexium/ros_ws/install/rmoss_gz_base/include/rmoss_gz_base/gz_chassis_actuator.hpp
-- Up-to-date symlink: /home/nexium/ros_ws/install/rmoss_gz_base/include/rmoss_gz_base/gz_gimbal_actuator.hpp
-- Up-to-date symlink: /home/nexium/ros_ws/install/rmoss_gz_base/include/rmoss_gz_base/gz_gimbal_encoder.hpp
-- Up-to-date symlink: /home/nexium/ros_ws/install/rmoss_gz_base/include/rmoss_gz_base/gz_gimbal_imu.hpp
-- Up-to-date symlink: /home/nexium/ros_ws/install/rmoss_gz_base/include/rmoss_gz_base/gz_light_bar_cmd.hpp
-- Up-to-date symlink: /home/nexium/ros_ws/install/rmoss_gz_base/include/rmoss_gz_base/gz_odometry.hpp
-- Up-to-date symlink: /home/nexium/ros_ws/install/rmoss_gz_base/include/rmoss_gz_base/gz_shoot_actuator.hpp
-- Up-to-date symlink: /home/nexium/ros_ws/install/rmoss_gz_base/include/rmoss_gz_base/hardware_interface.hpp
-- Up-to-date symlink: /home/nexium/ros_ws/install/rmoss_gz_base/include/rmoss_gz_base/odometry_publisher.hpp
-- Up-to-date symlink: /home/nexium/ros_ws/install/rmoss_gz_base/include/rmoss_gz_base/pid.hpp
-- Up-to-date symlink: /home/nexium/ros_ws/install/rmoss_gz_base/include/rmoss_gz_base/rmua19_robot_base_node.hpp
-- Up-to-date symlink: /home/nexium/ros_ws/install/rmoss_gz_base/include/rmoss_gz_base/shooter_controller.hpp
-- Up-to-date symlink: /home/nexium/ros_ws/install/rmoss_gz_base/lib/rmoss_gz_base/rmua19_robot_base
-- Up-to-date symlink: /home/nexium/ros_ws/install/rmoss_gz_base/lib/rmoss_gz_base/test_chassis_cmd.py
-- Up-to-date symlink: /home/nexium/ros_ws/install/rmoss_gz_base/lib/rmoss_gz_base/test_gimbal_cmd.py
-- Up-to-date symlink: /home/nexium/ros_ws/install/rmoss_gz_base/lib/rmoss_gz_base/test_gimbal_cmd2.py
-- Up-to-date symlink: /home/nexium/ros_ws/install/rmoss_gz_base/lib/rmoss_gz_base/test_shoot_cmd.py
-- Up-to-date symlink: /home/nexium/ros_ws/install/rmoss_gz_base/share/rmoss_gz_base/environment/library_path.sh
-- Up-to-date symlink: /home/nexium/ros_ws/install/rmoss_gz_base/share/rmoss_gz_base/environment/library_path.dsv
-- Up-to-date symlink: /home/nexium/ros_ws/install/rmoss_gz_base/share/ament_index/resource_index/package_run_dependencies/rmoss_gz_base
-- Up-to-date symlink: /home/nexium/ros_ws/install/rmoss_gz_base/share/ament_index/resource_index/parent_prefix_path/rmoss_gz_base
-- Up-to-date symlink: /home/nexium/ros_ws/install/rmoss_gz_base/share/rmoss_gz_base/environment/ament_prefix_path.sh
-- Up-to-date symlink: /home/nexium/ros_ws/install/rmoss_gz_base/share/rmoss_gz_base/environment/ament_prefix_path.dsv
-- Up-to-date symlink: /home/nexium/ros_ws/install/rmoss_gz_base/share/rmoss_gz_base/environment/path.sh
-- Up-to-date symlink: /home/nexium/ros_ws/install/rmoss_gz_base/share/rmoss_gz_base/environment/path.dsv
-- Up-to-date symlink: /home/nexium/ros_ws/install/rmoss_gz_base/share/rmoss_gz_base/local_setup.bash
-- Up-to-date symlink: /home/nexium/ros_ws/install/rmoss_gz_base/share/rmoss_gz_base/local_setup.sh
-- Up-to-date symlink: /home/nexium/ros_ws/install/rmoss_gz_base/share/rmoss_gz_base/local_setup.zsh
-- Up-to-date symlink: /home/nexium/ros_ws/install/rmoss_gz_base/share/rmoss_gz_base/local_setup.dsv
-- Symlinking: /home/nexium/ros_ws/install/rmoss_gz_base/share/rmoss_gz_base/package.dsv
-- Up-to-date symlink: /home/nexium/ros_ws/install/rmoss_gz_base/share/ament_index/resource_index/packages/rmoss_gz_base
-- Up-to-date symlink: /home/nexium/ros_ws/install/rmoss_gz_base/share/ament_index/resource_index/rclcpp_components/rmoss_gz_base
-- Up-to-date symlink: /home/nexium/ros_ws/install/rmoss_gz_base/share/rmoss_gz_base/cmake/ament_cmake_export_targets-extras.cmake
-- Up-to-date symlink: /home/nexium/ros_ws/install/rmoss_gz_base/share/rmoss_gz_base/cmake/ament_cmake_export_dependencies-extras.cmake
-- Up-to-date symlink: /home/nexium/ros_ws/install/rmoss_gz_base/share/rmoss_gz_base/cmake/rmoss_gz_baseConfig.cmake
-- Up-to-date symlink: /home/nexium/ros_ws/install/rmoss_gz_base/share/rmoss_gz_base/cmake/rmoss_gz_baseConfig-version.cmake
-- Up-to-date symlink: /home/nexium/ros_ws/install/rmoss_gz_base/share/rmoss_gz_base/package.xml
-- Up-to-date: /home/nexium/ros_ws/install/rmoss_gz_base/lib/librmoss_gz_base.so
-- Up-to-date: /home/nexium/ros_ws/install/rmoss_gz_base/share/rmoss_gz_base/cmake/rmoss_gz_baseExport.cmake
-- Up-to-date: /home/nexium/ros_ws/install/rmoss_gz_base/share/rmoss_gz_base/cmake/rmoss_gz_baseExport-release.cmake
