[0.040s] Invoking command in '/home/nexium/ros_ws/build/pb2025_nav_bringup': AMENT_PREFIX_PATH=/home/nexium/ros_ws/install/point_lio:/home/nexium/ros_ws/install/pb2025_sentry_nav:/home/nexium/ros_ws/install/terrain_analysis_ext:/home/nexium/ros_ws/install/terrain_analysis:/home/nexium/ros_ws/install/small_gicp_relocalization:/home/nexium/ros_ws/install/sensor_scan_generation:/home/nexium/ros_ws/install/pointcloud_to_laserscan:/home/nexium/ros_ws/install/pb_teleop_twist_joy:/home/nexium/ros_ws/install/pb_omni_pid_pursuit_controller:/home/nexium/ros_ws/install/pb_nav2_plugins:/home/nexium/ros_ws/install/loam_interface:/home/nexium/ros_ws/install/livox_ros_driver2:/home/nexium/ros_ws/install/ign_sim_pointcloud_tool:/home/nexium/ros_ws/install/fake_vel_transform:${AMENT_PREFIX_PATH} CMAKE_PREFIX_PATH=/home/nexium/ros_ws/install/point_lio:/home/nexium/ros_ws/install/pb2025_sentry_nav:/home/nexium/ros_ws/install/terrain_analysis_ext:/home/nexium/ros_ws/install/terrain_analysis:/home/nexium/ros_ws/install/small_gicp_relocalization:/home/nexium/ros_ws/install/sensor_scan_generation:/home/nexium/ros_ws/install/pointcloud_to_laserscan:/home/nexium/ros_ws/install/pb_teleop_twist_joy:/home/nexium/ros_ws/install/pb_omni_pid_pursuit_controller:/home/nexium/ros_ws/install/pb_nav2_plugins:/home/nexium/ros_ws/install/loam_interface:/home/nexium/ros_ws/install/livox_ros_driver2:/home/nexium/ros_ws/install/ign_sim_pointcloud_tool:/home/nexium/ros_ws/install/fake_vel_transform:/opt/ros/humble LD_LIBRARY_PATH=/home/nexium/ros_ws/install/small_gicp_relocalization/lib:/home/nexium/ros_ws/install/sensor_scan_generation/lib:/home/nexium/ros_ws/install/pointcloud_to_laserscan/lib:/home/nexium/ros_ws/install/pb_teleop_twist_joy/lib:/home/nexium/ros_ws/install/pb_omni_pid_pursuit_controller/lib:/home/nexium/ros_ws/install/pb_nav2_plugins/lib:/home/nexium/ros_ws/install/loam_interface/lib:/home/nexium/ros_ws/install/livox_ros_driver2/lib:/home/nexium/ros_ws/install/ign_sim_pointcloud_tool/lib:/home/nexium/ros_ws/install/fake_vel_transform/lib:${LD_LIBRARY_PATH} PYTHONPATH=/home/nexium/ros_ws/install/livox_ros_driver2/local/lib/python3.10/dist-packages:${PYTHONPATH} /usr/bin/cmake /home/nexium/ros_ws/src/pb2025_sentry_nav/pb2025_nav_bringup -DCMAKE_BUILD_TYPE=release -DAMENT_CMAKE_SYMLINK_INSTALL=1 -DCMAKE_INSTALL_PREFIX=/home/nexium/ros_ws/install/pb2025_nav_bringup
[0.100s] -- The C compiler identification is GNU 11.4.0
[0.162s] -- The CXX compiler identification is GNU 11.4.0
[0.170s] -- Detecting C compiler ABI info
[0.247s] -- Detecting C compiler ABI info - done
[0.256s] -- Check for working C compiler: /usr/bin/cc - skipped
[0.256s] -- Detecting C compile features
[0.256s] -- Detecting C compile features - done
[0.260s] -- Detecting CXX compiler ABI info
[0.349s] -- Detecting CXX compiler ABI info - done
[0.358s] -- Check for working CXX compiler: /usr/bin/c++ - skipped
[0.358s] -- Detecting CXX compile features
[0.359s] -- Detecting CXX compile features - done
[0.363s] -- Found ament_cmake_auto: 1.3.12 (/opt/ros/humble/share/ament_cmake_auto/cmake)
[0.541s] -- Found Python3: /usr/bin/python3 (found version "3.10.12") found components: Interpreter 
[0.614s] -- Override CMake install command with custom implementation using symlinks instead of copying resources
[0.662s] -- Found ament_lint_auto: 0.12.14 (/opt/ros/humble/share/ament_lint_auto/cmake)
[0.774s] -- Added test 'copyright' to check source files copyright and LICENSE
[0.778s] -- Added test 'lint_cmake' to check CMake code style
[0.779s] -- Added test 'pep257' to check Python code against some of the docstring style conventions in PEP 257
[0.780s] -- Added test 'xmllint' to check XML markup files
[0.784s] -- Added test 'black' to check Python code style
[0.785s] -- Configuring done
[0.789s] -- Generating done
[0.790s] -- Build files have been written to: /home/nexium/ros_ws/build/pb2025_nav_bringup
[0.795s] Invoked command in '/home/nexium/ros_ws/build/pb2025_nav_bringup' returned '0': AMENT_PREFIX_PATH=/home/nexium/ros_ws/install/point_lio:/home/nexium/ros_ws/install/pb2025_sentry_nav:/home/nexium/ros_ws/install/terrain_analysis_ext:/home/nexium/ros_ws/install/terrain_analysis:/home/nexium/ros_ws/install/small_gicp_relocalization:/home/nexium/ros_ws/install/sensor_scan_generation:/home/nexium/ros_ws/install/pointcloud_to_laserscan:/home/nexium/ros_ws/install/pb_teleop_twist_joy:/home/nexium/ros_ws/install/pb_omni_pid_pursuit_controller:/home/nexium/ros_ws/install/pb_nav2_plugins:/home/nexium/ros_ws/install/loam_interface:/home/nexium/ros_ws/install/livox_ros_driver2:/home/nexium/ros_ws/install/ign_sim_pointcloud_tool:/home/nexium/ros_ws/install/fake_vel_transform:${AMENT_PREFIX_PATH} CMAKE_PREFIX_PATH=/home/nexium/ros_ws/install/point_lio:/home/nexium/ros_ws/install/pb2025_sentry_nav:/home/nexium/ros_ws/install/terrain_analysis_ext:/home/nexium/ros_ws/install/terrain_analysis:/home/nexium/ros_ws/install/small_gicp_relocalization:/home/nexium/ros_ws/install/sensor_scan_generation:/home/nexium/ros_ws/install/pointcloud_to_laserscan:/home/nexium/ros_ws/install/pb_teleop_twist_joy:/home/nexium/ros_ws/install/pb_omni_pid_pursuit_controller:/home/nexium/ros_ws/install/pb_nav2_plugins:/home/nexium/ros_ws/install/loam_interface:/home/nexium/ros_ws/install/livox_ros_driver2:/home/nexium/ros_ws/install/ign_sim_pointcloud_tool:/home/nexium/ros_ws/install/fake_vel_transform:/opt/ros/humble LD_LIBRARY_PATH=/home/nexium/ros_ws/install/small_gicp_relocalization/lib:/home/nexium/ros_ws/install/sensor_scan_generation/lib:/home/nexium/ros_ws/install/pointcloud_to_laserscan/lib:/home/nexium/ros_ws/install/pb_teleop_twist_joy/lib:/home/nexium/ros_ws/install/pb_omni_pid_pursuit_controller/lib:/home/nexium/ros_ws/install/pb_nav2_plugins/lib:/home/nexium/ros_ws/install/loam_interface/lib:/home/nexium/ros_ws/install/livox_ros_driver2/lib:/home/nexium/ros_ws/install/ign_sim_pointcloud_tool/lib:/home/nexium/ros_ws/install/fake_vel_transform/lib:${LD_LIBRARY_PATH} PYTHONPATH=/home/nexium/ros_ws/install/livox_ros_driver2/local/lib/python3.10/dist-packages:${PYTHONPATH} /usr/bin/cmake /home/nexium/ros_ws/src/pb2025_sentry_nav/pb2025_nav_bringup -DCMAKE_BUILD_TYPE=release -DAMENT_CMAKE_SYMLINK_INSTALL=1 -DCMAKE_INSTALL_PREFIX=/home/nexium/ros_ws/install/pb2025_nav_bringup
[0.796s] Invoking command in '/home/nexium/ros_ws/build/pb2025_nav_bringup': AMENT_PREFIX_PATH=/home/nexium/ros_ws/install/point_lio:/home/nexium/ros_ws/install/pb2025_sentry_nav:/home/nexium/ros_ws/install/terrain_analysis_ext:/home/nexium/ros_ws/install/terrain_analysis:/home/nexium/ros_ws/install/small_gicp_relocalization:/home/nexium/ros_ws/install/sensor_scan_generation:/home/nexium/ros_ws/install/pointcloud_to_laserscan:/home/nexium/ros_ws/install/pb_teleop_twist_joy:/home/nexium/ros_ws/install/pb_omni_pid_pursuit_controller:/home/nexium/ros_ws/install/pb_nav2_plugins:/home/nexium/ros_ws/install/loam_interface:/home/nexium/ros_ws/install/livox_ros_driver2:/home/nexium/ros_ws/install/ign_sim_pointcloud_tool:/home/nexium/ros_ws/install/fake_vel_transform:${AMENT_PREFIX_PATH} CMAKE_PREFIX_PATH=/home/nexium/ros_ws/install/point_lio:/home/nexium/ros_ws/install/pb2025_sentry_nav:/home/nexium/ros_ws/install/terrain_analysis_ext:/home/nexium/ros_ws/install/terrain_analysis:/home/nexium/ros_ws/install/small_gicp_relocalization:/home/nexium/ros_ws/install/sensor_scan_generation:/home/nexium/ros_ws/install/pointcloud_to_laserscan:/home/nexium/ros_ws/install/pb_teleop_twist_joy:/home/nexium/ros_ws/install/pb_omni_pid_pursuit_controller:/home/nexium/ros_ws/install/pb_nav2_plugins:/home/nexium/ros_ws/install/loam_interface:/home/nexium/ros_ws/install/livox_ros_driver2:/home/nexium/ros_ws/install/ign_sim_pointcloud_tool:/home/nexium/ros_ws/install/fake_vel_transform:/opt/ros/humble LD_LIBRARY_PATH=/home/nexium/ros_ws/install/small_gicp_relocalization/lib:/home/nexium/ros_ws/install/sensor_scan_generation/lib:/home/nexium/ros_ws/install/pointcloud_to_laserscan/lib:/home/nexium/ros_ws/install/pb_teleop_twist_joy/lib:/home/nexium/ros_ws/install/pb_omni_pid_pursuit_controller/lib:/home/nexium/ros_ws/install/pb_nav2_plugins/lib:/home/nexium/ros_ws/install/loam_interface/lib:/home/nexium/ros_ws/install/livox_ros_driver2/lib:/home/nexium/ros_ws/install/ign_sim_pointcloud_tool/lib:/home/nexium/ros_ws/install/fake_vel_transform/lib:${LD_LIBRARY_PATH} PYTHONPATH=/home/nexium/ros_ws/install/livox_ros_driver2/local/lib/python3.10/dist-packages:${PYTHONPATH} /usr/bin/cmake --build /home/nexium/ros_ws/build/pb2025_nav_bringup -- -j12 -l12
[0.841s] Invoked command in '/home/nexium/ros_ws/build/pb2025_nav_bringup' returned '0': AMENT_PREFIX_PATH=/home/nexium/ros_ws/install/point_lio:/home/nexium/ros_ws/install/pb2025_sentry_nav:/home/nexium/ros_ws/install/terrain_analysis_ext:/home/nexium/ros_ws/install/terrain_analysis:/home/nexium/ros_ws/install/small_gicp_relocalization:/home/nexium/ros_ws/install/sensor_scan_generation:/home/nexium/ros_ws/install/pointcloud_to_laserscan:/home/nexium/ros_ws/install/pb_teleop_twist_joy:/home/nexium/ros_ws/install/pb_omni_pid_pursuit_controller:/home/nexium/ros_ws/install/pb_nav2_plugins:/home/nexium/ros_ws/install/loam_interface:/home/nexium/ros_ws/install/livox_ros_driver2:/home/nexium/ros_ws/install/ign_sim_pointcloud_tool:/home/nexium/ros_ws/install/fake_vel_transform:${AMENT_PREFIX_PATH} CMAKE_PREFIX_PATH=/home/nexium/ros_ws/install/point_lio:/home/nexium/ros_ws/install/pb2025_sentry_nav:/home/nexium/ros_ws/install/terrain_analysis_ext:/home/nexium/ros_ws/install/terrain_analysis:/home/nexium/ros_ws/install/small_gicp_relocalization:/home/nexium/ros_ws/install/sensor_scan_generation:/home/nexium/ros_ws/install/pointcloud_to_laserscan:/home/nexium/ros_ws/install/pb_teleop_twist_joy:/home/nexium/ros_ws/install/pb_omni_pid_pursuit_controller:/home/nexium/ros_ws/install/pb_nav2_plugins:/home/nexium/ros_ws/install/loam_interface:/home/nexium/ros_ws/install/livox_ros_driver2:/home/nexium/ros_ws/install/ign_sim_pointcloud_tool:/home/nexium/ros_ws/install/fake_vel_transform:/opt/ros/humble LD_LIBRARY_PATH=/home/nexium/ros_ws/install/small_gicp_relocalization/lib:/home/nexium/ros_ws/install/sensor_scan_generation/lib:/home/nexium/ros_ws/install/pointcloud_to_laserscan/lib:/home/nexium/ros_ws/install/pb_teleop_twist_joy/lib:/home/nexium/ros_ws/install/pb_omni_pid_pursuit_controller/lib:/home/nexium/ros_ws/install/pb_nav2_plugins/lib:/home/nexium/ros_ws/install/loam_interface/lib:/home/nexium/ros_ws/install/livox_ros_driver2/lib:/home/nexium/ros_ws/install/ign_sim_pointcloud_tool/lib:/home/nexium/ros_ws/install/fake_vel_transform/lib:${LD_LIBRARY_PATH} PYTHONPATH=/home/nexium/ros_ws/install/livox_ros_driver2/local/lib/python3.10/dist-packages:${PYTHONPATH} /usr/bin/cmake --build /home/nexium/ros_ws/build/pb2025_nav_bringup -- -j12 -l12
[0.843s] Invoking command in '/home/nexium/ros_ws/build/pb2025_nav_bringup': AMENT_PREFIX_PATH=/home/nexium/ros_ws/install/point_lio:/home/nexium/ros_ws/install/pb2025_sentry_nav:/home/nexium/ros_ws/install/terrain_analysis_ext:/home/nexium/ros_ws/install/terrain_analysis:/home/nexium/ros_ws/install/small_gicp_relocalization:/home/nexium/ros_ws/install/sensor_scan_generation:/home/nexium/ros_ws/install/pointcloud_to_laserscan:/home/nexium/ros_ws/install/pb_teleop_twist_joy:/home/nexium/ros_ws/install/pb_omni_pid_pursuit_controller:/home/nexium/ros_ws/install/pb_nav2_plugins:/home/nexium/ros_ws/install/loam_interface:/home/nexium/ros_ws/install/livox_ros_driver2:/home/nexium/ros_ws/install/ign_sim_pointcloud_tool:/home/nexium/ros_ws/install/fake_vel_transform:${AMENT_PREFIX_PATH} CMAKE_PREFIX_PATH=/home/nexium/ros_ws/install/point_lio:/home/nexium/ros_ws/install/pb2025_sentry_nav:/home/nexium/ros_ws/install/terrain_analysis_ext:/home/nexium/ros_ws/install/terrain_analysis:/home/nexium/ros_ws/install/small_gicp_relocalization:/home/nexium/ros_ws/install/sensor_scan_generation:/home/nexium/ros_ws/install/pointcloud_to_laserscan:/home/nexium/ros_ws/install/pb_teleop_twist_joy:/home/nexium/ros_ws/install/pb_omni_pid_pursuit_controller:/home/nexium/ros_ws/install/pb_nav2_plugins:/home/nexium/ros_ws/install/loam_interface:/home/nexium/ros_ws/install/livox_ros_driver2:/home/nexium/ros_ws/install/ign_sim_pointcloud_tool:/home/nexium/ros_ws/install/fake_vel_transform:/opt/ros/humble LD_LIBRARY_PATH=/home/nexium/ros_ws/install/small_gicp_relocalization/lib:/home/nexium/ros_ws/install/sensor_scan_generation/lib:/home/nexium/ros_ws/install/pointcloud_to_laserscan/lib:/home/nexium/ros_ws/install/pb_teleop_twist_joy/lib:/home/nexium/ros_ws/install/pb_omni_pid_pursuit_controller/lib:/home/nexium/ros_ws/install/pb_nav2_plugins/lib:/home/nexium/ros_ws/install/loam_interface/lib:/home/nexium/ros_ws/install/livox_ros_driver2/lib:/home/nexium/ros_ws/install/ign_sim_pointcloud_tool/lib:/home/nexium/ros_ws/install/fake_vel_transform/lib:${LD_LIBRARY_PATH} PYTHONPATH=/home/nexium/ros_ws/install/livox_ros_driver2/local/lib/python3.10/dist-packages:${PYTHONPATH} /usr/bin/cmake --install /home/nexium/ros_ws/build/pb2025_nav_bringup
[0.852s] -- Install configuration: "release"
[0.853s] -- Execute custom install script
[0.854s] -- Symlinking: /home/nexium/ros_ws/install/pb2025_nav_bringup/share/pb2025_nav_bringup/launch/bringup_launch.py
[0.864s] -- Symlinking: /home/nexium/ros_ws/install/pb2025_nav_bringup/share/pb2025_nav_bringup/launch/joy_teleop_launch.py
[0.875s] -- Symlinking: /home/nexium/ros_ws/install/pb2025_nav_bringup/share/pb2025_nav_bringup/launch/localization_launch.py
[0.885s] -- Symlinking: /home/nexium/ros_ws/install/pb2025_nav_bringup/share/pb2025_nav_bringup/launch/navigation_launch.py
[0.895s] -- Symlinking: /home/nexium/ros_ws/install/pb2025_nav_bringup/share/pb2025_nav_bringup/launch/rm_multi_navigation_simulation_launch.py
[0.905s] -- Symlinking: /home/nexium/ros_ws/install/pb2025_nav_bringup/share/pb2025_nav_bringup/launch/rm_navigation_reality_launch.py
[0.915s] -- Symlinking: /home/nexium/ros_ws/install/pb2025_nav_bringup/share/pb2025_nav_bringup/launch/rm_navigation_simulation_launch.py
[0.925s] -- Symlinking: /home/nexium/ros_ws/install/pb2025_nav_bringup/share/pb2025_nav_bringup/launch/robot_state_publisher_launch.py
[0.936s] -- Symlinking: /home/nexium/ros_ws/install/pb2025_nav_bringup/share/pb2025_nav_bringup/launch/rviz_launch.py
[0.946s] -- Symlinking: /home/nexium/ros_ws/install/pb2025_nav_bringup/share/pb2025_nav_bringup/launch/slam_launch.py
[0.957s] -- Symlinking: /home/nexium/ros_ws/install/pb2025_nav_bringup/share/pb2025_nav_bringup/map/reality/D31F.pgm
[0.966s] -- Symlinking: /home/nexium/ros_ws/install/pb2025_nav_bringup/share/pb2025_nav_bringup/map/reality/D31F.yaml
[0.976s] -- Symlinking: /home/nexium/ros_ws/install/pb2025_nav_bringup/share/pb2025_nav_bringup/map/reality/hallway.pgm
[0.986s] -- Symlinking: /home/nexium/ros_ws/install/pb2025_nav_bringup/share/pb2025_nav_bringup/map/reality/hallway.yaml
[0.996s] -- Symlinking: /home/nexium/ros_ws/install/pb2025_nav_bringup/share/pb2025_nav_bringup/map/reality/reserve
[1.006s] -- Symlinking: /home/nexium/ros_ws/install/pb2025_nav_bringup/share/pb2025_nav_bringup/map/reality/rmuc_2024.pgm
[1.016s] -- Symlinking: /home/nexium/ros_ws/install/pb2025_nav_bringup/share/pb2025_nav_bringup/map/reality/rmuc_2024.yaml
[1.026s] -- Symlinking: /home/nexium/ros_ws/install/pb2025_nav_bringup/share/pb2025_nav_bringup/map/reality/rmuc_2025.pgm
[1.037s] -- Symlinking: /home/nexium/ros_ws/install/pb2025_nav_bringup/share/pb2025_nav_bringup/map/reality/rmuc_2025.yaml
[1.047s] -- Symlinking: /home/nexium/ros_ws/install/pb2025_nav_bringup/share/pb2025_nav_bringup/map/reality/rmul_2024.pgm
[1.057s] -- Symlinking: /home/nexium/ros_ws/install/pb2025_nav_bringup/share/pb2025_nav_bringup/map/reality/rmul_2024.yaml
[1.067s] -- Symlinking: /home/nexium/ros_ws/install/pb2025_nav_bringup/share/pb2025_nav_bringup/map/reality/rmul_2025.pgm
[1.077s] -- Symlinking: /home/nexium/ros_ws/install/pb2025_nav_bringup/share/pb2025_nav_bringup/map/reality/rmul_2025.yaml
[1.087s] -- Symlinking: /home/nexium/ros_ws/install/pb2025_nav_bringup/share/pb2025_nav_bringup/map/simulation/rmuc_2024.pgm
[1.098s] -- Symlinking: /home/nexium/ros_ws/install/pb2025_nav_bringup/share/pb2025_nav_bringup/map/simulation/rmuc_2024.yaml
[1.108s] -- Symlinking: /home/nexium/ros_ws/install/pb2025_nav_bringup/share/pb2025_nav_bringup/map/simulation/rmuc_2025.pgm
[1.118s] -- Symlinking: /home/nexium/ros_ws/install/pb2025_nav_bringup/share/pb2025_nav_bringup/map/simulation/rmuc_2025.yaml
[1.128s] -- Symlinking: /home/nexium/ros_ws/install/pb2025_nav_bringup/share/pb2025_nav_bringup/map/simulation/rmul_2024.pgm
[1.138s] -- Symlinking: /home/nexium/ros_ws/install/pb2025_nav_bringup/share/pb2025_nav_bringup/map/simulation/rmul_2024.yaml
[1.149s] -- Symlinking: /home/nexium/ros_ws/install/pb2025_nav_bringup/share/pb2025_nav_bringup/map/simulation/rmul_2025.pgm
[1.159s] -- Symlinking: /home/nexium/ros_ws/install/pb2025_nav_bringup/share/pb2025_nav_bringup/map/simulation/rmul_2025.yaml
[1.170s] -- Symlinking: /home/nexium/ros_ws/install/pb2025_nav_bringup/share/pb2025_nav_bringup/pcd/reality/D31F.pcd
[1.180s] -- Symlinking: /home/nexium/ros_ws/install/pb2025_nav_bringup/share/pb2025_nav_bringup/pcd/reality/hallway.pcd
[1.191s] -- Symlinking: /home/nexium/ros_ws/install/pb2025_nav_bringup/share/pb2025_nav_bringup/pcd/reality/reserve
[1.201s] -- Symlinking: /home/nexium/ros_ws/install/pb2025_nav_bringup/share/pb2025_nav_bringup/pcd/reality/rmuc_2024.pcd
[1.212s] -- Symlinking: /home/nexium/ros_ws/install/pb2025_nav_bringup/share/pb2025_nav_bringup/pcd/reality/rmuc_2025.pcd
[1.223s] -- Symlinking: /home/nexium/ros_ws/install/pb2025_nav_bringup/share/pb2025_nav_bringup/pcd/reality/rmul_2024.pcd
[1.233s] -- Symlinking: /home/nexium/ros_ws/install/pb2025_nav_bringup/share/pb2025_nav_bringup/pcd/reality/rmul_2025.pcd
[1.240s] -- Symlinking: /home/nexium/ros_ws/install/pb2025_nav_bringup/share/pb2025_nav_bringup/pcd/simulation/readme.md
[1.251s] -- Symlinking: /home/nexium/ros_ws/install/pb2025_nav_bringup/share/pb2025_nav_bringup/pcd/simulation/rmuc_2024.pcd
[1.260s] -- Symlinking: /home/nexium/ros_ws/install/pb2025_nav_bringup/share/pb2025_nav_bringup/pcd/simulation/rmuc_2025.pcd
[1.269s] -- Symlinking: /home/nexium/ros_ws/install/pb2025_nav_bringup/share/pb2025_nav_bringup/pcd/simulation/rmul_2024.pcd
[1.278s] -- Symlinking: /home/nexium/ros_ws/install/pb2025_nav_bringup/share/pb2025_nav_bringup/pcd/simulation/rmul_2025.pcd
[1.290s] -- Symlinking: /home/nexium/ros_ws/install/pb2025_nav_bringup/share/pb2025_nav_bringup/config/reality/mid360_user_config.json
[1.299s] -- Symlinking: /home/nexium/ros_ws/install/pb2025_nav_bringup/share/pb2025_nav_bringup/config/reality/nav2_params.yaml
[1.311s] -- Symlinking: /home/nexium/ros_ws/install/pb2025_nav_bringup/share/pb2025_nav_bringup/config/simulation/nav2_params.yaml
[1.319s] -- Symlinking: /home/nexium/ros_ws/install/pb2025_nav_bringup/share/pb2025_nav_bringup/behavior_trees/navigate_through_poses_w_replanning_and_recovery.xml
[1.329s] -- Symlinking: /home/nexium/ros_ws/install/pb2025_nav_bringup/share/pb2025_nav_bringup/behavior_trees/navigate_to_pose_w_replanning_and_recovery.xml
[1.336s] -- Symlinking: /home/nexium/ros_ws/install/pb2025_nav_bringup/share/pb2025_nav_bringup/rviz/nav2_default_view.rviz
[1.344s] -- Symlinking: /home/nexium/ros_ws/install/pb2025_nav_bringup/share/ament_index/resource_index/package_run_dependencies/pb2025_nav_bringup
[1.353s] -- Symlinking: /home/nexium/ros_ws/install/pb2025_nav_bringup/share/ament_index/resource_index/parent_prefix_path/pb2025_nav_bringup
[1.363s] -- Symlinking: /home/nexium/ros_ws/install/pb2025_nav_bringup/share/pb2025_nav_bringup/environment/ament_prefix_path.sh
[1.373s] -- Symlinking: /home/nexium/ros_ws/install/pb2025_nav_bringup/share/pb2025_nav_bringup/environment/ament_prefix_path.dsv
[1.380s] -- Symlinking: /home/nexium/ros_ws/install/pb2025_nav_bringup/share/pb2025_nav_bringup/environment/path.sh
[1.389s] -- Symlinking: /home/nexium/ros_ws/install/pb2025_nav_bringup/share/pb2025_nav_bringup/environment/path.dsv
[1.398s] -- Symlinking: /home/nexium/ros_ws/install/pb2025_nav_bringup/share/pb2025_nav_bringup/local_setup.bash
[1.406s] -- Symlinking: /home/nexium/ros_ws/install/pb2025_nav_bringup/share/pb2025_nav_bringup/local_setup.sh
[1.416s] -- Symlinking: /home/nexium/ros_ws/install/pb2025_nav_bringup/share/pb2025_nav_bringup/local_setup.zsh
[1.424s] -- Symlinking: /home/nexium/ros_ws/install/pb2025_nav_bringup/share/pb2025_nav_bringup/local_setup.dsv
[1.431s] -- Symlinking: /home/nexium/ros_ws/install/pb2025_nav_bringup/share/pb2025_nav_bringup/package.dsv
[1.440s] -- Symlinking: /home/nexium/ros_ws/install/pb2025_nav_bringup/share/ament_index/resource_index/packages/pb2025_nav_bringup
[1.448s] -- Symlinking: /home/nexium/ros_ws/install/pb2025_nav_bringup/share/pb2025_nav_bringup/cmake/pb2025_nav_bringupConfig.cmake
[1.454s] -- Symlinking: /home/nexium/ros_ws/install/pb2025_nav_bringup/share/pb2025_nav_bringup/cmake/pb2025_nav_bringupConfig-version.cmake
[1.462s] -- Symlinking: /home/nexium/ros_ws/install/pb2025_nav_bringup/share/pb2025_nav_bringup/package.xml
[1.473s] Invoked command in '/home/nexium/ros_ws/build/pb2025_nav_bringup' returned '0': AMENT_PREFIX_PATH=/home/nexium/ros_ws/install/point_lio:/home/nexium/ros_ws/install/pb2025_sentry_nav:/home/nexium/ros_ws/install/terrain_analysis_ext:/home/nexium/ros_ws/install/terrain_analysis:/home/nexium/ros_ws/install/small_gicp_relocalization:/home/nexium/ros_ws/install/sensor_scan_generation:/home/nexium/ros_ws/install/pointcloud_to_laserscan:/home/nexium/ros_ws/install/pb_teleop_twist_joy:/home/nexium/ros_ws/install/pb_omni_pid_pursuit_controller:/home/nexium/ros_ws/install/pb_nav2_plugins:/home/nexium/ros_ws/install/loam_interface:/home/nexium/ros_ws/install/livox_ros_driver2:/home/nexium/ros_ws/install/ign_sim_pointcloud_tool:/home/nexium/ros_ws/install/fake_vel_transform:${AMENT_PREFIX_PATH} CMAKE_PREFIX_PATH=/home/nexium/ros_ws/install/point_lio:/home/nexium/ros_ws/install/pb2025_sentry_nav:/home/nexium/ros_ws/install/terrain_analysis_ext:/home/nexium/ros_ws/install/terrain_analysis:/home/nexium/ros_ws/install/small_gicp_relocalization:/home/nexium/ros_ws/install/sensor_scan_generation:/home/nexium/ros_ws/install/pointcloud_to_laserscan:/home/nexium/ros_ws/install/pb_teleop_twist_joy:/home/nexium/ros_ws/install/pb_omni_pid_pursuit_controller:/home/nexium/ros_ws/install/pb_nav2_plugins:/home/nexium/ros_ws/install/loam_interface:/home/nexium/ros_ws/install/livox_ros_driver2:/home/nexium/ros_ws/install/ign_sim_pointcloud_tool:/home/nexium/ros_ws/install/fake_vel_transform:/opt/ros/humble LD_LIBRARY_PATH=/home/nexium/ros_ws/install/small_gicp_relocalization/lib:/home/nexium/ros_ws/install/sensor_scan_generation/lib:/home/nexium/ros_ws/install/pointcloud_to_laserscan/lib:/home/nexium/ros_ws/install/pb_teleop_twist_joy/lib:/home/nexium/ros_ws/install/pb_omni_pid_pursuit_controller/lib:/home/nexium/ros_ws/install/pb_nav2_plugins/lib:/home/nexium/ros_ws/install/loam_interface/lib:/home/nexium/ros_ws/install/livox_ros_driver2/lib:/home/nexium/ros_ws/install/ign_sim_pointcloud_tool/lib:/home/nexium/ros_ws/install/fake_vel_transform/lib:${LD_LIBRARY_PATH} PYTHONPATH=/home/nexium/ros_ws/install/livox_ros_driver2/local/lib/python3.10/dist-packages:${PYTHONPATH} /usr/bin/cmake --install /home/nexium/ros_ws/build/pb2025_nav_bringup
